[2024-05-23T17:57:54.742+0000] {local_task_job_runner.py:120} INFO - ::group::Pre task execution logs
[2024-05-23T17:57:54.776+0000] {taskinstance.py:2076} INFO - Dependencies all met for dep_context=non-requeueable deps ti=<TaskInstance: xcom_guess.generate_random_number scheduled__2023-03-02T09:50:00+00:00 [queued]>
[2024-05-23T17:57:54.788+0000] {taskinstance.py:2076} INFO - Dependencies all met for dep_context=requeueable deps ti=<TaskInstance: xcom_guess.generate_random_number scheduled__2023-03-02T09:50:00+00:00 [queued]>
[2024-05-23T17:57:54.789+0000] {taskinstance.py:2306} INFO - Starting attempt 1 of 1
[2024-05-23T17:57:54.811+0000] {taskinstance.py:2330} INFO - Executing <Task(PythonOperator): generate_random_number> on 2023-03-02 09:50:00+00:00
[2024-05-23T17:57:54.820+0000] {warnings.py:110} WARNING - /home/***/.local/lib/python3.12/site-packages/***/task/task_runner/standard_task_runner.py:61: DeprecationWarning: This process (pid=4914) is multi-threaded, use of fork() may lead to deadlocks in the child.
  pid = os.fork()

[2024-05-23T17:57:54.822+0000] {standard_task_runner.py:63} INFO - Started process 4919 to run task
[2024-05-23T17:57:54.823+0000] {standard_task_runner.py:90} INFO - Running: ['***', 'tasks', 'run', 'xcom_guess', 'generate_random_number', 'scheduled__2023-03-02T09:50:00+00:00', '--job-id', '1968', '--raw', '--subdir', 'DAGS_FOLDER/sample_dag.py', '--cfg-path', '/tmp/tmpawel0nkp']
[2024-05-23T17:57:54.824+0000] {standard_task_runner.py:91} INFO - Job 1968: Subtask generate_random_number
[2024-05-23T17:57:54.844+0000] {warnings.py:110} WARNING - /home/***/.local/lib/python3.12/site-packages/***/settings.py:195: DeprecationWarning: The sql_alchemy_conn option in [core] has been moved to the sql_alchemy_conn option in [database] - the old setting has been used, but please update your config.
  SQL_ALCHEMY_CONN = conf.get("database", "SQL_ALCHEMY_CONN")

[2024-05-23T17:57:54.896+0000] {task_command.py:426} INFO - Running <TaskInstance: xcom_guess.generate_random_number scheduled__2023-03-02T09:50:00+00:00 [running]> on host 88d46e04e9cd
[2024-05-23T17:57:55.070+0000] {taskinstance.py:2648} INFO - Exporting env vars: AIRFLOW_CTX_DAG_OWNER='***' AIRFLOW_CTX_DAG_ID='xcom_guess' AIRFLOW_CTX_TASK_ID='generate_random_number' AIRFLOW_CTX_EXECUTION_DATE='2023-03-02T09:50:00+00:00' AIRFLOW_CTX_TRY_NUMBER='1' AIRFLOW_CTX_DAG_RUN_ID='scheduled__2023-03-02T09:50:00+00:00'
[2024-05-23T17:57:55.071+0000] {taskinstance.py:430} INFO - ::endgroup::
[2024-05-23T17:57:55.118+0000] {python.py:237} INFO - Done. Returned value was: None
[2024-05-23T17:57:55.121+0000] {taskinstance.py:441} INFO - ::group::Post task execution logs
[2024-05-23T17:57:55.143+0000] {taskinstance.py:1206} INFO - Marking task as SUCCESS. dag_id=xcom_guess, task_id=generate_random_number, run_id=scheduled__2023-03-02T09:50:00+00:00, execution_date=20230302T095000, start_date=20240523T175754, end_date=20240523T175755
[2024-05-23T17:57:55.203+0000] {local_task_job_runner.py:240} INFO - Task exited with return code 0
[2024-05-23T17:57:55.234+0000] {taskinstance.py:3498} INFO - 1 downstream tasks scheduled from follow-on schedule check
[2024-05-23T17:57:55.237+0000] {local_task_job_runner.py:222} INFO - ::endgroup::
