[2024-05-23T17:52:45.529+0000] {local_task_job_runner.py:120} INFO - ::group::Pre task execution logs
[2024-05-23T17:52:45.562+0000] {taskinstance.py:2076} INFO - Dependencies all met for dep_context=non-requeueable deps ti=<TaskInstance: xcom_guess.generate_random_number scheduled__2023-02-28T20:15:00+00:00 [queued]>
[2024-05-23T17:52:45.572+0000] {taskinstance.py:2076} INFO - Dependencies all met for dep_context=requeueable deps ti=<TaskInstance: xcom_guess.generate_random_number scheduled__2023-02-28T20:15:00+00:00 [queued]>
[2024-05-23T17:52:45.573+0000] {taskinstance.py:2306} INFO - Starting attempt 1 of 1
[2024-05-23T17:52:45.605+0000] {taskinstance.py:2330} INFO - Executing <Task(PythonOperator): generate_random_number> on 2023-02-28 20:15:00+00:00
[2024-05-23T17:52:45.614+0000] {warnings.py:110} WARNING - /home/***/.local/lib/python3.12/site-packages/***/task/task_runner/standard_task_runner.py:61: DeprecationWarning: This process (pid=2949) is multi-threaded, use of fork() may lead to deadlocks in the child.
  pid = os.fork()

[2024-05-23T17:52:45.616+0000] {standard_task_runner.py:63} INFO - Started process 2953 to run task
[2024-05-23T17:52:45.617+0000] {standard_task_runner.py:90} INFO - Running: ['***', 'tasks', 'run', 'xcom_guess', 'generate_random_number', 'scheduled__2023-02-28T20:15:00+00:00', '--job-id', '1066', '--raw', '--subdir', 'DAGS_FOLDER/sample_dag.py', '--cfg-path', '/tmp/tmp87rqe9z7']
[2024-05-23T17:52:45.618+0000] {standard_task_runner.py:91} INFO - Job 1066: Subtask generate_random_number
[2024-05-23T17:52:45.638+0000] {warnings.py:110} WARNING - /home/***/.local/lib/python3.12/site-packages/***/settings.py:195: DeprecationWarning: The sql_alchemy_conn option in [core] has been moved to the sql_alchemy_conn option in [database] - the old setting has been used, but please update your config.
  SQL_ALCHEMY_CONN = conf.get("database", "SQL_ALCHEMY_CONN")

[2024-05-23T17:52:45.691+0000] {task_command.py:426} INFO - Running <TaskInstance: xcom_guess.generate_random_number scheduled__2023-02-28T20:15:00+00:00 [running]> on host 88d46e04e9cd
[2024-05-23T17:52:45.844+0000] {taskinstance.py:2648} INFO - Exporting env vars: AIRFLOW_CTX_DAG_OWNER='***' AIRFLOW_CTX_DAG_ID='xcom_guess' AIRFLOW_CTX_TASK_ID='generate_random_number' AIRFLOW_CTX_EXECUTION_DATE='2023-02-28T20:15:00+00:00' AIRFLOW_CTX_TRY_NUMBER='1' AIRFLOW_CTX_DAG_RUN_ID='scheduled__2023-02-28T20:15:00+00:00'
[2024-05-23T17:52:45.845+0000] {taskinstance.py:430} INFO - ::endgroup::
[2024-05-23T17:52:45.885+0000] {python.py:237} INFO - Done. Returned value was: None
[2024-05-23T17:52:45.887+0000] {taskinstance.py:441} INFO - ::group::Post task execution logs
[2024-05-23T17:52:45.905+0000] {taskinstance.py:1206} INFO - Marking task as SUCCESS. dag_id=xcom_guess, task_id=generate_random_number, run_id=scheduled__2023-02-28T20:15:00+00:00, execution_date=20230228T201500, start_date=20240523T175245, end_date=20240523T175245
[2024-05-23T17:52:45.952+0000] {local_task_job_runner.py:240} INFO - Task exited with return code 0
[2024-05-23T17:52:45.968+0000] {local_task_job_runner.py:222} INFO - ::endgroup::
