[2024-05-31T17:30:01.194+0000] {local_task_job_runner.py:120} INFO - ::group::Pre task execution logs
[2024-05-31T17:30:01.226+0000] {taskinstance.py:2076} INFO - Dependencies all met for dep_context=non-requeueable deps ti=<TaskInstance: OAuth_Zoom.run_OAuth scheduled__2024-05-31T17:00:00+00:00 [queued]>
[2024-05-31T17:30:01.243+0000] {taskinstance.py:2076} INFO - Dependencies all met for dep_context=requeueable deps ti=<TaskInstance: OAuth_Zoom.run_OAuth scheduled__2024-05-31T17:00:00+00:00 [queued]>
[2024-05-31T17:30:01.244+0000] {taskinstance.py:2306} INFO - Starting attempt 1 of 2
[2024-05-31T17:30:01.266+0000] {taskinstance.py:2330} INFO - Executing <Task(PythonOperator): run_OAuth> on 2024-05-31 17:00:00+00:00
[2024-05-31T17:30:01.273+0000] {warnings.py:110} WARNING - /home/***/.local/lib/python3.12/site-packages/***/task/task_runner/standard_task_runner.py:61: DeprecationWarning: This process (pid=2312) is multi-threaded, use of fork() may lead to deadlocks in the child.
  pid = os.fork()

[2024-05-31T17:30:01.275+0000] {standard_task_runner.py:63} INFO - Started process 2313 to run task
[2024-05-31T17:30:01.276+0000] {standard_task_runner.py:90} INFO - Running: ['***', 'tasks', 'run', 'OAuth_Zoom', 'run_OAuth', 'scheduled__2024-05-31T17:00:00+00:00', '--job-id', '3148', '--raw', '--subdir', 'DAGS_FOLDER/oauth_dag.py', '--cfg-path', '/tmp/tmp6h1c91qo']
[2024-05-31T17:30:01.277+0000] {standard_task_runner.py:91} INFO - Job 3148: Subtask run_OAuth
[2024-05-31T17:30:01.295+0000] {warnings.py:110} WARNING - /home/***/.local/lib/python3.12/site-packages/***/settings.py:195: DeprecationWarning: The sql_alchemy_conn option in [core] has been moved to the sql_alchemy_conn option in [database] - the old setting has been used, but please update your config.
  SQL_ALCHEMY_CONN = conf.get("database", "SQL_ALCHEMY_CONN")

[2024-05-31T17:30:01.336+0000] {task_command.py:426} INFO - Running <TaskInstance: OAuth_Zoom.run_OAuth scheduled__2024-05-31T17:00:00+00:00 [running]> on host 94d98bd81efc
[2024-05-31T17:30:01.476+0000] {taskinstance.py:2648} INFO - Exporting env vars: AIRFLOW_CTX_DAG_EMAIL='anhnguyen@westcliff.edu' AIRFLOW_CTX_DAG_OWNER='Anh' AIRFLOW_CTX_DAG_ID='OAuth_Zoom' AIRFLOW_CTX_TASK_ID='run_OAuth' AIRFLOW_CTX_EXECUTION_DATE='2024-05-31T17:00:00+00:00' AIRFLOW_CTX_TRY_NUMBER='1' AIRFLOW_CTX_DAG_RUN_ID='scheduled__2024-05-31T17:00:00+00:00'
[2024-05-31T17:30:01.477+0000] {taskinstance.py:430} INFO - ::endgroup::
[2024-05-31T17:30:01.949+0000] {oauth_dag.py:37} INFO - Completed!
eyJzdiI6IjAwMDAwMSIsImFsZyI6IkhTNTEyIiwidiI6IjIuMCIsImtpZCI6ImU2NmYzNDhlLTZjODgtNDFmMy04NzU4LTFlNmZiY2MzNDcxZSJ9.eyJhdWQiOiJodHRwczovL29hdXRoLnpvb20udXMiLCJ1aWQiOiJwODhiNkZUTVNPYWtKREp6TVRranBRIiwidmVyIjo5LCJhdWlkIjoiNmViN2I1ZTgwMmFlOTQ0NGE4MWZiZDA3OWJjMTI3NmYiLCJuYmYiOjE3MTcxNzY2MDIsImNvZGUiOiJRWndqS2d0alNDV3lZNUNnYk9rbWd3bk9qVHVwb1JsTUUiLCJpc3MiOiJ6bTpjaWQ6MGZ4QTJKTGxTMENkY0ZzcUlTSDNTdyIsImdubyI6MCwiZXhwIjoxNzE3MTgwMjAyLCJ0eXBlIjozLCJpYXQiOjE3MTcxNzY2MDIsImFpZCI6IjB6dlFNb2cxU0l5Q3NCV2MwSFRGYkEifQ.fw7Xje8MrT7CMTsiNK9G4EtroqcIxCbq1LCrSRuuIaZZz7SgwGvBFfPH_Q27jnHxlRZQ62xTjkpehwBI5q1oZQ
[2024-05-31T17:30:01.950+0000] {python.py:237} INFO - Done. Returned value was: None
[2024-05-31T17:30:01.950+0000] {taskinstance.py:441} INFO - ::group::Post task execution logs
[2024-05-31T17:30:01.967+0000] {taskinstance.py:1206} INFO - Marking task as SUCCESS. dag_id=OAuth_Zoom, task_id=run_OAuth, run_id=scheduled__2024-05-31T17:00:00+00:00, execution_date=20240531T170000, start_date=20240531T173001, end_date=20240531T173001
[2024-05-31T17:30:02.014+0000] {local_task_job_runner.py:240} INFO - Task exited with return code 0
[2024-05-31T17:30:02.040+0000] {taskinstance.py:3498} INFO - 0 downstream tasks scheduled from follow-on schedule check
[2024-05-31T17:30:02.045+0000] {local_task_job_runner.py:222} INFO - ::endgroup::
