[2024-05-23T17:46:51.072+0000] {local_task_job_runner.py:120} INFO - ::group::Pre task execution logs
[2024-05-23T17:46:51.098+0000] {taskinstance.py:2076} INFO - Dependencies all met for dep_context=non-requeueable deps ti=<TaskInstance: xcom_guess.generate_random_number scheduled__2023-02-27T01:45:00+00:00 [queued]>
[2024-05-23T17:46:51.104+0000] {taskinstance.py:2076} INFO - Dependencies all met for dep_context=requeueable deps ti=<TaskInstance: xcom_guess.generate_random_number scheduled__2023-02-27T01:45:00+00:00 [queued]>
[2024-05-23T17:46:51.105+0000] {taskinstance.py:2306} INFO - Starting attempt 1 of 1
[2024-05-23T17:46:51.123+0000] {taskinstance.py:2330} INFO - Executing <Task(PythonOperator): generate_random_number> on 2023-02-27 01:45:00+00:00
[2024-05-23T17:46:51.130+0000] {warnings.py:110} WARNING - /home/***/.local/lib/python3.12/site-packages/***/task/task_runner/standard_task_runner.py:61: DeprecationWarning: This process (pid=726) is multi-threaded, use of fork() may lead to deadlocks in the child.
  pid = os.fork()

[2024-05-23T17:46:51.132+0000] {standard_task_runner.py:63} INFO - Started process 732 to run task
[2024-05-23T17:46:51.132+0000] {standard_task_runner.py:90} INFO - Running: ['***', 'tasks', 'run', 'xcom_guess', 'generate_random_number', 'scheduled__2023-02-27T01:45:00+00:00', '--job-id', '46', '--raw', '--subdir', 'DAGS_FOLDER/sample_dag.py', '--cfg-path', '/tmp/tmpxyssh68q']
[2024-05-23T17:46:51.133+0000] {standard_task_runner.py:91} INFO - Job 46: Subtask generate_random_number
[2024-05-23T17:46:51.149+0000] {warnings.py:110} WARNING - /home/***/.local/lib/python3.12/site-packages/***/settings.py:195: DeprecationWarning: The sql_alchemy_conn option in [core] has been moved to the sql_alchemy_conn option in [database] - the old setting has been used, but please update your config.
  SQL_ALCHEMY_CONN = conf.get("database", "SQL_ALCHEMY_CONN")

[2024-05-23T17:46:51.192+0000] {task_command.py:426} INFO - Running <TaskInstance: xcom_guess.generate_random_number scheduled__2023-02-27T01:45:00+00:00 [running]> on host 88d46e04e9cd
[2024-05-23T17:46:51.343+0000] {taskinstance.py:2648} INFO - Exporting env vars: AIRFLOW_CTX_DAG_OWNER='***' AIRFLOW_CTX_DAG_ID='xcom_guess' AIRFLOW_CTX_TASK_ID='generate_random_number' AIRFLOW_CTX_EXECUTION_DATE='2023-02-27T01:45:00+00:00' AIRFLOW_CTX_TRY_NUMBER='1' AIRFLOW_CTX_DAG_RUN_ID='scheduled__2023-02-27T01:45:00+00:00'
[2024-05-23T17:46:51.344+0000] {taskinstance.py:430} INFO - ::endgroup::
[2024-05-23T17:46:51.385+0000] {python.py:237} INFO - Done. Returned value was: None
[2024-05-23T17:46:51.387+0000] {taskinstance.py:441} INFO - ::group::Post task execution logs
[2024-05-23T17:46:51.401+0000] {taskinstance.py:1206} INFO - Marking task as SUCCESS. dag_id=xcom_guess, task_id=generate_random_number, run_id=scheduled__2023-02-27T01:45:00+00:00, execution_date=20230227T014500, start_date=20240523T174651, end_date=20240523T174651
[2024-05-23T17:46:51.466+0000] {local_task_job_runner.py:240} INFO - Task exited with return code 0
[2024-05-23T17:46:51.476+0000] {local_task_job_runner.py:222} INFO - ::endgroup::
