[2024-05-31T17:33:42.032+0000] {local_task_job_runner.py:120} INFO - ::group::Pre task execution logs
[2024-05-31T17:33:42.061+0000] {taskinstance.py:2076} INFO - Dependencies all met for dep_context=non-requeueable deps ti=<TaskInstance: etl.get_all_users manual__2024-05-31T17:33:40.982375+00:00 [queued]>
[2024-05-31T17:33:42.069+0000] {taskinstance.py:2076} INFO - Dependencies all met for dep_context=requeueable deps ti=<TaskInstance: etl.get_all_users manual__2024-05-31T17:33:40.982375+00:00 [queued]>
[2024-05-31T17:33:42.070+0000] {taskinstance.py:2306} INFO - Starting attempt 1 of 2
[2024-05-31T17:33:42.085+0000] {taskinstance.py:2330} INFO - Executing <Task(_PythonDecoratedOperator): get_all_users> on 2024-05-31 17:33:40.982375+00:00
[2024-05-31T17:33:42.093+0000] {warnings.py:110} WARNING - /home/***/.local/lib/python3.12/site-packages/***/task/task_runner/standard_task_runner.py:61: DeprecationWarning: This process (pid=2439) is multi-threaded, use of fork() may lead to deadlocks in the child.
  pid = os.fork()

[2024-05-31T17:33:42.095+0000] {standard_task_runner.py:63} INFO - Started process 2440 to run task
[2024-05-31T17:33:42.095+0000] {standard_task_runner.py:90} INFO - Running: ['***', 'tasks', 'run', 'etl', 'get_all_users', 'manual__2024-05-31T17:33:40.982375+00:00', '--job-id', '3152', '--raw', '--subdir', 'DAGS_FOLDER/etl_process.py', '--cfg-path', '/tmp/tmpot34ll3f']
[2024-05-31T17:33:42.096+0000] {standard_task_runner.py:91} INFO - Job 3152: Subtask get_all_users
[2024-05-31T17:33:42.111+0000] {warnings.py:110} WARNING - /home/***/.local/lib/python3.12/site-packages/***/settings.py:195: DeprecationWarning: The sql_alchemy_conn option in [core] has been moved to the sql_alchemy_conn option in [database] - the old setting has been used, but please update your config.
  SQL_ALCHEMY_CONN = conf.get("database", "SQL_ALCHEMY_CONN")

[2024-05-31T17:33:42.150+0000] {task_command.py:426} INFO - Running <TaskInstance: etl.get_all_users manual__2024-05-31T17:33:40.982375+00:00 [running]> on host 94d98bd81efc
[2024-05-31T17:33:42.244+0000] {taskinstance.py:2648} INFO - Exporting env vars: AIRFLOW_CTX_DAG_EMAIL='anhnguyen@westcliff.edu' AIRFLOW_CTX_DAG_OWNER='Anh' AIRFLOW_CTX_DAG_ID='etl' AIRFLOW_CTX_TASK_ID='get_all_users' AIRFLOW_CTX_EXECUTION_DATE='2024-05-31T17:33:40.982375+00:00' AIRFLOW_CTX_TRY_NUMBER='1' AIRFLOW_CTX_DAG_RUN_ID='manual__2024-05-31T17:33:40.982375+00:00'
[2024-05-31T17:33:42.245+0000] {taskinstance.py:430} INFO - ::endgroup::
[2024-05-31T17:33:49.117+0000] {python.py:237} INFO - Done. Returned value was: None
[2024-05-31T17:33:49.118+0000] {taskinstance.py:441} INFO - ::group::Post task execution logs
[2024-05-31T17:33:49.132+0000] {taskinstance.py:1206} INFO - Marking task as SUCCESS. dag_id=etl, task_id=get_all_users, run_id=manual__2024-05-31T17:33:40.982375+00:00, execution_date=20240531T173340, start_date=20240531T173342, end_date=20240531T173349
[2024-05-31T17:33:49.171+0000] {local_task_job_runner.py:240} INFO - Task exited with return code 0
[2024-05-31T17:33:49.199+0000] {taskinstance.py:3498} INFO - 1 downstream tasks scheduled from follow-on schedule check
[2024-05-31T17:33:49.201+0000] {local_task_job_runner.py:222} INFO - ::endgroup::
