[2024-05-23T18:02:12.765+0000] {local_task_job_runner.py:120} INFO - ::group::Pre task execution logs
[2024-05-23T18:02:12.807+0000] {taskinstance.py:2076} INFO - Dependencies all met for dep_context=non-requeueable deps ti=<TaskInstance: xcom_guess.guess_number scheduled__2023-03-03T17:05:00+00:00 [queued]>
[2024-05-23T18:02:12.824+0000] {taskinstance.py:2076} INFO - Dependencies all met for dep_context=requeueable deps ti=<TaskInstance: xcom_guess.guess_number scheduled__2023-03-03T17:05:00+00:00 [queued]>
[2024-05-23T18:02:12.825+0000] {taskinstance.py:2306} INFO - Starting attempt 1 of 1
[2024-05-23T18:02:12.859+0000] {taskinstance.py:2330} INFO - Executing <Task(PythonOperator): guess_number> on 2023-03-03 17:05:00+00:00
[2024-05-23T18:02:12.869+0000] {warnings.py:110} WARNING - /home/***/.local/lib/python3.12/site-packages/***/task/task_runner/standard_task_runner.py:61: DeprecationWarning: This process (pid=6556) is multi-threaded, use of fork() may lead to deadlocks in the child.
  pid = os.fork()

[2024-05-23T18:02:12.871+0000] {standard_task_runner.py:63} INFO - Started process 6565 to run task
[2024-05-23T18:02:12.871+0000] {standard_task_runner.py:90} INFO - Running: ['***', 'tasks', 'run', 'xcom_guess', 'guess_number', 'scheduled__2023-03-03T17:05:00+00:00', '--job-id', '2721', '--raw', '--subdir', 'DAGS_FOLDER/sample_dag.py', '--cfg-path', '/tmp/tmpsemkgx5f']
[2024-05-23T18:02:12.872+0000] {standard_task_runner.py:91} INFO - Job 2721: Subtask guess_number
[2024-05-23T18:02:12.896+0000] {warnings.py:110} WARNING - /home/***/.local/lib/python3.12/site-packages/***/settings.py:195: DeprecationWarning: The sql_alchemy_conn option in [core] has been moved to the sql_alchemy_conn option in [database] - the old setting has been used, but please update your config.
  SQL_ALCHEMY_CONN = conf.get("database", "SQL_ALCHEMY_CONN")

[2024-05-23T18:02:12.958+0000] {task_command.py:426} INFO - Running <TaskInstance: xcom_guess.guess_number scheduled__2023-03-03T17:05:00+00:00 [running]> on host 88d46e04e9cd
[2024-05-23T18:02:13.122+0000] {taskinstance.py:2648} INFO - Exporting env vars: AIRFLOW_CTX_DAG_OWNER='***' AIRFLOW_CTX_DAG_ID='xcom_guess' AIRFLOW_CTX_TASK_ID='guess_number' AIRFLOW_CTX_EXECUTION_DATE='2023-03-03T17:05:00+00:00' AIRFLOW_CTX_TRY_NUMBER='1' AIRFLOW_CTX_DAG_RUN_ID='scheduled__2023-03-03T17:05:00+00:00'
[2024-05-23T18:02:13.123+0000] {taskinstance.py:430} INFO - ::endgroup::
[2024-05-23T18:02:13.158+0000] {sample_dag.py:15} INFO - Congratulations, your guess was right! Number: 9, guess: 9
[2024-05-23T18:02:13.159+0000] {python.py:237} INFO - Done. Returned value was: None
[2024-05-23T18:02:13.159+0000] {taskinstance.py:441} INFO - ::group::Post task execution logs
[2024-05-23T18:02:13.178+0000] {taskinstance.py:1206} INFO - Marking task as SUCCESS. dag_id=xcom_guess, task_id=guess_number, run_id=scheduled__2023-03-03T17:05:00+00:00, execution_date=20230303T170500, start_date=20240523T180212, end_date=20240523T180213
[2024-05-23T18:02:13.206+0000] {local_task_job_runner.py:240} INFO - Task exited with return code 0
[2024-05-23T18:02:13.233+0000] {taskinstance.py:3498} INFO - 0 downstream tasks scheduled from follow-on schedule check
[2024-05-23T18:02:13.236+0000] {local_task_job_runner.py:222} INFO - ::endgroup::
