[2024-05-31T16:37:04.254+0000] {local_task_job_runner.py:120} INFO - ::group::Pre task execution logs
[2024-05-31T16:37:04.279+0000] {taskinstance.py:2076} INFO - Dependencies all met for dep_context=non-requeueable deps ti=<TaskInstance: OAuth_Zoom.run_OAuth scheduled__2024-05-23T20:00:00+00:00 [queued]>
[2024-05-31T16:37:04.287+0000] {taskinstance.py:2076} INFO - Dependencies all met for dep_context=requeueable deps ti=<TaskInstance: OAuth_Zoom.run_OAuth scheduled__2024-05-23T20:00:00+00:00 [queued]>
[2024-05-31T16:37:04.287+0000] {taskinstance.py:2306} INFO - Starting attempt 2 of 3
[2024-05-31T16:37:04.303+0000] {taskinstance.py:2330} INFO - Executing <Task(PythonOperator): run_OAuth> on 2024-05-23 20:00:00+00:00
[2024-05-31T16:37:04.312+0000] {warnings.py:110} WARNING - /home/***/.local/lib/python3.12/site-packages/***/task/task_runner/standard_task_runner.py:61: DeprecationWarning: This process (pid=619) is multi-threaded, use of fork() may lead to deadlocks in the child.
  pid = os.fork()

[2024-05-31T16:37:04.314+0000] {standard_task_runner.py:63} INFO - Started process 620 to run task
[2024-05-31T16:37:04.315+0000] {standard_task_runner.py:90} INFO - Running: ['***', 'tasks', 'run', 'OAuth_Zoom', 'run_OAuth', 'scheduled__2024-05-23T20:00:00+00:00', '--job-id', '3140', '--raw', '--subdir', 'DAGS_FOLDER/oauth_dag.py', '--cfg-path', '/tmp/tmpwdebh94u']
[2024-05-31T16:37:04.316+0000] {standard_task_runner.py:91} INFO - Job 3140: Subtask run_OAuth
[2024-05-31T16:37:04.331+0000] {warnings.py:110} WARNING - /home/***/.local/lib/python3.12/site-packages/***/settings.py:195: DeprecationWarning: The sql_alchemy_conn option in [core] has been moved to the sql_alchemy_conn option in [database] - the old setting has been used, but please update your config.
  SQL_ALCHEMY_CONN = conf.get("database", "SQL_ALCHEMY_CONN")

[2024-05-31T16:37:04.370+0000] {task_command.py:426} INFO - Running <TaskInstance: OAuth_Zoom.run_OAuth scheduled__2024-05-23T20:00:00+00:00 [running]> on host 94d98bd81efc
[2024-05-31T16:37:04.503+0000] {taskinstance.py:2648} INFO - Exporting env vars: AIRFLOW_CTX_DAG_EMAIL='anhnguyen@westcliff.edu' AIRFLOW_CTX_DAG_OWNER='Anh' AIRFLOW_CTX_DAG_ID='OAuth_Zoom' AIRFLOW_CTX_TASK_ID='run_OAuth' AIRFLOW_CTX_EXECUTION_DATE='2024-05-23T20:00:00+00:00' AIRFLOW_CTX_TRY_NUMBER='2' AIRFLOW_CTX_DAG_RUN_ID='scheduled__2024-05-23T20:00:00+00:00'
[2024-05-31T16:37:04.504+0000] {taskinstance.py:430} INFO - ::endgroup::
[2024-05-31T16:37:04.878+0000] {oauth_dag.py:37} INFO - Completed!
eyJzdiI6IjAwMDAwMSIsImFsZyI6IkhTNTEyIiwidiI6IjIuMCIsImtpZCI6IjJlOGE5OWEyLTE4YzQtNGYxNC04MzVmLTVkMzIxYTBhNWNjZCJ9.eyJhdWQiOiJodHRwczovL29hdXRoLnpvb20udXMiLCJ1aWQiOiJwODhiNkZUTVNPYWtKREp6TVRranBRIiwidmVyIjo5LCJhdWlkIjoiNmViN2I1ZTgwMmFlOTQ0NGE4MWZiZDA3OWJjMTI3NmYiLCJuYmYiOjE3MTcxNzM0MjUsImNvZGUiOiJQNEhGeGREN1JUMkdyZjVVdmJuZHlBdkJTWmZNaG1kdloiLCJpc3MiOiJ6bTpjaWQ6MGZ4QTJKTGxTMENkY0ZzcUlTSDNTdyIsImdubyI6MCwiZXhwIjoxNzE3MTc3MDI1LCJ0eXBlIjozLCJpYXQiOjE3MTcxNzM0MjUsImFpZCI6IjB6dlFNb2cxU0l5Q3NCV2MwSFRGYkEifQ.avhlS6Q6IXAyV6c20RFzGdJawsc-waembRLgcaP2Ub3EeyW-KTGMY0ZP5iGyCc8cacX0q5cLSJixzOv2GMQQ1A
[2024-05-31T16:37:04.878+0000] {python.py:237} INFO - Done. Returned value was: None
[2024-05-31T16:37:04.880+0000] {taskinstance.py:441} INFO - ::group::Post task execution logs
[2024-05-31T16:37:04.896+0000] {taskinstance.py:1206} INFO - Marking task as SUCCESS. dag_id=OAuth_Zoom, task_id=run_OAuth, run_id=scheduled__2024-05-23T20:00:00+00:00, execution_date=20240523T200000, start_date=20240531T163704, end_date=20240531T163704
[2024-05-31T16:37:04.931+0000] {local_task_job_runner.py:240} INFO - Task exited with return code 0
[2024-05-31T16:37:04.972+0000] {taskinstance.py:3498} INFO - 0 downstream tasks scheduled from follow-on schedule check
[2024-05-31T16:37:04.978+0000] {local_task_job_runner.py:222} INFO - ::endgroup::
