[2024-05-23T20:40:45.885+0000] {local_task_job_runner.py:120} INFO - ::group::Pre task execution logs
[2024-05-23T20:40:45.918+0000] {taskinstance.py:2076} INFO - Dependencies all met for dep_context=non-requeueable deps ti=<TaskInstance: OAuth_Zoom.run_OAuth scheduled__2024-05-23T20:00:00+00:00 [queued]>
[2024-05-23T20:40:45.928+0000] {taskinstance.py:2076} INFO - Dependencies all met for dep_context=requeueable deps ti=<TaskInstance: OAuth_Zoom.run_OAuth scheduled__2024-05-23T20:00:00+00:00 [queued]>
[2024-05-23T20:40:45.928+0000] {taskinstance.py:2306} INFO - Starting attempt 1 of 2
[2024-05-23T20:40:45.943+0000] {taskinstance.py:2330} INFO - Executing <Task(PythonOperator): run_OAuth> on 2024-05-23 20:00:00+00:00
[2024-05-23T20:40:45.955+0000] {warnings.py:110} WARNING - /home/***/.local/lib/python3.12/site-packages/***/task/task_runner/standard_task_runner.py:61: DeprecationWarning: This process (pid=12661) is multi-threaded, use of fork() may lead to deadlocks in the child.
  pid = os.fork()

[2024-05-23T20:40:45.955+0000] {standard_task_runner.py:90} INFO - Running: ['***', 'tasks', 'run', 'OAuth_Zoom', 'run_OAuth', 'scheduled__2024-05-23T20:00:00+00:00', '--job-id', '3036', '--raw', '--subdir', 'DAGS_FOLDER/oauth_dag.py', '--cfg-path', '/tmp/tmp7qk75xhf']
[2024-05-23T20:40:45.958+0000] {standard_task_runner.py:63} INFO - Started process 12662 to run task
[2024-05-23T20:40:45.958+0000] {standard_task_runner.py:91} INFO - Job 3036: Subtask run_OAuth
[2024-05-23T20:40:45.974+0000] {warnings.py:110} WARNING - /home/***/.local/lib/python3.12/site-packages/***/settings.py:195: DeprecationWarning: The sql_alchemy_conn option in [core] has been moved to the sql_alchemy_conn option in [database] - the old setting has been used, but please update your config.
  SQL_ALCHEMY_CONN = conf.get("database", "SQL_ALCHEMY_CONN")

[2024-05-23T20:40:46.012+0000] {task_command.py:426} INFO - Running <TaskInstance: OAuth_Zoom.run_OAuth scheduled__2024-05-23T20:00:00+00:00 [running]> on host 88d46e04e9cd
[2024-05-23T20:40:46.133+0000] {taskinstance.py:2648} INFO - Exporting env vars: AIRFLOW_CTX_DAG_EMAIL='anhnguyen@westcliff.edu' AIRFLOW_CTX_DAG_OWNER='Anh' AIRFLOW_CTX_DAG_ID='OAuth_Zoom' AIRFLOW_CTX_TASK_ID='run_OAuth' AIRFLOW_CTX_EXECUTION_DATE='2024-05-23T20:00:00+00:00' AIRFLOW_CTX_TRY_NUMBER='1' AIRFLOW_CTX_DAG_RUN_ID='scheduled__2024-05-23T20:00:00+00:00'
[2024-05-23T20:40:46.134+0000] {taskinstance.py:430} INFO - ::endgroup::
[2024-05-23T20:40:46.546+0000] {oauth_dag.py:37} INFO - Completed!
eyJzdiI6IjAwMDAwMSIsImFsZyI6IkhTNTEyIiwidiI6IjIuMCIsImtpZCI6IjI2NmM2OTE2LTQwZTItNDMxOS05NTkwLWE5YzEzZTZiMjk4MCJ9.eyJhdWQiOiJodHRwczovL29hdXRoLnpvb20udXMiLCJ1aWQiOiJwODhiNkZUTVNPYWtKREp6TVRranBRIiwidmVyIjo5LCJhdWlkIjoiYTc1ODAwMzU5ZTRiOWNhZjJkMjNlNWNkYWM2NDRiOWMiLCJuYmYiOjE3MTY0OTY4NDcsImNvZGUiOiItdDJCcFFFU1FHdThyQ1BKWFR4c3B3U0JvWk1sVEVFVG0iLCJpc3MiOiJ6bTpjaWQ6MGZ4QTJKTGxTMENkY0ZzcUlTSDNTdyIsImdubyI6MCwiZXhwIjoxNzE2NTAwNDQ3LCJ0eXBlIjozLCJpYXQiOjE3MTY0OTY4NDcsImFpZCI6IjB6dlFNb2cxU0l5Q3NCV2MwSFRGYkEifQ.hZsTOXWGQJKFaZtptaFqx1HdFNuoQfd1r4ffOBwr9dTHML51rm7dmroO4kEXNAhS3mh82ucMzJITHYlcBbhsYw
[2024-05-23T20:40:46.547+0000] {python.py:237} INFO - Done. Returned value was: None
[2024-05-23T20:40:46.547+0000] {taskinstance.py:441} INFO - ::group::Post task execution logs
[2024-05-23T20:40:46.562+0000] {taskinstance.py:1206} INFO - Marking task as SUCCESS. dag_id=OAuth_Zoom, task_id=run_OAuth, run_id=scheduled__2024-05-23T20:00:00+00:00, execution_date=20240523T200000, start_date=20240523T204045, end_date=20240523T204046
[2024-05-23T20:40:46.618+0000] {local_task_job_runner.py:240} INFO - Task exited with return code 0
[2024-05-23T20:40:46.650+0000] {taskinstance.py:3498} INFO - 0 downstream tasks scheduled from follow-on schedule check
[2024-05-23T20:40:46.653+0000] {local_task_job_runner.py:222} INFO - ::endgroup::
