[2024-05-23T17:58:02.947+0000] {local_task_job_runner.py:120} INFO - ::group::Pre task execution logs
[2024-05-23T17:58:02.984+0000] {taskinstance.py:2076} INFO - Dependencies all met for dep_context=non-requeueable deps ti=<TaskInstance: xcom_guess.guess_number scheduled__2023-03-02T10:50:00+00:00 [queued]>
[2024-05-23T17:58:03.001+0000] {taskinstance.py:2076} INFO - Dependencies all met for dep_context=requeueable deps ti=<TaskInstance: xcom_guess.guess_number scheduled__2023-03-02T10:50:00+00:00 [queued]>
[2024-05-23T17:58:03.002+0000] {taskinstance.py:2306} INFO - Starting attempt 1 of 1
[2024-05-23T17:58:03.035+0000] {taskinstance.py:2330} INFO - Executing <Task(PythonOperator): guess_number> on 2023-03-02 10:50:00+00:00
[2024-05-23T17:58:03.046+0000] {warnings.py:110} WARNING - /home/***/.local/lib/python3.12/site-packages/***/task/task_runner/standard_task_runner.py:61: DeprecationWarning: This process (pid=4972) is multi-threaded, use of fork() may lead to deadlocks in the child.
  pid = os.fork()

[2024-05-23T17:58:03.049+0000] {standard_task_runner.py:63} INFO - Started process 4979 to run task
[2024-05-23T17:58:03.049+0000] {standard_task_runner.py:90} INFO - Running: ['***', 'tasks', 'run', 'xcom_guess', 'guess_number', 'scheduled__2023-03-02T10:50:00+00:00', '--job-id', '1995', '--raw', '--subdir', 'DAGS_FOLDER/sample_dag.py', '--cfg-path', '/tmp/tmp9npy39jp']
[2024-05-23T17:58:03.051+0000] {standard_task_runner.py:91} INFO - Job 1995: Subtask guess_number
[2024-05-23T17:58:03.076+0000] {warnings.py:110} WARNING - /home/***/.local/lib/python3.12/site-packages/***/settings.py:195: DeprecationWarning: The sql_alchemy_conn option in [core] has been moved to the sql_alchemy_conn option in [database] - the old setting has been used, but please update your config.
  SQL_ALCHEMY_CONN = conf.get("database", "SQL_ALCHEMY_CONN")

[2024-05-23T17:58:03.151+0000] {task_command.py:426} INFO - Running <TaskInstance: xcom_guess.guess_number scheduled__2023-03-02T10:50:00+00:00 [running]> on host 88d46e04e9cd
[2024-05-23T17:58:03.341+0000] {taskinstance.py:2648} INFO - Exporting env vars: AIRFLOW_CTX_DAG_OWNER='***' AIRFLOW_CTX_DAG_ID='xcom_guess' AIRFLOW_CTX_TASK_ID='guess_number' AIRFLOW_CTX_EXECUTION_DATE='2023-03-02T10:50:00+00:00' AIRFLOW_CTX_TRY_NUMBER='1' AIRFLOW_CTX_DAG_RUN_ID='scheduled__2023-03-02T10:50:00+00:00'
[2024-05-23T17:58:03.342+0000] {taskinstance.py:430} INFO - ::endgroup::
[2024-05-23T17:58:03.384+0000] {sample_dag.py:15} INFO - Congratulations, your guess was right! Number: 7, guess: 7
[2024-05-23T17:58:03.385+0000] {python.py:237} INFO - Done. Returned value was: None
[2024-05-23T17:58:03.385+0000] {taskinstance.py:441} INFO - ::group::Post task execution logs
[2024-05-23T17:58:03.405+0000] {taskinstance.py:1206} INFO - Marking task as SUCCESS. dag_id=xcom_guess, task_id=guess_number, run_id=scheduled__2023-03-02T10:50:00+00:00, execution_date=20230302T105000, start_date=20240523T175802, end_date=20240523T175803
[2024-05-23T17:58:03.466+0000] {local_task_job_runner.py:240} INFO - Task exited with return code 0
[2024-05-23T17:58:03.497+0000] {taskinstance.py:3498} INFO - 0 downstream tasks scheduled from follow-on schedule check
[2024-05-23T17:58:03.500+0000] {local_task_job_runner.py:222} INFO - ::endgroup::
