[2024-05-23T18:03:57.578+0000] {local_task_job_runner.py:120} INFO - ::group::Pre task execution logs
[2024-05-23T18:03:57.638+0000] {taskinstance.py:2076} INFO - Dependencies all met for dep_context=non-requeueable deps ti=<TaskInstance: xcom_guess.guess_number scheduled__2023-03-04T06:05:00+00:00 [queued]>
[2024-05-23T18:03:57.671+0000] {taskinstance.py:2076} INFO - Dependencies all met for dep_context=requeueable deps ti=<TaskInstance: xcom_guess.guess_number scheduled__2023-03-04T06:05:00+00:00 [queued]>
[2024-05-23T18:03:57.672+0000] {taskinstance.py:2306} INFO - Starting attempt 1 of 1
[2024-05-23T18:03:57.725+0000] {taskinstance.py:2330} INFO - Executing <Task(PythonOperator): guess_number> on 2023-03-04 06:05:00+00:00
[2024-05-23T18:03:57.749+0000] {warnings.py:110} WARNING - /home/***/.local/lib/python3.12/site-packages/***/task/task_runner/standard_task_runner.py:61: DeprecationWarning: This process (pid=7232) is multi-threaded, use of fork() may lead to deadlocks in the child.
  pid = os.fork()

[2024-05-23T18:03:57.757+0000] {standard_task_runner.py:63} INFO - Started process 7245 to run task
[2024-05-23T18:03:57.757+0000] {standard_task_runner.py:90} INFO - Running: ['***', 'tasks', 'run', 'xcom_guess', 'guess_number', 'scheduled__2023-03-04T06:05:00+00:00', '--job-id', '3032', '--raw', '--subdir', 'DAGS_FOLDER/sample_dag.py', '--cfg-path', '/tmp/tmpa05f2ju5']
[2024-05-23T18:03:57.760+0000] {standard_task_runner.py:91} INFO - Job 3032: Subtask guess_number
[2024-05-23T18:03:57.808+0000] {warnings.py:110} WARNING - /home/***/.local/lib/python3.12/site-packages/***/settings.py:195: DeprecationWarning: The sql_alchemy_conn option in [core] has been moved to the sql_alchemy_conn option in [database] - the old setting has been used, but please update your config.
  SQL_ALCHEMY_CONN = conf.get("database", "SQL_ALCHEMY_CONN")

[2024-05-23T18:03:57.920+0000] {task_command.py:426} INFO - Running <TaskInstance: xcom_guess.guess_number scheduled__2023-03-04T06:05:00+00:00 [running]> on host 88d46e04e9cd
[2024-05-23T18:03:58.205+0000] {taskinstance.py:2648} INFO - Exporting env vars: AIRFLOW_CTX_DAG_OWNER='***' AIRFLOW_CTX_DAG_ID='xcom_guess' AIRFLOW_CTX_TASK_ID='guess_number' AIRFLOW_CTX_EXECUTION_DATE='2023-03-04T06:05:00+00:00' AIRFLOW_CTX_TRY_NUMBER='1' AIRFLOW_CTX_DAG_RUN_ID='scheduled__2023-03-04T06:05:00+00:00'
[2024-05-23T18:03:58.208+0000] {taskinstance.py:430} INFO - ::endgroup::
[2024-05-23T18:03:58.281+0000] {sample_dag.py:15} INFO - Congratulations, your guess was right! Number: 6, guess: 6
[2024-05-23T18:03:58.282+0000] {python.py:237} INFO - Done. Returned value was: None
[2024-05-23T18:03:58.283+0000] {taskinstance.py:441} INFO - ::group::Post task execution logs
[2024-05-23T18:03:58.315+0000] {taskinstance.py:1206} INFO - Marking task as SUCCESS. dag_id=xcom_guess, task_id=guess_number, run_id=scheduled__2023-03-04T06:05:00+00:00, execution_date=20230304T060500, start_date=20240523T180357, end_date=20240523T180358
[2024-05-23T18:03:58.381+0000] {local_task_job_runner.py:240} INFO - Task exited with return code 0
[2024-05-23T18:03:58.419+0000] {taskinstance.py:3498} INFO - 0 downstream tasks scheduled from follow-on schedule check
[2024-05-23T18:03:58.424+0000] {local_task_job_runner.py:222} INFO - ::endgroup::
