[2024-09-21T01:09:57.713+0000] {processor.py:186} INFO - Started process (PID=20785) to work on /opt/airflow/dags/delete_xcom.py
[2024-09-21T01:09:57.714+0000] {processor.py:914} INFO - Processing file /opt/airflow/dags/delete_xcom.py for tasks to queue
[2024-09-21T01:09:57.716+0000] {logging_mixin.py:190} INFO - [2024-09-21T01:09:57.716+0000] {dagbag.py:587} INFO - Filling up the DagBag from /opt/airflow/dags/delete_xcom.py
[2024-09-21T01:09:57.721+0000] {processor.py:925} INFO - DAG(s) 'XCom_Cleanup' retrieved from /opt/airflow/dags/delete_xcom.py
[2024-09-21T01:09:57.916+0000] {logging_mixin.py:190} INFO - [2024-09-21T01:09:57.915+0000] {override.py:1900} INFO - Created Permission View: can edit on DAG:XCom_Cleanup
[2024-09-21T01:09:57.921+0000] {logging_mixin.py:190} INFO - [2024-09-21T01:09:57.921+0000] {override.py:1900} INFO - Created Permission View: can read on DAG:XCom_Cleanup
[2024-09-21T01:09:57.925+0000] {logging_mixin.py:190} INFO - [2024-09-21T01:09:57.925+0000] {override.py:1900} INFO - Created Permission View: can delete on DAG:XCom_Cleanup
[2024-09-21T01:09:57.930+0000] {logging_mixin.py:190} INFO - [2024-09-21T01:09:57.930+0000] {override.py:1900} INFO - Created Permission View: menu access on DAG Run:XCom_Cleanup
[2024-09-21T01:09:57.934+0000] {logging_mixin.py:190} INFO - [2024-09-21T01:09:57.933+0000] {override.py:1900} INFO - Created Permission View: can read on DAG Run:XCom_Cleanup
[2024-09-21T01:09:57.937+0000] {logging_mixin.py:190} INFO - [2024-09-21T01:09:57.937+0000] {override.py:1900} INFO - Created Permission View: can create on DAG Run:XCom_Cleanup
[2024-09-21T01:09:57.941+0000] {logging_mixin.py:190} INFO - [2024-09-21T01:09:57.941+0000] {override.py:1900} INFO - Created Permission View: can delete on DAG Run:XCom_Cleanup
[2024-09-21T01:09:57.941+0000] {logging_mixin.py:190} INFO - [2024-09-21T01:09:57.941+0000] {dag.py:3229} INFO - Sync 1 DAGs
[2024-09-21T01:09:57.951+0000] {logging_mixin.py:190} INFO - [2024-09-21T01:09:57.951+0000] {dag.py:3252} INFO - Creating ORM DAG for XCom_Cleanup
[2024-09-21T01:09:57.952+0000] {logging_mixin.py:190} INFO - [2024-09-21T01:09:57.951+0000] {dag.py:4156} INFO - Setting next_dagrun for XCom_Cleanup to None, run_after=None
[2024-09-21T01:09:57.961+0000] {processor.py:208} INFO - Processing /opt/airflow/dags/delete_xcom.py took 0.253 seconds
[2024-09-21T01:10:28.042+0000] {processor.py:186} INFO - Started process (PID=20804) to work on /opt/airflow/dags/delete_xcom.py
[2024-09-21T01:10:28.050+0000] {processor.py:914} INFO - Processing file /opt/airflow/dags/delete_xcom.py for tasks to queue
[2024-09-21T01:10:28.053+0000] {logging_mixin.py:190} INFO - [2024-09-21T01:10:28.052+0000] {dagbag.py:587} INFO - Filling up the DagBag from /opt/airflow/dags/delete_xcom.py
[2024-09-21T01:10:28.059+0000] {processor.py:925} INFO - DAG(s) 'XCom_Cleanup' retrieved from /opt/airflow/dags/delete_xcom.py
[2024-09-21T01:10:28.084+0000] {logging_mixin.py:190} INFO - [2024-09-21T01:10:28.083+0000] {dag.py:3229} INFO - Sync 1 DAGs
[2024-09-21T01:10:28.096+0000] {logging_mixin.py:190} INFO - [2024-09-21T01:10:28.096+0000] {dag.py:4156} INFO - Setting next_dagrun for XCom_Cleanup to None, run_after=None
[2024-09-21T01:10:28.114+0000] {processor.py:208} INFO - Processing /opt/airflow/dags/delete_xcom.py took 0.077 seconds
[2024-09-21T01:10:33.084+0000] {processor.py:186} INFO - Started process (PID=20812) to work on /opt/airflow/dags/delete_xcom.py
[2024-09-21T01:10:33.085+0000] {processor.py:914} INFO - Processing file /opt/airflow/dags/delete_xcom.py for tasks to queue
[2024-09-21T01:10:33.087+0000] {logging_mixin.py:190} INFO - [2024-09-21T01:10:33.087+0000] {dagbag.py:587} INFO - Filling up the DagBag from /opt/airflow/dags/delete_xcom.py
[2024-09-21T01:10:33.094+0000] {processor.py:925} INFO - DAG(s) 'XCom_Cleanup' retrieved from /opt/airflow/dags/delete_xcom.py
[2024-09-21T01:10:33.120+0000] {logging_mixin.py:190} INFO - [2024-09-21T01:10:33.120+0000] {dag.py:3229} INFO - Sync 1 DAGs
[2024-09-21T01:10:33.132+0000] {logging_mixin.py:190} INFO - [2024-09-21T01:10:33.132+0000] {dag.py:4156} INFO - Setting next_dagrun for XCom_Cleanup to None, run_after=None
[2024-09-21T01:10:33.149+0000] {processor.py:208} INFO - Processing /opt/airflow/dags/delete_xcom.py took 0.069 seconds
[2024-09-21T01:11:03.390+0000] {processor.py:186} INFO - Started process (PID=20830) to work on /opt/airflow/dags/delete_xcom.py
[2024-09-21T01:11:03.391+0000] {processor.py:914} INFO - Processing file /opt/airflow/dags/delete_xcom.py for tasks to queue
[2024-09-21T01:11:03.393+0000] {logging_mixin.py:190} INFO - [2024-09-21T01:11:03.393+0000] {dagbag.py:587} INFO - Filling up the DagBag from /opt/airflow/dags/delete_xcom.py
[2024-09-21T01:11:03.400+0000] {processor.py:925} INFO - DAG(s) 'XCom_Cleanup' retrieved from /opt/airflow/dags/delete_xcom.py
[2024-09-21T01:11:03.419+0000] {logging_mixin.py:190} INFO - [2024-09-21T01:11:03.419+0000] {dag.py:3229} INFO - Sync 1 DAGs
[2024-09-21T01:11:03.429+0000] {logging_mixin.py:190} INFO - [2024-09-21T01:11:03.429+0000] {dag.py:4156} INFO - Setting next_dagrun for XCom_Cleanup to None, run_after=None
[2024-09-21T01:11:03.443+0000] {processor.py:208} INFO - Processing /opt/airflow/dags/delete_xcom.py took 0.059 seconds
[2024-09-21T01:11:33.762+0000] {processor.py:186} INFO - Started process (PID=20855) to work on /opt/airflow/dags/delete_xcom.py
[2024-09-21T01:11:33.764+0000] {processor.py:914} INFO - Processing file /opt/airflow/dags/delete_xcom.py for tasks to queue
[2024-09-21T01:11:33.766+0000] {logging_mixin.py:190} INFO - [2024-09-21T01:11:33.766+0000] {dagbag.py:587} INFO - Filling up the DagBag from /opt/airflow/dags/delete_xcom.py
[2024-09-21T01:11:33.773+0000] {processor.py:925} INFO - DAG(s) 'XCom_Cleanup' retrieved from /opt/airflow/dags/delete_xcom.py
[2024-09-21T01:11:33.800+0000] {logging_mixin.py:190} INFO - [2024-09-21T01:11:33.800+0000] {dag.py:3229} INFO - Sync 1 DAGs
[2024-09-21T01:11:33.814+0000] {logging_mixin.py:190} INFO - [2024-09-21T01:11:33.813+0000] {dag.py:4156} INFO - Setting next_dagrun for XCom_Cleanup to None, run_after=None
[2024-09-21T01:11:33.829+0000] {processor.py:208} INFO - Processing /opt/airflow/dags/delete_xcom.py took 0.072 seconds
[2024-09-21T01:12:04.046+0000] {processor.py:186} INFO - Started process (PID=20873) to work on /opt/airflow/dags/delete_xcom.py
[2024-09-21T01:12:04.056+0000] {processor.py:914} INFO - Processing file /opt/airflow/dags/delete_xcom.py for tasks to queue
[2024-09-21T01:12:04.058+0000] {logging_mixin.py:190} INFO - [2024-09-21T01:12:04.058+0000] {dagbag.py:587} INFO - Filling up the DagBag from /opt/airflow/dags/delete_xcom.py
[2024-09-21T01:12:04.064+0000] {processor.py:925} INFO - DAG(s) 'XCom_Cleanup' retrieved from /opt/airflow/dags/delete_xcom.py
[2024-09-21T01:12:04.087+0000] {logging_mixin.py:190} INFO - [2024-09-21T01:12:04.087+0000] {dag.py:3229} INFO - Sync 1 DAGs
[2024-09-21T01:12:04.097+0000] {logging_mixin.py:190} INFO - [2024-09-21T01:12:04.097+0000] {dag.py:4156} INFO - Setting next_dagrun for XCom_Cleanup to None, run_after=None
[2024-09-21T01:12:04.110+0000] {processor.py:208} INFO - Processing /opt/airflow/dags/delete_xcom.py took 0.069 seconds
[2024-09-21T01:12:28.315+0000] {processor.py:186} INFO - Started process (PID=20891) to work on /opt/airflow/dags/delete_xcom.py
[2024-09-21T01:12:28.316+0000] {processor.py:914} INFO - Processing file /opt/airflow/dags/delete_xcom.py for tasks to queue
[2024-09-21T01:12:28.319+0000] {logging_mixin.py:190} INFO - [2024-09-21T01:12:28.319+0000] {dagbag.py:587} INFO - Filling up the DagBag from /opt/airflow/dags/delete_xcom.py
[2024-09-21T01:12:28.326+0000] {processor.py:925} INFO - DAG(s) 'XCom_Cleanup' retrieved from /opt/airflow/dags/delete_xcom.py
[2024-09-21T01:12:28.418+0000] {logging_mixin.py:190} INFO - [2024-09-21T01:12:28.418+0000] {dag.py:3229} INFO - Sync 1 DAGs
[2024-09-21T01:12:28.430+0000] {logging_mixin.py:190} INFO - [2024-09-21T01:12:28.430+0000] {dag.py:4156} INFO - Setting next_dagrun for XCom_Cleanup to None, run_after=None
[2024-09-21T01:12:28.448+0000] {processor.py:208} INFO - Processing /opt/airflow/dags/delete_xcom.py took 0.138 seconds
[2024-09-21T01:12:58.629+0000] {processor.py:186} INFO - Started process (PID=20908) to work on /opt/airflow/dags/delete_xcom.py
[2024-09-21T01:12:58.638+0000] {processor.py:914} INFO - Processing file /opt/airflow/dags/delete_xcom.py for tasks to queue
[2024-09-21T01:12:58.640+0000] {logging_mixin.py:190} INFO - [2024-09-21T01:12:58.640+0000] {dagbag.py:587} INFO - Filling up the DagBag from /opt/airflow/dags/delete_xcom.py
[2024-09-21T01:12:58.646+0000] {processor.py:925} INFO - DAG(s) 'XCom_Cleanup' retrieved from /opt/airflow/dags/delete_xcom.py
[2024-09-21T01:12:58.669+0000] {logging_mixin.py:190} INFO - [2024-09-21T01:12:58.668+0000] {dag.py:3229} INFO - Sync 1 DAGs
[2024-09-21T01:12:58.679+0000] {logging_mixin.py:190} INFO - [2024-09-21T01:12:58.679+0000] {dag.py:4156} INFO - Setting next_dagrun for XCom_Cleanup to None, run_after=None
[2024-09-21T01:12:58.692+0000] {processor.py:208} INFO - Processing /opt/airflow/dags/delete_xcom.py took 0.068 seconds
[2024-09-21T01:13:29.033+0000] {processor.py:186} INFO - Started process (PID=20933) to work on /opt/airflow/dags/delete_xcom.py
[2024-09-21T01:13:29.035+0000] {processor.py:914} INFO - Processing file /opt/airflow/dags/delete_xcom.py for tasks to queue
[2024-09-21T01:13:29.037+0000] {logging_mixin.py:190} INFO - [2024-09-21T01:13:29.037+0000] {dagbag.py:587} INFO - Filling up the DagBag from /opt/airflow/dags/delete_xcom.py
[2024-09-21T01:13:29.043+0000] {processor.py:925} INFO - DAG(s) 'XCom_Cleanup' retrieved from /opt/airflow/dags/delete_xcom.py
[2024-09-21T01:13:29.063+0000] {logging_mixin.py:190} INFO - [2024-09-21T01:13:29.063+0000] {dag.py:3229} INFO - Sync 1 DAGs
[2024-09-21T01:13:29.073+0000] {logging_mixin.py:190} INFO - [2024-09-21T01:13:29.073+0000] {dag.py:4156} INFO - Setting next_dagrun for XCom_Cleanup to None, run_after=None
[2024-09-21T01:13:29.087+0000] {processor.py:208} INFO - Processing /opt/airflow/dags/delete_xcom.py took 0.058 seconds
[2024-09-21T01:13:59.317+0000] {processor.py:186} INFO - Started process (PID=20951) to work on /opt/airflow/dags/delete_xcom.py
[2024-09-21T01:13:59.318+0000] {processor.py:914} INFO - Processing file /opt/airflow/dags/delete_xcom.py for tasks to queue
[2024-09-21T01:13:59.320+0000] {logging_mixin.py:190} INFO - [2024-09-21T01:13:59.320+0000] {dagbag.py:587} INFO - Filling up the DagBag from /opt/airflow/dags/delete_xcom.py
[2024-09-21T01:13:59.326+0000] {processor.py:925} INFO - DAG(s) 'XCom_Cleanup' retrieved from /opt/airflow/dags/delete_xcom.py
[2024-09-21T01:13:59.346+0000] {logging_mixin.py:190} INFO - [2024-09-21T01:13:59.346+0000] {dag.py:3229} INFO - Sync 1 DAGs
[2024-09-21T01:13:59.357+0000] {logging_mixin.py:190} INFO - [2024-09-21T01:13:59.356+0000] {dag.py:4156} INFO - Setting next_dagrun for XCom_Cleanup to None, run_after=None
[2024-09-21T01:13:59.369+0000] {processor.py:208} INFO - Processing /opt/airflow/dags/delete_xcom.py took 0.057 seconds
[2024-09-21T01:14:29.633+0000] {processor.py:186} INFO - Started process (PID=20976) to work on /opt/airflow/dags/delete_xcom.py
[2024-09-21T01:14:29.643+0000] {processor.py:914} INFO - Processing file /opt/airflow/dags/delete_xcom.py for tasks to queue
[2024-09-21T01:14:29.645+0000] {logging_mixin.py:190} INFO - [2024-09-21T01:14:29.645+0000] {dagbag.py:587} INFO - Filling up the DagBag from /opt/airflow/dags/delete_xcom.py
[2024-09-21T01:14:29.652+0000] {processor.py:925} INFO - DAG(s) 'XCom_Cleanup' retrieved from /opt/airflow/dags/delete_xcom.py
[2024-09-21T01:14:29.676+0000] {logging_mixin.py:190} INFO - [2024-09-21T01:14:29.676+0000] {dag.py:3229} INFO - Sync 1 DAGs
[2024-09-21T01:14:29.687+0000] {logging_mixin.py:190} INFO - [2024-09-21T01:14:29.687+0000] {dag.py:4156} INFO - Setting next_dagrun for XCom_Cleanup to None, run_after=None
[2024-09-21T01:14:29.700+0000] {processor.py:208} INFO - Processing /opt/airflow/dags/delete_xcom.py took 0.072 seconds
[2024-09-21T01:14:59.935+0000] {processor.py:186} INFO - Started process (PID=20994) to work on /opt/airflow/dags/delete_xcom.py
[2024-09-21T01:14:59.936+0000] {processor.py:914} INFO - Processing file /opt/airflow/dags/delete_xcom.py for tasks to queue
[2024-09-21T01:14:59.938+0000] {logging_mixin.py:190} INFO - [2024-09-21T01:14:59.938+0000] {dagbag.py:587} INFO - Filling up the DagBag from /opt/airflow/dags/delete_xcom.py
[2024-09-21T01:14:59.944+0000] {processor.py:925} INFO - DAG(s) 'XCom_Cleanup' retrieved from /opt/airflow/dags/delete_xcom.py
[2024-09-21T01:14:59.966+0000] {logging_mixin.py:190} INFO - [2024-09-21T01:14:59.966+0000] {dag.py:3229} INFO - Sync 1 DAGs
[2024-09-21T01:14:59.977+0000] {logging_mixin.py:190} INFO - [2024-09-21T01:14:59.976+0000] {dag.py:4156} INFO - Setting next_dagrun for XCom_Cleanup to None, run_after=None
[2024-09-21T01:14:59.991+0000] {processor.py:208} INFO - Processing /opt/airflow/dags/delete_xcom.py took 0.062 seconds
[2024-09-21T01:15:16.099+0000] {processor.py:186} INFO - Started process (PID=21010) to work on /opt/airflow/dags/delete_xcom.py
[2024-09-21T01:15:16.101+0000] {processor.py:914} INFO - Processing file /opt/airflow/dags/delete_xcom.py for tasks to queue
[2024-09-21T01:15:16.104+0000] {logging_mixin.py:190} INFO - [2024-09-21T01:15:16.103+0000] {dagbag.py:587} INFO - Filling up the DagBag from /opt/airflow/dags/delete_xcom.py
[2024-09-21T01:15:16.110+0000] {processor.py:925} INFO - DAG(s) 'XCom_Cleanup' retrieved from /opt/airflow/dags/delete_xcom.py
[2024-09-21T01:15:16.131+0000] {logging_mixin.py:190} INFO - [2024-09-21T01:15:16.130+0000] {dag.py:3229} INFO - Sync 1 DAGs
[2024-09-21T01:15:16.141+0000] {logging_mixin.py:190} INFO - [2024-09-21T01:15:16.141+0000] {dag.py:4156} INFO - Setting next_dagrun for XCom_Cleanup to None, run_after=None
[2024-09-21T01:15:16.156+0000] {processor.py:208} INFO - Processing /opt/airflow/dags/delete_xcom.py took 0.063 seconds
[2024-09-21T01:15:46.416+0000] {processor.py:186} INFO - Started process (PID=21028) to work on /opt/airflow/dags/delete_xcom.py
[2024-09-21T01:15:46.416+0000] {processor.py:914} INFO - Processing file /opt/airflow/dags/delete_xcom.py for tasks to queue
[2024-09-21T01:15:46.419+0000] {logging_mixin.py:190} INFO - [2024-09-21T01:15:46.418+0000] {dagbag.py:587} INFO - Filling up the DagBag from /opt/airflow/dags/delete_xcom.py
[2024-09-21T01:15:46.424+0000] {processor.py:925} INFO - DAG(s) 'XCom_Cleanup' retrieved from /opt/airflow/dags/delete_xcom.py
[2024-09-21T01:15:46.446+0000] {logging_mixin.py:190} INFO - [2024-09-21T01:15:46.446+0000] {dag.py:3229} INFO - Sync 1 DAGs
[2024-09-21T01:15:46.459+0000] {logging_mixin.py:190} INFO - [2024-09-21T01:15:46.459+0000] {dag.py:4156} INFO - Setting next_dagrun for XCom_Cleanup to None, run_after=None
[2024-09-21T01:15:46.472+0000] {processor.py:208} INFO - Processing /opt/airflow/dags/delete_xcom.py took 0.061 seconds
[2024-09-21T01:17:12.847+0000] {processor.py:186} INFO - Started process (PID=43) to work on /opt/airflow/dags/delete_xcom.py
[2024-09-21T01:17:12.849+0000] {processor.py:914} INFO - Processing file /opt/airflow/dags/delete_xcom.py for tasks to queue
[2024-09-21T01:17:12.861+0000] {logging_mixin.py:190} INFO - [2024-09-21T01:17:12.858+0000] {dagbag.py:587} INFO - Filling up the DagBag from /opt/airflow/dags/delete_xcom.py
[2024-09-21T01:17:12.905+0000] {processor.py:925} INFO - DAG(s) 'XCom_Cleanup' retrieved from /opt/airflow/dags/delete_xcom.py
[2024-09-21T01:17:13.002+0000] {logging_mixin.py:190} INFO - [2024-09-21T01:17:13.002+0000] {dag.py:3229} INFO - Sync 1 DAGs
[2024-09-21T01:17:13.046+0000] {logging_mixin.py:190} INFO - [2024-09-21T01:17:13.046+0000] {dag.py:4156} INFO - Setting next_dagrun for XCom_Cleanup to None, run_after=None
[2024-09-21T01:17:13.083+0000] {processor.py:208} INFO - Processing /opt/airflow/dags/delete_xcom.py took 0.252 seconds
[2024-09-21T01:17:43.516+0000] {processor.py:186} INFO - Started process (PID=68) to work on /opt/airflow/dags/delete_xcom.py
[2024-09-21T01:17:43.528+0000] {processor.py:914} INFO - Processing file /opt/airflow/dags/delete_xcom.py for tasks to queue
[2024-09-21T01:17:43.530+0000] {logging_mixin.py:190} INFO - [2024-09-21T01:17:43.530+0000] {dagbag.py:587} INFO - Filling up the DagBag from /opt/airflow/dags/delete_xcom.py
[2024-09-21T01:17:43.538+0000] {processor.py:925} INFO - DAG(s) 'XCom_Cleanup' retrieved from /opt/airflow/dags/delete_xcom.py
[2024-09-21T01:17:43.574+0000] {logging_mixin.py:190} INFO - [2024-09-21T01:17:43.573+0000] {dag.py:3229} INFO - Sync 1 DAGs
[2024-09-21T01:17:43.588+0000] {logging_mixin.py:190} INFO - [2024-09-21T01:17:43.588+0000] {dag.py:4156} INFO - Setting next_dagrun for XCom_Cleanup to None, run_after=None
[2024-09-21T01:17:43.606+0000] {processor.py:208} INFO - Processing /opt/airflow/dags/delete_xcom.py took 0.096 seconds
[2024-09-21T01:18:13.969+0000] {processor.py:186} INFO - Started process (PID=86) to work on /opt/airflow/dags/delete_xcom.py
[2024-09-21T01:18:13.972+0000] {processor.py:914} INFO - Processing file /opt/airflow/dags/delete_xcom.py for tasks to queue
[2024-09-21T01:18:13.973+0000] {logging_mixin.py:190} INFO - [2024-09-21T01:18:13.973+0000] {dagbag.py:587} INFO - Filling up the DagBag from /opt/airflow/dags/delete_xcom.py
[2024-09-21T01:18:13.979+0000] {processor.py:925} INFO - DAG(s) 'XCom_Cleanup' retrieved from /opt/airflow/dags/delete_xcom.py
[2024-09-21T01:18:14.003+0000] {logging_mixin.py:190} INFO - [2024-09-21T01:18:14.003+0000] {dag.py:3229} INFO - Sync 1 DAGs
[2024-09-21T01:18:14.015+0000] {logging_mixin.py:190} INFO - [2024-09-21T01:18:14.015+0000] {dag.py:4156} INFO - Setting next_dagrun for XCom_Cleanup to None, run_after=None
[2024-09-21T01:18:14.029+0000] {processor.py:208} INFO - Processing /opt/airflow/dags/delete_xcom.py took 0.065 seconds
[2024-09-21T01:18:44.310+0000] {processor.py:186} INFO - Started process (PID=111) to work on /opt/airflow/dags/delete_xcom.py
[2024-09-21T01:18:44.312+0000] {processor.py:914} INFO - Processing file /opt/airflow/dags/delete_xcom.py for tasks to queue
[2024-09-21T01:18:44.314+0000] {logging_mixin.py:190} INFO - [2024-09-21T01:18:44.313+0000] {dagbag.py:587} INFO - Filling up the DagBag from /opt/airflow/dags/delete_xcom.py
[2024-09-21T01:18:44.321+0000] {processor.py:925} INFO - DAG(s) 'XCom_Cleanup' retrieved from /opt/airflow/dags/delete_xcom.py
[2024-09-21T01:18:44.345+0000] {logging_mixin.py:190} INFO - [2024-09-21T01:18:44.345+0000] {dag.py:3229} INFO - Sync 1 DAGs
[2024-09-21T01:18:44.356+0000] {logging_mixin.py:190} INFO - [2024-09-21T01:18:44.356+0000] {dag.py:4156} INFO - Setting next_dagrun for XCom_Cleanup to None, run_after=None
[2024-09-21T01:18:44.370+0000] {processor.py:208} INFO - Processing /opt/airflow/dags/delete_xcom.py took 0.066 seconds
[2024-09-21T01:19:14.705+0000] {processor.py:186} INFO - Started process (PID=129) to work on /opt/airflow/dags/delete_xcom.py
[2024-09-21T01:19:14.707+0000] {processor.py:914} INFO - Processing file /opt/airflow/dags/delete_xcom.py for tasks to queue
[2024-09-21T01:19:14.708+0000] {logging_mixin.py:190} INFO - [2024-09-21T01:19:14.708+0000] {dagbag.py:587} INFO - Filling up the DagBag from /opt/airflow/dags/delete_xcom.py
[2024-09-21T01:19:14.714+0000] {processor.py:925} INFO - DAG(s) 'XCom_Cleanup' retrieved from /opt/airflow/dags/delete_xcom.py
[2024-09-21T01:19:14.736+0000] {logging_mixin.py:190} INFO - [2024-09-21T01:19:14.736+0000] {dag.py:3229} INFO - Sync 1 DAGs
[2024-09-21T01:19:14.747+0000] {logging_mixin.py:190} INFO - [2024-09-21T01:19:14.747+0000] {dag.py:4156} INFO - Setting next_dagrun for XCom_Cleanup to None, run_after=None
[2024-09-21T01:19:14.761+0000] {processor.py:208} INFO - Processing /opt/airflow/dags/delete_xcom.py took 0.061 seconds
[2024-09-21T01:19:45.087+0000] {processor.py:186} INFO - Started process (PID=153) to work on /opt/airflow/dags/delete_xcom.py
[2024-09-21T01:19:45.097+0000] {processor.py:914} INFO - Processing file /opt/airflow/dags/delete_xcom.py for tasks to queue
[2024-09-21T01:19:45.098+0000] {logging_mixin.py:190} INFO - [2024-09-21T01:19:45.098+0000] {dagbag.py:587} INFO - Filling up the DagBag from /opt/airflow/dags/delete_xcom.py
[2024-09-21T01:19:45.104+0000] {processor.py:925} INFO - DAG(s) 'XCom_Cleanup' retrieved from /opt/airflow/dags/delete_xcom.py
[2024-09-21T01:19:45.124+0000] {logging_mixin.py:190} INFO - [2024-09-21T01:19:45.124+0000] {dag.py:3229} INFO - Sync 1 DAGs
[2024-09-21T01:19:45.134+0000] {logging_mixin.py:190} INFO - [2024-09-21T01:19:45.134+0000] {dag.py:4156} INFO - Setting next_dagrun for XCom_Cleanup to None, run_after=None
[2024-09-21T01:19:45.152+0000] {processor.py:208} INFO - Processing /opt/airflow/dags/delete_xcom.py took 0.072 seconds
