[2024-05-31T18:00:01.495+0000] {local_task_job_runner.py:120} INFO - ::group::Pre task execution logs
[2024-05-31T18:00:01.524+0000] {taskinstance.py:2076} INFO - Dependencies all met for dep_context=non-requeueable deps ti=<TaskInstance: OAuth_Zoom.run_OAuth scheduled__2024-05-31T17:30:00+00:00 [queued]>
[2024-05-31T18:00:01.535+0000] {taskinstance.py:2076} INFO - Dependencies all met for dep_context=requeueable deps ti=<TaskInstance: OAuth_Zoom.run_OAuth scheduled__2024-05-31T17:30:00+00:00 [queued]>
[2024-05-31T18:00:01.535+0000] {taskinstance.py:2306} INFO - Starting attempt 1 of 2
[2024-05-31T18:00:01.554+0000] {taskinstance.py:2330} INFO - Executing <Task(PythonOperator): run_OAuth> on 2024-05-31 17:30:00+00:00
[2024-05-31T18:00:01.561+0000] {warnings.py:110} WARNING - /home/***/.local/lib/python3.12/site-packages/***/task/task_runner/standard_task_runner.py:61: DeprecationWarning: This process (pid=3255) is multi-threaded, use of fork() may lead to deadlocks in the child.
  pid = os.fork()

[2024-05-31T18:00:01.563+0000] {standard_task_runner.py:63} INFO - Started process 3256 to run task
[2024-05-31T18:00:01.564+0000] {standard_task_runner.py:90} INFO - Running: ['***', 'tasks', 'run', 'OAuth_Zoom', 'run_OAuth', 'scheduled__2024-05-31T17:30:00+00:00', '--job-id', '3158', '--raw', '--subdir', 'DAGS_FOLDER/oauth_dag.py', '--cfg-path', '/tmp/tmpo4jhsy8w']
[2024-05-31T18:00:01.565+0000] {standard_task_runner.py:91} INFO - Job 3158: Subtask run_OAuth
[2024-05-31T18:00:01.583+0000] {warnings.py:110} WARNING - /home/***/.local/lib/python3.12/site-packages/***/settings.py:195: DeprecationWarning: The sql_alchemy_conn option in [core] has been moved to the sql_alchemy_conn option in [database] - the old setting has been used, but please update your config.
  SQL_ALCHEMY_CONN = conf.get("database", "SQL_ALCHEMY_CONN")

[2024-05-31T18:00:01.646+0000] {task_command.py:426} INFO - Running <TaskInstance: OAuth_Zoom.run_OAuth scheduled__2024-05-31T17:30:00+00:00 [running]> on host 94d98bd81efc
[2024-05-31T18:00:01.845+0000] {taskinstance.py:2648} INFO - Exporting env vars: AIRFLOW_CTX_DAG_EMAIL='anhnguyen@westcliff.edu' AIRFLOW_CTX_DAG_OWNER='Anh' AIRFLOW_CTX_DAG_ID='OAuth_Zoom' AIRFLOW_CTX_TASK_ID='run_OAuth' AIRFLOW_CTX_EXECUTION_DATE='2024-05-31T17:30:00+00:00' AIRFLOW_CTX_TRY_NUMBER='1' AIRFLOW_CTX_DAG_RUN_ID='scheduled__2024-05-31T17:30:00+00:00'
[2024-05-31T18:00:01.846+0000] {taskinstance.py:430} INFO - ::endgroup::
[2024-05-31T18:00:02.258+0000] {oauth_dag.py:37} INFO - Completed!
eyJzdiI6IjAwMDAwMSIsImFsZyI6IkhTNTEyIiwidiI6IjIuMCIsImtpZCI6IjBkNjUzYjRhLTk5OGQtNDQ4OC1hY2QwLTk2NzliNjM2YmVhYiJ9.eyJhdWQiOiJodHRwczovL29hdXRoLnpvb20udXMiLCJ1aWQiOiJwODhiNkZUTVNPYWtKREp6TVRranBRIiwidmVyIjo5LCJhdWlkIjoiNmViN2I1ZTgwMmFlOTQ0NGE4MWZiZDA3OWJjMTI3NmYiLCJuYmYiOjE3MTcxNzg0MDMsImNvZGUiOiJ5OV9TNjEwZ1JUZXFzelFNTjJEQjFBdGF5VW10Z09CbEIiLCJpc3MiOiJ6bTpjaWQ6MGZ4QTJKTGxTMENkY0ZzcUlTSDNTdyIsImdubyI6MCwiZXhwIjoxNzE3MTgyMDAzLCJ0eXBlIjozLCJpYXQiOjE3MTcxNzg0MDMsImFpZCI6IjB6dlFNb2cxU0l5Q3NCV2MwSFRGYkEifQ.Qoyvl7nHz9GQYDVH-rW29qfV7YC_DBBq4o37jTxxY3UmBkn7xL0rvkYK5VreCKUO98cmk7wMKRMfUh9ce_ab4A
[2024-05-31T18:00:02.259+0000] {python.py:237} INFO - Done. Returned value was: None
[2024-05-31T18:00:02.261+0000] {taskinstance.py:441} INFO - ::group::Post task execution logs
[2024-05-31T18:00:02.294+0000] {taskinstance.py:1206} INFO - Marking task as SUCCESS. dag_id=OAuth_Zoom, task_id=run_OAuth, run_id=scheduled__2024-05-31T17:30:00+00:00, execution_date=20240531T173000, start_date=20240531T180001, end_date=20240531T180002
[2024-05-31T18:00:02.343+0000] {local_task_job_runner.py:240} INFO - Task exited with return code 0
[2024-05-31T18:00:02.385+0000] {taskinstance.py:3498} INFO - 0 downstream tasks scheduled from follow-on schedule check
[2024-05-31T18:00:02.390+0000] {local_task_job_runner.py:222} INFO - ::endgroup::
