[2024-05-23T17:49:28.939+0000] {local_task_job_runner.py:120} INFO - ::group::Pre task execution logs
[2024-05-23T17:49:28.965+0000] {taskinstance.py:2076} INFO - Dependencies all met for dep_context=non-requeueable deps ti=<TaskInstance: xcom_guess.guess_number scheduled__2023-02-27T21:00:00+00:00 [queued]>
[2024-05-23T17:49:28.976+0000] {taskinstance.py:2076} INFO - Dependencies all met for dep_context=requeueable deps ti=<TaskInstance: xcom_guess.guess_number scheduled__2023-02-27T21:00:00+00:00 [queued]>
[2024-05-23T17:49:28.977+0000] {taskinstance.py:2306} INFO - Starting attempt 1 of 1
[2024-05-23T17:49:28.995+0000] {taskinstance.py:2330} INFO - Executing <Task(PythonOperator): guess_number> on 2023-02-27 21:00:00+00:00
[2024-05-23T17:49:29.002+0000] {warnings.py:110} WARNING - /home/***/.local/lib/python3.12/site-packages/***/task/task_runner/standard_task_runner.py:61: DeprecationWarning: This process (pid=1738) is multi-threaded, use of fork() may lead to deadlocks in the child.
  pid = os.fork()

[2024-05-23T17:49:29.004+0000] {standard_task_runner.py:63} INFO - Started process 1743 to run task
[2024-05-23T17:49:29.005+0000] {standard_task_runner.py:90} INFO - Running: ['***', 'tasks', 'run', 'xcom_guess', 'guess_number', 'scheduled__2023-02-27T21:00:00+00:00', '--job-id', '513', '--raw', '--subdir', 'DAGS_FOLDER/sample_dag.py', '--cfg-path', '/tmp/tmps8_8jy1n']
[2024-05-23T17:49:29.006+0000] {standard_task_runner.py:91} INFO - Job 513: Subtask guess_number
[2024-05-23T17:49:29.022+0000] {warnings.py:110} WARNING - /home/***/.local/lib/python3.12/site-packages/***/settings.py:195: DeprecationWarning: The sql_alchemy_conn option in [core] has been moved to the sql_alchemy_conn option in [database] - the old setting has been used, but please update your config.
  SQL_ALCHEMY_CONN = conf.get("database", "SQL_ALCHEMY_CONN")

[2024-05-23T17:49:29.062+0000] {task_command.py:426} INFO - Running <TaskInstance: xcom_guess.guess_number scheduled__2023-02-27T21:00:00+00:00 [running]> on host 88d46e04e9cd
[2024-05-23T17:49:29.175+0000] {taskinstance.py:2648} INFO - Exporting env vars: AIRFLOW_CTX_DAG_OWNER='***' AIRFLOW_CTX_DAG_ID='xcom_guess' AIRFLOW_CTX_TASK_ID='guess_number' AIRFLOW_CTX_EXECUTION_DATE='2023-02-27T21:00:00+00:00' AIRFLOW_CTX_TRY_NUMBER='1' AIRFLOW_CTX_DAG_RUN_ID='scheduled__2023-02-27T21:00:00+00:00'
[2024-05-23T17:49:29.176+0000] {taskinstance.py:430} INFO - ::endgroup::
[2024-05-23T17:49:29.204+0000] {sample_dag.py:15} INFO - Congratulations, your guess was right! Number: 7, guess: 7
[2024-05-23T17:49:29.204+0000] {python.py:237} INFO - Done. Returned value was: None
[2024-05-23T17:49:29.204+0000] {taskinstance.py:441} INFO - ::group::Post task execution logs
[2024-05-23T17:49:29.219+0000] {taskinstance.py:1206} INFO - Marking task as SUCCESS. dag_id=xcom_guess, task_id=guess_number, run_id=scheduled__2023-02-27T21:00:00+00:00, execution_date=20230227T210000, start_date=20240523T174928, end_date=20240523T174929
[2024-05-23T17:49:29.259+0000] {local_task_job_runner.py:240} INFO - Task exited with return code 0
[2024-05-23T17:49:29.273+0000] {local_task_job_runner.py:222} INFO - ::endgroup::
