[2024-05-23T17:48:23.487+0000] {local_task_job_runner.py:120} INFO - ::group::Pre task execution logs
[2024-05-23T17:48:23.541+0000] {taskinstance.py:2076} INFO - Dependencies all met for dep_context=non-requeueable deps ti=<TaskInstance: xcom_guess.generate_random_number scheduled__2023-02-27T12:20:00+00:00 [queued]>
[2024-05-23T17:48:23.560+0000] {taskinstance.py:2076} INFO - Dependencies all met for dep_context=requeueable deps ti=<TaskInstance: xcom_guess.generate_random_number scheduled__2023-02-27T12:20:00+00:00 [queued]>
[2024-05-23T17:48:23.561+0000] {taskinstance.py:2306} INFO - Starting attempt 1 of 1
[2024-05-23T17:48:23.591+0000] {taskinstance.py:2330} INFO - Executing <Task(PythonOperator): generate_random_number> on 2023-02-27 12:20:00+00:00
[2024-05-23T17:48:23.602+0000] {warnings.py:110} WARNING - /home/***/.local/lib/python3.12/site-packages/***/task/task_runner/standard_task_runner.py:61: DeprecationWarning: This process (pid=1273) is multi-threaded, use of fork() may lead to deadlocks in the child.
  pid = os.fork()

[2024-05-23T17:48:23.605+0000] {standard_task_runner.py:63} INFO - Started process 1280 to run task
[2024-05-23T17:48:23.606+0000] {standard_task_runner.py:90} INFO - Running: ['***', 'tasks', 'run', 'xcom_guess', 'generate_random_number', 'scheduled__2023-02-27T12:20:00+00:00', '--job-id', '296', '--raw', '--subdir', 'DAGS_FOLDER/sample_dag.py', '--cfg-path', '/tmp/tmpz6n43pje']
[2024-05-23T17:48:23.608+0000] {standard_task_runner.py:91} INFO - Job 296: Subtask generate_random_number
[2024-05-23T17:48:23.638+0000] {warnings.py:110} WARNING - /home/***/.local/lib/python3.12/site-packages/***/settings.py:195: DeprecationWarning: The sql_alchemy_conn option in [core] has been moved to the sql_alchemy_conn option in [database] - the old setting has been used, but please update your config.
  SQL_ALCHEMY_CONN = conf.get("database", "SQL_ALCHEMY_CONN")

[2024-05-23T17:48:23.716+0000] {task_command.py:426} INFO - Running <TaskInstance: xcom_guess.generate_random_number scheduled__2023-02-27T12:20:00+00:00 [running]> on host 88d46e04e9cd
[2024-05-23T17:48:23.914+0000] {taskinstance.py:2648} INFO - Exporting env vars: AIRFLOW_CTX_DAG_OWNER='***' AIRFLOW_CTX_DAG_ID='xcom_guess' AIRFLOW_CTX_TASK_ID='generate_random_number' AIRFLOW_CTX_EXECUTION_DATE='2023-02-27T12:20:00+00:00' AIRFLOW_CTX_TRY_NUMBER='1' AIRFLOW_CTX_DAG_RUN_ID='scheduled__2023-02-27T12:20:00+00:00'
[2024-05-23T17:48:23.916+0000] {taskinstance.py:430} INFO - ::endgroup::
[2024-05-23T17:48:23.979+0000] {python.py:237} INFO - Done. Returned value was: None
[2024-05-23T17:48:23.981+0000] {taskinstance.py:441} INFO - ::group::Post task execution logs
[2024-05-23T17:48:24.012+0000] {taskinstance.py:1206} INFO - Marking task as SUCCESS. dag_id=xcom_guess, task_id=generate_random_number, run_id=scheduled__2023-02-27T12:20:00+00:00, execution_date=20230227T122000, start_date=20240523T174823, end_date=20240523T174824
[2024-05-23T17:48:24.063+0000] {local_task_job_runner.py:240} INFO - Task exited with return code 0
[2024-05-23T17:48:24.119+0000] {taskinstance.py:3498} INFO - 1 downstream tasks scheduled from follow-on schedule check
[2024-05-23T17:48:24.123+0000] {local_task_job_runner.py:222} INFO - ::endgroup::
