[2024-05-31T17:00:00.734+0000] {local_task_job_runner.py:120} INFO - ::group::Pre task execution logs
[2024-05-31T17:00:00.764+0000] {taskinstance.py:2076} INFO - Dependencies all met for dep_context=non-requeueable deps ti=<TaskInstance: OAuth_Zoom.run_OAuth scheduled__2024-05-31T16:30:00+00:00 [queued]>
[2024-05-31T17:00:00.773+0000] {taskinstance.py:2076} INFO - Dependencies all met for dep_context=requeueable deps ti=<TaskInstance: OAuth_Zoom.run_OAuth scheduled__2024-05-31T16:30:00+00:00 [queued]>
[2024-05-31T17:00:00.773+0000] {taskinstance.py:2306} INFO - Starting attempt 1 of 2
[2024-05-31T17:00:00.793+0000] {taskinstance.py:2330} INFO - Executing <Task(PythonOperator): run_OAuth> on 2024-05-31 16:30:00+00:00
[2024-05-31T17:00:00.814+0000] {warnings.py:110} WARNING - /home/***/.local/lib/python3.12/site-packages/***/task/task_runner/standard_task_runner.py:61: DeprecationWarning: This process (pid=1351) is multi-threaded, use of fork() may lead to deadlocks in the child.
  pid = os.fork()

[2024-05-31T17:00:00.816+0000] {standard_task_runner.py:90} INFO - Running: ['***', 'tasks', 'run', 'OAuth_Zoom', 'run_OAuth', 'scheduled__2024-05-31T16:30:00+00:00', '--job-id', '3143', '--raw', '--subdir', 'DAGS_FOLDER/oauth_dag.py', '--cfg-path', '/tmp/tmph30ca912']
[2024-05-31T17:00:00.827+0000] {standard_task_runner.py:91} INFO - Job 3143: Subtask run_OAuth
[2024-05-31T17:00:00.827+0000] {standard_task_runner.py:63} INFO - Started process 1353 to run task
[2024-05-31T17:00:00.858+0000] {warnings.py:110} WARNING - /home/***/.local/lib/python3.12/site-packages/***/settings.py:195: DeprecationWarning: The sql_alchemy_conn option in [core] has been moved to the sql_alchemy_conn option in [database] - the old setting has been used, but please update your config.
  SQL_ALCHEMY_CONN = conf.get("database", "SQL_ALCHEMY_CONN")

[2024-05-31T17:00:00.994+0000] {task_command.py:426} INFO - Running <TaskInstance: OAuth_Zoom.run_OAuth scheduled__2024-05-31T16:30:00+00:00 [running]> on host 94d98bd81efc
[2024-05-31T17:00:01.135+0000] {taskinstance.py:2648} INFO - Exporting env vars: AIRFLOW_CTX_DAG_EMAIL='anhnguyen@westcliff.edu' AIRFLOW_CTX_DAG_OWNER='Anh' AIRFLOW_CTX_DAG_ID='OAuth_Zoom' AIRFLOW_CTX_TASK_ID='run_OAuth' AIRFLOW_CTX_EXECUTION_DATE='2024-05-31T16:30:00+00:00' AIRFLOW_CTX_TRY_NUMBER='1' AIRFLOW_CTX_DAG_RUN_ID='scheduled__2024-05-31T16:30:00+00:00'
[2024-05-31T17:00:01.136+0000] {taskinstance.py:430} INFO - ::endgroup::
[2024-05-31T17:00:01.745+0000] {oauth_dag.py:37} INFO - Completed!
eyJzdiI6IjAwMDAwMSIsImFsZyI6IkhTNTEyIiwidiI6IjIuMCIsImtpZCI6IjMwNzY1MGY1LTBjMmUtNGY2YS1iNzM3LTdkMzIzOWU3NGUyZSJ9.eyJhdWQiOiJodHRwczovL29hdXRoLnpvb20udXMiLCJ1aWQiOiJwODhiNkZUTVNPYWtKREp6TVRranBRIiwidmVyIjo5LCJhdWlkIjoiNmViN2I1ZTgwMmFlOTQ0NGE4MWZiZDA3OWJjMTI3NmYiLCJuYmYiOjE3MTcxNzQ4MDIsImNvZGUiOiJiclVmVWxUV1NtNlh3S2Q1Y1Z2RUFRVlpCTURMbFVyNGwiLCJpc3MiOiJ6bTpjaWQ6MGZ4QTJKTGxTMENkY0ZzcUlTSDNTdyIsImdubyI6MCwiZXhwIjoxNzE3MTc4NDAyLCJ0eXBlIjozLCJpYXQiOjE3MTcxNzQ4MDIsImFpZCI6IjB6dlFNb2cxU0l5Q3NCV2MwSFRGYkEifQ.tubyFYZdOqZn3kqbrQX84e_brdw4iK9UGWFE_LCg7XMNNGoJ99HcA_im_OZRd_NDxAwyff0DTi-htlRiBmyTaA
[2024-05-31T17:00:01.746+0000] {python.py:237} INFO - Done. Returned value was: None
[2024-05-31T17:00:01.746+0000] {taskinstance.py:441} INFO - ::group::Post task execution logs
[2024-05-31T17:00:01.766+0000] {taskinstance.py:1206} INFO - Marking task as SUCCESS. dag_id=OAuth_Zoom, task_id=run_OAuth, run_id=scheduled__2024-05-31T16:30:00+00:00, execution_date=20240531T163000, start_date=20240531T170000, end_date=20240531T170001
[2024-05-31T17:00:01.810+0000] {local_task_job_runner.py:240} INFO - Task exited with return code 0
[2024-05-31T17:00:01.833+0000] {taskinstance.py:3498} INFO - 0 downstream tasks scheduled from follow-on schedule check
[2024-05-31T17:00:01.836+0000] {local_task_job_runner.py:222} INFO - ::endgroup::
