[2024-05-23T17:51:15.370+0000] {local_task_job_runner.py:120} INFO - ::group::Pre task execution logs
[2024-05-23T17:51:15.443+0000] {taskinstance.py:2076} INFO - Dependencies all met for dep_context=non-requeueable deps ti=<TaskInstance: xcom_guess.guess_number scheduled__2023-02-28T09:05:00+00:00 [queued]>
[2024-05-23T17:51:15.469+0000] {taskinstance.py:2076} INFO - Dependencies all met for dep_context=requeueable deps ti=<TaskInstance: xcom_guess.guess_number scheduled__2023-02-28T09:05:00+00:00 [queued]>
[2024-05-23T17:51:15.471+0000] {taskinstance.py:2306} INFO - Starting attempt 1 of 1
[2024-05-23T17:51:15.513+0000] {taskinstance.py:2330} INFO - Executing <Task(PythonOperator): guess_number> on 2023-02-28 09:05:00+00:00
[2024-05-23T17:51:15.525+0000] {warnings.py:110} WARNING - /home/***/.local/lib/python3.12/site-packages/***/task/task_runner/standard_task_runner.py:61: DeprecationWarning: This process (pid=2374) is multi-threaded, use of fork() may lead to deadlocks in the child.
  pid = os.fork()

[2024-05-23T17:51:15.529+0000] {standard_task_runner.py:63} INFO - Started process 2381 to run task
[2024-05-23T17:51:15.533+0000] {standard_task_runner.py:90} INFO - Running: ['***', 'tasks', 'run', 'xcom_guess', 'guess_number', 'scheduled__2023-02-28T09:05:00+00:00', '--job-id', '805', '--raw', '--subdir', 'DAGS_FOLDER/sample_dag.py', '--cfg-path', '/tmp/tmp2dd278_g']
[2024-05-23T17:51:15.537+0000] {standard_task_runner.py:91} INFO - Job 805: Subtask guess_number
[2024-05-23T17:51:15.579+0000] {warnings.py:110} WARNING - /home/***/.local/lib/python3.12/site-packages/***/settings.py:195: DeprecationWarning: The sql_alchemy_conn option in [core] has been moved to the sql_alchemy_conn option in [database] - the old setting has been used, but please update your config.
  SQL_ALCHEMY_CONN = conf.get("database", "SQL_ALCHEMY_CONN")

[2024-05-23T17:51:15.700+0000] {task_command.py:426} INFO - Running <TaskInstance: xcom_guess.guess_number scheduled__2023-02-28T09:05:00+00:00 [running]> on host 88d46e04e9cd
[2024-05-23T17:51:16.028+0000] {taskinstance.py:2648} INFO - Exporting env vars: AIRFLOW_CTX_DAG_OWNER='***' AIRFLOW_CTX_DAG_ID='xcom_guess' AIRFLOW_CTX_TASK_ID='guess_number' AIRFLOW_CTX_EXECUTION_DATE='2023-02-28T09:05:00+00:00' AIRFLOW_CTX_TRY_NUMBER='1' AIRFLOW_CTX_DAG_RUN_ID='scheduled__2023-02-28T09:05:00+00:00'
[2024-05-23T17:51:16.031+0000] {taskinstance.py:430} INFO - ::endgroup::
[2024-05-23T17:51:16.128+0000] {taskinstance.py:441} INFO - ::group::Post task execution logs
[2024-05-23T17:51:16.161+0000] {taskinstance.py:2905} ERROR - Task failed with exception
Traceback (most recent call last):
  File "/home/airflow/.local/lib/python3.12/site-packages/airflow/models/taskinstance.py", line 465, in _execute_task
    result = _execute_callable(context=context, **execute_callable_kwargs)
             ^^^^^^^^^^^^^^^^^^^^^^^^^^^^^^^^^^^^^^^^^^^^^^^^^^^^^^^^^^^^^
  File "/home/airflow/.local/lib/python3.12/site-packages/airflow/models/taskinstance.py", line 432, in _execute_callable
    return execute_callable(context=context, **execute_callable_kwargs)
           ^^^^^^^^^^^^^^^^^^^^^^^^^^^^^^^^^^^^^^^^^^^^^^^^^^^^^^^^^^^^
  File "/home/airflow/.local/lib/python3.12/site-packages/airflow/models/baseoperator.py", line 400, in wrapper
    return func(self, *args, **kwargs)
           ^^^^^^^^^^^^^^^^^^^^^^^^^^^
  File "/home/airflow/.local/lib/python3.12/site-packages/airflow/operators/python.py", line 235, in execute
    return_value = self.execute_callable()
                   ^^^^^^^^^^^^^^^^^^^^^^^
  File "/home/airflow/.local/lib/python3.12/site-packages/airflow/operators/python.py", line 252, in execute_callable
    return self.python_callable(*self.op_args, **self.op_kwargs)
           ^^^^^^^^^^^^^^^^^^^^^^^^^^^^^^^^^^^^^^^^^^^^^^^^^^^^^
  File "/opt/airflow/dags/sample_dag.py", line 19, in guess_number
    raise AirflowException(f"Wrong guess! Number: {number}, guess: {guess}")
airflow.exceptions.AirflowException: Wrong guess! Number: 7, guess: 4
[2024-05-23T17:51:16.177+0000] {taskinstance.py:1206} INFO - Marking task as FAILED. dag_id=xcom_guess, task_id=guess_number, run_id=scheduled__2023-02-28T09:05:00+00:00, execution_date=20230228T090500, start_date=20240523T175115, end_date=20240523T175116
[2024-05-23T17:51:16.222+0000] {standard_task_runner.py:110} ERROR - Failed to execute job 805 for task guess_number (Wrong guess! Number: 7, guess: 4; 2381)
[2024-05-23T17:51:16.242+0000] {local_task_job_runner.py:240} INFO - Task exited with return code 1
[2024-05-23T17:51:16.277+0000] {local_task_job_runner.py:222} INFO - ::endgroup::
