[2024-06-01T00:00:03.037+0000] {processor.py:161} INFO - Started process (PID=17068) to work on /opt/airflow/dags/etl_process.py
[2024-06-01T00:00:03.038+0000] {processor.py:830} INFO - Processing file /opt/airflow/dags/etl_process.py for tasks to queue
[2024-06-01T00:00:03.041+0000] {logging_mixin.py:188} INFO - [2024-06-01T00:00:03.040+0000] {dagbag.py:545} INFO - Filling up the DagBag from /opt/airflow/dags/etl_process.py
[2024-06-01T00:00:03.053+0000] {processor.py:840} INFO - DAG(s) 'ETL' retrieved from /opt/airflow/dags/etl_process.py
[2024-06-01T00:00:03.101+0000] {logging_mixin.py:188} INFO - [2024-06-01T00:00:03.101+0000] {dag.py:3096} INFO - Sync 1 DAGs
[2024-06-01T00:00:03.141+0000] {logging_mixin.py:188} INFO - [2024-06-01T00:00:03.141+0000] {dag.py:3954} INFO - Setting next_dagrun for ETL to 2024-05-21 00:00:00+00:00, run_after=2024-05-21 00:00:00+00:00
[2024-06-01T00:00:03.170+0000] {processor.py:183} INFO - Processing /opt/airflow/dags/etl_process.py took 0.148 seconds
[2024-06-01T00:00:33.366+0000] {processor.py:161} INFO - Started process (PID=17085) to work on /opt/airflow/dags/etl_process.py
[2024-06-01T00:00:33.369+0000] {processor.py:830} INFO - Processing file /opt/airflow/dags/etl_process.py for tasks to queue
[2024-06-01T00:00:33.371+0000] {logging_mixin.py:188} INFO - [2024-06-01T00:00:33.371+0000] {dagbag.py:545} INFO - Filling up the DagBag from /opt/airflow/dags/etl_process.py
[2024-06-01T00:00:33.387+0000] {processor.py:840} INFO - DAG(s) 'ETL' retrieved from /opt/airflow/dags/etl_process.py
[2024-06-01T00:00:33.429+0000] {logging_mixin.py:188} INFO - [2024-06-01T00:00:33.429+0000] {dag.py:3096} INFO - Sync 1 DAGs
[2024-06-01T00:00:33.458+0000] {logging_mixin.py:188} INFO - [2024-06-01T00:00:33.457+0000] {dag.py:3954} INFO - Setting next_dagrun for ETL to 2024-05-21 00:00:00+00:00, run_after=2024-05-21 00:00:00+00:00
[2024-06-01T00:00:33.484+0000] {processor.py:183} INFO - Processing /opt/airflow/dags/etl_process.py took 0.135 seconds
[2024-06-01T00:01:03.739+0000] {processor.py:161} INFO - Started process (PID=17101) to work on /opt/airflow/dags/etl_process.py
[2024-06-01T00:01:03.749+0000] {processor.py:830} INFO - Processing file /opt/airflow/dags/etl_process.py for tasks to queue
[2024-06-01T00:01:03.758+0000] {logging_mixin.py:188} INFO - [2024-06-01T00:01:03.757+0000] {dagbag.py:545} INFO - Filling up the DagBag from /opt/airflow/dags/etl_process.py
[2024-06-01T00:01:03.772+0000] {processor.py:840} INFO - DAG(s) 'ETL' retrieved from /opt/airflow/dags/etl_process.py
[2024-06-01T00:01:03.815+0000] {logging_mixin.py:188} INFO - [2024-06-01T00:01:03.814+0000] {dag.py:3096} INFO - Sync 1 DAGs
[2024-06-01T00:01:03.855+0000] {logging_mixin.py:188} INFO - [2024-06-01T00:01:03.854+0000] {dag.py:3954} INFO - Setting next_dagrun for ETL to 2024-05-21 00:00:00+00:00, run_after=2024-05-21 00:00:00+00:00
[2024-06-01T00:01:03.880+0000] {processor.py:183} INFO - Processing /opt/airflow/dags/etl_process.py took 0.157 seconds
[2024-06-01T00:01:34.086+0000] {processor.py:161} INFO - Started process (PID=17124) to work on /opt/airflow/dags/etl_process.py
[2024-06-01T00:01:34.087+0000] {processor.py:830} INFO - Processing file /opt/airflow/dags/etl_process.py for tasks to queue
[2024-06-01T00:01:34.088+0000] {logging_mixin.py:188} INFO - [2024-06-01T00:01:34.088+0000] {dagbag.py:545} INFO - Filling up the DagBag from /opt/airflow/dags/etl_process.py
[2024-06-01T00:01:34.106+0000] {processor.py:840} INFO - DAG(s) 'ETL' retrieved from /opt/airflow/dags/etl_process.py
[2024-06-01T00:01:34.145+0000] {logging_mixin.py:188} INFO - [2024-06-01T00:01:34.144+0000] {dag.py:3096} INFO - Sync 1 DAGs
[2024-06-01T00:01:34.175+0000] {logging_mixin.py:188} INFO - [2024-06-01T00:01:34.174+0000] {dag.py:3954} INFO - Setting next_dagrun for ETL to 2024-05-21 00:00:00+00:00, run_after=2024-05-21 00:00:00+00:00
[2024-06-01T00:01:34.200+0000] {processor.py:183} INFO - Processing /opt/airflow/dags/etl_process.py took 0.125 seconds
[2024-06-01T00:02:04.437+0000] {processor.py:161} INFO - Started process (PID=17142) to work on /opt/airflow/dags/etl_process.py
[2024-06-01T00:02:04.439+0000] {processor.py:830} INFO - Processing file /opt/airflow/dags/etl_process.py for tasks to queue
[2024-06-01T00:02:04.440+0000] {logging_mixin.py:188} INFO - [2024-06-01T00:02:04.440+0000] {dagbag.py:545} INFO - Filling up the DagBag from /opt/airflow/dags/etl_process.py
[2024-06-01T00:02:04.476+0000] {processor.py:840} INFO - DAG(s) 'ETL' retrieved from /opt/airflow/dags/etl_process.py
[2024-06-01T00:02:04.573+0000] {logging_mixin.py:188} INFO - [2024-06-01T00:02:04.572+0000] {dag.py:3096} INFO - Sync 1 DAGs
[2024-06-01T00:02:04.663+0000] {logging_mixin.py:188} INFO - [2024-06-01T00:02:04.663+0000] {dag.py:3954} INFO - Setting next_dagrun for ETL to 2024-05-21 00:00:00+00:00, run_after=2024-05-21 00:00:00+00:00
[2024-06-01T00:02:04.696+0000] {processor.py:183} INFO - Processing /opt/airflow/dags/etl_process.py took 0.271 seconds
[2024-06-01T00:02:34.910+0000] {processor.py:161} INFO - Started process (PID=17160) to work on /opt/airflow/dags/etl_process.py
[2024-06-01T00:02:34.921+0000] {processor.py:830} INFO - Processing file /opt/airflow/dags/etl_process.py for tasks to queue
[2024-06-01T00:02:34.923+0000] {logging_mixin.py:188} INFO - [2024-06-01T00:02:34.922+0000] {dagbag.py:545} INFO - Filling up the DagBag from /opt/airflow/dags/etl_process.py
[2024-06-01T00:02:34.942+0000] {processor.py:840} INFO - DAG(s) 'ETL' retrieved from /opt/airflow/dags/etl_process.py
[2024-06-01T00:02:34.983+0000] {logging_mixin.py:188} INFO - [2024-06-01T00:02:34.982+0000] {dag.py:3096} INFO - Sync 1 DAGs
[2024-06-01T00:02:35.022+0000] {logging_mixin.py:188} INFO - [2024-06-01T00:02:35.018+0000] {dag.py:3954} INFO - Setting next_dagrun for ETL to 2024-05-21 00:00:00+00:00, run_after=2024-05-21 00:00:00+00:00
[2024-06-01T00:02:35.048+0000] {processor.py:183} INFO - Processing /opt/airflow/dags/etl_process.py took 0.153 seconds
[2024-06-01T00:03:05.252+0000] {processor.py:161} INFO - Started process (PID=17177) to work on /opt/airflow/dags/etl_process.py
[2024-06-01T00:03:05.254+0000] {processor.py:830} INFO - Processing file /opt/airflow/dags/etl_process.py for tasks to queue
[2024-06-01T00:03:05.256+0000] {logging_mixin.py:188} INFO - [2024-06-01T00:03:05.256+0000] {dagbag.py:545} INFO - Filling up the DagBag from /opt/airflow/dags/etl_process.py
[2024-06-01T00:03:05.268+0000] {processor.py:840} INFO - DAG(s) 'ETL' retrieved from /opt/airflow/dags/etl_process.py
[2024-06-01T00:03:05.309+0000] {logging_mixin.py:188} INFO - [2024-06-01T00:03:05.308+0000] {dag.py:3096} INFO - Sync 1 DAGs
[2024-06-01T00:03:05.339+0000] {logging_mixin.py:188} INFO - [2024-06-01T00:03:05.339+0000] {dag.py:3954} INFO - Setting next_dagrun for ETL to 2024-05-21 00:00:00+00:00, run_after=2024-05-21 00:00:00+00:00
[2024-06-01T00:03:05.366+0000] {processor.py:183} INFO - Processing /opt/airflow/dags/etl_process.py took 0.132 seconds
[2024-06-01T00:03:35.618+0000] {processor.py:161} INFO - Started process (PID=17194) to work on /opt/airflow/dags/etl_process.py
[2024-06-01T00:03:35.620+0000] {processor.py:830} INFO - Processing file /opt/airflow/dags/etl_process.py for tasks to queue
[2024-06-01T00:03:35.621+0000] {logging_mixin.py:188} INFO - [2024-06-01T00:03:35.621+0000] {dagbag.py:545} INFO - Filling up the DagBag from /opt/airflow/dags/etl_process.py
[2024-06-01T00:03:35.640+0000] {processor.py:840} INFO - DAG(s) 'ETL' retrieved from /opt/airflow/dags/etl_process.py
[2024-06-01T00:03:35.691+0000] {logging_mixin.py:188} INFO - [2024-06-01T00:03:35.690+0000] {dag.py:3096} INFO - Sync 1 DAGs
[2024-06-01T00:03:35.720+0000] {logging_mixin.py:188} INFO - [2024-06-01T00:03:35.719+0000] {dag.py:3954} INFO - Setting next_dagrun for ETL to 2024-05-21 00:00:00+00:00, run_after=2024-05-21 00:00:00+00:00
[2024-06-01T00:03:35.749+0000] {processor.py:183} INFO - Processing /opt/airflow/dags/etl_process.py took 0.145 seconds
[2024-06-01T00:04:05.935+0000] {processor.py:161} INFO - Started process (PID=17218) to work on /opt/airflow/dags/etl_process.py
[2024-06-01T00:04:05.950+0000] {processor.py:830} INFO - Processing file /opt/airflow/dags/etl_process.py for tasks to queue
[2024-06-01T00:04:05.951+0000] {logging_mixin.py:188} INFO - [2024-06-01T00:04:05.951+0000] {dagbag.py:545} INFO - Filling up the DagBag from /opt/airflow/dags/etl_process.py
[2024-06-01T00:04:05.970+0000] {processor.py:840} INFO - DAG(s) 'ETL' retrieved from /opt/airflow/dags/etl_process.py
[2024-06-01T00:04:06.017+0000] {logging_mixin.py:188} INFO - [2024-06-01T00:04:06.016+0000] {dag.py:3096} INFO - Sync 1 DAGs
[2024-06-01T00:04:06.057+0000] {logging_mixin.py:188} INFO - [2024-06-01T00:04:06.057+0000] {dag.py:3954} INFO - Setting next_dagrun for ETL to 2024-05-21 00:00:00+00:00, run_after=2024-05-21 00:00:00+00:00
[2024-06-01T00:04:06.095+0000] {processor.py:183} INFO - Processing /opt/airflow/dags/etl_process.py took 0.171 seconds
[2024-06-01T00:04:36.313+0000] {processor.py:161} INFO - Started process (PID=17235) to work on /opt/airflow/dags/etl_process.py
[2024-06-01T00:04:36.327+0000] {processor.py:830} INFO - Processing file /opt/airflow/dags/etl_process.py for tasks to queue
[2024-06-01T00:04:36.329+0000] {logging_mixin.py:188} INFO - [2024-06-01T00:04:36.328+0000] {dagbag.py:545} INFO - Filling up the DagBag from /opt/airflow/dags/etl_process.py
[2024-06-01T00:04:36.343+0000] {processor.py:840} INFO - DAG(s) 'ETL' retrieved from /opt/airflow/dags/etl_process.py
[2024-06-01T00:04:36.383+0000] {logging_mixin.py:188} INFO - [2024-06-01T00:04:36.383+0000] {dag.py:3096} INFO - Sync 1 DAGs
[2024-06-01T00:04:36.419+0000] {logging_mixin.py:188} INFO - [2024-06-01T00:04:36.418+0000] {dag.py:3954} INFO - Setting next_dagrun for ETL to 2024-05-21 00:00:00+00:00, run_after=2024-05-21 00:00:00+00:00
[2024-06-01T00:04:36.452+0000] {processor.py:183} INFO - Processing /opt/airflow/dags/etl_process.py took 0.146 seconds
[2024-06-01T00:05:06.697+0000] {processor.py:161} INFO - Started process (PID=17252) to work on /opt/airflow/dags/etl_process.py
[2024-06-01T00:05:06.708+0000] {processor.py:830} INFO - Processing file /opt/airflow/dags/etl_process.py for tasks to queue
[2024-06-01T00:05:06.709+0000] {logging_mixin.py:188} INFO - [2024-06-01T00:05:06.708+0000] {dagbag.py:545} INFO - Filling up the DagBag from /opt/airflow/dags/etl_process.py
[2024-06-01T00:05:06.721+0000] {processor.py:840} INFO - DAG(s) 'ETL' retrieved from /opt/airflow/dags/etl_process.py
[2024-06-01T00:05:06.753+0000] {logging_mixin.py:188} INFO - [2024-06-01T00:05:06.753+0000] {dag.py:3096} INFO - Sync 1 DAGs
[2024-06-01T00:05:06.779+0000] {logging_mixin.py:188} INFO - [2024-06-01T00:05:06.779+0000] {dag.py:3954} INFO - Setting next_dagrun for ETL to 2024-05-21 00:00:00+00:00, run_after=2024-05-21 00:00:00+00:00
[2024-06-01T00:05:06.803+0000] {processor.py:183} INFO - Processing /opt/airflow/dags/etl_process.py took 0.115 seconds
[2024-06-01T00:05:36.974+0000] {processor.py:161} INFO - Started process (PID=17269) to work on /opt/airflow/dags/etl_process.py
[2024-06-01T00:05:36.984+0000] {processor.py:830} INFO - Processing file /opt/airflow/dags/etl_process.py for tasks to queue
[2024-06-01T00:05:36.985+0000] {logging_mixin.py:188} INFO - [2024-06-01T00:05:36.985+0000] {dagbag.py:545} INFO - Filling up the DagBag from /opt/airflow/dags/etl_process.py
[2024-06-01T00:05:36.998+0000] {processor.py:840} INFO - DAG(s) 'ETL' retrieved from /opt/airflow/dags/etl_process.py
[2024-06-01T00:05:37.046+0000] {logging_mixin.py:188} INFO - [2024-06-01T00:05:37.046+0000] {dag.py:3096} INFO - Sync 1 DAGs
[2024-06-01T00:05:37.083+0000] {logging_mixin.py:188} INFO - [2024-06-01T00:05:37.083+0000] {dag.py:3954} INFO - Setting next_dagrun for ETL to 2024-05-21 00:00:00+00:00, run_after=2024-05-21 00:00:00+00:00
[2024-06-01T00:05:37.116+0000] {processor.py:183} INFO - Processing /opt/airflow/dags/etl_process.py took 0.151 seconds
[2024-06-01T00:06:07.303+0000] {processor.py:161} INFO - Started process (PID=17293) to work on /opt/airflow/dags/etl_process.py
[2024-06-01T00:06:07.305+0000] {processor.py:830} INFO - Processing file /opt/airflow/dags/etl_process.py for tasks to queue
[2024-06-01T00:06:07.309+0000] {logging_mixin.py:188} INFO - [2024-06-01T00:06:07.308+0000] {dagbag.py:545} INFO - Filling up the DagBag from /opt/airflow/dags/etl_process.py
[2024-06-01T00:06:07.319+0000] {processor.py:840} INFO - DAG(s) 'ETL' retrieved from /opt/airflow/dags/etl_process.py
[2024-06-01T00:06:07.363+0000] {logging_mixin.py:188} INFO - [2024-06-01T00:06:07.363+0000] {dag.py:3096} INFO - Sync 1 DAGs
[2024-06-01T00:06:07.398+0000] {logging_mixin.py:188} INFO - [2024-06-01T00:06:07.398+0000] {dag.py:3954} INFO - Setting next_dagrun for ETL to 2024-05-21 00:00:00+00:00, run_after=2024-05-21 00:00:00+00:00
[2024-06-01T00:06:07.423+0000] {processor.py:183} INFO - Processing /opt/airflow/dags/etl_process.py took 0.131 seconds
[2024-06-01T00:06:37.678+0000] {processor.py:161} INFO - Started process (PID=17310) to work on /opt/airflow/dags/etl_process.py
[2024-06-01T00:06:37.690+0000] {processor.py:830} INFO - Processing file /opt/airflow/dags/etl_process.py for tasks to queue
[2024-06-01T00:06:37.692+0000] {logging_mixin.py:188} INFO - [2024-06-01T00:06:37.691+0000] {dagbag.py:545} INFO - Filling up the DagBag from /opt/airflow/dags/etl_process.py
[2024-06-01T00:06:37.712+0000] {processor.py:840} INFO - DAG(s) 'ETL' retrieved from /opt/airflow/dags/etl_process.py
[2024-06-01T00:06:37.755+0000] {logging_mixin.py:188} INFO - [2024-06-01T00:06:37.754+0000] {dag.py:3096} INFO - Sync 1 DAGs
[2024-06-01T00:06:37.784+0000] {logging_mixin.py:188} INFO - [2024-06-01T00:06:37.784+0000] {dag.py:3954} INFO - Setting next_dagrun for ETL to 2024-05-21 00:00:00+00:00, run_after=2024-05-21 00:00:00+00:00
[2024-06-01T00:06:37.811+0000] {processor.py:183} INFO - Processing /opt/airflow/dags/etl_process.py took 0.153 seconds
[2024-06-01T00:07:08.033+0000] {processor.py:161} INFO - Started process (PID=17327) to work on /opt/airflow/dags/etl_process.py
[2024-06-01T00:07:08.034+0000] {processor.py:830} INFO - Processing file /opt/airflow/dags/etl_process.py for tasks to queue
[2024-06-01T00:07:08.035+0000] {logging_mixin.py:188} INFO - [2024-06-01T00:07:08.035+0000] {dagbag.py:545} INFO - Filling up the DagBag from /opt/airflow/dags/etl_process.py
[2024-06-01T00:07:08.048+0000] {processor.py:840} INFO - DAG(s) 'ETL' retrieved from /opt/airflow/dags/etl_process.py
[2024-06-01T00:07:08.092+0000] {logging_mixin.py:188} INFO - [2024-06-01T00:07:08.092+0000] {dag.py:3096} INFO - Sync 1 DAGs
[2024-06-01T00:07:08.129+0000] {logging_mixin.py:188} INFO - [2024-06-01T00:07:08.129+0000] {dag.py:3954} INFO - Setting next_dagrun for ETL to 2024-05-21 00:00:00+00:00, run_after=2024-05-21 00:00:00+00:00
[2024-06-01T00:07:08.157+0000] {processor.py:183} INFO - Processing /opt/airflow/dags/etl_process.py took 0.136 seconds
[2024-06-01T00:07:38.401+0000] {processor.py:161} INFO - Started process (PID=17344) to work on /opt/airflow/dags/etl_process.py
[2024-06-01T00:07:38.411+0000] {processor.py:830} INFO - Processing file /opt/airflow/dags/etl_process.py for tasks to queue
[2024-06-01T00:07:38.412+0000] {logging_mixin.py:188} INFO - [2024-06-01T00:07:38.411+0000] {dagbag.py:545} INFO - Filling up the DagBag from /opt/airflow/dags/etl_process.py
[2024-06-01T00:07:38.423+0000] {processor.py:840} INFO - DAG(s) 'ETL' retrieved from /opt/airflow/dags/etl_process.py
[2024-06-01T00:07:38.454+0000] {logging_mixin.py:188} INFO - [2024-06-01T00:07:38.454+0000] {dag.py:3096} INFO - Sync 1 DAGs
[2024-06-01T00:07:38.476+0000] {logging_mixin.py:188} INFO - [2024-06-01T00:07:38.476+0000] {dag.py:3954} INFO - Setting next_dagrun for ETL to 2024-05-21 00:00:00+00:00, run_after=2024-05-21 00:00:00+00:00
[2024-06-01T00:07:38.500+0000] {processor.py:183} INFO - Processing /opt/airflow/dags/etl_process.py took 0.107 seconds
[2024-06-01T00:08:08.692+0000] {processor.py:161} INFO - Started process (PID=17368) to work on /opt/airflow/dags/etl_process.py
[2024-06-01T00:08:08.703+0000] {processor.py:830} INFO - Processing file /opt/airflow/dags/etl_process.py for tasks to queue
[2024-06-01T00:08:08.705+0000] {logging_mixin.py:188} INFO - [2024-06-01T00:08:08.703+0000] {dagbag.py:545} INFO - Filling up the DagBag from /opt/airflow/dags/etl_process.py
[2024-06-01T00:08:08.719+0000] {processor.py:840} INFO - DAG(s) 'ETL' retrieved from /opt/airflow/dags/etl_process.py
[2024-06-01T00:08:08.755+0000] {logging_mixin.py:188} INFO - [2024-06-01T00:08:08.755+0000] {dag.py:3096} INFO - Sync 1 DAGs
[2024-06-01T00:08:08.788+0000] {logging_mixin.py:188} INFO - [2024-06-01T00:08:08.788+0000] {dag.py:3954} INFO - Setting next_dagrun for ETL to 2024-05-21 00:00:00+00:00, run_after=2024-05-21 00:00:00+00:00
[2024-06-01T00:08:08.810+0000] {processor.py:183} INFO - Processing /opt/airflow/dags/etl_process.py took 0.134 seconds
[2024-06-01T00:08:38.999+0000] {processor.py:161} INFO - Started process (PID=17385) to work on /opt/airflow/dags/etl_process.py
[2024-06-01T00:08:39.010+0000] {processor.py:830} INFO - Processing file /opt/airflow/dags/etl_process.py for tasks to queue
[2024-06-01T00:08:39.011+0000] {logging_mixin.py:188} INFO - [2024-06-01T00:08:39.011+0000] {dagbag.py:545} INFO - Filling up the DagBag from /opt/airflow/dags/etl_process.py
[2024-06-01T00:08:39.025+0000] {processor.py:840} INFO - DAG(s) 'ETL' retrieved from /opt/airflow/dags/etl_process.py
[2024-06-01T00:08:39.066+0000] {logging_mixin.py:188} INFO - [2024-06-01T00:08:39.066+0000] {dag.py:3096} INFO - Sync 1 DAGs
[2024-06-01T00:08:39.091+0000] {logging_mixin.py:188} INFO - [2024-06-01T00:08:39.091+0000] {dag.py:3954} INFO - Setting next_dagrun for ETL to 2024-05-21 00:00:00+00:00, run_after=2024-05-21 00:00:00+00:00
[2024-06-01T00:08:39.116+0000] {processor.py:183} INFO - Processing /opt/airflow/dags/etl_process.py took 0.134 seconds
[2024-06-01T00:09:09.297+0000] {processor.py:161} INFO - Started process (PID=17402) to work on /opt/airflow/dags/etl_process.py
[2024-06-01T00:09:09.307+0000] {processor.py:830} INFO - Processing file /opt/airflow/dags/etl_process.py for tasks to queue
[2024-06-01T00:09:09.308+0000] {logging_mixin.py:188} INFO - [2024-06-01T00:09:09.308+0000] {dagbag.py:545} INFO - Filling up the DagBag from /opt/airflow/dags/etl_process.py
[2024-06-01T00:09:09.321+0000] {processor.py:840} INFO - DAG(s) 'ETL' retrieved from /opt/airflow/dags/etl_process.py
[2024-06-01T00:09:09.380+0000] {logging_mixin.py:188} INFO - [2024-06-01T00:09:09.380+0000] {dag.py:3096} INFO - Sync 1 DAGs
[2024-06-01T00:09:09.413+0000] {logging_mixin.py:188} INFO - [2024-06-01T00:09:09.413+0000] {dag.py:3954} INFO - Setting next_dagrun for ETL to 2024-05-21 00:00:00+00:00, run_after=2024-05-21 00:00:00+00:00
[2024-06-01T00:09:09.441+0000] {processor.py:183} INFO - Processing /opt/airflow/dags/etl_process.py took 0.154 seconds
[2024-06-01T00:09:39.616+0000] {processor.py:161} INFO - Started process (PID=17419) to work on /opt/airflow/dags/etl_process.py
[2024-06-01T00:09:39.619+0000] {processor.py:830} INFO - Processing file /opt/airflow/dags/etl_process.py for tasks to queue
[2024-06-01T00:09:39.621+0000] {logging_mixin.py:188} INFO - [2024-06-01T00:09:39.620+0000] {dagbag.py:545} INFO - Filling up the DagBag from /opt/airflow/dags/etl_process.py
[2024-06-01T00:09:39.636+0000] {processor.py:840} INFO - DAG(s) 'ETL' retrieved from /opt/airflow/dags/etl_process.py
[2024-06-01T00:09:39.688+0000] {logging_mixin.py:188} INFO - [2024-06-01T00:09:39.688+0000] {dag.py:3096} INFO - Sync 1 DAGs
[2024-06-01T00:09:39.718+0000] {logging_mixin.py:188} INFO - [2024-06-01T00:09:39.718+0000] {dag.py:3954} INFO - Setting next_dagrun for ETL to 2024-05-21 00:00:00+00:00, run_after=2024-05-21 00:00:00+00:00
[2024-06-01T00:09:39.744+0000] {processor.py:183} INFO - Processing /opt/airflow/dags/etl_process.py took 0.145 seconds
[2024-06-01T00:10:09.934+0000] {processor.py:161} INFO - Started process (PID=17443) to work on /opt/airflow/dags/etl_process.py
[2024-06-01T00:10:09.943+0000] {processor.py:830} INFO - Processing file /opt/airflow/dags/etl_process.py for tasks to queue
[2024-06-01T00:10:09.944+0000] {logging_mixin.py:188} INFO - [2024-06-01T00:10:09.944+0000] {dagbag.py:545} INFO - Filling up the DagBag from /opt/airflow/dags/etl_process.py
[2024-06-01T00:10:09.959+0000] {processor.py:840} INFO - DAG(s) 'ETL' retrieved from /opt/airflow/dags/etl_process.py
[2024-06-01T00:10:10.014+0000] {logging_mixin.py:188} INFO - [2024-06-01T00:10:10.013+0000] {dag.py:3096} INFO - Sync 1 DAGs
[2024-06-01T00:10:10.053+0000] {logging_mixin.py:188} INFO - [2024-06-01T00:10:10.052+0000] {dag.py:3954} INFO - Setting next_dagrun for ETL to 2024-05-21 00:00:00+00:00, run_after=2024-05-21 00:00:00+00:00
[2024-06-01T00:10:10.079+0000] {processor.py:183} INFO - Processing /opt/airflow/dags/etl_process.py took 0.154 seconds
[2024-06-01T00:10:40.321+0000] {processor.py:161} INFO - Started process (PID=17460) to work on /opt/airflow/dags/etl_process.py
[2024-06-01T00:10:40.332+0000] {processor.py:830} INFO - Processing file /opt/airflow/dags/etl_process.py for tasks to queue
[2024-06-01T00:10:40.333+0000] {logging_mixin.py:188} INFO - [2024-06-01T00:10:40.332+0000] {dagbag.py:545} INFO - Filling up the DagBag from /opt/airflow/dags/etl_process.py
[2024-06-01T00:10:40.345+0000] {processor.py:840} INFO - DAG(s) 'ETL' retrieved from /opt/airflow/dags/etl_process.py
[2024-06-01T00:10:40.388+0000] {logging_mixin.py:188} INFO - [2024-06-01T00:10:40.388+0000] {dag.py:3096} INFO - Sync 1 DAGs
[2024-06-01T00:10:40.408+0000] {logging_mixin.py:188} INFO - [2024-06-01T00:10:40.408+0000] {dag.py:3954} INFO - Setting next_dagrun for ETL to 2024-05-21 00:00:00+00:00, run_after=2024-05-21 00:00:00+00:00
[2024-06-01T00:10:40.429+0000] {processor.py:183} INFO - Processing /opt/airflow/dags/etl_process.py took 0.125 seconds
[2024-06-01T00:11:10.616+0000] {processor.py:161} INFO - Started process (PID=17477) to work on /opt/airflow/dags/etl_process.py
[2024-06-01T00:11:10.626+0000] {processor.py:830} INFO - Processing file /opt/airflow/dags/etl_process.py for tasks to queue
[2024-06-01T00:11:10.628+0000] {logging_mixin.py:188} INFO - [2024-06-01T00:11:10.628+0000] {dagbag.py:545} INFO - Filling up the DagBag from /opt/airflow/dags/etl_process.py
[2024-06-01T00:11:10.642+0000] {processor.py:840} INFO - DAG(s) 'ETL' retrieved from /opt/airflow/dags/etl_process.py
[2024-06-01T00:11:10.683+0000] {logging_mixin.py:188} INFO - [2024-06-01T00:11:10.683+0000] {dag.py:3096} INFO - Sync 1 DAGs
[2024-06-01T00:11:10.715+0000] {logging_mixin.py:188} INFO - [2024-06-01T00:11:10.714+0000] {dag.py:3954} INFO - Setting next_dagrun for ETL to 2024-05-21 00:00:00+00:00, run_after=2024-05-21 00:00:00+00:00
[2024-06-01T00:11:10.740+0000] {processor.py:183} INFO - Processing /opt/airflow/dags/etl_process.py took 0.138 seconds
[2024-06-01T00:11:40.929+0000] {processor.py:161} INFO - Started process (PID=17494) to work on /opt/airflow/dags/etl_process.py
[2024-06-01T00:11:40.930+0000] {processor.py:830} INFO - Processing file /opt/airflow/dags/etl_process.py for tasks to queue
[2024-06-01T00:11:40.931+0000] {logging_mixin.py:188} INFO - [2024-06-01T00:11:40.931+0000] {dagbag.py:545} INFO - Filling up the DagBag from /opt/airflow/dags/etl_process.py
[2024-06-01T00:11:40.940+0000] {processor.py:840} INFO - DAG(s) 'ETL' retrieved from /opt/airflow/dags/etl_process.py
[2024-06-01T00:11:40.970+0000] {logging_mixin.py:188} INFO - [2024-06-01T00:11:40.969+0000] {dag.py:3096} INFO - Sync 1 DAGs
[2024-06-01T00:11:40.991+0000] {logging_mixin.py:188} INFO - [2024-06-01T00:11:40.991+0000] {dag.py:3954} INFO - Setting next_dagrun for ETL to 2024-05-21 00:00:00+00:00, run_after=2024-05-21 00:00:00+00:00
[2024-06-01T00:11:41.013+0000] {processor.py:183} INFO - Processing /opt/airflow/dags/etl_process.py took 0.101 seconds
[2024-06-01T00:12:11.226+0000] {processor.py:161} INFO - Started process (PID=17518) to work on /opt/airflow/dags/etl_process.py
[2024-06-01T00:12:11.235+0000] {processor.py:830} INFO - Processing file /opt/airflow/dags/etl_process.py for tasks to queue
[2024-06-01T00:12:11.236+0000] {logging_mixin.py:188} INFO - [2024-06-01T00:12:11.235+0000] {dagbag.py:545} INFO - Filling up the DagBag from /opt/airflow/dags/etl_process.py
[2024-06-01T00:12:11.252+0000] {processor.py:840} INFO - DAG(s) 'ETL' retrieved from /opt/airflow/dags/etl_process.py
[2024-06-01T00:12:11.296+0000] {logging_mixin.py:188} INFO - [2024-06-01T00:12:11.295+0000] {dag.py:3096} INFO - Sync 1 DAGs
[2024-06-01T00:12:11.337+0000] {logging_mixin.py:188} INFO - [2024-06-01T00:12:11.337+0000] {dag.py:3954} INFO - Setting next_dagrun for ETL to 2024-05-21 00:00:00+00:00, run_after=2024-05-21 00:00:00+00:00
[2024-06-01T00:12:11.372+0000] {processor.py:183} INFO - Processing /opt/airflow/dags/etl_process.py took 0.152 seconds
[2024-06-01T00:12:41.613+0000] {processor.py:161} INFO - Started process (PID=17535) to work on /opt/airflow/dags/etl_process.py
[2024-06-01T00:12:41.617+0000] {processor.py:830} INFO - Processing file /opt/airflow/dags/etl_process.py for tasks to queue
[2024-06-01T00:12:41.618+0000] {logging_mixin.py:188} INFO - [2024-06-01T00:12:41.618+0000] {dagbag.py:545} INFO - Filling up the DagBag from /opt/airflow/dags/etl_process.py
[2024-06-01T00:12:41.635+0000] {processor.py:840} INFO - DAG(s) 'ETL' retrieved from /opt/airflow/dags/etl_process.py
[2024-06-01T00:12:41.690+0000] {logging_mixin.py:188} INFO - [2024-06-01T00:12:41.690+0000] {dag.py:3096} INFO - Sync 1 DAGs
[2024-06-01T00:12:41.728+0000] {logging_mixin.py:188} INFO - [2024-06-01T00:12:41.728+0000] {dag.py:3954} INFO - Setting next_dagrun for ETL to 2024-05-21 00:00:00+00:00, run_after=2024-05-21 00:00:00+00:00
[2024-06-01T00:12:41.762+0000] {processor.py:183} INFO - Processing /opt/airflow/dags/etl_process.py took 0.159 seconds
[2024-06-01T00:13:12.011+0000] {processor.py:161} INFO - Started process (PID=17552) to work on /opt/airflow/dags/etl_process.py
[2024-06-01T00:13:12.012+0000] {processor.py:830} INFO - Processing file /opt/airflow/dags/etl_process.py for tasks to queue
[2024-06-01T00:13:12.014+0000] {logging_mixin.py:188} INFO - [2024-06-01T00:13:12.013+0000] {dagbag.py:545} INFO - Filling up the DagBag from /opt/airflow/dags/etl_process.py
[2024-06-01T00:13:12.030+0000] {processor.py:840} INFO - DAG(s) 'ETL' retrieved from /opt/airflow/dags/etl_process.py
[2024-06-01T00:13:12.075+0000] {logging_mixin.py:188} INFO - [2024-06-01T00:13:12.075+0000] {dag.py:3096} INFO - Sync 1 DAGs
[2024-06-01T00:13:12.106+0000] {logging_mixin.py:188} INFO - [2024-06-01T00:13:12.106+0000] {dag.py:3954} INFO - Setting next_dagrun for ETL to 2024-05-21 00:00:00+00:00, run_after=2024-05-21 00:00:00+00:00
[2024-06-01T00:13:12.145+0000] {processor.py:183} INFO - Processing /opt/airflow/dags/etl_process.py took 0.148 seconds
[2024-06-01T00:13:42.315+0000] {processor.py:161} INFO - Started process (PID=17576) to work on /opt/airflow/dags/etl_process.py
[2024-06-01T00:13:42.326+0000] {processor.py:830} INFO - Processing file /opt/airflow/dags/etl_process.py for tasks to queue
[2024-06-01T00:13:42.327+0000] {logging_mixin.py:188} INFO - [2024-06-01T00:13:42.326+0000] {dagbag.py:545} INFO - Filling up the DagBag from /opt/airflow/dags/etl_process.py
[2024-06-01T00:13:42.339+0000] {processor.py:840} INFO - DAG(s) 'ETL' retrieved from /opt/airflow/dags/etl_process.py
[2024-06-01T00:13:42.383+0000] {logging_mixin.py:188} INFO - [2024-06-01T00:13:42.383+0000] {dag.py:3096} INFO - Sync 1 DAGs
[2024-06-01T00:13:42.413+0000] {logging_mixin.py:188} INFO - [2024-06-01T00:13:42.413+0000] {dag.py:3954} INFO - Setting next_dagrun for ETL to 2024-05-21 00:00:00+00:00, run_after=2024-05-21 00:00:00+00:00
[2024-06-01T00:13:42.441+0000] {processor.py:183} INFO - Processing /opt/airflow/dags/etl_process.py took 0.136 seconds
[2024-06-01T00:14:12.692+0000] {processor.py:161} INFO - Started process (PID=17592) to work on /opt/airflow/dags/etl_process.py
[2024-06-01T00:14:12.693+0000] {processor.py:830} INFO - Processing file /opt/airflow/dags/etl_process.py for tasks to queue
[2024-06-01T00:14:12.695+0000] {logging_mixin.py:188} INFO - [2024-06-01T00:14:12.694+0000] {dagbag.py:545} INFO - Filling up the DagBag from /opt/airflow/dags/etl_process.py
[2024-06-01T00:14:12.711+0000] {processor.py:840} INFO - DAG(s) 'ETL' retrieved from /opt/airflow/dags/etl_process.py
[2024-06-01T00:14:12.751+0000] {logging_mixin.py:188} INFO - [2024-06-01T00:14:12.750+0000] {dag.py:3096} INFO - Sync 1 DAGs
[2024-06-01T00:14:12.783+0000] {logging_mixin.py:188} INFO - [2024-06-01T00:14:12.783+0000] {dag.py:3954} INFO - Setting next_dagrun for ETL to 2024-05-21 00:00:00+00:00, run_after=2024-05-21 00:00:00+00:00
[2024-06-01T00:14:12.809+0000] {processor.py:183} INFO - Processing /opt/airflow/dags/etl_process.py took 0.130 seconds
[2024-06-01T00:14:43.033+0000] {processor.py:161} INFO - Started process (PID=17609) to work on /opt/airflow/dags/etl_process.py
[2024-06-01T00:14:43.035+0000] {processor.py:830} INFO - Processing file /opt/airflow/dags/etl_process.py for tasks to queue
[2024-06-01T00:14:43.037+0000] {logging_mixin.py:188} INFO - [2024-06-01T00:14:43.037+0000] {dagbag.py:545} INFO - Filling up the DagBag from /opt/airflow/dags/etl_process.py
[2024-06-01T00:14:43.051+0000] {processor.py:840} INFO - DAG(s) 'ETL' retrieved from /opt/airflow/dags/etl_process.py
[2024-06-01T00:14:43.097+0000] {logging_mixin.py:188} INFO - [2024-06-01T00:14:43.096+0000] {dag.py:3096} INFO - Sync 1 DAGs
[2024-06-01T00:14:43.129+0000] {logging_mixin.py:188} INFO - [2024-06-01T00:14:43.129+0000] {dag.py:3954} INFO - Setting next_dagrun for ETL to 2024-05-21 00:00:00+00:00, run_after=2024-05-21 00:00:00+00:00
[2024-06-01T00:14:43.158+0000] {processor.py:183} INFO - Processing /opt/airflow/dags/etl_process.py took 0.133 seconds
[2024-06-01T00:15:13.376+0000] {processor.py:161} INFO - Started process (PID=17632) to work on /opt/airflow/dags/etl_process.py
[2024-06-01T00:15:13.377+0000] {processor.py:830} INFO - Processing file /opt/airflow/dags/etl_process.py for tasks to queue
[2024-06-01T00:15:13.378+0000] {logging_mixin.py:188} INFO - [2024-06-01T00:15:13.378+0000] {dagbag.py:545} INFO - Filling up the DagBag from /opt/airflow/dags/etl_process.py
[2024-06-01T00:15:13.391+0000] {processor.py:840} INFO - DAG(s) 'ETL' retrieved from /opt/airflow/dags/etl_process.py
[2024-06-01T00:15:13.429+0000] {logging_mixin.py:188} INFO - [2024-06-01T00:15:13.428+0000] {dag.py:3096} INFO - Sync 1 DAGs
[2024-06-01T00:15:13.453+0000] {logging_mixin.py:188} INFO - [2024-06-01T00:15:13.453+0000] {dag.py:3954} INFO - Setting next_dagrun for ETL to 2024-05-21 00:00:00+00:00, run_after=2024-05-21 00:00:00+00:00
[2024-06-01T00:15:13.474+0000] {processor.py:183} INFO - Processing /opt/airflow/dags/etl_process.py took 0.106 seconds
[2024-06-01T00:15:43.727+0000] {processor.py:161} INFO - Started process (PID=17649) to work on /opt/airflow/dags/etl_process.py
[2024-06-01T00:15:43.730+0000] {processor.py:830} INFO - Processing file /opt/airflow/dags/etl_process.py for tasks to queue
[2024-06-01T00:15:43.731+0000] {logging_mixin.py:188} INFO - [2024-06-01T00:15:43.731+0000] {dagbag.py:545} INFO - Filling up the DagBag from /opt/airflow/dags/etl_process.py
[2024-06-01T00:15:43.747+0000] {processor.py:840} INFO - DAG(s) 'ETL' retrieved from /opt/airflow/dags/etl_process.py
[2024-06-01T00:15:43.794+0000] {logging_mixin.py:188} INFO - [2024-06-01T00:15:43.794+0000] {dag.py:3096} INFO - Sync 1 DAGs
[2024-06-01T00:15:43.823+0000] {logging_mixin.py:188} INFO - [2024-06-01T00:15:43.822+0000] {dag.py:3954} INFO - Setting next_dagrun for ETL to 2024-05-21 00:00:00+00:00, run_after=2024-05-21 00:00:00+00:00
[2024-06-01T00:15:43.847+0000] {processor.py:183} INFO - Processing /opt/airflow/dags/etl_process.py took 0.136 seconds
[2024-06-01T00:16:14.073+0000] {processor.py:161} INFO - Started process (PID=17665) to work on /opt/airflow/dags/etl_process.py
[2024-06-01T00:16:14.075+0000] {processor.py:830} INFO - Processing file /opt/airflow/dags/etl_process.py for tasks to queue
[2024-06-01T00:16:14.076+0000] {logging_mixin.py:188} INFO - [2024-06-01T00:16:14.076+0000] {dagbag.py:545} INFO - Filling up the DagBag from /opt/airflow/dags/etl_process.py
[2024-06-01T00:16:14.093+0000] {processor.py:840} INFO - DAG(s) 'ETL' retrieved from /opt/airflow/dags/etl_process.py
[2024-06-01T00:16:14.151+0000] {logging_mixin.py:188} INFO - [2024-06-01T00:16:14.150+0000] {dag.py:3096} INFO - Sync 1 DAGs
[2024-06-01T00:16:14.188+0000] {logging_mixin.py:188} INFO - [2024-06-01T00:16:14.188+0000] {dag.py:3954} INFO - Setting next_dagrun for ETL to 2024-05-21 00:00:00+00:00, run_after=2024-05-21 00:00:00+00:00
[2024-06-01T00:16:14.211+0000] {processor.py:183} INFO - Processing /opt/airflow/dags/etl_process.py took 0.149 seconds
[2024-06-01T00:16:44.429+0000] {processor.py:161} INFO - Started process (PID=17682) to work on /opt/airflow/dags/etl_process.py
[2024-06-01T00:16:44.439+0000] {processor.py:830} INFO - Processing file /opt/airflow/dags/etl_process.py for tasks to queue
[2024-06-01T00:16:44.440+0000] {logging_mixin.py:188} INFO - [2024-06-01T00:16:44.440+0000] {dagbag.py:545} INFO - Filling up the DagBag from /opt/airflow/dags/etl_process.py
[2024-06-01T00:16:44.454+0000] {processor.py:840} INFO - DAG(s) 'ETL' retrieved from /opt/airflow/dags/etl_process.py
[2024-06-01T00:16:44.489+0000] {logging_mixin.py:188} INFO - [2024-06-01T00:16:44.489+0000] {dag.py:3096} INFO - Sync 1 DAGs
[2024-06-01T00:16:44.511+0000] {logging_mixin.py:188} INFO - [2024-06-01T00:16:44.511+0000] {dag.py:3954} INFO - Setting next_dagrun for ETL to 2024-05-21 00:00:00+00:00, run_after=2024-05-21 00:00:00+00:00
[2024-06-01T00:16:44.533+0000] {processor.py:183} INFO - Processing /opt/airflow/dags/etl_process.py took 0.116 seconds
[2024-06-01T00:17:14.701+0000] {processor.py:161} INFO - Started process (PID=17706) to work on /opt/airflow/dags/etl_process.py
[2024-06-01T00:17:14.711+0000] {processor.py:830} INFO - Processing file /opt/airflow/dags/etl_process.py for tasks to queue
[2024-06-01T00:17:14.712+0000] {logging_mixin.py:188} INFO - [2024-06-01T00:17:14.712+0000] {dagbag.py:545} INFO - Filling up the DagBag from /opt/airflow/dags/etl_process.py
[2024-06-01T00:17:14.726+0000] {processor.py:840} INFO - DAG(s) 'ETL' retrieved from /opt/airflow/dags/etl_process.py
[2024-06-01T00:17:14.766+0000] {logging_mixin.py:188} INFO - [2024-06-01T00:17:14.766+0000] {dag.py:3096} INFO - Sync 1 DAGs
[2024-06-01T00:17:14.802+0000] {logging_mixin.py:188} INFO - [2024-06-01T00:17:14.802+0000] {dag.py:3954} INFO - Setting next_dagrun for ETL to 2024-05-21 00:00:00+00:00, run_after=2024-05-21 00:00:00+00:00
[2024-06-01T00:17:14.828+0000] {processor.py:183} INFO - Processing /opt/airflow/dags/etl_process.py took 0.138 seconds
[2024-06-01T00:17:45.039+0000] {processor.py:161} INFO - Started process (PID=17724) to work on /opt/airflow/dags/etl_process.py
[2024-06-01T00:17:45.042+0000] {processor.py:830} INFO - Processing file /opt/airflow/dags/etl_process.py for tasks to queue
[2024-06-01T00:17:45.043+0000] {logging_mixin.py:188} INFO - [2024-06-01T00:17:45.043+0000] {dagbag.py:545} INFO - Filling up the DagBag from /opt/airflow/dags/etl_process.py
[2024-06-01T00:17:45.056+0000] {processor.py:840} INFO - DAG(s) 'ETL' retrieved from /opt/airflow/dags/etl_process.py
[2024-06-01T00:17:45.098+0000] {logging_mixin.py:188} INFO - [2024-06-01T00:17:45.098+0000] {dag.py:3096} INFO - Sync 1 DAGs
[2024-06-01T00:17:45.125+0000] {logging_mixin.py:188} INFO - [2024-06-01T00:17:45.124+0000] {dag.py:3954} INFO - Setting next_dagrun for ETL to 2024-05-21 00:00:00+00:00, run_after=2024-05-21 00:00:00+00:00
[2024-06-01T00:17:45.147+0000] {processor.py:183} INFO - Processing /opt/airflow/dags/etl_process.py took 0.119 seconds
[2024-06-01T00:18:15.383+0000] {processor.py:161} INFO - Started process (PID=17741) to work on /opt/airflow/dags/etl_process.py
[2024-06-01T00:18:15.395+0000] {processor.py:830} INFO - Processing file /opt/airflow/dags/etl_process.py for tasks to queue
[2024-06-01T00:18:15.397+0000] {logging_mixin.py:188} INFO - [2024-06-01T00:18:15.396+0000] {dagbag.py:545} INFO - Filling up the DagBag from /opt/airflow/dags/etl_process.py
[2024-06-01T00:18:15.432+0000] {processor.py:840} INFO - DAG(s) 'ETL' retrieved from /opt/airflow/dags/etl_process.py
[2024-06-01T00:18:15.510+0000] {logging_mixin.py:188} INFO - [2024-06-01T00:18:15.509+0000] {dag.py:3096} INFO - Sync 1 DAGs
[2024-06-01T00:18:15.545+0000] {logging_mixin.py:188} INFO - [2024-06-01T00:18:15.544+0000] {dag.py:3954} INFO - Setting next_dagrun for ETL to 2024-05-21 00:00:00+00:00, run_after=2024-05-21 00:00:00+00:00
[2024-06-01T00:18:15.595+0000] {processor.py:183} INFO - Processing /opt/airflow/dags/etl_process.py took 0.243 seconds
[2024-06-01T00:18:45.816+0000] {processor.py:161} INFO - Started process (PID=17758) to work on /opt/airflow/dags/etl_process.py
[2024-06-01T00:18:45.825+0000] {processor.py:830} INFO - Processing file /opt/airflow/dags/etl_process.py for tasks to queue
[2024-06-01T00:18:45.827+0000] {logging_mixin.py:188} INFO - [2024-06-01T00:18:45.826+0000] {dagbag.py:545} INFO - Filling up the DagBag from /opt/airflow/dags/etl_process.py
[2024-06-01T00:18:45.845+0000] {processor.py:840} INFO - DAG(s) 'ETL' retrieved from /opt/airflow/dags/etl_process.py
[2024-06-01T00:18:45.887+0000] {logging_mixin.py:188} INFO - [2024-06-01T00:18:45.887+0000] {dag.py:3096} INFO - Sync 1 DAGs
[2024-06-01T00:18:45.915+0000] {logging_mixin.py:188} INFO - [2024-06-01T00:18:45.915+0000] {dag.py:3954} INFO - Setting next_dagrun for ETL to 2024-05-21 00:00:00+00:00, run_after=2024-05-21 00:00:00+00:00
[2024-06-01T00:18:45.940+0000] {processor.py:183} INFO - Processing /opt/airflow/dags/etl_process.py took 0.140 seconds
[2024-06-01T00:19:16.110+0000] {processor.py:161} INFO - Started process (PID=17782) to work on /opt/airflow/dags/etl_process.py
[2024-06-01T00:19:16.112+0000] {processor.py:830} INFO - Processing file /opt/airflow/dags/etl_process.py for tasks to queue
[2024-06-01T00:19:16.115+0000] {logging_mixin.py:188} INFO - [2024-06-01T00:19:16.113+0000] {dagbag.py:545} INFO - Filling up the DagBag from /opt/airflow/dags/etl_process.py
[2024-06-01T00:19:16.124+0000] {processor.py:840} INFO - DAG(s) 'ETL' retrieved from /opt/airflow/dags/etl_process.py
[2024-06-01T00:19:16.161+0000] {logging_mixin.py:188} INFO - [2024-06-01T00:19:16.161+0000] {dag.py:3096} INFO - Sync 1 DAGs
[2024-06-01T00:19:16.198+0000] {logging_mixin.py:188} INFO - [2024-06-01T00:19:16.198+0000] {dag.py:3954} INFO - Setting next_dagrun for ETL to 2024-05-21 00:00:00+00:00, run_after=2024-05-21 00:00:00+00:00
[2024-06-01T00:19:16.223+0000] {processor.py:183} INFO - Processing /opt/airflow/dags/etl_process.py took 0.123 seconds
[2024-06-01T00:19:46.452+0000] {processor.py:161} INFO - Started process (PID=17800) to work on /opt/airflow/dags/etl_process.py
[2024-06-01T00:19:46.468+0000] {processor.py:830} INFO - Processing file /opt/airflow/dags/etl_process.py for tasks to queue
[2024-06-01T00:19:46.471+0000] {logging_mixin.py:188} INFO - [2024-06-01T00:19:46.470+0000] {dagbag.py:545} INFO - Filling up the DagBag from /opt/airflow/dags/etl_process.py
[2024-06-01T00:19:46.491+0000] {processor.py:840} INFO - DAG(s) 'ETL' retrieved from /opt/airflow/dags/etl_process.py
[2024-06-01T00:19:46.561+0000] {logging_mixin.py:188} INFO - [2024-06-01T00:19:46.560+0000] {dag.py:3096} INFO - Sync 1 DAGs
[2024-06-01T00:19:46.586+0000] {logging_mixin.py:188} INFO - [2024-06-01T00:19:46.586+0000] {dag.py:3954} INFO - Setting next_dagrun for ETL to 2024-05-21 00:00:00+00:00, run_after=2024-05-21 00:00:00+00:00
[2024-06-01T00:19:46.612+0000] {processor.py:183} INFO - Processing /opt/airflow/dags/etl_process.py took 0.180 seconds
[2024-06-01T00:20:16.836+0000] {processor.py:161} INFO - Started process (PID=17817) to work on /opt/airflow/dags/etl_process.py
[2024-06-01T00:20:16.846+0000] {processor.py:830} INFO - Processing file /opt/airflow/dags/etl_process.py for tasks to queue
[2024-06-01T00:20:16.847+0000] {logging_mixin.py:188} INFO - [2024-06-01T00:20:16.847+0000] {dagbag.py:545} INFO - Filling up the DagBag from /opt/airflow/dags/etl_process.py
[2024-06-01T00:20:16.866+0000] {processor.py:840} INFO - DAG(s) 'ETL' retrieved from /opt/airflow/dags/etl_process.py
[2024-06-01T00:20:16.931+0000] {logging_mixin.py:188} INFO - [2024-06-01T00:20:16.931+0000] {dag.py:3096} INFO - Sync 1 DAGs
[2024-06-01T00:20:16.960+0000] {logging_mixin.py:188} INFO - [2024-06-01T00:20:16.960+0000] {dag.py:3954} INFO - Setting next_dagrun for ETL to 2024-05-21 00:00:00+00:00, run_after=2024-05-21 00:00:00+00:00
[2024-06-01T00:20:16.983+0000] {processor.py:183} INFO - Processing /opt/airflow/dags/etl_process.py took 0.158 seconds
[2024-06-01T00:20:47.177+0000] {processor.py:161} INFO - Started process (PID=17833) to work on /opt/airflow/dags/etl_process.py
[2024-06-01T00:20:47.178+0000] {processor.py:830} INFO - Processing file /opt/airflow/dags/etl_process.py for tasks to queue
[2024-06-01T00:20:47.179+0000] {logging_mixin.py:188} INFO - [2024-06-01T00:20:47.179+0000] {dagbag.py:545} INFO - Filling up the DagBag from /opt/airflow/dags/etl_process.py
[2024-06-01T00:20:47.193+0000] {processor.py:840} INFO - DAG(s) 'ETL' retrieved from /opt/airflow/dags/etl_process.py
[2024-06-01T00:20:47.227+0000] {logging_mixin.py:188} INFO - [2024-06-01T00:20:47.227+0000] {dag.py:3096} INFO - Sync 1 DAGs
[2024-06-01T00:20:47.250+0000] {logging_mixin.py:188} INFO - [2024-06-01T00:20:47.250+0000] {dag.py:3954} INFO - Setting next_dagrun for ETL to 2024-05-21 00:00:00+00:00, run_after=2024-05-21 00:00:00+00:00
[2024-06-01T00:20:47.272+0000] {processor.py:183} INFO - Processing /opt/airflow/dags/etl_process.py took 0.109 seconds
[2024-06-01T00:21:17.511+0000] {processor.py:161} INFO - Started process (PID=17857) to work on /opt/airflow/dags/etl_process.py
[2024-06-01T00:21:17.525+0000] {processor.py:830} INFO - Processing file /opt/airflow/dags/etl_process.py for tasks to queue
[2024-06-01T00:21:17.526+0000] {logging_mixin.py:188} INFO - [2024-06-01T00:21:17.525+0000] {dagbag.py:545} INFO - Filling up the DagBag from /opt/airflow/dags/etl_process.py
[2024-06-01T00:21:17.544+0000] {processor.py:840} INFO - DAG(s) 'ETL' retrieved from /opt/airflow/dags/etl_process.py
[2024-06-01T00:21:17.643+0000] {logging_mixin.py:188} INFO - [2024-06-01T00:21:17.643+0000] {dag.py:3096} INFO - Sync 1 DAGs
[2024-06-01T00:21:17.682+0000] {logging_mixin.py:188} INFO - [2024-06-01T00:21:17.682+0000] {dag.py:3954} INFO - Setting next_dagrun for ETL to 2024-05-21 00:00:00+00:00, run_after=2024-05-21 00:00:00+00:00
[2024-06-01T00:21:17.713+0000] {processor.py:183} INFO - Processing /opt/airflow/dags/etl_process.py took 0.210 seconds
[2024-06-01T00:21:47.912+0000] {processor.py:161} INFO - Started process (PID=17873) to work on /opt/airflow/dags/etl_process.py
[2024-06-01T00:21:47.919+0000] {processor.py:830} INFO - Processing file /opt/airflow/dags/etl_process.py for tasks to queue
[2024-06-01T00:21:47.920+0000] {logging_mixin.py:188} INFO - [2024-06-01T00:21:47.920+0000] {dagbag.py:545} INFO - Filling up the DagBag from /opt/airflow/dags/etl_process.py
[2024-06-01T00:21:47.947+0000] {processor.py:840} INFO - DAG(s) 'ETL' retrieved from /opt/airflow/dags/etl_process.py
[2024-06-01T00:21:48.002+0000] {logging_mixin.py:188} INFO - [2024-06-01T00:21:48.001+0000] {dag.py:3096} INFO - Sync 1 DAGs
[2024-06-01T00:21:48.034+0000] {logging_mixin.py:188} INFO - [2024-06-01T00:21:48.034+0000] {dag.py:3954} INFO - Setting next_dagrun for ETL to 2024-05-21 00:00:00+00:00, run_after=2024-05-21 00:00:00+00:00
[2024-06-01T00:21:48.060+0000] {processor.py:183} INFO - Processing /opt/airflow/dags/etl_process.py took 0.155 seconds
[2024-06-01T00:22:18.287+0000] {processor.py:161} INFO - Started process (PID=17890) to work on /opt/airflow/dags/etl_process.py
[2024-06-01T00:22:18.298+0000] {processor.py:830} INFO - Processing file /opt/airflow/dags/etl_process.py for tasks to queue
[2024-06-01T00:22:18.302+0000] {logging_mixin.py:188} INFO - [2024-06-01T00:22:18.302+0000] {dagbag.py:545} INFO - Filling up the DagBag from /opt/airflow/dags/etl_process.py
[2024-06-01T00:22:18.313+0000] {processor.py:840} INFO - DAG(s) 'ETL' retrieved from /opt/airflow/dags/etl_process.py
[2024-06-01T00:22:18.368+0000] {logging_mixin.py:188} INFO - [2024-06-01T00:22:18.367+0000] {dag.py:3096} INFO - Sync 1 DAGs
[2024-06-01T00:22:18.399+0000] {logging_mixin.py:188} INFO - [2024-06-01T00:22:18.398+0000] {dag.py:3954} INFO - Setting next_dagrun for ETL to 2024-05-21 00:00:00+00:00, run_after=2024-05-21 00:00:00+00:00
[2024-06-01T00:22:18.419+0000] {processor.py:183} INFO - Processing /opt/airflow/dags/etl_process.py took 0.138 seconds
[2024-06-01T00:22:48.592+0000] {processor.py:161} INFO - Started process (PID=17914) to work on /opt/airflow/dags/etl_process.py
[2024-06-01T00:22:48.597+0000] {processor.py:830} INFO - Processing file /opt/airflow/dags/etl_process.py for tasks to queue
[2024-06-01T00:22:48.598+0000] {logging_mixin.py:188} INFO - [2024-06-01T00:22:48.598+0000] {dagbag.py:545} INFO - Filling up the DagBag from /opt/airflow/dags/etl_process.py
[2024-06-01T00:22:48.614+0000] {processor.py:840} INFO - DAG(s) 'ETL' retrieved from /opt/airflow/dags/etl_process.py
[2024-06-01T00:22:48.669+0000] {logging_mixin.py:188} INFO - [2024-06-01T00:22:48.669+0000] {dag.py:3096} INFO - Sync 1 DAGs
[2024-06-01T00:22:48.708+0000] {logging_mixin.py:188} INFO - [2024-06-01T00:22:48.707+0000] {dag.py:3954} INFO - Setting next_dagrun for ETL to 2024-05-21 00:00:00+00:00, run_after=2024-05-21 00:00:00+00:00
[2024-06-01T00:22:48.748+0000] {processor.py:183} INFO - Processing /opt/airflow/dags/etl_process.py took 0.164 seconds
[2024-06-01T00:23:18.994+0000] {processor.py:161} INFO - Started process (PID=17931) to work on /opt/airflow/dags/etl_process.py
[2024-06-01T00:23:18.996+0000] {processor.py:830} INFO - Processing file /opt/airflow/dags/etl_process.py for tasks to queue
[2024-06-01T00:23:18.998+0000] {logging_mixin.py:188} INFO - [2024-06-01T00:23:18.997+0000] {dagbag.py:545} INFO - Filling up the DagBag from /opt/airflow/dags/etl_process.py
[2024-06-01T00:23:19.013+0000] {processor.py:840} INFO - DAG(s) 'ETL' retrieved from /opt/airflow/dags/etl_process.py
[2024-06-01T00:23:19.080+0000] {logging_mixin.py:188} INFO - [2024-06-01T00:23:19.079+0000] {dag.py:3096} INFO - Sync 1 DAGs
[2024-06-01T00:23:19.111+0000] {logging_mixin.py:188} INFO - [2024-06-01T00:23:19.110+0000] {dag.py:3954} INFO - Setting next_dagrun for ETL to 2024-05-21 00:00:00+00:00, run_after=2024-05-21 00:00:00+00:00
[2024-06-01T00:23:19.139+0000] {processor.py:183} INFO - Processing /opt/airflow/dags/etl_process.py took 0.164 seconds
[2024-06-01T00:23:49.317+0000] {processor.py:161} INFO - Started process (PID=17948) to work on /opt/airflow/dags/etl_process.py
[2024-06-01T00:23:49.326+0000] {processor.py:830} INFO - Processing file /opt/airflow/dags/etl_process.py for tasks to queue
[2024-06-01T00:23:49.327+0000] {logging_mixin.py:188} INFO - [2024-06-01T00:23:49.327+0000] {dagbag.py:545} INFO - Filling up the DagBag from /opt/airflow/dags/etl_process.py
[2024-06-01T00:23:49.338+0000] {processor.py:840} INFO - DAG(s) 'ETL' retrieved from /opt/airflow/dags/etl_process.py
[2024-06-01T00:23:49.370+0000] {logging_mixin.py:188} INFO - [2024-06-01T00:23:49.370+0000] {dag.py:3096} INFO - Sync 1 DAGs
[2024-06-01T00:23:49.395+0000] {logging_mixin.py:188} INFO - [2024-06-01T00:23:49.395+0000] {dag.py:3954} INFO - Setting next_dagrun for ETL to 2024-05-21 00:00:00+00:00, run_after=2024-05-21 00:00:00+00:00
[2024-06-01T00:23:49.418+0000] {processor.py:183} INFO - Processing /opt/airflow/dags/etl_process.py took 0.109 seconds
[2024-06-01T00:24:19.611+0000] {processor.py:161} INFO - Started process (PID=17964) to work on /opt/airflow/dags/etl_process.py
[2024-06-01T00:24:19.614+0000] {processor.py:830} INFO - Processing file /opt/airflow/dags/etl_process.py for tasks to queue
[2024-06-01T00:24:19.615+0000] {logging_mixin.py:188} INFO - [2024-06-01T00:24:19.615+0000] {dagbag.py:545} INFO - Filling up the DagBag from /opt/airflow/dags/etl_process.py
[2024-06-01T00:24:19.643+0000] {processor.py:840} INFO - DAG(s) 'ETL' retrieved from /opt/airflow/dags/etl_process.py
[2024-06-01T00:24:19.714+0000] {logging_mixin.py:188} INFO - [2024-06-01T00:24:19.714+0000] {dag.py:3096} INFO - Sync 1 DAGs
[2024-06-01T00:24:19.746+0000] {logging_mixin.py:188} INFO - [2024-06-01T00:24:19.745+0000] {dag.py:3954} INFO - Setting next_dagrun for ETL to 2024-05-21 00:00:00+00:00, run_after=2024-05-21 00:00:00+00:00
[2024-06-01T00:24:19.780+0000] {processor.py:183} INFO - Processing /opt/airflow/dags/etl_process.py took 0.176 seconds
[2024-06-01T00:24:50.019+0000] {processor.py:161} INFO - Started process (PID=17981) to work on /opt/airflow/dags/etl_process.py
[2024-06-01T00:24:50.020+0000] {processor.py:830} INFO - Processing file /opt/airflow/dags/etl_process.py for tasks to queue
[2024-06-01T00:24:50.022+0000] {logging_mixin.py:188} INFO - [2024-06-01T00:24:50.021+0000] {dagbag.py:545} INFO - Filling up the DagBag from /opt/airflow/dags/etl_process.py
[2024-06-01T00:24:50.032+0000] {processor.py:840} INFO - DAG(s) 'ETL' retrieved from /opt/airflow/dags/etl_process.py
[2024-06-01T00:24:50.077+0000] {logging_mixin.py:188} INFO - [2024-06-01T00:24:50.077+0000] {dag.py:3096} INFO - Sync 1 DAGs
[2024-06-01T00:24:50.115+0000] {logging_mixin.py:188} INFO - [2024-06-01T00:24:50.115+0000] {dag.py:3954} INFO - Setting next_dagrun for ETL to 2024-05-21 00:00:00+00:00, run_after=2024-05-21 00:00:00+00:00
[2024-06-01T00:24:50.163+0000] {processor.py:183} INFO - Processing /opt/airflow/dags/etl_process.py took 0.156 seconds
[2024-06-01T00:25:20.513+0000] {processor.py:161} INFO - Started process (PID=18005) to work on /opt/airflow/dags/etl_process.py
[2024-06-01T00:25:20.522+0000] {processor.py:830} INFO - Processing file /opt/airflow/dags/etl_process.py for tasks to queue
[2024-06-01T00:25:20.528+0000] {logging_mixin.py:188} INFO - [2024-06-01T00:25:20.526+0000] {dagbag.py:545} INFO - Filling up the DagBag from /opt/airflow/dags/etl_process.py
[2024-06-01T00:25:20.585+0000] {processor.py:840} INFO - DAG(s) 'ETL' retrieved from /opt/airflow/dags/etl_process.py
[2024-06-01T00:25:20.727+0000] {logging_mixin.py:188} INFO - [2024-06-01T00:25:20.727+0000] {dag.py:3096} INFO - Sync 1 DAGs
[2024-06-01T00:25:20.753+0000] {logging_mixin.py:188} INFO - [2024-06-01T00:25:20.753+0000] {dag.py:3954} INFO - Setting next_dagrun for ETL to 2024-05-21 00:00:00+00:00, run_after=2024-05-21 00:00:00+00:00
[2024-06-01T00:25:20.779+0000] {processor.py:183} INFO - Processing /opt/airflow/dags/etl_process.py took 0.369 seconds
[2024-06-01T00:25:50.999+0000] {processor.py:161} INFO - Started process (PID=18021) to work on /opt/airflow/dags/etl_process.py
[2024-06-01T00:25:51.002+0000] {processor.py:830} INFO - Processing file /opt/airflow/dags/etl_process.py for tasks to queue
[2024-06-01T00:25:51.003+0000] {logging_mixin.py:188} INFO - [2024-06-01T00:25:51.003+0000] {dagbag.py:545} INFO - Filling up the DagBag from /opt/airflow/dags/etl_process.py
[2024-06-01T00:25:51.026+0000] {processor.py:840} INFO - DAG(s) 'ETL' retrieved from /opt/airflow/dags/etl_process.py
[2024-06-01T00:25:51.065+0000] {logging_mixin.py:188} INFO - [2024-06-01T00:25:51.065+0000] {dag.py:3096} INFO - Sync 1 DAGs
[2024-06-01T00:25:51.087+0000] {logging_mixin.py:188} INFO - [2024-06-01T00:25:51.086+0000] {dag.py:3954} INFO - Setting next_dagrun for ETL to 2024-05-21 00:00:00+00:00, run_after=2024-05-21 00:00:00+00:00
[2024-06-01T00:25:51.108+0000] {processor.py:183} INFO - Processing /opt/airflow/dags/etl_process.py took 0.118 seconds
[2024-06-01T00:26:21.367+0000] {processor.py:161} INFO - Started process (PID=18038) to work on /opt/airflow/dags/etl_process.py
[2024-06-01T00:26:21.369+0000] {processor.py:830} INFO - Processing file /opt/airflow/dags/etl_process.py for tasks to queue
[2024-06-01T00:26:21.371+0000] {logging_mixin.py:188} INFO - [2024-06-01T00:26:21.370+0000] {dagbag.py:545} INFO - Filling up the DagBag from /opt/airflow/dags/etl_process.py
[2024-06-01T00:26:21.384+0000] {processor.py:840} INFO - DAG(s) 'ETL' retrieved from /opt/airflow/dags/etl_process.py
[2024-06-01T00:26:21.421+0000] {logging_mixin.py:188} INFO - [2024-06-01T00:26:21.421+0000] {dag.py:3096} INFO - Sync 1 DAGs
[2024-06-01T00:26:21.444+0000] {logging_mixin.py:188} INFO - [2024-06-01T00:26:21.444+0000] {dag.py:3954} INFO - Setting next_dagrun for ETL to 2024-05-21 00:00:00+00:00, run_after=2024-05-21 00:00:00+00:00
[2024-06-01T00:26:21.468+0000] {processor.py:183} INFO - Processing /opt/airflow/dags/etl_process.py took 0.110 seconds
[2024-06-01T00:26:51.707+0000] {processor.py:161} INFO - Started process (PID=18055) to work on /opt/airflow/dags/etl_process.py
[2024-06-01T00:26:51.708+0000] {processor.py:830} INFO - Processing file /opt/airflow/dags/etl_process.py for tasks to queue
[2024-06-01T00:26:51.709+0000] {logging_mixin.py:188} INFO - [2024-06-01T00:26:51.709+0000] {dagbag.py:545} INFO - Filling up the DagBag from /opt/airflow/dags/etl_process.py
[2024-06-01T00:26:51.719+0000] {processor.py:840} INFO - DAG(s) 'ETL' retrieved from /opt/airflow/dags/etl_process.py
[2024-06-01T00:26:51.753+0000] {logging_mixin.py:188} INFO - [2024-06-01T00:26:51.753+0000] {dag.py:3096} INFO - Sync 1 DAGs
[2024-06-01T00:26:51.774+0000] {logging_mixin.py:188} INFO - [2024-06-01T00:26:51.774+0000] {dag.py:3954} INFO - Setting next_dagrun for ETL to 2024-05-21 00:00:00+00:00, run_after=2024-05-21 00:00:00+00:00
[2024-06-01T00:26:51.800+0000] {processor.py:183} INFO - Processing /opt/airflow/dags/etl_process.py took 0.100 seconds
[2024-06-01T00:27:22.088+0000] {processor.py:161} INFO - Started process (PID=18079) to work on /opt/airflow/dags/etl_process.py
[2024-06-01T00:27:22.090+0000] {processor.py:830} INFO - Processing file /opt/airflow/dags/etl_process.py for tasks to queue
[2024-06-01T00:27:22.091+0000] {logging_mixin.py:188} INFO - [2024-06-01T00:27:22.090+0000] {dagbag.py:545} INFO - Filling up the DagBag from /opt/airflow/dags/etl_process.py
[2024-06-01T00:27:22.103+0000] {processor.py:840} INFO - DAG(s) 'ETL' retrieved from /opt/airflow/dags/etl_process.py
[2024-06-01T00:27:22.141+0000] {logging_mixin.py:188} INFO - [2024-06-01T00:27:22.140+0000] {dag.py:3096} INFO - Sync 1 DAGs
[2024-06-01T00:27:22.168+0000] {logging_mixin.py:188} INFO - [2024-06-01T00:27:22.168+0000] {dag.py:3954} INFO - Setting next_dagrun for ETL to 2024-05-21 00:00:00+00:00, run_after=2024-05-21 00:00:00+00:00
[2024-06-01T00:27:22.197+0000] {processor.py:183} INFO - Processing /opt/airflow/dags/etl_process.py took 0.121 seconds
[2024-06-01T00:27:52.379+0000] {processor.py:161} INFO - Started process (PID=18096) to work on /opt/airflow/dags/etl_process.py
[2024-06-01T00:27:52.390+0000] {processor.py:830} INFO - Processing file /opt/airflow/dags/etl_process.py for tasks to queue
[2024-06-01T00:27:52.392+0000] {logging_mixin.py:188} INFO - [2024-06-01T00:27:52.391+0000] {dagbag.py:545} INFO - Filling up the DagBag from /opt/airflow/dags/etl_process.py
[2024-06-01T00:27:52.406+0000] {processor.py:840} INFO - DAG(s) 'ETL' retrieved from /opt/airflow/dags/etl_process.py
[2024-06-01T00:27:52.445+0000] {logging_mixin.py:188} INFO - [2024-06-01T00:27:52.445+0000] {dag.py:3096} INFO - Sync 1 DAGs
[2024-06-01T00:27:52.469+0000] {logging_mixin.py:188} INFO - [2024-06-01T00:27:52.468+0000] {dag.py:3954} INFO - Setting next_dagrun for ETL to 2024-05-21 00:00:00+00:00, run_after=2024-05-21 00:00:00+00:00
[2024-06-01T00:27:52.488+0000] {processor.py:183} INFO - Processing /opt/airflow/dags/etl_process.py took 0.120 seconds
[2024-06-01T00:28:22.672+0000] {processor.py:161} INFO - Started process (PID=18113) to work on /opt/airflow/dags/etl_process.py
[2024-06-01T00:28:22.673+0000] {processor.py:830} INFO - Processing file /opt/airflow/dags/etl_process.py for tasks to queue
[2024-06-01T00:28:22.675+0000] {logging_mixin.py:188} INFO - [2024-06-01T00:28:22.674+0000] {dagbag.py:545} INFO - Filling up the DagBag from /opt/airflow/dags/etl_process.py
[2024-06-01T00:28:22.693+0000] {processor.py:840} INFO - DAG(s) 'ETL' retrieved from /opt/airflow/dags/etl_process.py
[2024-06-01T00:28:22.731+0000] {logging_mixin.py:188} INFO - [2024-06-01T00:28:22.730+0000] {dag.py:3096} INFO - Sync 1 DAGs
[2024-06-01T00:28:22.753+0000] {logging_mixin.py:188} INFO - [2024-06-01T00:28:22.752+0000] {dag.py:3954} INFO - Setting next_dagrun for ETL to 2024-05-21 00:00:00+00:00, run_after=2024-05-21 00:00:00+00:00
[2024-06-01T00:28:22.773+0000] {processor.py:183} INFO - Processing /opt/airflow/dags/etl_process.py took 0.115 seconds
[2024-06-01T00:28:52.997+0000] {processor.py:161} INFO - Started process (PID=18136) to work on /opt/airflow/dags/etl_process.py
[2024-06-01T00:28:53.000+0000] {processor.py:830} INFO - Processing file /opt/airflow/dags/etl_process.py for tasks to queue
[2024-06-01T00:28:53.000+0000] {logging_mixin.py:188} INFO - [2024-06-01T00:28:53.000+0000] {dagbag.py:545} INFO - Filling up the DagBag from /opt/airflow/dags/etl_process.py
[2024-06-01T00:28:53.011+0000] {processor.py:840} INFO - DAG(s) 'ETL' retrieved from /opt/airflow/dags/etl_process.py
[2024-06-01T00:28:53.048+0000] {logging_mixin.py:188} INFO - [2024-06-01T00:28:53.047+0000] {dag.py:3096} INFO - Sync 1 DAGs
[2024-06-01T00:28:53.072+0000] {logging_mixin.py:188} INFO - [2024-06-01T00:28:53.072+0000] {dag.py:3954} INFO - Setting next_dagrun for ETL to 2024-05-21 00:00:00+00:00, run_after=2024-05-21 00:00:00+00:00
[2024-06-01T00:28:53.095+0000] {processor.py:183} INFO - Processing /opt/airflow/dags/etl_process.py took 0.106 seconds
[2024-06-01T00:29:23.339+0000] {processor.py:161} INFO - Started process (PID=18152) to work on /opt/airflow/dags/etl_process.py
[2024-06-01T00:29:23.348+0000] {processor.py:830} INFO - Processing file /opt/airflow/dags/etl_process.py for tasks to queue
[2024-06-01T00:29:23.349+0000] {logging_mixin.py:188} INFO - [2024-06-01T00:29:23.349+0000] {dagbag.py:545} INFO - Filling up the DagBag from /opt/airflow/dags/etl_process.py
[2024-06-01T00:29:23.360+0000] {processor.py:840} INFO - DAG(s) 'ETL' retrieved from /opt/airflow/dags/etl_process.py
[2024-06-01T00:29:23.413+0000] {logging_mixin.py:188} INFO - [2024-06-01T00:29:23.412+0000] {dag.py:3096} INFO - Sync 1 DAGs
[2024-06-01T00:29:23.447+0000] {logging_mixin.py:188} INFO - [2024-06-01T00:29:23.447+0000] {dag.py:3954} INFO - Setting next_dagrun for ETL to 2024-05-21 00:00:00+00:00, run_after=2024-05-21 00:00:00+00:00
[2024-06-01T00:29:23.469+0000] {processor.py:183} INFO - Processing /opt/airflow/dags/etl_process.py took 0.138 seconds
[2024-06-01T00:29:53.671+0000] {processor.py:161} INFO - Started process (PID=18169) to work on /opt/airflow/dags/etl_process.py
[2024-06-01T00:29:53.677+0000] {processor.py:830} INFO - Processing file /opt/airflow/dags/etl_process.py for tasks to queue
[2024-06-01T00:29:53.678+0000] {logging_mixin.py:188} INFO - [2024-06-01T00:29:53.677+0000] {dagbag.py:545} INFO - Filling up the DagBag from /opt/airflow/dags/etl_process.py
[2024-06-01T00:29:53.686+0000] {processor.py:840} INFO - DAG(s) 'ETL' retrieved from /opt/airflow/dags/etl_process.py
[2024-06-01T00:29:53.719+0000] {logging_mixin.py:188} INFO - [2024-06-01T00:29:53.719+0000] {dag.py:3096} INFO - Sync 1 DAGs
[2024-06-01T00:29:53.744+0000] {logging_mixin.py:188} INFO - [2024-06-01T00:29:53.744+0000] {dag.py:3954} INFO - Setting next_dagrun for ETL to 2024-05-21 00:00:00+00:00, run_after=2024-05-21 00:00:00+00:00
[2024-06-01T00:29:53.771+0000] {processor.py:183} INFO - Processing /opt/airflow/dags/etl_process.py took 0.114 seconds
[2024-06-01T00:30:23.999+0000] {processor.py:161} INFO - Started process (PID=18186) to work on /opt/airflow/dags/etl_process.py
[2024-06-01T00:30:24.010+0000] {processor.py:830} INFO - Processing file /opt/airflow/dags/etl_process.py for tasks to queue
[2024-06-01T00:30:24.011+0000] {logging_mixin.py:188} INFO - [2024-06-01T00:30:24.011+0000] {dagbag.py:545} INFO - Filling up the DagBag from /opt/airflow/dags/etl_process.py
[2024-06-01T00:30:24.028+0000] {processor.py:840} INFO - DAG(s) 'ETL' retrieved from /opt/airflow/dags/etl_process.py
[2024-06-01T00:30:24.073+0000] {logging_mixin.py:188} INFO - [2024-06-01T00:30:24.073+0000] {dag.py:3096} INFO - Sync 1 DAGs
[2024-06-01T00:30:24.103+0000] {logging_mixin.py:188} INFO - [2024-06-01T00:30:24.103+0000] {dag.py:3954} INFO - Setting next_dagrun for ETL to 2024-05-21 00:00:00+00:00, run_after=2024-05-21 00:00:00+00:00
[2024-06-01T00:30:24.131+0000] {processor.py:183} INFO - Processing /opt/airflow/dags/etl_process.py took 0.143 seconds
[2024-06-01T00:30:54.308+0000] {processor.py:161} INFO - Started process (PID=18210) to work on /opt/airflow/dags/etl_process.py
[2024-06-01T00:30:54.320+0000] {processor.py:830} INFO - Processing file /opt/airflow/dags/etl_process.py for tasks to queue
[2024-06-01T00:30:54.321+0000] {logging_mixin.py:188} INFO - [2024-06-01T00:30:54.321+0000] {dagbag.py:545} INFO - Filling up the DagBag from /opt/airflow/dags/etl_process.py
[2024-06-01T00:30:54.337+0000] {processor.py:840} INFO - DAG(s) 'ETL' retrieved from /opt/airflow/dags/etl_process.py
[2024-06-01T00:30:54.384+0000] {logging_mixin.py:188} INFO - [2024-06-01T00:30:54.384+0000] {dag.py:3096} INFO - Sync 1 DAGs
[2024-06-01T00:30:54.417+0000] {logging_mixin.py:188} INFO - [2024-06-01T00:30:54.416+0000] {dag.py:3954} INFO - Setting next_dagrun for ETL to 2024-05-21 00:00:00+00:00, run_after=2024-05-21 00:00:00+00:00
[2024-06-01T00:30:54.445+0000] {processor.py:183} INFO - Processing /opt/airflow/dags/etl_process.py took 0.150 seconds
[2024-06-01T00:31:24.631+0000] {processor.py:161} INFO - Started process (PID=18227) to work on /opt/airflow/dags/etl_process.py
[2024-06-01T00:31:24.641+0000] {processor.py:830} INFO - Processing file /opt/airflow/dags/etl_process.py for tasks to queue
[2024-06-01T00:31:24.642+0000] {logging_mixin.py:188} INFO - [2024-06-01T00:31:24.641+0000] {dagbag.py:545} INFO - Filling up the DagBag from /opt/airflow/dags/etl_process.py
[2024-06-01T00:31:24.652+0000] {processor.py:840} INFO - DAG(s) 'ETL' retrieved from /opt/airflow/dags/etl_process.py
[2024-06-01T00:31:24.700+0000] {logging_mixin.py:188} INFO - [2024-06-01T00:31:24.700+0000] {dag.py:3096} INFO - Sync 1 DAGs
[2024-06-01T00:31:24.741+0000] {logging_mixin.py:188} INFO - [2024-06-01T00:31:24.740+0000] {dag.py:3954} INFO - Setting next_dagrun for ETL to 2024-05-21 00:00:00+00:00, run_after=2024-05-21 00:00:00+00:00
[2024-06-01T00:31:24.783+0000] {processor.py:183} INFO - Processing /opt/airflow/dags/etl_process.py took 0.167 seconds
[2024-06-01T00:31:55.068+0000] {processor.py:161} INFO - Started process (PID=18244) to work on /opt/airflow/dags/etl_process.py
[2024-06-01T00:31:55.072+0000] {processor.py:830} INFO - Processing file /opt/airflow/dags/etl_process.py for tasks to queue
[2024-06-01T00:31:55.073+0000] {logging_mixin.py:188} INFO - [2024-06-01T00:31:55.072+0000] {dagbag.py:545} INFO - Filling up the DagBag from /opt/airflow/dags/etl_process.py
[2024-06-01T00:31:55.088+0000] {processor.py:840} INFO - DAG(s) 'ETL' retrieved from /opt/airflow/dags/etl_process.py
[2024-06-01T00:31:55.134+0000] {logging_mixin.py:188} INFO - [2024-06-01T00:31:55.133+0000] {dag.py:3096} INFO - Sync 1 DAGs
[2024-06-01T00:31:55.163+0000] {logging_mixin.py:188} INFO - [2024-06-01T00:31:55.163+0000] {dag.py:3954} INFO - Setting next_dagrun for ETL to 2024-05-21 00:00:00+00:00, run_after=2024-05-21 00:00:00+00:00
[2024-06-01T00:31:55.189+0000] {processor.py:183} INFO - Processing /opt/airflow/dags/etl_process.py took 0.138 seconds
[2024-06-01T00:32:25.422+0000] {processor.py:161} INFO - Started process (PID=18261) to work on /opt/airflow/dags/etl_process.py
[2024-06-01T00:32:25.437+0000] {processor.py:830} INFO - Processing file /opt/airflow/dags/etl_process.py for tasks to queue
[2024-06-01T00:32:25.438+0000] {logging_mixin.py:188} INFO - [2024-06-01T00:32:25.437+0000] {dagbag.py:545} INFO - Filling up the DagBag from /opt/airflow/dags/etl_process.py
[2024-06-01T00:32:25.455+0000] {processor.py:840} INFO - DAG(s) 'ETL' retrieved from /opt/airflow/dags/etl_process.py
[2024-06-01T00:32:25.496+0000] {logging_mixin.py:188} INFO - [2024-06-01T00:32:25.495+0000] {dag.py:3096} INFO - Sync 1 DAGs
[2024-06-01T00:32:25.528+0000] {logging_mixin.py:188} INFO - [2024-06-01T00:32:25.527+0000] {dag.py:3954} INFO - Setting next_dagrun for ETL to 2024-05-21 00:00:00+00:00, run_after=2024-05-21 00:00:00+00:00
[2024-06-01T00:32:25.561+0000] {processor.py:183} INFO - Processing /opt/airflow/dags/etl_process.py took 0.160 seconds
[2024-06-01T00:32:55.755+0000] {processor.py:161} INFO - Started process (PID=18278) to work on /opt/airflow/dags/etl_process.py
[2024-06-01T00:32:55.766+0000] {processor.py:830} INFO - Processing file /opt/airflow/dags/etl_process.py for tasks to queue
[2024-06-01T00:32:55.767+0000] {logging_mixin.py:188} INFO - [2024-06-01T00:32:55.767+0000] {dagbag.py:545} INFO - Filling up the DagBag from /opt/airflow/dags/etl_process.py
[2024-06-01T00:32:55.782+0000] {processor.py:840} INFO - DAG(s) 'ETL' retrieved from /opt/airflow/dags/etl_process.py
[2024-06-01T00:32:55.826+0000] {logging_mixin.py:188} INFO - [2024-06-01T00:32:55.826+0000] {dag.py:3096} INFO - Sync 1 DAGs
[2024-06-01T00:32:55.859+0000] {logging_mixin.py:188} INFO - [2024-06-01T00:32:55.858+0000] {dag.py:3954} INFO - Setting next_dagrun for ETL to 2024-05-21 00:00:00+00:00, run_after=2024-05-21 00:00:00+00:00
[2024-06-01T00:32:55.888+0000] {processor.py:183} INFO - Processing /opt/airflow/dags/etl_process.py took 0.149 seconds
[2024-06-01T00:33:26.127+0000] {processor.py:161} INFO - Started process (PID=18302) to work on /opt/airflow/dags/etl_process.py
[2024-06-01T00:33:26.138+0000] {processor.py:830} INFO - Processing file /opt/airflow/dags/etl_process.py for tasks to queue
[2024-06-01T00:33:26.140+0000] {logging_mixin.py:188} INFO - [2024-06-01T00:33:26.139+0000] {dagbag.py:545} INFO - Filling up the DagBag from /opt/airflow/dags/etl_process.py
[2024-06-01T00:33:26.153+0000] {processor.py:840} INFO - DAG(s) 'ETL' retrieved from /opt/airflow/dags/etl_process.py
[2024-06-01T00:33:26.200+0000] {logging_mixin.py:188} INFO - [2024-06-01T00:33:26.200+0000] {dag.py:3096} INFO - Sync 1 DAGs
[2024-06-01T00:33:26.236+0000] {logging_mixin.py:188} INFO - [2024-06-01T00:33:26.235+0000] {dag.py:3954} INFO - Setting next_dagrun for ETL to 2024-05-21 00:00:00+00:00, run_after=2024-05-21 00:00:00+00:00
[2024-06-01T00:33:26.268+0000] {processor.py:183} INFO - Processing /opt/airflow/dags/etl_process.py took 0.161 seconds
[2024-06-01T00:33:56.497+0000] {processor.py:161} INFO - Started process (PID=18318) to work on /opt/airflow/dags/etl_process.py
[2024-06-01T00:33:56.518+0000] {processor.py:830} INFO - Processing file /opt/airflow/dags/etl_process.py for tasks to queue
[2024-06-01T00:33:56.519+0000] {logging_mixin.py:188} INFO - [2024-06-01T00:33:56.519+0000] {dagbag.py:545} INFO - Filling up the DagBag from /opt/airflow/dags/etl_process.py
[2024-06-01T00:33:56.534+0000] {processor.py:840} INFO - DAG(s) 'ETL' retrieved from /opt/airflow/dags/etl_process.py
[2024-06-01T00:33:56.595+0000] {logging_mixin.py:188} INFO - [2024-06-01T00:33:56.594+0000] {dag.py:3096} INFO - Sync 1 DAGs
[2024-06-01T00:33:56.628+0000] {logging_mixin.py:188} INFO - [2024-06-01T00:33:56.627+0000] {dag.py:3954} INFO - Setting next_dagrun for ETL to 2024-05-21 00:00:00+00:00, run_after=2024-05-21 00:00:00+00:00
[2024-06-01T00:33:56.652+0000] {processor.py:183} INFO - Processing /opt/airflow/dags/etl_process.py took 0.172 seconds
[2024-06-01T00:34:26.840+0000] {processor.py:161} INFO - Started process (PID=18335) to work on /opt/airflow/dags/etl_process.py
[2024-06-01T00:34:26.851+0000] {processor.py:830} INFO - Processing file /opt/airflow/dags/etl_process.py for tasks to queue
[2024-06-01T00:34:26.852+0000] {logging_mixin.py:188} INFO - [2024-06-01T00:34:26.852+0000] {dagbag.py:545} INFO - Filling up the DagBag from /opt/airflow/dags/etl_process.py
[2024-06-01T00:34:26.867+0000] {processor.py:840} INFO - DAG(s) 'ETL' retrieved from /opt/airflow/dags/etl_process.py
[2024-06-01T00:34:26.922+0000] {logging_mixin.py:188} INFO - [2024-06-01T00:34:26.922+0000] {dag.py:3096} INFO - Sync 1 DAGs
[2024-06-01T00:34:26.956+0000] {logging_mixin.py:188} INFO - [2024-06-01T00:34:26.955+0000] {dag.py:3954} INFO - Setting next_dagrun for ETL to 2024-05-21 00:00:00+00:00, run_after=2024-05-21 00:00:00+00:00
[2024-06-01T00:34:26.981+0000] {processor.py:183} INFO - Processing /opt/airflow/dags/etl_process.py took 0.151 seconds
[2024-06-01T00:34:57.195+0000] {processor.py:161} INFO - Started process (PID=18352) to work on /opt/airflow/dags/etl_process.py
[2024-06-01T00:34:57.196+0000] {processor.py:830} INFO - Processing file /opt/airflow/dags/etl_process.py for tasks to queue
[2024-06-01T00:34:57.197+0000] {logging_mixin.py:188} INFO - [2024-06-01T00:34:57.196+0000] {dagbag.py:545} INFO - Filling up the DagBag from /opt/airflow/dags/etl_process.py
[2024-06-01T00:34:57.212+0000] {processor.py:840} INFO - DAG(s) 'ETL' retrieved from /opt/airflow/dags/etl_process.py
[2024-06-01T00:34:57.253+0000] {logging_mixin.py:188} INFO - [2024-06-01T00:34:57.253+0000] {dag.py:3096} INFO - Sync 1 DAGs
[2024-06-01T00:34:57.289+0000] {logging_mixin.py:188} INFO - [2024-06-01T00:34:57.288+0000] {dag.py:3954} INFO - Setting next_dagrun for ETL to 2024-05-21 00:00:00+00:00, run_after=2024-05-21 00:00:00+00:00
[2024-06-01T00:34:57.327+0000] {processor.py:183} INFO - Processing /opt/airflow/dags/etl_process.py took 0.151 seconds
[2024-06-01T00:35:27.587+0000] {processor.py:161} INFO - Started process (PID=18376) to work on /opt/airflow/dags/etl_process.py
[2024-06-01T00:35:27.596+0000] {processor.py:830} INFO - Processing file /opt/airflow/dags/etl_process.py for tasks to queue
[2024-06-01T00:35:27.598+0000] {logging_mixin.py:188} INFO - [2024-06-01T00:35:27.597+0000] {dagbag.py:545} INFO - Filling up the DagBag from /opt/airflow/dags/etl_process.py
[2024-06-01T00:35:27.609+0000] {processor.py:840} INFO - DAG(s) 'ETL' retrieved from /opt/airflow/dags/etl_process.py
[2024-06-01T00:35:27.660+0000] {logging_mixin.py:188} INFO - [2024-06-01T00:35:27.659+0000] {dag.py:3096} INFO - Sync 1 DAGs
[2024-06-01T00:35:27.701+0000] {logging_mixin.py:188} INFO - [2024-06-01T00:35:27.700+0000] {dag.py:3954} INFO - Setting next_dagrun for ETL to 2024-05-21 00:00:00+00:00, run_after=2024-05-21 00:00:00+00:00
[2024-06-01T00:35:27.741+0000] {processor.py:183} INFO - Processing /opt/airflow/dags/etl_process.py took 0.171 seconds
[2024-06-01T00:35:57.951+0000] {processor.py:161} INFO - Started process (PID=18393) to work on /opt/airflow/dags/etl_process.py
[2024-06-01T00:35:57.961+0000] {processor.py:830} INFO - Processing file /opt/airflow/dags/etl_process.py for tasks to queue
[2024-06-01T00:35:57.963+0000] {logging_mixin.py:188} INFO - [2024-06-01T00:35:57.962+0000] {dagbag.py:545} INFO - Filling up the DagBag from /opt/airflow/dags/etl_process.py
[2024-06-01T00:35:57.983+0000] {processor.py:840} INFO - DAG(s) 'ETL' retrieved from /opt/airflow/dags/etl_process.py
[2024-06-01T00:35:58.026+0000] {logging_mixin.py:188} INFO - [2024-06-01T00:35:58.026+0000] {dag.py:3096} INFO - Sync 1 DAGs
[2024-06-01T00:35:58.065+0000] {logging_mixin.py:188} INFO - [2024-06-01T00:35:58.065+0000] {dag.py:3954} INFO - Setting next_dagrun for ETL to 2024-05-21 00:00:00+00:00, run_after=2024-05-21 00:00:00+00:00
[2024-06-01T00:35:58.089+0000] {processor.py:183} INFO - Processing /opt/airflow/dags/etl_process.py took 0.153 seconds
[2024-06-01T05:03:09.005+0000] {processor.py:161} INFO - Started process (PID=18395) to work on /opt/airflow/dags/etl_process.py
[2024-06-01T05:03:09.007+0000] {processor.py:830} INFO - Processing file /opt/airflow/dags/etl_process.py for tasks to queue
[2024-06-01T05:03:09.008+0000] {logging_mixin.py:188} INFO - [2024-06-01T05:03:09.007+0000] {dagbag.py:545} INFO - Filling up the DagBag from /opt/airflow/dags/etl_process.py
[2024-06-01T05:03:09.032+0000] {processor.py:840} INFO - DAG(s) 'ETL' retrieved from /opt/airflow/dags/etl_process.py
[2024-06-01T05:03:09.110+0000] {logging_mixin.py:188} INFO - [2024-06-01T05:03:09.110+0000] {dag.py:3096} INFO - Sync 1 DAGs
[2024-06-01T05:03:09.184+0000] {logging_mixin.py:188} INFO - [2024-06-01T05:03:09.183+0000] {dag.py:3954} INFO - Setting next_dagrun for ETL to 2024-05-21 00:00:00+00:00, run_after=2024-05-21 00:00:00+00:00
[2024-06-01T05:03:09.303+0000] {processor.py:183} INFO - Processing /opt/airflow/dags/etl_process.py took 0.309 seconds
[2024-06-01T05:03:39.620+0000] {processor.py:161} INFO - Started process (PID=18412) to work on /opt/airflow/dags/etl_process.py
[2024-06-01T05:03:39.622+0000] {processor.py:830} INFO - Processing file /opt/airflow/dags/etl_process.py for tasks to queue
[2024-06-01T05:03:39.623+0000] {logging_mixin.py:188} INFO - [2024-06-01T05:03:39.623+0000] {dagbag.py:545} INFO - Filling up the DagBag from /opt/airflow/dags/etl_process.py
[2024-06-01T05:03:39.658+0000] {processor.py:840} INFO - DAG(s) 'ETL' retrieved from /opt/airflow/dags/etl_process.py
[2024-06-01T05:03:39.716+0000] {logging_mixin.py:188} INFO - [2024-06-01T05:03:39.715+0000] {dag.py:3096} INFO - Sync 1 DAGs
[2024-06-01T05:03:39.770+0000] {logging_mixin.py:188} INFO - [2024-06-01T05:03:39.769+0000] {dag.py:3954} INFO - Setting next_dagrun for ETL to 2024-05-21 00:00:00+00:00, run_after=2024-05-21 00:00:00+00:00
[2024-06-01T05:03:39.811+0000] {processor.py:183} INFO - Processing /opt/airflow/dags/etl_process.py took 0.219 seconds
[2024-06-01T14:59:38.316+0000] {processor.py:161} INFO - Started process (PID=18422) to work on /opt/airflow/dags/etl_process.py
[2024-06-01T14:59:38.317+0000] {processor.py:830} INFO - Processing file /opt/airflow/dags/etl_process.py for tasks to queue
[2024-06-01T14:59:38.318+0000] {logging_mixin.py:188} INFO - [2024-06-01T14:59:38.318+0000] {dagbag.py:545} INFO - Filling up the DagBag from /opt/airflow/dags/etl_process.py
[2024-06-01T14:59:38.324+0000] {processor.py:840} INFO - DAG(s) 'ETL' retrieved from /opt/airflow/dags/etl_process.py
[2024-06-01T14:59:38.355+0000] {logging_mixin.py:188} INFO - [2024-06-01T14:59:38.355+0000] {dag.py:3096} INFO - Sync 1 DAGs
[2024-06-01T14:59:38.374+0000] {logging_mixin.py:188} INFO - [2024-06-01T14:59:38.373+0000] {dag.py:3954} INFO - Setting next_dagrun for ETL to 2024-05-21 00:00:00+00:00, run_after=2024-05-21 00:00:00+00:00
[2024-06-01T14:59:38.391+0000] {processor.py:183} INFO - Processing /opt/airflow/dags/etl_process.py took 0.079 seconds
