[2024-06-01T00:00:03.040+0000] {processor.py:161} INFO - Started process (PID=17069) to work on /opt/airflow/dags/oauth_dag.py
[2024-06-01T00:00:03.041+0000] {processor.py:830} INFO - Processing file /opt/airflow/dags/oauth_dag.py for tasks to queue
[2024-06-01T00:00:03.042+0000] {logging_mixin.py:188} INFO - [2024-06-01T00:00:03.042+0000] {dagbag.py:545} INFO - Filling up the DagBag from /opt/airflow/dags/oauth_dag.py
[2024-06-01T00:00:03.059+0000] {processor.py:840} INFO - DAG(s) 'OAuth_Zoom' retrieved from /opt/airflow/dags/oauth_dag.py
[2024-06-01T00:00:03.103+0000] {logging_mixin.py:188} INFO - [2024-06-01T00:00:03.103+0000] {dag.py:3096} INFO - Sync 1 DAGs
[2024-06-01T00:00:03.142+0000] {logging_mixin.py:188} INFO - [2024-06-01T00:00:03.142+0000] {dag.py:3954} INFO - Setting next_dagrun for OAuth_Zoom to 2024-05-31 23:30:00+00:00, run_after=2024-06-01 00:00:00+00:00
[2024-06-01T00:00:03.170+0000] {processor.py:183} INFO - Processing /opt/airflow/dags/oauth_dag.py took 0.145 seconds
[2024-06-01T00:00:33.377+0000] {processor.py:161} INFO - Started process (PID=17086) to work on /opt/airflow/dags/oauth_dag.py
[2024-06-01T00:00:33.378+0000] {processor.py:830} INFO - Processing file /opt/airflow/dags/oauth_dag.py for tasks to queue
[2024-06-01T00:00:33.379+0000] {logging_mixin.py:188} INFO - [2024-06-01T00:00:33.378+0000] {dagbag.py:545} INFO - Filling up the DagBag from /opt/airflow/dags/oauth_dag.py
[2024-06-01T00:00:33.395+0000] {processor.py:840} INFO - DAG(s) 'OAuth_Zoom' retrieved from /opt/airflow/dags/oauth_dag.py
[2024-06-01T00:00:33.437+0000] {logging_mixin.py:188} INFO - [2024-06-01T00:00:33.437+0000] {dag.py:3096} INFO - Sync 1 DAGs
[2024-06-01T00:00:33.467+0000] {logging_mixin.py:188} INFO - [2024-06-01T00:00:33.467+0000] {dag.py:3954} INFO - Setting next_dagrun for OAuth_Zoom to 2024-05-31 23:30:00+00:00, run_after=2024-06-01 00:00:00+00:00
[2024-06-01T00:00:33.490+0000] {processor.py:183} INFO - Processing /opt/airflow/dags/oauth_dag.py took 0.126 seconds
[2024-06-01T00:01:03.747+0000] {processor.py:161} INFO - Started process (PID=17102) to work on /opt/airflow/dags/oauth_dag.py
[2024-06-01T00:01:03.753+0000] {processor.py:830} INFO - Processing file /opt/airflow/dags/oauth_dag.py for tasks to queue
[2024-06-01T00:01:03.754+0000] {logging_mixin.py:188} INFO - [2024-06-01T00:01:03.754+0000] {dagbag.py:545} INFO - Filling up the DagBag from /opt/airflow/dags/oauth_dag.py
[2024-06-01T00:01:03.769+0000] {processor.py:840} INFO - DAG(s) 'OAuth_Zoom' retrieved from /opt/airflow/dags/oauth_dag.py
[2024-06-01T00:01:03.813+0000] {logging_mixin.py:188} INFO - [2024-06-01T00:01:03.813+0000] {dag.py:3096} INFO - Sync 1 DAGs
[2024-06-01T00:01:03.857+0000] {logging_mixin.py:188} INFO - [2024-06-01T00:01:03.857+0000] {dag.py:3954} INFO - Setting next_dagrun for OAuth_Zoom to 2024-05-31 23:30:00+00:00, run_after=2024-06-01 00:00:00+00:00
[2024-06-01T00:01:03.880+0000] {processor.py:183} INFO - Processing /opt/airflow/dags/oauth_dag.py took 0.143 seconds
[2024-06-01T00:01:34.091+0000] {processor.py:161} INFO - Started process (PID=17125) to work on /opt/airflow/dags/oauth_dag.py
[2024-06-01T00:01:34.100+0000] {processor.py:830} INFO - Processing file /opt/airflow/dags/oauth_dag.py for tasks to queue
[2024-06-01T00:01:34.101+0000] {logging_mixin.py:188} INFO - [2024-06-01T00:01:34.100+0000] {dagbag.py:545} INFO - Filling up the DagBag from /opt/airflow/dags/oauth_dag.py
[2024-06-01T00:01:34.119+0000] {processor.py:840} INFO - DAG(s) 'OAuth_Zoom' retrieved from /opt/airflow/dags/oauth_dag.py
[2024-06-01T00:01:34.155+0000] {logging_mixin.py:188} INFO - [2024-06-01T00:01:34.154+0000] {dag.py:3096} INFO - Sync 1 DAGs
[2024-06-01T00:01:34.187+0000] {logging_mixin.py:188} INFO - [2024-06-01T00:01:34.187+0000] {dag.py:3954} INFO - Setting next_dagrun for OAuth_Zoom to 2024-05-31 23:30:00+00:00, run_after=2024-06-01 00:00:00+00:00
[2024-06-01T00:01:34.209+0000] {processor.py:183} INFO - Processing /opt/airflow/dags/oauth_dag.py took 0.125 seconds
[2024-06-01T00:02:04.443+0000] {processor.py:161} INFO - Started process (PID=17143) to work on /opt/airflow/dags/oauth_dag.py
[2024-06-01T00:02:04.454+0000] {processor.py:830} INFO - Processing file /opt/airflow/dags/oauth_dag.py for tasks to queue
[2024-06-01T00:02:04.457+0000] {logging_mixin.py:188} INFO - [2024-06-01T00:02:04.456+0000] {dagbag.py:545} INFO - Filling up the DagBag from /opt/airflow/dags/oauth_dag.py
[2024-06-01T00:02:04.508+0000] {processor.py:840} INFO - DAG(s) 'OAuth_Zoom' retrieved from /opt/airflow/dags/oauth_dag.py
[2024-06-01T00:02:04.588+0000] {logging_mixin.py:188} INFO - [2024-06-01T00:02:04.588+0000] {dag.py:3096} INFO - Sync 1 DAGs
[2024-06-01T00:02:04.636+0000] {logging_mixin.py:188} INFO - [2024-06-01T00:02:04.636+0000] {dag.py:3954} INFO - Setting next_dagrun for OAuth_Zoom to 2024-05-31 23:30:00+00:00, run_after=2024-06-01 00:00:00+00:00
[2024-06-01T00:02:04.676+0000] {processor.py:183} INFO - Processing /opt/airflow/dags/oauth_dag.py took 0.243 seconds
[2024-06-01T00:02:34.918+0000] {processor.py:161} INFO - Started process (PID=17161) to work on /opt/airflow/dags/oauth_dag.py
[2024-06-01T00:02:34.921+0000] {processor.py:830} INFO - Processing file /opt/airflow/dags/oauth_dag.py for tasks to queue
[2024-06-01T00:02:34.923+0000] {logging_mixin.py:188} INFO - [2024-06-01T00:02:34.922+0000] {dagbag.py:545} INFO - Filling up the DagBag from /opt/airflow/dags/oauth_dag.py
[2024-06-01T00:02:34.942+0000] {processor.py:840} INFO - DAG(s) 'OAuth_Zoom' retrieved from /opt/airflow/dags/oauth_dag.py
[2024-06-01T00:02:34.980+0000] {logging_mixin.py:188} INFO - [2024-06-01T00:02:34.980+0000] {dag.py:3096} INFO - Sync 1 DAGs
[2024-06-01T00:02:35.012+0000] {logging_mixin.py:188} INFO - [2024-06-01T00:02:35.011+0000] {dag.py:3954} INFO - Setting next_dagrun for OAuth_Zoom to 2024-05-31 23:30:00+00:00, run_after=2024-06-01 00:00:00+00:00
[2024-06-01T00:02:35.043+0000] {processor.py:183} INFO - Processing /opt/airflow/dags/oauth_dag.py took 0.137 seconds
[2024-06-01T00:03:05.255+0000] {processor.py:161} INFO - Started process (PID=17178) to work on /opt/airflow/dags/oauth_dag.py
[2024-06-01T00:03:05.256+0000] {processor.py:830} INFO - Processing file /opt/airflow/dags/oauth_dag.py for tasks to queue
[2024-06-01T00:03:05.257+0000] {logging_mixin.py:188} INFO - [2024-06-01T00:03:05.257+0000] {dagbag.py:545} INFO - Filling up the DagBag from /opt/airflow/dags/oauth_dag.py
[2024-06-01T00:03:05.268+0000] {processor.py:840} INFO - DAG(s) 'OAuth_Zoom' retrieved from /opt/airflow/dags/oauth_dag.py
[2024-06-01T00:03:05.316+0000] {logging_mixin.py:188} INFO - [2024-06-01T00:03:05.316+0000] {dag.py:3096} INFO - Sync 1 DAGs
[2024-06-01T00:03:05.350+0000] {logging_mixin.py:188} INFO - [2024-06-01T00:03:05.349+0000] {dag.py:3954} INFO - Setting next_dagrun for OAuth_Zoom to 2024-05-31 23:30:00+00:00, run_after=2024-06-01 00:00:00+00:00
[2024-06-01T00:03:05.378+0000] {processor.py:183} INFO - Processing /opt/airflow/dags/oauth_dag.py took 0.130 seconds
[2024-06-01T00:03:35.626+0000] {processor.py:161} INFO - Started process (PID=17195) to work on /opt/airflow/dags/oauth_dag.py
[2024-06-01T00:03:35.627+0000] {processor.py:830} INFO - Processing file /opt/airflow/dags/oauth_dag.py for tasks to queue
[2024-06-01T00:03:35.630+0000] {logging_mixin.py:188} INFO - [2024-06-01T00:03:35.628+0000] {dagbag.py:545} INFO - Filling up the DagBag from /opt/airflow/dags/oauth_dag.py
[2024-06-01T00:03:35.645+0000] {processor.py:840} INFO - DAG(s) 'OAuth_Zoom' retrieved from /opt/airflow/dags/oauth_dag.py
[2024-06-01T00:03:35.687+0000] {logging_mixin.py:188} INFO - [2024-06-01T00:03:35.687+0000] {dag.py:3096} INFO - Sync 1 DAGs
[2024-06-01T00:03:35.724+0000] {logging_mixin.py:188} INFO - [2024-06-01T00:03:35.723+0000] {dag.py:3954} INFO - Setting next_dagrun for OAuth_Zoom to 2024-05-31 23:30:00+00:00, run_after=2024-06-01 00:00:00+00:00
[2024-06-01T00:03:35.751+0000] {processor.py:183} INFO - Processing /opt/airflow/dags/oauth_dag.py took 0.136 seconds
[2024-06-01T00:04:05.962+0000] {processor.py:161} INFO - Started process (PID=17219) to work on /opt/airflow/dags/oauth_dag.py
[2024-06-01T00:04:05.968+0000] {processor.py:830} INFO - Processing file /opt/airflow/dags/oauth_dag.py for tasks to queue
[2024-06-01T00:04:05.970+0000] {logging_mixin.py:188} INFO - [2024-06-01T00:04:05.969+0000] {dagbag.py:545} INFO - Filling up the DagBag from /opt/airflow/dags/oauth_dag.py
[2024-06-01T00:04:05.991+0000] {processor.py:840} INFO - DAG(s) 'OAuth_Zoom' retrieved from /opt/airflow/dags/oauth_dag.py
[2024-06-01T00:04:06.043+0000] {logging_mixin.py:188} INFO - [2024-06-01T00:04:06.042+0000] {dag.py:3096} INFO - Sync 1 DAGs
[2024-06-01T00:04:06.076+0000] {logging_mixin.py:188} INFO - [2024-06-01T00:04:06.076+0000] {dag.py:3954} INFO - Setting next_dagrun for OAuth_Zoom to 2024-05-31 23:30:00+00:00, run_after=2024-06-01 00:00:00+00:00
[2024-06-01T00:04:06.106+0000] {processor.py:183} INFO - Processing /opt/airflow/dags/oauth_dag.py took 0.166 seconds
[2024-06-01T00:04:36.335+0000] {processor.py:161} INFO - Started process (PID=17236) to work on /opt/airflow/dags/oauth_dag.py
[2024-06-01T00:04:36.337+0000] {processor.py:830} INFO - Processing file /opt/airflow/dags/oauth_dag.py for tasks to queue
[2024-06-01T00:04:36.338+0000] {logging_mixin.py:188} INFO - [2024-06-01T00:04:36.338+0000] {dagbag.py:545} INFO - Filling up the DagBag from /opt/airflow/dags/oauth_dag.py
[2024-06-01T00:04:36.353+0000] {processor.py:840} INFO - DAG(s) 'OAuth_Zoom' retrieved from /opt/airflow/dags/oauth_dag.py
[2024-06-01T00:04:36.402+0000] {logging_mixin.py:188} INFO - [2024-06-01T00:04:36.402+0000] {dag.py:3096} INFO - Sync 1 DAGs
[2024-06-01T00:04:36.450+0000] {logging_mixin.py:188} INFO - [2024-06-01T00:04:36.449+0000] {dag.py:3954} INFO - Setting next_dagrun for OAuth_Zoom to 2024-05-31 23:30:00+00:00, run_after=2024-06-01 00:00:00+00:00
[2024-06-01T00:04:36.476+0000] {processor.py:183} INFO - Processing /opt/airflow/dags/oauth_dag.py took 0.154 seconds
[2024-06-01T00:05:06.709+0000] {processor.py:161} INFO - Started process (PID=17253) to work on /opt/airflow/dags/oauth_dag.py
[2024-06-01T00:05:06.711+0000] {processor.py:830} INFO - Processing file /opt/airflow/dags/oauth_dag.py for tasks to queue
[2024-06-01T00:05:06.712+0000] {logging_mixin.py:188} INFO - [2024-06-01T00:05:06.712+0000] {dagbag.py:545} INFO - Filling up the DagBag from /opt/airflow/dags/oauth_dag.py
[2024-06-01T00:05:06.725+0000] {processor.py:840} INFO - DAG(s) 'OAuth_Zoom' retrieved from /opt/airflow/dags/oauth_dag.py
[2024-06-01T00:05:06.753+0000] {logging_mixin.py:188} INFO - [2024-06-01T00:05:06.753+0000] {dag.py:3096} INFO - Sync 1 DAGs
[2024-06-01T00:05:06.783+0000] {logging_mixin.py:188} INFO - [2024-06-01T00:05:06.783+0000] {dag.py:3954} INFO - Setting next_dagrun for OAuth_Zoom to 2024-05-31 23:30:00+00:00, run_after=2024-06-01 00:00:00+00:00
[2024-06-01T00:05:06.806+0000] {processor.py:183} INFO - Processing /opt/airflow/dags/oauth_dag.py took 0.109 seconds
[2024-06-01T00:05:36.979+0000] {processor.py:161} INFO - Started process (PID=17270) to work on /opt/airflow/dags/oauth_dag.py
[2024-06-01T00:05:36.984+0000] {processor.py:830} INFO - Processing file /opt/airflow/dags/oauth_dag.py for tasks to queue
[2024-06-01T00:05:36.985+0000] {logging_mixin.py:188} INFO - [2024-06-01T00:05:36.985+0000] {dagbag.py:545} INFO - Filling up the DagBag from /opt/airflow/dags/oauth_dag.py
[2024-06-01T00:05:36.996+0000] {processor.py:840} INFO - DAG(s) 'OAuth_Zoom' retrieved from /opt/airflow/dags/oauth_dag.py
[2024-06-01T00:05:37.046+0000] {logging_mixin.py:188} INFO - [2024-06-01T00:05:37.046+0000] {dag.py:3096} INFO - Sync 1 DAGs
[2024-06-01T00:05:37.089+0000] {logging_mixin.py:188} INFO - [2024-06-01T00:05:37.089+0000] {dag.py:3954} INFO - Setting next_dagrun for OAuth_Zoom to 2024-05-31 23:30:00+00:00, run_after=2024-06-01 00:00:00+00:00
[2024-06-01T00:05:37.116+0000] {processor.py:183} INFO - Processing /opt/airflow/dags/oauth_dag.py took 0.144 seconds
[2024-06-01T00:06:07.321+0000] {processor.py:161} INFO - Started process (PID=17294) to work on /opt/airflow/dags/oauth_dag.py
[2024-06-01T00:06:07.322+0000] {processor.py:830} INFO - Processing file /opt/airflow/dags/oauth_dag.py for tasks to queue
[2024-06-01T00:06:07.323+0000] {logging_mixin.py:188} INFO - [2024-06-01T00:06:07.323+0000] {dagbag.py:545} INFO - Filling up the DagBag from /opt/airflow/dags/oauth_dag.py
[2024-06-01T00:06:07.339+0000] {processor.py:840} INFO - DAG(s) 'OAuth_Zoom' retrieved from /opt/airflow/dags/oauth_dag.py
[2024-06-01T00:06:07.380+0000] {logging_mixin.py:188} INFO - [2024-06-01T00:06:07.380+0000] {dag.py:3096} INFO - Sync 1 DAGs
[2024-06-01T00:06:07.414+0000] {logging_mixin.py:188} INFO - [2024-06-01T00:06:07.413+0000] {dag.py:3954} INFO - Setting next_dagrun for OAuth_Zoom to 2024-05-31 23:30:00+00:00, run_after=2024-06-01 00:00:00+00:00
[2024-06-01T00:06:07.440+0000] {processor.py:183} INFO - Processing /opt/airflow/dags/oauth_dag.py took 0.129 seconds
[2024-06-01T00:06:37.691+0000] {processor.py:161} INFO - Started process (PID=17311) to work on /opt/airflow/dags/oauth_dag.py
[2024-06-01T00:06:37.693+0000] {processor.py:830} INFO - Processing file /opt/airflow/dags/oauth_dag.py for tasks to queue
[2024-06-01T00:06:37.695+0000] {logging_mixin.py:188} INFO - [2024-06-01T00:06:37.694+0000] {dagbag.py:545} INFO - Filling up the DagBag from /opt/airflow/dags/oauth_dag.py
[2024-06-01T00:06:37.714+0000] {processor.py:840} INFO - DAG(s) 'OAuth_Zoom' retrieved from /opt/airflow/dags/oauth_dag.py
[2024-06-01T00:06:37.755+0000] {logging_mixin.py:188} INFO - [2024-06-01T00:06:37.754+0000] {dag.py:3096} INFO - Sync 1 DAGs
[2024-06-01T00:06:37.787+0000] {logging_mixin.py:188} INFO - [2024-06-01T00:06:37.787+0000] {dag.py:3954} INFO - Setting next_dagrun for OAuth_Zoom to 2024-05-31 23:30:00+00:00, run_after=2024-06-01 00:00:00+00:00
[2024-06-01T00:06:37.815+0000] {processor.py:183} INFO - Processing /opt/airflow/dags/oauth_dag.py took 0.134 seconds
[2024-06-01T00:07:08.042+0000] {processor.py:161} INFO - Started process (PID=17328) to work on /opt/airflow/dags/oauth_dag.py
[2024-06-01T00:07:08.043+0000] {processor.py:830} INFO - Processing file /opt/airflow/dags/oauth_dag.py for tasks to queue
[2024-06-01T00:07:08.044+0000] {logging_mixin.py:188} INFO - [2024-06-01T00:07:08.043+0000] {dagbag.py:545} INFO - Filling up the DagBag from /opt/airflow/dags/oauth_dag.py
[2024-06-01T00:07:08.054+0000] {processor.py:840} INFO - DAG(s) 'OAuth_Zoom' retrieved from /opt/airflow/dags/oauth_dag.py
[2024-06-01T00:07:08.103+0000] {logging_mixin.py:188} INFO - [2024-06-01T00:07:08.103+0000] {dag.py:3096} INFO - Sync 1 DAGs
[2024-06-01T00:07:08.143+0000] {logging_mixin.py:188} INFO - [2024-06-01T00:07:08.143+0000] {dag.py:3954} INFO - Setting next_dagrun for OAuth_Zoom to 2024-05-31 23:30:00+00:00, run_after=2024-06-01 00:00:00+00:00
[2024-06-01T00:07:08.173+0000] {processor.py:183} INFO - Processing /opt/airflow/dags/oauth_dag.py took 0.140 seconds
[2024-06-01T00:07:38.411+0000] {processor.py:161} INFO - Started process (PID=17345) to work on /opt/airflow/dags/oauth_dag.py
[2024-06-01T00:07:38.412+0000] {processor.py:830} INFO - Processing file /opt/airflow/dags/oauth_dag.py for tasks to queue
[2024-06-01T00:07:38.413+0000] {logging_mixin.py:188} INFO - [2024-06-01T00:07:38.413+0000] {dagbag.py:545} INFO - Filling up the DagBag from /opt/airflow/dags/oauth_dag.py
[2024-06-01T00:07:38.423+0000] {processor.py:840} INFO - DAG(s) 'OAuth_Zoom' retrieved from /opt/airflow/dags/oauth_dag.py
[2024-06-01T00:07:38.454+0000] {logging_mixin.py:188} INFO - [2024-06-01T00:07:38.454+0000] {dag.py:3096} INFO - Sync 1 DAGs
[2024-06-01T00:07:38.479+0000] {logging_mixin.py:188} INFO - [2024-06-01T00:07:38.479+0000] {dag.py:3954} INFO - Setting next_dagrun for OAuth_Zoom to 2024-05-31 23:30:00+00:00, run_after=2024-06-01 00:00:00+00:00
[2024-06-01T00:07:38.501+0000] {processor.py:183} INFO - Processing /opt/airflow/dags/oauth_dag.py took 0.097 seconds
[2024-06-01T00:08:08.694+0000] {processor.py:161} INFO - Started process (PID=17369) to work on /opt/airflow/dags/oauth_dag.py
[2024-06-01T00:08:08.703+0000] {processor.py:830} INFO - Processing file /opt/airflow/dags/oauth_dag.py for tasks to queue
[2024-06-01T00:08:08.704+0000] {logging_mixin.py:188} INFO - [2024-06-01T00:08:08.703+0000] {dagbag.py:545} INFO - Filling up the DagBag from /opt/airflow/dags/oauth_dag.py
[2024-06-01T00:08:08.717+0000] {processor.py:840} INFO - DAG(s) 'OAuth_Zoom' retrieved from /opt/airflow/dags/oauth_dag.py
[2024-06-01T00:08:08.752+0000] {logging_mixin.py:188} INFO - [2024-06-01T00:08:08.752+0000] {dag.py:3096} INFO - Sync 1 DAGs
[2024-06-01T00:08:08.783+0000] {logging_mixin.py:188} INFO - [2024-06-01T00:08:08.783+0000] {dag.py:3954} INFO - Setting next_dagrun for OAuth_Zoom to 2024-05-31 23:30:00+00:00, run_after=2024-06-01 00:00:00+00:00
[2024-06-01T00:08:08.807+0000] {processor.py:183} INFO - Processing /opt/airflow/dags/oauth_dag.py took 0.123 seconds
[2024-06-01T00:08:39.012+0000] {processor.py:161} INFO - Started process (PID=17386) to work on /opt/airflow/dags/oauth_dag.py
[2024-06-01T00:08:39.014+0000] {processor.py:830} INFO - Processing file /opt/airflow/dags/oauth_dag.py for tasks to queue
[2024-06-01T00:08:39.015+0000] {logging_mixin.py:188} INFO - [2024-06-01T00:08:39.015+0000] {dagbag.py:545} INFO - Filling up the DagBag from /opt/airflow/dags/oauth_dag.py
[2024-06-01T00:08:39.028+0000] {processor.py:840} INFO - DAG(s) 'OAuth_Zoom' retrieved from /opt/airflow/dags/oauth_dag.py
[2024-06-01T00:08:39.066+0000] {logging_mixin.py:188} INFO - [2024-06-01T00:08:39.065+0000] {dag.py:3096} INFO - Sync 1 DAGs
[2024-06-01T00:08:39.095+0000] {logging_mixin.py:188} INFO - [2024-06-01T00:08:39.095+0000] {dag.py:3954} INFO - Setting next_dagrun for OAuth_Zoom to 2024-05-31 23:30:00+00:00, run_after=2024-06-01 00:00:00+00:00
[2024-06-01T00:08:39.121+0000] {processor.py:183} INFO - Processing /opt/airflow/dags/oauth_dag.py took 0.125 seconds
[2024-06-01T00:09:09.307+0000] {processor.py:161} INFO - Started process (PID=17403) to work on /opt/airflow/dags/oauth_dag.py
[2024-06-01T00:09:09.309+0000] {processor.py:830} INFO - Processing file /opt/airflow/dags/oauth_dag.py for tasks to queue
[2024-06-01T00:09:09.310+0000] {logging_mixin.py:188} INFO - [2024-06-01T00:09:09.310+0000] {dagbag.py:545} INFO - Filling up the DagBag from /opt/airflow/dags/oauth_dag.py
[2024-06-01T00:09:09.328+0000] {processor.py:840} INFO - DAG(s) 'OAuth_Zoom' retrieved from /opt/airflow/dags/oauth_dag.py
[2024-06-01T00:09:09.385+0000] {logging_mixin.py:188} INFO - [2024-06-01T00:09:09.385+0000] {dag.py:3096} INFO - Sync 1 DAGs
[2024-06-01T00:09:09.420+0000] {logging_mixin.py:188} INFO - [2024-06-01T00:09:09.420+0000] {dag.py:3954} INFO - Setting next_dagrun for OAuth_Zoom to 2024-05-31 23:30:00+00:00, run_after=2024-06-01 00:00:00+00:00
[2024-06-01T00:09:09.445+0000] {processor.py:183} INFO - Processing /opt/airflow/dags/oauth_dag.py took 0.147 seconds
[2024-06-01T00:09:39.628+0000] {processor.py:161} INFO - Started process (PID=17420) to work on /opt/airflow/dags/oauth_dag.py
[2024-06-01T00:09:39.630+0000] {processor.py:830} INFO - Processing file /opt/airflow/dags/oauth_dag.py for tasks to queue
[2024-06-01T00:09:39.631+0000] {logging_mixin.py:188} INFO - [2024-06-01T00:09:39.631+0000] {dagbag.py:545} INFO - Filling up the DagBag from /opt/airflow/dags/oauth_dag.py
[2024-06-01T00:09:39.648+0000] {processor.py:840} INFO - DAG(s) 'OAuth_Zoom' retrieved from /opt/airflow/dags/oauth_dag.py
[2024-06-01T00:09:39.689+0000] {logging_mixin.py:188} INFO - [2024-06-01T00:09:39.688+0000] {dag.py:3096} INFO - Sync 1 DAGs
[2024-06-01T00:09:39.722+0000] {logging_mixin.py:188} INFO - [2024-06-01T00:09:39.722+0000] {dag.py:3954} INFO - Setting next_dagrun for OAuth_Zoom to 2024-05-31 23:30:00+00:00, run_after=2024-06-01 00:00:00+00:00
[2024-06-01T00:09:39.747+0000] {processor.py:183} INFO - Processing /opt/airflow/dags/oauth_dag.py took 0.131 seconds
[2024-06-01T00:10:09.944+0000] {processor.py:161} INFO - Started process (PID=17444) to work on /opt/airflow/dags/oauth_dag.py
[2024-06-01T00:10:09.946+0000] {processor.py:830} INFO - Processing file /opt/airflow/dags/oauth_dag.py for tasks to queue
[2024-06-01T00:10:09.948+0000] {logging_mixin.py:188} INFO - [2024-06-01T00:10:09.947+0000] {dagbag.py:545} INFO - Filling up the DagBag from /opt/airflow/dags/oauth_dag.py
[2024-06-01T00:10:09.963+0000] {processor.py:840} INFO - DAG(s) 'OAuth_Zoom' retrieved from /opt/airflow/dags/oauth_dag.py
[2024-06-01T00:10:10.010+0000] {logging_mixin.py:188} INFO - [2024-06-01T00:10:10.009+0000] {dag.py:3096} INFO - Sync 1 DAGs
[2024-06-01T00:10:10.045+0000] {logging_mixin.py:188} INFO - [2024-06-01T00:10:10.045+0000] {dag.py:3954} INFO - Setting next_dagrun for OAuth_Zoom to 2024-05-31 23:30:00+00:00, run_after=2024-06-01 00:00:00+00:00
[2024-06-01T00:10:10.074+0000] {processor.py:183} INFO - Processing /opt/airflow/dags/oauth_dag.py took 0.139 seconds
[2024-06-01T00:10:40.333+0000] {processor.py:161} INFO - Started process (PID=17461) to work on /opt/airflow/dags/oauth_dag.py
[2024-06-01T00:10:40.335+0000] {processor.py:830} INFO - Processing file /opt/airflow/dags/oauth_dag.py for tasks to queue
[2024-06-01T00:10:40.336+0000] {logging_mixin.py:188} INFO - [2024-06-01T00:10:40.336+0000] {dagbag.py:545} INFO - Filling up the DagBag from /opt/airflow/dags/oauth_dag.py
[2024-06-01T00:10:40.348+0000] {processor.py:840} INFO - DAG(s) 'OAuth_Zoom' retrieved from /opt/airflow/dags/oauth_dag.py
[2024-06-01T00:10:40.389+0000] {logging_mixin.py:188} INFO - [2024-06-01T00:10:40.388+0000] {dag.py:3096} INFO - Sync 1 DAGs
[2024-06-01T00:10:40.411+0000] {logging_mixin.py:188} INFO - [2024-06-01T00:10:40.411+0000] {dag.py:3954} INFO - Setting next_dagrun for OAuth_Zoom to 2024-05-31 23:30:00+00:00, run_after=2024-06-01 00:00:00+00:00
[2024-06-01T00:10:40.430+0000] {processor.py:183} INFO - Processing /opt/airflow/dags/oauth_dag.py took 0.104 seconds
[2024-06-01T00:11:10.630+0000] {processor.py:161} INFO - Started process (PID=17478) to work on /opt/airflow/dags/oauth_dag.py
[2024-06-01T00:11:10.631+0000] {processor.py:830} INFO - Processing file /opt/airflow/dags/oauth_dag.py for tasks to queue
[2024-06-01T00:11:10.632+0000] {logging_mixin.py:188} INFO - [2024-06-01T00:11:10.632+0000] {dagbag.py:545} INFO - Filling up the DagBag from /opt/airflow/dags/oauth_dag.py
[2024-06-01T00:11:10.643+0000] {processor.py:840} INFO - DAG(s) 'OAuth_Zoom' retrieved from /opt/airflow/dags/oauth_dag.py
[2024-06-01T00:11:10.685+0000] {logging_mixin.py:188} INFO - [2024-06-01T00:11:10.685+0000] {dag.py:3096} INFO - Sync 1 DAGs
[2024-06-01T00:11:10.716+0000] {logging_mixin.py:188} INFO - [2024-06-01T00:11:10.716+0000] {dag.py:3954} INFO - Setting next_dagrun for OAuth_Zoom to 2024-05-31 23:30:00+00:00, run_after=2024-06-01 00:00:00+00:00
[2024-06-01T00:11:10.741+0000] {processor.py:183} INFO - Processing /opt/airflow/dags/oauth_dag.py took 0.121 seconds
[2024-06-01T00:11:40.934+0000] {processor.py:161} INFO - Started process (PID=17495) to work on /opt/airflow/dags/oauth_dag.py
[2024-06-01T00:11:40.935+0000] {processor.py:830} INFO - Processing file /opt/airflow/dags/oauth_dag.py for tasks to queue
[2024-06-01T00:11:40.936+0000] {logging_mixin.py:188} INFO - [2024-06-01T00:11:40.936+0000] {dagbag.py:545} INFO - Filling up the DagBag from /opt/airflow/dags/oauth_dag.py
[2024-06-01T00:11:40.946+0000] {processor.py:840} INFO - DAG(s) 'OAuth_Zoom' retrieved from /opt/airflow/dags/oauth_dag.py
[2024-06-01T00:11:40.980+0000] {logging_mixin.py:188} INFO - [2024-06-01T00:11:40.979+0000] {dag.py:3096} INFO - Sync 1 DAGs
[2024-06-01T00:11:41.006+0000] {logging_mixin.py:188} INFO - [2024-06-01T00:11:41.006+0000] {dag.py:3954} INFO - Setting next_dagrun for OAuth_Zoom to 2024-05-31 23:30:00+00:00, run_after=2024-06-01 00:00:00+00:00
[2024-06-01T00:11:41.031+0000] {processor.py:183} INFO - Processing /opt/airflow/dags/oauth_dag.py took 0.104 seconds
[2024-06-01T00:12:11.247+0000] {processor.py:161} INFO - Started process (PID=17519) to work on /opt/airflow/dags/oauth_dag.py
[2024-06-01T00:12:11.249+0000] {processor.py:830} INFO - Processing file /opt/airflow/dags/oauth_dag.py for tasks to queue
[2024-06-01T00:12:11.250+0000] {logging_mixin.py:188} INFO - [2024-06-01T00:12:11.249+0000] {dagbag.py:545} INFO - Filling up the DagBag from /opt/airflow/dags/oauth_dag.py
[2024-06-01T00:12:11.267+0000] {processor.py:840} INFO - DAG(s) 'OAuth_Zoom' retrieved from /opt/airflow/dags/oauth_dag.py
[2024-06-01T00:12:11.308+0000] {logging_mixin.py:188} INFO - [2024-06-01T00:12:11.308+0000] {dag.py:3096} INFO - Sync 1 DAGs
[2024-06-01T00:12:11.354+0000] {logging_mixin.py:188} INFO - [2024-06-01T00:12:11.354+0000] {dag.py:3954} INFO - Setting next_dagrun for OAuth_Zoom to 2024-05-31 23:30:00+00:00, run_after=2024-06-01 00:00:00+00:00
[2024-06-01T00:12:11.386+0000] {processor.py:183} INFO - Processing /opt/airflow/dags/oauth_dag.py took 0.155 seconds
[2024-06-01T00:12:41.627+0000] {processor.py:161} INFO - Started process (PID=17536) to work on /opt/airflow/dags/oauth_dag.py
[2024-06-01T00:12:41.628+0000] {processor.py:830} INFO - Processing file /opt/airflow/dags/oauth_dag.py for tasks to queue
[2024-06-01T00:12:41.630+0000] {logging_mixin.py:188} INFO - [2024-06-01T00:12:41.629+0000] {dagbag.py:545} INFO - Filling up the DagBag from /opt/airflow/dags/oauth_dag.py
[2024-06-01T00:12:41.650+0000] {processor.py:840} INFO - DAG(s) 'OAuth_Zoom' retrieved from /opt/airflow/dags/oauth_dag.py
[2024-06-01T00:12:41.703+0000] {logging_mixin.py:188} INFO - [2024-06-01T00:12:41.702+0000] {dag.py:3096} INFO - Sync 1 DAGs
[2024-06-01T00:12:41.743+0000] {logging_mixin.py:188} INFO - [2024-06-01T00:12:41.743+0000] {dag.py:3954} INFO - Setting next_dagrun for OAuth_Zoom to 2024-05-31 23:30:00+00:00, run_after=2024-06-01 00:00:00+00:00
[2024-06-01T00:12:41.767+0000] {processor.py:183} INFO - Processing /opt/airflow/dags/oauth_dag.py took 0.151 seconds
[2024-06-01T00:13:12.014+0000] {processor.py:161} INFO - Started process (PID=17553) to work on /opt/airflow/dags/oauth_dag.py
[2024-06-01T00:13:12.015+0000] {processor.py:830} INFO - Processing file /opt/airflow/dags/oauth_dag.py for tasks to queue
[2024-06-01T00:13:12.017+0000] {logging_mixin.py:188} INFO - [2024-06-01T00:13:12.016+0000] {dagbag.py:545} INFO - Filling up the DagBag from /opt/airflow/dags/oauth_dag.py
[2024-06-01T00:13:12.032+0000] {processor.py:840} INFO - DAG(s) 'OAuth_Zoom' retrieved from /opt/airflow/dags/oauth_dag.py
[2024-06-01T00:13:12.075+0000] {logging_mixin.py:188} INFO - [2024-06-01T00:13:12.075+0000] {dag.py:3096} INFO - Sync 1 DAGs
[2024-06-01T00:13:12.108+0000] {logging_mixin.py:188} INFO - [2024-06-01T00:13:12.107+0000] {dag.py:3954} INFO - Setting next_dagrun for OAuth_Zoom to 2024-05-31 23:30:00+00:00, run_after=2024-06-01 00:00:00+00:00
[2024-06-01T00:13:12.145+0000] {processor.py:183} INFO - Processing /opt/airflow/dags/oauth_dag.py took 0.143 seconds
[2024-06-01T00:13:42.331+0000] {processor.py:161} INFO - Started process (PID=17577) to work on /opt/airflow/dags/oauth_dag.py
[2024-06-01T00:13:42.332+0000] {processor.py:830} INFO - Processing file /opt/airflow/dags/oauth_dag.py for tasks to queue
[2024-06-01T00:13:42.333+0000] {logging_mixin.py:188} INFO - [2024-06-01T00:13:42.333+0000] {dagbag.py:545} INFO - Filling up the DagBag from /opt/airflow/dags/oauth_dag.py
[2024-06-01T00:13:42.355+0000] {processor.py:840} INFO - DAG(s) 'OAuth_Zoom' retrieved from /opt/airflow/dags/oauth_dag.py
[2024-06-01T00:13:42.406+0000] {logging_mixin.py:188} INFO - [2024-06-01T00:13:42.400+0000] {dag.py:3096} INFO - Sync 1 DAGs
[2024-06-01T00:13:42.444+0000] {logging_mixin.py:188} INFO - [2024-06-01T00:13:42.443+0000] {dag.py:3954} INFO - Setting next_dagrun for OAuth_Zoom to 2024-05-31 23:30:00+00:00, run_after=2024-06-01 00:00:00+00:00
[2024-06-01T00:13:42.468+0000] {processor.py:183} INFO - Processing /opt/airflow/dags/oauth_dag.py took 0.147 seconds
[2024-06-01T00:14:12.683+0000] {processor.py:161} INFO - Started process (PID=17593) to work on /opt/airflow/dags/oauth_dag.py
[2024-06-01T00:14:12.685+0000] {processor.py:830} INFO - Processing file /opt/airflow/dags/oauth_dag.py for tasks to queue
[2024-06-01T00:14:12.687+0000] {logging_mixin.py:188} INFO - [2024-06-01T00:14:12.686+0000] {dagbag.py:545} INFO - Filling up the DagBag from /opt/airflow/dags/oauth_dag.py
[2024-06-01T00:14:12.706+0000] {processor.py:840} INFO - DAG(s) 'OAuth_Zoom' retrieved from /opt/airflow/dags/oauth_dag.py
[2024-06-01T00:14:12.747+0000] {logging_mixin.py:188} INFO - [2024-06-01T00:14:12.747+0000] {dag.py:3096} INFO - Sync 1 DAGs
[2024-06-01T00:14:12.790+0000] {logging_mixin.py:188} INFO - [2024-06-01T00:14:12.790+0000] {dag.py:3954} INFO - Setting next_dagrun for OAuth_Zoom to 2024-05-31 23:30:00+00:00, run_after=2024-06-01 00:00:00+00:00
[2024-06-01T00:14:12.814+0000] {processor.py:183} INFO - Processing /opt/airflow/dags/oauth_dag.py took 0.145 seconds
[2024-06-01T00:14:43.043+0000] {processor.py:161} INFO - Started process (PID=17610) to work on /opt/airflow/dags/oauth_dag.py
[2024-06-01T00:14:43.045+0000] {processor.py:830} INFO - Processing file /opt/airflow/dags/oauth_dag.py for tasks to queue
[2024-06-01T00:14:43.046+0000] {logging_mixin.py:188} INFO - [2024-06-01T00:14:43.046+0000] {dagbag.py:545} INFO - Filling up the DagBag from /opt/airflow/dags/oauth_dag.py
[2024-06-01T00:14:43.061+0000] {processor.py:840} INFO - DAG(s) 'OAuth_Zoom' retrieved from /opt/airflow/dags/oauth_dag.py
[2024-06-01T00:14:43.105+0000] {logging_mixin.py:188} INFO - [2024-06-01T00:14:43.105+0000] {dag.py:3096} INFO - Sync 1 DAGs
[2024-06-01T00:14:43.143+0000] {logging_mixin.py:188} INFO - [2024-06-01T00:14:43.143+0000] {dag.py:3954} INFO - Setting next_dagrun for OAuth_Zoom to 2024-05-31 23:30:00+00:00, run_after=2024-06-01 00:00:00+00:00
[2024-06-01T00:14:43.174+0000] {processor.py:183} INFO - Processing /opt/airflow/dags/oauth_dag.py took 0.139 seconds
[2024-06-01T00:15:13.378+0000] {processor.py:161} INFO - Started process (PID=17633) to work on /opt/airflow/dags/oauth_dag.py
[2024-06-01T00:15:13.379+0000] {processor.py:830} INFO - Processing file /opt/airflow/dags/oauth_dag.py for tasks to queue
[2024-06-01T00:15:13.380+0000] {logging_mixin.py:188} INFO - [2024-06-01T00:15:13.380+0000] {dagbag.py:545} INFO - Filling up the DagBag from /opt/airflow/dags/oauth_dag.py
[2024-06-01T00:15:13.392+0000] {processor.py:840} INFO - DAG(s) 'OAuth_Zoom' retrieved from /opt/airflow/dags/oauth_dag.py
[2024-06-01T00:15:13.433+0000] {logging_mixin.py:188} INFO - [2024-06-01T00:15:13.433+0000] {dag.py:3096} INFO - Sync 1 DAGs
[2024-06-01T00:15:13.462+0000] {logging_mixin.py:188} INFO - [2024-06-01T00:15:13.462+0000] {dag.py:3954} INFO - Setting next_dagrun for OAuth_Zoom to 2024-05-31 23:30:00+00:00, run_after=2024-06-01 00:00:00+00:00
[2024-06-01T00:15:13.483+0000] {processor.py:183} INFO - Processing /opt/airflow/dags/oauth_dag.py took 0.117 seconds
[2024-06-01T00:15:43.737+0000] {processor.py:161} INFO - Started process (PID=17650) to work on /opt/airflow/dags/oauth_dag.py
[2024-06-01T00:15:43.739+0000] {processor.py:830} INFO - Processing file /opt/airflow/dags/oauth_dag.py for tasks to queue
[2024-06-01T00:15:43.740+0000] {logging_mixin.py:188} INFO - [2024-06-01T00:15:43.740+0000] {dagbag.py:545} INFO - Filling up the DagBag from /opt/airflow/dags/oauth_dag.py
[2024-06-01T00:15:43.755+0000] {processor.py:840} INFO - DAG(s) 'OAuth_Zoom' retrieved from /opt/airflow/dags/oauth_dag.py
[2024-06-01T00:15:43.797+0000] {logging_mixin.py:188} INFO - [2024-06-01T00:15:43.797+0000] {dag.py:3096} INFO - Sync 1 DAGs
[2024-06-01T00:15:43.829+0000] {logging_mixin.py:188} INFO - [2024-06-01T00:15:43.828+0000] {dag.py:3954} INFO - Setting next_dagrun for OAuth_Zoom to 2024-05-31 23:30:00+00:00, run_after=2024-06-01 00:00:00+00:00
[2024-06-01T00:15:43.852+0000] {processor.py:183} INFO - Processing /opt/airflow/dags/oauth_dag.py took 0.128 seconds
[2024-06-01T00:16:14.080+0000] {processor.py:161} INFO - Started process (PID=17666) to work on /opt/airflow/dags/oauth_dag.py
[2024-06-01T00:16:14.083+0000] {processor.py:830} INFO - Processing file /opt/airflow/dags/oauth_dag.py for tasks to queue
[2024-06-01T00:16:14.084+0000] {logging_mixin.py:188} INFO - [2024-06-01T00:16:14.084+0000] {dagbag.py:545} INFO - Filling up the DagBag from /opt/airflow/dags/oauth_dag.py
[2024-06-01T00:16:14.099+0000] {processor.py:840} INFO - DAG(s) 'OAuth_Zoom' retrieved from /opt/airflow/dags/oauth_dag.py
[2024-06-01T00:16:14.164+0000] {logging_mixin.py:188} INFO - [2024-06-01T00:16:14.164+0000] {dag.py:3096} INFO - Sync 1 DAGs
[2024-06-01T00:16:14.198+0000] {logging_mixin.py:188} INFO - [2024-06-01T00:16:14.198+0000] {dag.py:3954} INFO - Setting next_dagrun for OAuth_Zoom to 2024-05-31 23:30:00+00:00, run_after=2024-06-01 00:00:00+00:00
[2024-06-01T00:16:14.218+0000] {processor.py:183} INFO - Processing /opt/airflow/dags/oauth_dag.py took 0.147 seconds
[2024-06-01T00:16:44.436+0000] {processor.py:161} INFO - Started process (PID=17683) to work on /opt/airflow/dags/oauth_dag.py
[2024-06-01T00:16:44.439+0000] {processor.py:830} INFO - Processing file /opt/airflow/dags/oauth_dag.py for tasks to queue
[2024-06-01T00:16:44.440+0000] {logging_mixin.py:188} INFO - [2024-06-01T00:16:44.440+0000] {dagbag.py:545} INFO - Filling up the DagBag from /opt/airflow/dags/oauth_dag.py
[2024-06-01T00:16:44.455+0000] {processor.py:840} INFO - DAG(s) 'OAuth_Zoom' retrieved from /opt/airflow/dags/oauth_dag.py
[2024-06-01T00:16:44.489+0000] {logging_mixin.py:188} INFO - [2024-06-01T00:16:44.489+0000] {dag.py:3096} INFO - Sync 1 DAGs
[2024-06-01T00:16:44.514+0000] {logging_mixin.py:188} INFO - [2024-06-01T00:16:44.514+0000] {dag.py:3954} INFO - Setting next_dagrun for OAuth_Zoom to 2024-05-31 23:30:00+00:00, run_after=2024-06-01 00:00:00+00:00
[2024-06-01T00:16:44.536+0000] {processor.py:183} INFO - Processing /opt/airflow/dags/oauth_dag.py took 0.109 seconds
[2024-06-01T00:17:14.709+0000] {processor.py:161} INFO - Started process (PID=17707) to work on /opt/airflow/dags/oauth_dag.py
[2024-06-01T00:17:14.711+0000] {processor.py:830} INFO - Processing file /opt/airflow/dags/oauth_dag.py for tasks to queue
[2024-06-01T00:17:14.712+0000] {logging_mixin.py:188} INFO - [2024-06-01T00:17:14.712+0000] {dagbag.py:545} INFO - Filling up the DagBag from /opt/airflow/dags/oauth_dag.py
[2024-06-01T00:17:14.725+0000] {processor.py:840} INFO - DAG(s) 'OAuth_Zoom' retrieved from /opt/airflow/dags/oauth_dag.py
[2024-06-01T00:17:14.771+0000] {logging_mixin.py:188} INFO - [2024-06-01T00:17:14.771+0000] {dag.py:3096} INFO - Sync 1 DAGs
[2024-06-01T00:17:14.811+0000] {logging_mixin.py:188} INFO - [2024-06-01T00:17:14.811+0000] {dag.py:3954} INFO - Setting next_dagrun for OAuth_Zoom to 2024-05-31 23:30:00+00:00, run_after=2024-06-01 00:00:00+00:00
[2024-06-01T00:17:14.835+0000] {processor.py:183} INFO - Processing /opt/airflow/dags/oauth_dag.py took 0.135 seconds
[2024-06-01T00:17:45.049+0000] {processor.py:161} INFO - Started process (PID=17725) to work on /opt/airflow/dags/oauth_dag.py
[2024-06-01T00:17:45.051+0000] {processor.py:830} INFO - Processing file /opt/airflow/dags/oauth_dag.py for tasks to queue
[2024-06-01T00:17:45.052+0000] {logging_mixin.py:188} INFO - [2024-06-01T00:17:45.051+0000] {dagbag.py:545} INFO - Filling up the DagBag from /opt/airflow/dags/oauth_dag.py
[2024-06-01T00:17:45.063+0000] {processor.py:840} INFO - DAG(s) 'OAuth_Zoom' retrieved from /opt/airflow/dags/oauth_dag.py
[2024-06-01T00:17:45.098+0000] {logging_mixin.py:188} INFO - [2024-06-01T00:17:45.097+0000] {dag.py:3096} INFO - Sync 1 DAGs
[2024-06-01T00:17:45.128+0000] {logging_mixin.py:188} INFO - [2024-06-01T00:17:45.128+0000] {dag.py:3954} INFO - Setting next_dagrun for OAuth_Zoom to 2024-05-31 23:30:00+00:00, run_after=2024-06-01 00:00:00+00:00
[2024-06-01T00:17:45.152+0000] {processor.py:183} INFO - Processing /opt/airflow/dags/oauth_dag.py took 0.114 seconds
[2024-06-01T00:18:15.384+0000] {processor.py:161} INFO - Started process (PID=17742) to work on /opt/airflow/dags/oauth_dag.py
[2024-06-01T00:18:15.395+0000] {processor.py:830} INFO - Processing file /opt/airflow/dags/oauth_dag.py for tasks to queue
[2024-06-01T00:18:15.397+0000] {logging_mixin.py:188} INFO - [2024-06-01T00:18:15.396+0000] {dagbag.py:545} INFO - Filling up the DagBag from /opt/airflow/dags/oauth_dag.py
[2024-06-01T00:18:15.447+0000] {processor.py:840} INFO - DAG(s) 'OAuth_Zoom' retrieved from /opt/airflow/dags/oauth_dag.py
[2024-06-01T00:18:15.510+0000] {logging_mixin.py:188} INFO - [2024-06-01T00:18:15.509+0000] {dag.py:3096} INFO - Sync 1 DAGs
[2024-06-01T00:18:15.545+0000] {logging_mixin.py:188} INFO - [2024-06-01T00:18:15.545+0000] {dag.py:3954} INFO - Setting next_dagrun for OAuth_Zoom to 2024-05-31 23:30:00+00:00, run_after=2024-06-01 00:00:00+00:00
[2024-06-01T00:18:15.590+0000] {processor.py:183} INFO - Processing /opt/airflow/dags/oauth_dag.py took 0.223 seconds
[2024-06-01T00:18:45.824+0000] {processor.py:161} INFO - Started process (PID=17759) to work on /opt/airflow/dags/oauth_dag.py
[2024-06-01T00:18:45.826+0000] {processor.py:830} INFO - Processing file /opt/airflow/dags/oauth_dag.py for tasks to queue
[2024-06-01T00:18:45.827+0000] {logging_mixin.py:188} INFO - [2024-06-01T00:18:45.826+0000] {dagbag.py:545} INFO - Filling up the DagBag from /opt/airflow/dags/oauth_dag.py
[2024-06-01T00:18:45.845+0000] {processor.py:840} INFO - DAG(s) 'OAuth_Zoom' retrieved from /opt/airflow/dags/oauth_dag.py
[2024-06-01T00:18:45.887+0000] {logging_mixin.py:188} INFO - [2024-06-01T00:18:45.887+0000] {dag.py:3096} INFO - Sync 1 DAGs
[2024-06-01T00:18:45.919+0000] {logging_mixin.py:188} INFO - [2024-06-01T00:18:45.919+0000] {dag.py:3954} INFO - Setting next_dagrun for OAuth_Zoom to 2024-05-31 23:30:00+00:00, run_after=2024-06-01 00:00:00+00:00
[2024-06-01T00:18:45.942+0000] {processor.py:183} INFO - Processing /opt/airflow/dags/oauth_dag.py took 0.130 seconds
[2024-06-01T00:19:16.119+0000] {processor.py:161} INFO - Started process (PID=17783) to work on /opt/airflow/dags/oauth_dag.py
[2024-06-01T00:19:16.120+0000] {processor.py:830} INFO - Processing file /opt/airflow/dags/oauth_dag.py for tasks to queue
[2024-06-01T00:19:16.121+0000] {logging_mixin.py:188} INFO - [2024-06-01T00:19:16.121+0000] {dagbag.py:545} INFO - Filling up the DagBag from /opt/airflow/dags/oauth_dag.py
[2024-06-01T00:19:16.135+0000] {processor.py:840} INFO - DAG(s) 'OAuth_Zoom' retrieved from /opt/airflow/dags/oauth_dag.py
[2024-06-01T00:19:16.174+0000] {logging_mixin.py:188} INFO - [2024-06-01T00:19:16.173+0000] {dag.py:3096} INFO - Sync 1 DAGs
[2024-06-01T00:19:16.214+0000] {logging_mixin.py:188} INFO - [2024-06-01T00:19:16.214+0000] {dag.py:3954} INFO - Setting next_dagrun for OAuth_Zoom to 2024-05-31 23:30:00+00:00, run_after=2024-06-01 00:00:00+00:00
[2024-06-01T00:19:16.237+0000] {processor.py:183} INFO - Processing /opt/airflow/dags/oauth_dag.py took 0.127 seconds
[2024-06-01T00:19:46.464+0000] {processor.py:161} INFO - Started process (PID=17801) to work on /opt/airflow/dags/oauth_dag.py
[2024-06-01T00:19:46.474+0000] {processor.py:830} INFO - Processing file /opt/airflow/dags/oauth_dag.py for tasks to queue
[2024-06-01T00:19:46.476+0000] {logging_mixin.py:188} INFO - [2024-06-01T00:19:46.475+0000] {dagbag.py:545} INFO - Filling up the DagBag from /opt/airflow/dags/oauth_dag.py
[2024-06-01T00:19:46.496+0000] {processor.py:840} INFO - DAG(s) 'OAuth_Zoom' retrieved from /opt/airflow/dags/oauth_dag.py
[2024-06-01T00:19:46.561+0000] {logging_mixin.py:188} INFO - [2024-06-01T00:19:46.560+0000] {dag.py:3096} INFO - Sync 1 DAGs
[2024-06-01T00:19:46.594+0000] {logging_mixin.py:188} INFO - [2024-06-01T00:19:46.593+0000] {dag.py:3954} INFO - Setting next_dagrun for OAuth_Zoom to 2024-05-31 23:30:00+00:00, run_after=2024-06-01 00:00:00+00:00
[2024-06-01T00:19:46.616+0000] {processor.py:183} INFO - Processing /opt/airflow/dags/oauth_dag.py took 0.169 seconds
[2024-06-01T00:20:16.846+0000] {processor.py:161} INFO - Started process (PID=17818) to work on /opt/airflow/dags/oauth_dag.py
[2024-06-01T00:20:16.847+0000] {processor.py:830} INFO - Processing file /opt/airflow/dags/oauth_dag.py for tasks to queue
[2024-06-01T00:20:16.850+0000] {logging_mixin.py:188} INFO - [2024-06-01T00:20:16.849+0000] {dagbag.py:545} INFO - Filling up the DagBag from /opt/airflow/dags/oauth_dag.py
[2024-06-01T00:20:16.871+0000] {processor.py:840} INFO - DAG(s) 'OAuth_Zoom' retrieved from /opt/airflow/dags/oauth_dag.py
[2024-06-01T00:20:16.928+0000] {logging_mixin.py:188} INFO - [2024-06-01T00:20:16.928+0000] {dag.py:3096} INFO - Sync 1 DAGs
[2024-06-01T00:20:16.964+0000] {logging_mixin.py:188} INFO - [2024-06-01T00:20:16.963+0000] {dag.py:3954} INFO - Setting next_dagrun for OAuth_Zoom to 2024-05-31 23:30:00+00:00, run_after=2024-06-01 00:00:00+00:00
[2024-06-01T00:20:16.983+0000] {processor.py:183} INFO - Processing /opt/airflow/dags/oauth_dag.py took 0.146 seconds
[2024-06-01T00:20:47.184+0000] {processor.py:161} INFO - Started process (PID=17834) to work on /opt/airflow/dags/oauth_dag.py
[2024-06-01T00:20:47.185+0000] {processor.py:830} INFO - Processing file /opt/airflow/dags/oauth_dag.py for tasks to queue
[2024-06-01T00:20:47.186+0000] {logging_mixin.py:188} INFO - [2024-06-01T00:20:47.186+0000] {dagbag.py:545} INFO - Filling up the DagBag from /opt/airflow/dags/oauth_dag.py
[2024-06-01T00:20:47.199+0000] {processor.py:840} INFO - DAG(s) 'OAuth_Zoom' retrieved from /opt/airflow/dags/oauth_dag.py
[2024-06-01T00:20:47.230+0000] {logging_mixin.py:188} INFO - [2024-06-01T00:20:47.230+0000] {dag.py:3096} INFO - Sync 1 DAGs
[2024-06-01T00:20:47.254+0000] {logging_mixin.py:188} INFO - [2024-06-01T00:20:47.254+0000] {dag.py:3954} INFO - Setting next_dagrun for OAuth_Zoom to 2024-05-31 23:30:00+00:00, run_after=2024-06-01 00:00:00+00:00
[2024-06-01T00:20:47.275+0000] {processor.py:183} INFO - Processing /opt/airflow/dags/oauth_dag.py took 0.100 seconds
[2024-06-01T00:21:17.523+0000] {processor.py:161} INFO - Started process (PID=17858) to work on /opt/airflow/dags/oauth_dag.py
[2024-06-01T00:21:17.530+0000] {processor.py:830} INFO - Processing file /opt/airflow/dags/oauth_dag.py for tasks to queue
[2024-06-01T00:21:17.531+0000] {logging_mixin.py:188} INFO - [2024-06-01T00:21:17.530+0000] {dagbag.py:545} INFO - Filling up the DagBag from /opt/airflow/dags/oauth_dag.py
[2024-06-01T00:21:17.549+0000] {processor.py:840} INFO - DAG(s) 'OAuth_Zoom' retrieved from /opt/airflow/dags/oauth_dag.py
[2024-06-01T00:21:17.678+0000] {logging_mixin.py:188} INFO - [2024-06-01T00:21:17.678+0000] {dag.py:3096} INFO - Sync 1 DAGs
[2024-06-01T00:21:17.704+0000] {logging_mixin.py:188} INFO - [2024-06-01T00:21:17.704+0000] {dag.py:3954} INFO - Setting next_dagrun for OAuth_Zoom to 2024-05-31 23:30:00+00:00, run_after=2024-06-01 00:00:00+00:00
[2024-06-01T00:21:17.725+0000] {processor.py:183} INFO - Processing /opt/airflow/dags/oauth_dag.py took 0.210 seconds
[2024-06-01T00:21:47.939+0000] {processor.py:161} INFO - Started process (PID=17874) to work on /opt/airflow/dags/oauth_dag.py
[2024-06-01T00:21:47.942+0000] {processor.py:830} INFO - Processing file /opt/airflow/dags/oauth_dag.py for tasks to queue
[2024-06-01T00:21:47.943+0000] {logging_mixin.py:188} INFO - [2024-06-01T00:21:47.942+0000] {dagbag.py:545} INFO - Filling up the DagBag from /opt/airflow/dags/oauth_dag.py
[2024-06-01T00:21:47.957+0000] {processor.py:840} INFO - DAG(s) 'OAuth_Zoom' retrieved from /opt/airflow/dags/oauth_dag.py
[2024-06-01T00:21:48.005+0000] {logging_mixin.py:188} INFO - [2024-06-01T00:21:48.005+0000] {dag.py:3096} INFO - Sync 1 DAGs
[2024-06-01T00:21:48.038+0000] {logging_mixin.py:188} INFO - [2024-06-01T00:21:48.038+0000] {dag.py:3954} INFO - Setting next_dagrun for OAuth_Zoom to 2024-05-31 23:30:00+00:00, run_after=2024-06-01 00:00:00+00:00
[2024-06-01T00:21:48.064+0000] {processor.py:183} INFO - Processing /opt/airflow/dags/oauth_dag.py took 0.142 seconds
[2024-06-01T00:22:18.297+0000] {processor.py:161} INFO - Started process (PID=17891) to work on /opt/airflow/dags/oauth_dag.py
[2024-06-01T00:22:18.301+0000] {processor.py:830} INFO - Processing file /opt/airflow/dags/oauth_dag.py for tasks to queue
[2024-06-01T00:22:18.303+0000] {logging_mixin.py:188} INFO - [2024-06-01T00:22:18.303+0000] {dagbag.py:545} INFO - Filling up the DagBag from /opt/airflow/dags/oauth_dag.py
[2024-06-01T00:22:18.313+0000] {processor.py:840} INFO - DAG(s) 'OAuth_Zoom' retrieved from /opt/airflow/dags/oauth_dag.py
[2024-06-01T00:22:18.359+0000] {logging_mixin.py:188} INFO - [2024-06-01T00:22:18.359+0000] {dag.py:3096} INFO - Sync 1 DAGs
[2024-06-01T00:22:18.394+0000] {logging_mixin.py:188} INFO - [2024-06-01T00:22:18.394+0000] {dag.py:3954} INFO - Setting next_dagrun for OAuth_Zoom to 2024-05-31 23:30:00+00:00, run_after=2024-06-01 00:00:00+00:00
[2024-06-01T00:22:18.418+0000] {processor.py:183} INFO - Processing /opt/airflow/dags/oauth_dag.py took 0.128 seconds
[2024-06-01T00:22:48.613+0000] {processor.py:161} INFO - Started process (PID=17915) to work on /opt/airflow/dags/oauth_dag.py
[2024-06-01T00:22:48.615+0000] {processor.py:830} INFO - Processing file /opt/airflow/dags/oauth_dag.py for tasks to queue
[2024-06-01T00:22:48.616+0000] {logging_mixin.py:188} INFO - [2024-06-01T00:22:48.615+0000] {dagbag.py:545} INFO - Filling up the DagBag from /opt/airflow/dags/oauth_dag.py
[2024-06-01T00:22:48.632+0000] {processor.py:840} INFO - DAG(s) 'OAuth_Zoom' retrieved from /opt/airflow/dags/oauth_dag.py
[2024-06-01T00:22:48.695+0000] {logging_mixin.py:188} INFO - [2024-06-01T00:22:48.695+0000] {dag.py:3096} INFO - Sync 1 DAGs
[2024-06-01T00:22:48.739+0000] {logging_mixin.py:188} INFO - [2024-06-01T00:22:48.739+0000] {dag.py:3954} INFO - Setting next_dagrun for OAuth_Zoom to 2024-05-31 23:30:00+00:00, run_after=2024-06-01 00:00:00+00:00
[2024-06-01T00:22:48.776+0000] {processor.py:183} INFO - Processing /opt/airflow/dags/oauth_dag.py took 0.177 seconds
[2024-06-01T00:23:19.004+0000] {processor.py:161} INFO - Started process (PID=17932) to work on /opt/airflow/dags/oauth_dag.py
[2024-06-01T00:23:19.006+0000] {processor.py:830} INFO - Processing file /opt/airflow/dags/oauth_dag.py for tasks to queue
[2024-06-01T00:23:19.007+0000] {logging_mixin.py:188} INFO - [2024-06-01T00:23:19.006+0000] {dagbag.py:545} INFO - Filling up the DagBag from /opt/airflow/dags/oauth_dag.py
[2024-06-01T00:23:19.019+0000] {processor.py:840} INFO - DAG(s) 'OAuth_Zoom' retrieved from /opt/airflow/dags/oauth_dag.py
[2024-06-01T00:23:19.079+0000] {logging_mixin.py:188} INFO - [2024-06-01T00:23:19.079+0000] {dag.py:3096} INFO - Sync 1 DAGs
[2024-06-01T00:23:19.113+0000] {logging_mixin.py:188} INFO - [2024-06-01T00:23:19.113+0000] {dag.py:3954} INFO - Setting next_dagrun for OAuth_Zoom to 2024-05-31 23:30:00+00:00, run_after=2024-06-01 00:00:00+00:00
[2024-06-01T00:23:19.139+0000] {processor.py:183} INFO - Processing /opt/airflow/dags/oauth_dag.py took 0.145 seconds
[2024-06-01T00:23:49.326+0000] {processor.py:161} INFO - Started process (PID=17949) to work on /opt/airflow/dags/oauth_dag.py
[2024-06-01T00:23:49.327+0000] {processor.py:830} INFO - Processing file /opt/airflow/dags/oauth_dag.py for tasks to queue
[2024-06-01T00:23:49.328+0000] {logging_mixin.py:188} INFO - [2024-06-01T00:23:49.328+0000] {dagbag.py:545} INFO - Filling up the DagBag from /opt/airflow/dags/oauth_dag.py
[2024-06-01T00:23:49.337+0000] {processor.py:840} INFO - DAG(s) 'OAuth_Zoom' retrieved from /opt/airflow/dags/oauth_dag.py
[2024-06-01T00:23:49.371+0000] {logging_mixin.py:188} INFO - [2024-06-01T00:23:49.370+0000] {dag.py:3096} INFO - Sync 1 DAGs
[2024-06-01T00:23:49.396+0000] {logging_mixin.py:188} INFO - [2024-06-01T00:23:49.396+0000] {dag.py:3954} INFO - Setting next_dagrun for OAuth_Zoom to 2024-05-31 23:30:00+00:00, run_after=2024-06-01 00:00:00+00:00
[2024-06-01T00:23:49.418+0000] {processor.py:183} INFO - Processing /opt/airflow/dags/oauth_dag.py took 0.100 seconds
[2024-06-01T00:24:19.640+0000] {processor.py:161} INFO - Started process (PID=17965) to work on /opt/airflow/dags/oauth_dag.py
[2024-06-01T00:24:19.642+0000] {processor.py:830} INFO - Processing file /opt/airflow/dags/oauth_dag.py for tasks to queue
[2024-06-01T00:24:19.644+0000] {logging_mixin.py:188} INFO - [2024-06-01T00:24:19.643+0000] {dagbag.py:545} INFO - Filling up the DagBag from /opt/airflow/dags/oauth_dag.py
[2024-06-01T00:24:19.688+0000] {processor.py:840} INFO - DAG(s) 'OAuth_Zoom' retrieved from /opt/airflow/dags/oauth_dag.py
[2024-06-01T00:24:19.734+0000] {logging_mixin.py:188} INFO - [2024-06-01T00:24:19.733+0000] {dag.py:3096} INFO - Sync 1 DAGs
[2024-06-01T00:24:19.777+0000] {logging_mixin.py:188} INFO - [2024-06-01T00:24:19.777+0000] {dag.py:3954} INFO - Setting next_dagrun for OAuth_Zoom to 2024-05-31 23:30:00+00:00, run_after=2024-06-01 00:00:00+00:00
[2024-06-01T00:24:19.798+0000] {processor.py:183} INFO - Processing /opt/airflow/dags/oauth_dag.py took 0.176 seconds
[2024-06-01T00:24:50.022+0000] {processor.py:161} INFO - Started process (PID=17982) to work on /opt/airflow/dags/oauth_dag.py
[2024-06-01T00:24:50.023+0000] {processor.py:830} INFO - Processing file /opt/airflow/dags/oauth_dag.py for tasks to queue
[2024-06-01T00:24:50.024+0000] {logging_mixin.py:188} INFO - [2024-06-01T00:24:50.024+0000] {dagbag.py:545} INFO - Filling up the DagBag from /opt/airflow/dags/oauth_dag.py
[2024-06-01T00:24:50.036+0000] {processor.py:840} INFO - DAG(s) 'OAuth_Zoom' retrieved from /opt/airflow/dags/oauth_dag.py
[2024-06-01T00:24:50.077+0000] {logging_mixin.py:188} INFO - [2024-06-01T00:24:50.077+0000] {dag.py:3096} INFO - Sync 1 DAGs
[2024-06-01T00:24:50.128+0000] {logging_mixin.py:188} INFO - [2024-06-01T00:24:50.127+0000] {dag.py:3954} INFO - Setting next_dagrun for OAuth_Zoom to 2024-05-31 23:30:00+00:00, run_after=2024-06-01 00:00:00+00:00
[2024-06-01T00:24:50.171+0000] {processor.py:183} INFO - Processing /opt/airflow/dags/oauth_dag.py took 0.159 seconds
[2024-06-01T00:25:20.544+0000] {processor.py:161} INFO - Started process (PID=18006) to work on /opt/airflow/dags/oauth_dag.py
[2024-06-01T00:25:20.548+0000] {processor.py:830} INFO - Processing file /opt/airflow/dags/oauth_dag.py for tasks to queue
[2024-06-01T00:25:20.550+0000] {logging_mixin.py:188} INFO - [2024-06-01T00:25:20.549+0000] {dagbag.py:545} INFO - Filling up the DagBag from /opt/airflow/dags/oauth_dag.py
[2024-06-01T00:25:20.627+0000] {processor.py:840} INFO - DAG(s) 'OAuth_Zoom' retrieved from /opt/airflow/dags/oauth_dag.py
[2024-06-01T00:25:20.741+0000] {logging_mixin.py:188} INFO - [2024-06-01T00:25:20.741+0000] {dag.py:3096} INFO - Sync 1 DAGs
[2024-06-01T00:25:20.769+0000] {logging_mixin.py:188} INFO - [2024-06-01T00:25:20.769+0000] {dag.py:3954} INFO - Setting next_dagrun for OAuth_Zoom to 2024-05-31 23:30:00+00:00, run_after=2024-06-01 00:00:00+00:00
[2024-06-01T00:25:20.795+0000] {processor.py:183} INFO - Processing /opt/airflow/dags/oauth_dag.py took 0.308 seconds
[2024-06-01T00:25:51.010+0000] {processor.py:161} INFO - Started process (PID=18022) to work on /opt/airflow/dags/oauth_dag.py
[2024-06-01T00:25:51.012+0000] {processor.py:830} INFO - Processing file /opt/airflow/dags/oauth_dag.py for tasks to queue
[2024-06-01T00:25:51.013+0000] {logging_mixin.py:188} INFO - [2024-06-01T00:25:51.013+0000] {dagbag.py:545} INFO - Filling up the DagBag from /opt/airflow/dags/oauth_dag.py
[2024-06-01T00:25:51.029+0000] {processor.py:840} INFO - DAG(s) 'OAuth_Zoom' retrieved from /opt/airflow/dags/oauth_dag.py
[2024-06-01T00:25:51.064+0000] {logging_mixin.py:188} INFO - [2024-06-01T00:25:51.064+0000] {dag.py:3096} INFO - Sync 1 DAGs
[2024-06-01T00:25:51.089+0000] {logging_mixin.py:188} INFO - [2024-06-01T00:25:51.089+0000] {dag.py:3954} INFO - Setting next_dagrun for OAuth_Zoom to 2024-05-31 23:30:00+00:00, run_after=2024-06-01 00:00:00+00:00
[2024-06-01T00:25:51.111+0000] {processor.py:183} INFO - Processing /opt/airflow/dags/oauth_dag.py took 0.109 seconds
[2024-06-01T00:26:21.375+0000] {processor.py:161} INFO - Started process (PID=18039) to work on /opt/airflow/dags/oauth_dag.py
[2024-06-01T00:26:21.376+0000] {processor.py:830} INFO - Processing file /opt/airflow/dags/oauth_dag.py for tasks to queue
[2024-06-01T00:26:21.377+0000] {logging_mixin.py:188} INFO - [2024-06-01T00:26:21.377+0000] {dagbag.py:545} INFO - Filling up the DagBag from /opt/airflow/dags/oauth_dag.py
[2024-06-01T00:26:21.390+0000] {processor.py:840} INFO - DAG(s) 'OAuth_Zoom' retrieved from /opt/airflow/dags/oauth_dag.py
[2024-06-01T00:26:21.421+0000] {logging_mixin.py:188} INFO - [2024-06-01T00:26:21.421+0000] {dag.py:3096} INFO - Sync 1 DAGs
[2024-06-01T00:26:21.446+0000] {logging_mixin.py:188} INFO - [2024-06-01T00:26:21.446+0000] {dag.py:3954} INFO - Setting next_dagrun for OAuth_Zoom to 2024-05-31 23:30:00+00:00, run_after=2024-06-01 00:00:00+00:00
[2024-06-01T00:26:21.471+0000] {processor.py:183} INFO - Processing /opt/airflow/dags/oauth_dag.py took 0.103 seconds
[2024-06-01T00:26:51.715+0000] {processor.py:161} INFO - Started process (PID=18056) to work on /opt/airflow/dags/oauth_dag.py
[2024-06-01T00:26:51.716+0000] {processor.py:830} INFO - Processing file /opt/airflow/dags/oauth_dag.py for tasks to queue
[2024-06-01T00:26:51.717+0000] {logging_mixin.py:188} INFO - [2024-06-01T00:26:51.716+0000] {dagbag.py:545} INFO - Filling up the DagBag from /opt/airflow/dags/oauth_dag.py
[2024-06-01T00:26:51.727+0000] {processor.py:840} INFO - DAG(s) 'OAuth_Zoom' retrieved from /opt/airflow/dags/oauth_dag.py
[2024-06-01T00:26:51.759+0000] {logging_mixin.py:188} INFO - [2024-06-01T00:26:51.759+0000] {dag.py:3096} INFO - Sync 1 DAGs
[2024-06-01T00:26:51.782+0000] {logging_mixin.py:188} INFO - [2024-06-01T00:26:51.782+0000] {dag.py:3954} INFO - Setting next_dagrun for OAuth_Zoom to 2024-05-31 23:30:00+00:00, run_after=2024-06-01 00:00:00+00:00
[2024-06-01T00:26:51.809+0000] {processor.py:183} INFO - Processing /opt/airflow/dags/oauth_dag.py took 0.101 seconds
[2024-06-01T00:27:22.086+0000] {processor.py:161} INFO - Started process (PID=18080) to work on /opt/airflow/dags/oauth_dag.py
[2024-06-01T00:27:22.087+0000] {processor.py:830} INFO - Processing file /opt/airflow/dags/oauth_dag.py for tasks to queue
[2024-06-01T00:27:22.088+0000] {logging_mixin.py:188} INFO - [2024-06-01T00:27:22.088+0000] {dagbag.py:545} INFO - Filling up the DagBag from /opt/airflow/dags/oauth_dag.py
[2024-06-01T00:27:22.101+0000] {processor.py:840} INFO - DAG(s) 'OAuth_Zoom' retrieved from /opt/airflow/dags/oauth_dag.py
[2024-06-01T00:27:22.139+0000] {logging_mixin.py:188} INFO - [2024-06-01T00:27:22.139+0000] {dag.py:3096} INFO - Sync 1 DAGs
[2024-06-01T00:27:22.168+0000] {logging_mixin.py:188} INFO - [2024-06-01T00:27:22.168+0000] {dag.py:3954} INFO - Setting next_dagrun for OAuth_Zoom to 2024-05-31 23:30:00+00:00, run_after=2024-06-01 00:00:00+00:00
[2024-06-01T00:27:22.196+0000] {processor.py:183} INFO - Processing /opt/airflow/dags/oauth_dag.py took 0.125 seconds
[2024-06-01T00:27:52.391+0000] {processor.py:161} INFO - Started process (PID=18097) to work on /opt/airflow/dags/oauth_dag.py
[2024-06-01T00:27:52.393+0000] {processor.py:830} INFO - Processing file /opt/airflow/dags/oauth_dag.py for tasks to queue
[2024-06-01T00:27:52.394+0000] {logging_mixin.py:188} INFO - [2024-06-01T00:27:52.393+0000] {dagbag.py:545} INFO - Filling up the DagBag from /opt/airflow/dags/oauth_dag.py
[2024-06-01T00:27:52.408+0000] {processor.py:840} INFO - DAG(s) 'OAuth_Zoom' retrieved from /opt/airflow/dags/oauth_dag.py
[2024-06-01T00:27:52.445+0000] {logging_mixin.py:188} INFO - [2024-06-01T00:27:52.445+0000] {dag.py:3096} INFO - Sync 1 DAGs
[2024-06-01T00:27:52.471+0000] {logging_mixin.py:188} INFO - [2024-06-01T00:27:52.471+0000] {dag.py:3954} INFO - Setting next_dagrun for OAuth_Zoom to 2024-05-31 23:30:00+00:00, run_after=2024-06-01 00:00:00+00:00
[2024-06-01T00:27:52.490+0000] {processor.py:183} INFO - Processing /opt/airflow/dags/oauth_dag.py took 0.110 seconds
[2024-06-01T00:28:22.691+0000] {processor.py:161} INFO - Started process (PID=18114) to work on /opt/airflow/dags/oauth_dag.py
[2024-06-01T00:28:22.692+0000] {processor.py:830} INFO - Processing file /opt/airflow/dags/oauth_dag.py for tasks to queue
[2024-06-01T00:28:22.693+0000] {logging_mixin.py:188} INFO - [2024-06-01T00:28:22.693+0000] {dagbag.py:545} INFO - Filling up the DagBag from /opt/airflow/dags/oauth_dag.py
[2024-06-01T00:28:22.709+0000] {processor.py:840} INFO - DAG(s) 'OAuth_Zoom' retrieved from /opt/airflow/dags/oauth_dag.py
[2024-06-01T00:28:22.746+0000] {logging_mixin.py:188} INFO - [2024-06-01T00:28:22.746+0000] {dag.py:3096} INFO - Sync 1 DAGs
[2024-06-01T00:28:22.771+0000] {logging_mixin.py:188} INFO - [2024-06-01T00:28:22.771+0000] {dag.py:3954} INFO - Setting next_dagrun for OAuth_Zoom to 2024-05-31 23:30:00+00:00, run_after=2024-06-01 00:00:00+00:00
[2024-06-01T00:28:22.794+0000] {processor.py:183} INFO - Processing /opt/airflow/dags/oauth_dag.py took 0.118 seconds
[2024-06-01T00:28:53.006+0000] {processor.py:161} INFO - Started process (PID=18137) to work on /opt/airflow/dags/oauth_dag.py
[2024-06-01T00:28:53.008+0000] {processor.py:830} INFO - Processing file /opt/airflow/dags/oauth_dag.py for tasks to queue
[2024-06-01T00:28:53.009+0000] {logging_mixin.py:188} INFO - [2024-06-01T00:28:53.008+0000] {dagbag.py:545} INFO - Filling up the DagBag from /opt/airflow/dags/oauth_dag.py
[2024-06-01T00:28:53.022+0000] {processor.py:840} INFO - DAG(s) 'OAuth_Zoom' retrieved from /opt/airflow/dags/oauth_dag.py
[2024-06-01T00:28:53.056+0000] {logging_mixin.py:188} INFO - [2024-06-01T00:28:53.055+0000] {dag.py:3096} INFO - Sync 1 DAGs
[2024-06-01T00:28:53.084+0000] {logging_mixin.py:188} INFO - [2024-06-01T00:28:53.084+0000] {dag.py:3954} INFO - Setting next_dagrun for OAuth_Zoom to 2024-05-31 23:30:00+00:00, run_after=2024-06-01 00:00:00+00:00
[2024-06-01T00:28:53.107+0000] {processor.py:183} INFO - Processing /opt/airflow/dags/oauth_dag.py took 0.109 seconds
[2024-06-01T00:29:23.342+0000] {processor.py:161} INFO - Started process (PID=18153) to work on /opt/airflow/dags/oauth_dag.py
[2024-06-01T00:29:23.349+0000] {processor.py:830} INFO - Processing file /opt/airflow/dags/oauth_dag.py for tasks to queue
[2024-06-01T00:29:23.350+0000] {logging_mixin.py:188} INFO - [2024-06-01T00:29:23.349+0000] {dagbag.py:545} INFO - Filling up the DagBag from /opt/airflow/dags/oauth_dag.py
[2024-06-01T00:29:23.361+0000] {processor.py:840} INFO - DAG(s) 'OAuth_Zoom' retrieved from /opt/airflow/dags/oauth_dag.py
[2024-06-01T00:29:23.415+0000] {logging_mixin.py:188} INFO - [2024-06-01T00:29:23.415+0000] {dag.py:3096} INFO - Sync 1 DAGs
[2024-06-01T00:29:23.445+0000] {logging_mixin.py:188} INFO - [2024-06-01T00:29:23.445+0000] {dag.py:3954} INFO - Setting next_dagrun for OAuth_Zoom to 2024-05-31 23:30:00+00:00, run_after=2024-06-01 00:00:00+00:00
[2024-06-01T00:29:23.468+0000] {processor.py:183} INFO - Processing /opt/airflow/dags/oauth_dag.py took 0.135 seconds
[2024-06-01T00:29:53.677+0000] {processor.py:161} INFO - Started process (PID=18170) to work on /opt/airflow/dags/oauth_dag.py
[2024-06-01T00:29:53.680+0000] {processor.py:830} INFO - Processing file /opt/airflow/dags/oauth_dag.py for tasks to queue
[2024-06-01T00:29:53.680+0000] {logging_mixin.py:188} INFO - [2024-06-01T00:29:53.680+0000] {dagbag.py:545} INFO - Filling up the DagBag from /opt/airflow/dags/oauth_dag.py
[2024-06-01T00:29:53.690+0000] {processor.py:840} INFO - DAG(s) 'OAuth_Zoom' retrieved from /opt/airflow/dags/oauth_dag.py
[2024-06-01T00:29:53.723+0000] {logging_mixin.py:188} INFO - [2024-06-01T00:29:53.723+0000] {dag.py:3096} INFO - Sync 1 DAGs
[2024-06-01T00:29:53.764+0000] {logging_mixin.py:188} INFO - [2024-06-01T00:29:53.764+0000] {dag.py:3954} INFO - Setting next_dagrun for OAuth_Zoom to 2024-05-31 23:30:00+00:00, run_after=2024-06-01 00:00:00+00:00
[2024-06-01T00:29:53.789+0000] {processor.py:183} INFO - Processing /opt/airflow/dags/oauth_dag.py took 0.120 seconds
[2024-06-01T00:30:24.012+0000] {processor.py:161} INFO - Started process (PID=18187) to work on /opt/airflow/dags/oauth_dag.py
[2024-06-01T00:30:24.014+0000] {processor.py:830} INFO - Processing file /opt/airflow/dags/oauth_dag.py for tasks to queue
[2024-06-01T00:30:24.016+0000] {logging_mixin.py:188} INFO - [2024-06-01T00:30:24.015+0000] {dagbag.py:545} INFO - Filling up the DagBag from /opt/airflow/dags/oauth_dag.py
[2024-06-01T00:30:24.032+0000] {processor.py:840} INFO - DAG(s) 'OAuth_Zoom' retrieved from /opt/airflow/dags/oauth_dag.py
[2024-06-01T00:30:24.073+0000] {logging_mixin.py:188} INFO - [2024-06-01T00:30:24.073+0000] {dag.py:3096} INFO - Sync 1 DAGs
[2024-06-01T00:30:24.106+0000] {logging_mixin.py:188} INFO - [2024-06-01T00:30:24.106+0000] {dag.py:3954} INFO - Setting next_dagrun for OAuth_Zoom to 2024-06-01 00:00:00+00:00, run_after=2024-06-01 00:30:00+00:00
[2024-06-01T00:30:24.131+0000] {processor.py:183} INFO - Processing /opt/airflow/dags/oauth_dag.py took 0.131 seconds
[2024-06-01T00:30:54.318+0000] {processor.py:161} INFO - Started process (PID=18211) to work on /opt/airflow/dags/oauth_dag.py
[2024-06-01T00:30:54.321+0000] {processor.py:830} INFO - Processing file /opt/airflow/dags/oauth_dag.py for tasks to queue
[2024-06-01T00:30:54.323+0000] {logging_mixin.py:188} INFO - [2024-06-01T00:30:54.322+0000] {dagbag.py:545} INFO - Filling up the DagBag from /opt/airflow/dags/oauth_dag.py
[2024-06-01T00:30:54.337+0000] {processor.py:840} INFO - DAG(s) 'OAuth_Zoom' retrieved from /opt/airflow/dags/oauth_dag.py
[2024-06-01T00:30:54.384+0000] {logging_mixin.py:188} INFO - [2024-06-01T00:30:54.383+0000] {dag.py:3096} INFO - Sync 1 DAGs
[2024-06-01T00:30:54.422+0000] {logging_mixin.py:188} INFO - [2024-06-01T00:30:54.422+0000] {dag.py:3954} INFO - Setting next_dagrun for OAuth_Zoom to 2024-06-01 00:00:00+00:00, run_after=2024-06-01 00:30:00+00:00
[2024-06-01T00:30:54.449+0000] {processor.py:183} INFO - Processing /opt/airflow/dags/oauth_dag.py took 0.142 seconds
[2024-06-01T00:31:24.631+0000] {processor.py:161} INFO - Started process (PID=18228) to work on /opt/airflow/dags/oauth_dag.py
[2024-06-01T00:31:24.641+0000] {processor.py:830} INFO - Processing file /opt/airflow/dags/oauth_dag.py for tasks to queue
[2024-06-01T00:31:24.642+0000] {logging_mixin.py:188} INFO - [2024-06-01T00:31:24.641+0000] {dagbag.py:545} INFO - Filling up the DagBag from /opt/airflow/dags/oauth_dag.py
[2024-06-01T00:31:24.656+0000] {processor.py:840} INFO - DAG(s) 'OAuth_Zoom' retrieved from /opt/airflow/dags/oauth_dag.py
[2024-06-01T00:31:24.700+0000] {logging_mixin.py:188} INFO - [2024-06-01T00:31:24.700+0000] {dag.py:3096} INFO - Sync 1 DAGs
[2024-06-01T00:31:24.738+0000] {logging_mixin.py:188} INFO - [2024-06-01T00:31:24.738+0000] {dag.py:3954} INFO - Setting next_dagrun for OAuth_Zoom to 2024-06-01 00:00:00+00:00, run_after=2024-06-01 00:30:00+00:00
[2024-06-01T00:31:24.778+0000] {processor.py:183} INFO - Processing /opt/airflow/dags/oauth_dag.py took 0.156 seconds
[2024-06-01T00:31:55.091+0000] {processor.py:161} INFO - Started process (PID=18245) to work on /opt/airflow/dags/oauth_dag.py
[2024-06-01T00:31:55.092+0000] {processor.py:830} INFO - Processing file /opt/airflow/dags/oauth_dag.py for tasks to queue
[2024-06-01T00:31:55.094+0000] {logging_mixin.py:188} INFO - [2024-06-01T00:31:55.094+0000] {dagbag.py:545} INFO - Filling up the DagBag from /opt/airflow/dags/oauth_dag.py
[2024-06-01T00:31:55.106+0000] {processor.py:840} INFO - DAG(s) 'OAuth_Zoom' retrieved from /opt/airflow/dags/oauth_dag.py
[2024-06-01T00:31:55.149+0000] {logging_mixin.py:188} INFO - [2024-06-01T00:31:55.148+0000] {dag.py:3096} INFO - Sync 1 DAGs
[2024-06-01T00:31:55.178+0000] {logging_mixin.py:188} INFO - [2024-06-01T00:31:55.178+0000] {dag.py:3954} INFO - Setting next_dagrun for OAuth_Zoom to 2024-06-01 00:00:00+00:00, run_after=2024-06-01 00:30:00+00:00
[2024-06-01T00:31:55.203+0000] {processor.py:183} INFO - Processing /opt/airflow/dags/oauth_dag.py took 0.123 seconds
[2024-06-01T00:32:25.443+0000] {processor.py:161} INFO - Started process (PID=18262) to work on /opt/airflow/dags/oauth_dag.py
[2024-06-01T00:32:25.445+0000] {processor.py:830} INFO - Processing file /opt/airflow/dags/oauth_dag.py for tasks to queue
[2024-06-01T00:32:25.446+0000] {logging_mixin.py:188} INFO - [2024-06-01T00:32:25.446+0000] {dagbag.py:545} INFO - Filling up the DagBag from /opt/airflow/dags/oauth_dag.py
[2024-06-01T00:32:25.462+0000] {processor.py:840} INFO - DAG(s) 'OAuth_Zoom' retrieved from /opt/airflow/dags/oauth_dag.py
[2024-06-01T00:32:25.499+0000] {logging_mixin.py:188} INFO - [2024-06-01T00:32:25.499+0000] {dag.py:3096} INFO - Sync 1 DAGs
[2024-06-01T00:32:25.531+0000] {logging_mixin.py:188} INFO - [2024-06-01T00:32:25.531+0000] {dag.py:3954} INFO - Setting next_dagrun for OAuth_Zoom to 2024-06-01 00:00:00+00:00, run_after=2024-06-01 00:30:00+00:00
[2024-06-01T00:32:25.561+0000] {processor.py:183} INFO - Processing /opt/airflow/dags/oauth_dag.py took 0.130 seconds
[2024-06-01T00:32:55.767+0000] {processor.py:161} INFO - Started process (PID=18279) to work on /opt/airflow/dags/oauth_dag.py
[2024-06-01T00:32:55.769+0000] {processor.py:830} INFO - Processing file /opt/airflow/dags/oauth_dag.py for tasks to queue
[2024-06-01T00:32:55.770+0000] {logging_mixin.py:188} INFO - [2024-06-01T00:32:55.770+0000] {dagbag.py:545} INFO - Filling up the DagBag from /opt/airflow/dags/oauth_dag.py
[2024-06-01T00:32:55.785+0000] {processor.py:840} INFO - DAG(s) 'OAuth_Zoom' retrieved from /opt/airflow/dags/oauth_dag.py
[2024-06-01T00:32:55.838+0000] {logging_mixin.py:188} INFO - [2024-06-01T00:32:55.837+0000] {dag.py:3096} INFO - Sync 1 DAGs
[2024-06-01T00:32:55.879+0000] {logging_mixin.py:188} INFO - [2024-06-01T00:32:55.879+0000] {dag.py:3954} INFO - Setting next_dagrun for OAuth_Zoom to 2024-06-01 00:00:00+00:00, run_after=2024-06-01 00:30:00+00:00
[2024-06-01T00:32:55.912+0000] {processor.py:183} INFO - Processing /opt/airflow/dags/oauth_dag.py took 0.155 seconds
[2024-06-01T00:33:26.133+0000] {processor.py:161} INFO - Started process (PID=18303) to work on /opt/airflow/dags/oauth_dag.py
[2024-06-01T00:33:26.138+0000] {processor.py:830} INFO - Processing file /opt/airflow/dags/oauth_dag.py for tasks to queue
[2024-06-01T00:33:26.139+0000] {logging_mixin.py:188} INFO - [2024-06-01T00:33:26.138+0000] {dagbag.py:545} INFO - Filling up the DagBag from /opt/airflow/dags/oauth_dag.py
[2024-06-01T00:33:26.155+0000] {processor.py:840} INFO - DAG(s) 'OAuth_Zoom' retrieved from /opt/airflow/dags/oauth_dag.py
[2024-06-01T00:33:26.196+0000] {logging_mixin.py:188} INFO - [2024-06-01T00:33:26.195+0000] {dag.py:3096} INFO - Sync 1 DAGs
[2024-06-01T00:33:26.229+0000] {logging_mixin.py:188} INFO - [2024-06-01T00:33:26.229+0000] {dag.py:3954} INFO - Setting next_dagrun for OAuth_Zoom to 2024-06-01 00:00:00+00:00, run_after=2024-06-01 00:30:00+00:00
[2024-06-01T00:33:26.262+0000] {processor.py:183} INFO - Processing /opt/airflow/dags/oauth_dag.py took 0.140 seconds
[2024-06-01T00:33:56.522+0000] {processor.py:161} INFO - Started process (PID=18319) to work on /opt/airflow/dags/oauth_dag.py
[2024-06-01T00:33:56.525+0000] {processor.py:830} INFO - Processing file /opt/airflow/dags/oauth_dag.py for tasks to queue
[2024-06-01T00:33:56.526+0000] {logging_mixin.py:188} INFO - [2024-06-01T00:33:56.526+0000] {dagbag.py:545} INFO - Filling up the DagBag from /opt/airflow/dags/oauth_dag.py
[2024-06-01T00:33:56.547+0000] {processor.py:840} INFO - DAG(s) 'OAuth_Zoom' retrieved from /opt/airflow/dags/oauth_dag.py
[2024-06-01T00:33:56.595+0000] {logging_mixin.py:188} INFO - [2024-06-01T00:33:56.594+0000] {dag.py:3096} INFO - Sync 1 DAGs
[2024-06-01T00:33:56.629+0000] {logging_mixin.py:188} INFO - [2024-06-01T00:33:56.628+0000] {dag.py:3954} INFO - Setting next_dagrun for OAuth_Zoom to 2024-06-01 00:00:00+00:00, run_after=2024-06-01 00:30:00+00:00
[2024-06-01T00:33:56.653+0000] {processor.py:183} INFO - Processing /opt/airflow/dags/oauth_dag.py took 0.146 seconds
[2024-06-01T00:34:26.849+0000] {processor.py:161} INFO - Started process (PID=18336) to work on /opt/airflow/dags/oauth_dag.py
[2024-06-01T00:34:26.851+0000] {processor.py:830} INFO - Processing file /opt/airflow/dags/oauth_dag.py for tasks to queue
[2024-06-01T00:34:26.852+0000] {logging_mixin.py:188} INFO - [2024-06-01T00:34:26.852+0000] {dagbag.py:545} INFO - Filling up the DagBag from /opt/airflow/dags/oauth_dag.py
[2024-06-01T00:34:26.868+0000] {processor.py:840} INFO - DAG(s) 'OAuth_Zoom' retrieved from /opt/airflow/dags/oauth_dag.py
[2024-06-01T00:34:26.923+0000] {logging_mixin.py:188} INFO - [2024-06-01T00:34:26.923+0000] {dag.py:3096} INFO - Sync 1 DAGs
[2024-06-01T00:34:26.959+0000] {logging_mixin.py:188} INFO - [2024-06-01T00:34:26.958+0000] {dag.py:3954} INFO - Setting next_dagrun for OAuth_Zoom to 2024-06-01 00:00:00+00:00, run_after=2024-06-01 00:30:00+00:00
[2024-06-01T00:34:26.983+0000] {processor.py:183} INFO - Processing /opt/airflow/dags/oauth_dag.py took 0.142 seconds
[2024-06-01T00:34:57.204+0000] {processor.py:161} INFO - Started process (PID=18353) to work on /opt/airflow/dags/oauth_dag.py
[2024-06-01T00:34:57.206+0000] {processor.py:830} INFO - Processing file /opt/airflow/dags/oauth_dag.py for tasks to queue
[2024-06-01T00:34:57.207+0000] {logging_mixin.py:188} INFO - [2024-06-01T00:34:57.206+0000] {dagbag.py:545} INFO - Filling up the DagBag from /opt/airflow/dags/oauth_dag.py
[2024-06-01T00:34:57.222+0000] {processor.py:840} INFO - DAG(s) 'OAuth_Zoom' retrieved from /opt/airflow/dags/oauth_dag.py
[2024-06-01T00:34:57.268+0000] {logging_mixin.py:188} INFO - [2024-06-01T00:34:57.267+0000] {dag.py:3096} INFO - Sync 1 DAGs
[2024-06-01T00:34:57.308+0000] {logging_mixin.py:188} INFO - [2024-06-01T00:34:57.307+0000] {dag.py:3954} INFO - Setting next_dagrun for OAuth_Zoom to 2024-06-01 00:00:00+00:00, run_after=2024-06-01 00:30:00+00:00
[2024-06-01T00:34:57.343+0000] {processor.py:183} INFO - Processing /opt/airflow/dags/oauth_dag.py took 0.153 seconds
[2024-06-01T00:35:27.587+0000] {processor.py:161} INFO - Started process (PID=18377) to work on /opt/airflow/dags/oauth_dag.py
[2024-06-01T00:35:27.596+0000] {processor.py:830} INFO - Processing file /opt/airflow/dags/oauth_dag.py for tasks to queue
[2024-06-01T00:35:27.597+0000] {logging_mixin.py:188} INFO - [2024-06-01T00:35:27.597+0000] {dagbag.py:545} INFO - Filling up the DagBag from /opt/airflow/dags/oauth_dag.py
[2024-06-01T00:35:27.616+0000] {processor.py:840} INFO - DAG(s) 'OAuth_Zoom' retrieved from /opt/airflow/dags/oauth_dag.py
[2024-06-01T00:35:27.661+0000] {logging_mixin.py:188} INFO - [2024-06-01T00:35:27.660+0000] {dag.py:3096} INFO - Sync 1 DAGs
[2024-06-01T00:35:27.708+0000] {logging_mixin.py:188} INFO - [2024-06-01T00:35:27.708+0000] {dag.py:3954} INFO - Setting next_dagrun for OAuth_Zoom to 2024-06-01 00:00:00+00:00, run_after=2024-06-01 00:30:00+00:00
[2024-06-01T00:35:27.741+0000] {processor.py:183} INFO - Processing /opt/airflow/dags/oauth_dag.py took 0.170 seconds
[2024-06-01T00:35:57.966+0000] {processor.py:161} INFO - Started process (PID=18394) to work on /opt/airflow/dags/oauth_dag.py
[2024-06-01T00:35:57.968+0000] {processor.py:830} INFO - Processing file /opt/airflow/dags/oauth_dag.py for tasks to queue
[2024-06-01T00:35:57.969+0000] {logging_mixin.py:188} INFO - [2024-06-01T00:35:57.969+0000] {dagbag.py:545} INFO - Filling up the DagBag from /opt/airflow/dags/oauth_dag.py
[2024-06-01T00:35:57.983+0000] {processor.py:840} INFO - DAG(s) 'OAuth_Zoom' retrieved from /opt/airflow/dags/oauth_dag.py
[2024-06-01T00:35:58.024+0000] {logging_mixin.py:188} INFO - [2024-06-01T00:35:58.024+0000] {dag.py:3096} INFO - Sync 1 DAGs
[2024-06-01T00:35:58.063+0000] {logging_mixin.py:188} INFO - [2024-06-01T00:35:58.063+0000] {dag.py:3954} INFO - Setting next_dagrun for OAuth_Zoom to 2024-06-01 00:00:00+00:00, run_after=2024-06-01 00:30:00+00:00
[2024-06-01T00:35:58.089+0000] {processor.py:183} INFO - Processing /opt/airflow/dags/oauth_dag.py took 0.134 seconds
[2024-06-01T05:03:09.034+0000] {processor.py:161} INFO - Started process (PID=18396) to work on /opt/airflow/dags/oauth_dag.py
[2024-06-01T05:03:09.037+0000] {processor.py:830} INFO - Processing file /opt/airflow/dags/oauth_dag.py for tasks to queue
[2024-06-01T05:03:09.041+0000] {logging_mixin.py:188} INFO - [2024-06-01T05:03:09.039+0000] {dagbag.py:545} INFO - Filling up the DagBag from /opt/airflow/dags/oauth_dag.py
[2024-06-01T05:03:09.072+0000] {processor.py:840} INFO - DAG(s) 'OAuth_Zoom' retrieved from /opt/airflow/dags/oauth_dag.py
[2024-06-01T05:03:09.150+0000] {logging_mixin.py:188} INFO - [2024-06-01T05:03:09.149+0000] {dag.py:3096} INFO - Sync 1 DAGs
[2024-06-01T05:03:09.276+0000] {logging_mixin.py:188} INFO - [2024-06-01T05:03:09.276+0000] {dag.py:3954} INFO - Setting next_dagrun for OAuth_Zoom to 2024-06-01 04:30:00+00:00, run_after=2024-06-01 05:00:00+00:00
[2024-06-01T05:03:09.348+0000] {processor.py:183} INFO - Processing /opt/airflow/dags/oauth_dag.py took 0.337 seconds
[2024-06-01T05:03:39.622+0000] {processor.py:161} INFO - Started process (PID=18413) to work on /opt/airflow/dags/oauth_dag.py
[2024-06-01T05:03:39.633+0000] {processor.py:830} INFO - Processing file /opt/airflow/dags/oauth_dag.py for tasks to queue
[2024-06-01T05:03:39.634+0000] {logging_mixin.py:188} INFO - [2024-06-01T05:03:39.633+0000] {dagbag.py:545} INFO - Filling up the DagBag from /opt/airflow/dags/oauth_dag.py
[2024-06-01T05:03:39.665+0000] {processor.py:840} INFO - DAG(s) 'OAuth_Zoom' retrieved from /opt/airflow/dags/oauth_dag.py
[2024-06-01T05:03:39.716+0000] {logging_mixin.py:188} INFO - [2024-06-01T05:03:39.715+0000] {dag.py:3096} INFO - Sync 1 DAGs
[2024-06-01T05:03:39.785+0000] {logging_mixin.py:188} INFO - [2024-06-01T05:03:39.785+0000] {dag.py:3954} INFO - Setting next_dagrun for OAuth_Zoom to 2024-06-01 04:30:00+00:00, run_after=2024-06-01 05:00:00+00:00
[2024-06-01T05:03:39.816+0000] {processor.py:183} INFO - Processing /opt/airflow/dags/oauth_dag.py took 0.202 seconds
[2024-06-01T14:59:38.321+0000] {processor.py:161} INFO - Started process (PID=18423) to work on /opt/airflow/dags/oauth_dag.py
[2024-06-01T14:59:38.322+0000] {processor.py:830} INFO - Processing file /opt/airflow/dags/oauth_dag.py for tasks to queue
[2024-06-01T14:59:38.322+0000] {logging_mixin.py:188} INFO - [2024-06-01T14:59:38.322+0000] {dagbag.py:545} INFO - Filling up the DagBag from /opt/airflow/dags/oauth_dag.py
[2024-06-01T14:59:38.329+0000] {processor.py:840} INFO - DAG(s) 'OAuth_Zoom' retrieved from /opt/airflow/dags/oauth_dag.py
[2024-06-01T14:59:38.355+0000] {logging_mixin.py:188} INFO - [2024-06-01T14:59:38.355+0000] {dag.py:3096} INFO - Sync 1 DAGs
[2024-06-01T14:59:38.375+0000] {logging_mixin.py:188} INFO - [2024-06-01T14:59:38.375+0000] {dag.py:3954} INFO - Setting next_dagrun for OAuth_Zoom to 2024-06-01 14:00:00+00:00, run_after=2024-06-01 14:30:00+00:00
[2024-06-01T14:59:38.392+0000] {processor.py:183} INFO - Processing /opt/airflow/dags/oauth_dag.py took 0.075 seconds
