[2024-06-01T00:00:30.300+0000] {processor.py:161} INFO - Started process (PID=17084) to work on /opt/airflow/dags/sample_dag.py
[2024-06-01T00:00:30.303+0000] {processor.py:830} INFO - Processing file /opt/airflow/dags/sample_dag.py for tasks to queue
[2024-06-01T00:00:30.306+0000] {logging_mixin.py:188} INFO - [2024-06-01T00:00:30.304+0000] {dagbag.py:545} INFO - Filling up the DagBag from /opt/airflow/dags/sample_dag.py
[2024-06-01T00:00:30.326+0000] {processor.py:840} INFO - DAG(s) 'xcom_guess' retrieved from /opt/airflow/dags/sample_dag.py
[2024-06-01T00:00:30.370+0000] {logging_mixin.py:188} INFO - [2024-06-01T00:00:30.370+0000] {dag.py:3096} INFO - Sync 1 DAGs
[2024-06-01T00:00:30.399+0000] {logging_mixin.py:188} INFO - [2024-06-01T00:00:30.398+0000] {dag.py:3954} INFO - Setting next_dagrun for xcom_guess to 2023-03-04 10:35:00+00:00, run_after=2023-03-04 10:40:00+00:00
[2024-06-01T00:00:30.427+0000] {processor.py:183} INFO - Processing /opt/airflow/dags/sample_dag.py took 0.144 seconds
[2024-06-01T00:01:00.685+0000] {processor.py:161} INFO - Started process (PID=17100) to work on /opt/airflow/dags/sample_dag.py
[2024-06-01T00:01:00.687+0000] {processor.py:830} INFO - Processing file /opt/airflow/dags/sample_dag.py for tasks to queue
[2024-06-01T00:01:00.688+0000] {logging_mixin.py:188} INFO - [2024-06-01T00:01:00.687+0000] {dagbag.py:545} INFO - Filling up the DagBag from /opt/airflow/dags/sample_dag.py
[2024-06-01T00:01:00.703+0000] {processor.py:840} INFO - DAG(s) 'xcom_guess' retrieved from /opt/airflow/dags/sample_dag.py
[2024-06-01T00:01:00.742+0000] {logging_mixin.py:188} INFO - [2024-06-01T00:01:00.742+0000] {dag.py:3096} INFO - Sync 1 DAGs
[2024-06-01T00:01:00.770+0000] {logging_mixin.py:188} INFO - [2024-06-01T00:01:00.770+0000] {dag.py:3954} INFO - Setting next_dagrun for xcom_guess to 2023-03-04 10:35:00+00:00, run_after=2023-03-04 10:40:00+00:00
[2024-06-01T00:01:00.792+0000] {processor.py:183} INFO - Processing /opt/airflow/dags/sample_dag.py took 0.121 seconds
[2024-06-01T00:01:31.047+0000] {processor.py:161} INFO - Started process (PID=17117) to work on /opt/airflow/dags/sample_dag.py
[2024-06-01T00:01:31.049+0000] {processor.py:830} INFO - Processing file /opt/airflow/dags/sample_dag.py for tasks to queue
[2024-06-01T00:01:31.050+0000] {logging_mixin.py:188} INFO - [2024-06-01T00:01:31.050+0000] {dagbag.py:545} INFO - Filling up the DagBag from /opt/airflow/dags/sample_dag.py
[2024-06-01T00:01:31.059+0000] {processor.py:840} INFO - DAG(s) 'xcom_guess' retrieved from /opt/airflow/dags/sample_dag.py
[2024-06-01T00:01:31.090+0000] {logging_mixin.py:188} INFO - [2024-06-01T00:01:31.089+0000] {dag.py:3096} INFO - Sync 1 DAGs
[2024-06-01T00:01:31.110+0000] {logging_mixin.py:188} INFO - [2024-06-01T00:01:31.110+0000] {dag.py:3954} INFO - Setting next_dagrun for xcom_guess to 2023-03-04 10:35:00+00:00, run_after=2023-03-04 10:40:00+00:00
[2024-06-01T00:01:31.126+0000] {processor.py:183} INFO - Processing /opt/airflow/dags/sample_dag.py took 0.123 seconds
[2024-06-01T00:02:01.403+0000] {processor.py:161} INFO - Started process (PID=17141) to work on /opt/airflow/dags/sample_dag.py
[2024-06-01T00:02:01.405+0000] {processor.py:830} INFO - Processing file /opt/airflow/dags/sample_dag.py for tasks to queue
[2024-06-01T00:02:01.406+0000] {logging_mixin.py:188} INFO - [2024-06-01T00:02:01.406+0000] {dagbag.py:545} INFO - Filling up the DagBag from /opt/airflow/dags/sample_dag.py
[2024-06-01T00:02:01.422+0000] {processor.py:840} INFO - DAG(s) 'xcom_guess' retrieved from /opt/airflow/dags/sample_dag.py
[2024-06-01T00:02:01.462+0000] {logging_mixin.py:188} INFO - [2024-06-01T00:02:01.462+0000] {dag.py:3096} INFO - Sync 1 DAGs
[2024-06-01T00:02:01.502+0000] {logging_mixin.py:188} INFO - [2024-06-01T00:02:01.502+0000] {dag.py:3954} INFO - Setting next_dagrun for xcom_guess to 2023-03-04 10:35:00+00:00, run_after=2023-03-04 10:40:00+00:00
[2024-06-01T00:02:01.528+0000] {processor.py:183} INFO - Processing /opt/airflow/dags/sample_dag.py took 0.140 seconds
[2024-06-01T00:02:31.868+0000] {processor.py:161} INFO - Started process (PID=17159) to work on /opt/airflow/dags/sample_dag.py
[2024-06-01T00:02:31.871+0000] {processor.py:830} INFO - Processing file /opt/airflow/dags/sample_dag.py for tasks to queue
[2024-06-01T00:02:31.872+0000] {logging_mixin.py:188} INFO - [2024-06-01T00:02:31.871+0000] {dagbag.py:545} INFO - Filling up the DagBag from /opt/airflow/dags/sample_dag.py
[2024-06-01T00:02:31.885+0000] {processor.py:840} INFO - DAG(s) 'xcom_guess' retrieved from /opt/airflow/dags/sample_dag.py
[2024-06-01T00:02:31.926+0000] {logging_mixin.py:188} INFO - [2024-06-01T00:02:31.926+0000] {dag.py:3096} INFO - Sync 1 DAGs
[2024-06-01T00:02:31.963+0000] {logging_mixin.py:188} INFO - [2024-06-01T00:02:31.963+0000] {dag.py:3954} INFO - Setting next_dagrun for xcom_guess to 2023-03-04 10:35:00+00:00, run_after=2023-03-04 10:40:00+00:00
[2024-06-01T00:02:31.987+0000] {processor.py:183} INFO - Processing /opt/airflow/dags/sample_dag.py took 0.126 seconds
[2024-06-01T00:03:02.204+0000] {processor.py:161} INFO - Started process (PID=17176) to work on /opt/airflow/dags/sample_dag.py
[2024-06-01T00:03:02.205+0000] {processor.py:830} INFO - Processing file /opt/airflow/dags/sample_dag.py for tasks to queue
[2024-06-01T00:03:02.205+0000] {logging_mixin.py:188} INFO - [2024-06-01T00:03:02.205+0000] {dagbag.py:545} INFO - Filling up the DagBag from /opt/airflow/dags/sample_dag.py
[2024-06-01T00:03:02.213+0000] {processor.py:840} INFO - DAG(s) 'xcom_guess' retrieved from /opt/airflow/dags/sample_dag.py
[2024-06-01T00:03:02.247+0000] {logging_mixin.py:188} INFO - [2024-06-01T00:03:02.247+0000] {dag.py:3096} INFO - Sync 1 DAGs
[2024-06-01T00:03:02.269+0000] {logging_mixin.py:188} INFO - [2024-06-01T00:03:02.268+0000] {dag.py:3954} INFO - Setting next_dagrun for xcom_guess to 2023-03-04 10:35:00+00:00, run_after=2023-03-04 10:40:00+00:00
[2024-06-01T00:03:02.285+0000] {processor.py:183} INFO - Processing /opt/airflow/dags/sample_dag.py took 0.092 seconds
[2024-06-01T00:03:32.579+0000] {processor.py:161} INFO - Started process (PID=17193) to work on /opt/airflow/dags/sample_dag.py
[2024-06-01T00:03:32.583+0000] {processor.py:830} INFO - Processing file /opt/airflow/dags/sample_dag.py for tasks to queue
[2024-06-01T00:03:32.585+0000] {logging_mixin.py:188} INFO - [2024-06-01T00:03:32.584+0000] {dagbag.py:545} INFO - Filling up the DagBag from /opt/airflow/dags/sample_dag.py
[2024-06-01T00:03:32.602+0000] {processor.py:840} INFO - DAG(s) 'xcom_guess' retrieved from /opt/airflow/dags/sample_dag.py
[2024-06-01T00:03:32.657+0000] {logging_mixin.py:188} INFO - [2024-06-01T00:03:32.656+0000] {dag.py:3096} INFO - Sync 1 DAGs
[2024-06-01T00:03:32.703+0000] {logging_mixin.py:188} INFO - [2024-06-01T00:03:32.702+0000] {dag.py:3954} INFO - Setting next_dagrun for xcom_guess to 2023-03-04 10:35:00+00:00, run_after=2023-03-04 10:40:00+00:00
[2024-06-01T00:03:32.745+0000] {processor.py:183} INFO - Processing /opt/airflow/dags/sample_dag.py took 0.180 seconds
[2024-06-01T00:04:02.807+0000] {processor.py:161} INFO - Started process (PID=17210) to work on /opt/airflow/dags/sample_dag.py
[2024-06-01T00:04:02.816+0000] {processor.py:830} INFO - Processing file /opt/airflow/dags/sample_dag.py for tasks to queue
[2024-06-01T00:04:02.817+0000] {logging_mixin.py:188} INFO - [2024-06-01T00:04:02.816+0000] {dagbag.py:545} INFO - Filling up the DagBag from /opt/airflow/dags/sample_dag.py
[2024-06-01T00:04:02.833+0000] {processor.py:840} INFO - DAG(s) 'xcom_guess' retrieved from /opt/airflow/dags/sample_dag.py
[2024-06-01T00:04:02.879+0000] {logging_mixin.py:188} INFO - [2024-06-01T00:04:02.878+0000] {dag.py:3096} INFO - Sync 1 DAGs
[2024-06-01T00:04:02.915+0000] {logging_mixin.py:188} INFO - [2024-06-01T00:04:02.915+0000] {dag.py:3954} INFO - Setting next_dagrun for xcom_guess to 2023-03-04 10:35:00+00:00, run_after=2023-03-04 10:40:00+00:00
[2024-06-01T00:04:02.944+0000] {processor.py:183} INFO - Processing /opt/airflow/dags/sample_dag.py took 0.154 seconds
[2024-06-01T00:04:33.276+0000] {processor.py:161} INFO - Started process (PID=17234) to work on /opt/airflow/dags/sample_dag.py
[2024-06-01T00:04:33.279+0000] {processor.py:830} INFO - Processing file /opt/airflow/dags/sample_dag.py for tasks to queue
[2024-06-01T00:04:33.280+0000] {logging_mixin.py:188} INFO - [2024-06-01T00:04:33.279+0000] {dagbag.py:545} INFO - Filling up the DagBag from /opt/airflow/dags/sample_dag.py
[2024-06-01T00:04:33.291+0000] {processor.py:840} INFO - DAG(s) 'xcom_guess' retrieved from /opt/airflow/dags/sample_dag.py
[2024-06-01T00:04:33.326+0000] {logging_mixin.py:188} INFO - [2024-06-01T00:04:33.326+0000] {dag.py:3096} INFO - Sync 1 DAGs
[2024-06-01T00:04:33.358+0000] {logging_mixin.py:188} INFO - [2024-06-01T00:04:33.357+0000] {dag.py:3954} INFO - Setting next_dagrun for xcom_guess to 2023-03-04 10:35:00+00:00, run_after=2023-03-04 10:40:00+00:00
[2024-06-01T00:04:33.384+0000] {processor.py:183} INFO - Processing /opt/airflow/dags/sample_dag.py took 0.113 seconds
[2024-06-01T00:05:03.647+0000] {processor.py:161} INFO - Started process (PID=17251) to work on /opt/airflow/dags/sample_dag.py
[2024-06-01T00:05:03.650+0000] {processor.py:830} INFO - Processing file /opt/airflow/dags/sample_dag.py for tasks to queue
[2024-06-01T00:05:03.651+0000] {logging_mixin.py:188} INFO - [2024-06-01T00:05:03.651+0000] {dagbag.py:545} INFO - Filling up the DagBag from /opt/airflow/dags/sample_dag.py
[2024-06-01T00:05:03.666+0000] {processor.py:840} INFO - DAG(s) 'xcom_guess' retrieved from /opt/airflow/dags/sample_dag.py
[2024-06-01T00:05:03.713+0000] {logging_mixin.py:188} INFO - [2024-06-01T00:05:03.713+0000] {dag.py:3096} INFO - Sync 1 DAGs
[2024-06-01T00:05:03.755+0000] {logging_mixin.py:188} INFO - [2024-06-01T00:05:03.754+0000] {dag.py:3954} INFO - Setting next_dagrun for xcom_guess to 2023-03-04 10:35:00+00:00, run_after=2023-03-04 10:40:00+00:00
[2024-06-01T00:05:03.801+0000] {processor.py:183} INFO - Processing /opt/airflow/dags/sample_dag.py took 0.171 seconds
[2024-06-01T00:05:33.854+0000] {processor.py:161} INFO - Started process (PID=17268) to work on /opt/airflow/dags/sample_dag.py
[2024-06-01T00:05:33.865+0000] {processor.py:830} INFO - Processing file /opt/airflow/dags/sample_dag.py for tasks to queue
[2024-06-01T00:05:33.867+0000] {logging_mixin.py:188} INFO - [2024-06-01T00:05:33.866+0000] {dagbag.py:545} INFO - Filling up the DagBag from /opt/airflow/dags/sample_dag.py
[2024-06-01T00:05:33.880+0000] {processor.py:840} INFO - DAG(s) 'xcom_guess' retrieved from /opt/airflow/dags/sample_dag.py
[2024-06-01T00:05:33.928+0000] {logging_mixin.py:188} INFO - [2024-06-01T00:05:33.928+0000] {dag.py:3096} INFO - Sync 1 DAGs
[2024-06-01T00:05:33.965+0000] {logging_mixin.py:188} INFO - [2024-06-01T00:05:33.965+0000] {dag.py:3954} INFO - Setting next_dagrun for xcom_guess to 2023-03-04 10:35:00+00:00, run_after=2023-03-04 10:40:00+00:00
[2024-06-01T00:05:33.989+0000] {processor.py:183} INFO - Processing /opt/airflow/dags/sample_dag.py took 0.146 seconds
[2024-06-01T00:06:04.194+0000] {processor.py:161} INFO - Started process (PID=17285) to work on /opt/airflow/dags/sample_dag.py
[2024-06-01T00:06:04.205+0000] {processor.py:830} INFO - Processing file /opt/airflow/dags/sample_dag.py for tasks to queue
[2024-06-01T00:06:04.207+0000] {logging_mixin.py:188} INFO - [2024-06-01T00:06:04.206+0000] {dagbag.py:545} INFO - Filling up the DagBag from /opt/airflow/dags/sample_dag.py
[2024-06-01T00:06:04.228+0000] {processor.py:840} INFO - DAG(s) 'xcom_guess' retrieved from /opt/airflow/dags/sample_dag.py
[2024-06-01T00:06:04.294+0000] {logging_mixin.py:188} INFO - [2024-06-01T00:06:04.294+0000] {dag.py:3096} INFO - Sync 1 DAGs
[2024-06-01T00:06:04.330+0000] {logging_mixin.py:188} INFO - [2024-06-01T00:06:04.330+0000] {dag.py:3954} INFO - Setting next_dagrun for xcom_guess to 2023-03-04 10:35:00+00:00, run_after=2023-03-04 10:40:00+00:00
[2024-06-01T00:06:04.356+0000] {processor.py:183} INFO - Processing /opt/airflow/dags/sample_dag.py took 0.175 seconds
[2024-06-01T00:06:34.630+0000] {processor.py:161} INFO - Started process (PID=17309) to work on /opt/airflow/dags/sample_dag.py
[2024-06-01T00:06:34.632+0000] {processor.py:830} INFO - Processing file /opt/airflow/dags/sample_dag.py for tasks to queue
[2024-06-01T00:06:34.633+0000] {logging_mixin.py:188} INFO - [2024-06-01T00:06:34.632+0000] {dagbag.py:545} INFO - Filling up the DagBag from /opt/airflow/dags/sample_dag.py
[2024-06-01T00:06:34.650+0000] {processor.py:840} INFO - DAG(s) 'xcom_guess' retrieved from /opt/airflow/dags/sample_dag.py
[2024-06-01T00:06:34.693+0000] {logging_mixin.py:188} INFO - [2024-06-01T00:06:34.693+0000] {dag.py:3096} INFO - Sync 1 DAGs
[2024-06-01T00:06:34.722+0000] {logging_mixin.py:188} INFO - [2024-06-01T00:06:34.721+0000] {dag.py:3954} INFO - Setting next_dagrun for xcom_guess to 2023-03-04 10:35:00+00:00, run_after=2023-03-04 10:40:00+00:00
[2024-06-01T00:06:34.745+0000] {processor.py:183} INFO - Processing /opt/airflow/dags/sample_dag.py took 0.122 seconds
[2024-06-01T00:07:04.994+0000] {processor.py:161} INFO - Started process (PID=17326) to work on /opt/airflow/dags/sample_dag.py
[2024-06-01T00:07:05.004+0000] {processor.py:830} INFO - Processing file /opt/airflow/dags/sample_dag.py for tasks to queue
[2024-06-01T00:07:05.005+0000] {logging_mixin.py:188} INFO - [2024-06-01T00:07:05.004+0000] {dagbag.py:545} INFO - Filling up the DagBag from /opt/airflow/dags/sample_dag.py
[2024-06-01T00:07:05.016+0000] {processor.py:840} INFO - DAG(s) 'xcom_guess' retrieved from /opt/airflow/dags/sample_dag.py
[2024-06-01T00:07:05.064+0000] {logging_mixin.py:188} INFO - [2024-06-01T00:07:05.063+0000] {dag.py:3096} INFO - Sync 1 DAGs
[2024-06-01T00:07:05.101+0000] {logging_mixin.py:188} INFO - [2024-06-01T00:07:05.101+0000] {dag.py:3954} INFO - Setting next_dagrun for xcom_guess to 2023-03-04 10:35:00+00:00, run_after=2023-03-04 10:40:00+00:00
[2024-06-01T00:07:05.121+0000] {processor.py:183} INFO - Processing /opt/airflow/dags/sample_dag.py took 0.136 seconds
[2024-06-01T00:07:35.347+0000] {processor.py:161} INFO - Started process (PID=17343) to work on /opt/airflow/dags/sample_dag.py
[2024-06-01T00:07:35.350+0000] {processor.py:830} INFO - Processing file /opt/airflow/dags/sample_dag.py for tasks to queue
[2024-06-01T00:07:35.351+0000] {logging_mixin.py:188} INFO - [2024-06-01T00:07:35.351+0000] {dagbag.py:545} INFO - Filling up the DagBag from /opt/airflow/dags/sample_dag.py
[2024-06-01T00:07:35.361+0000] {processor.py:840} INFO - DAG(s) 'xcom_guess' retrieved from /opt/airflow/dags/sample_dag.py
[2024-06-01T00:07:35.402+0000] {logging_mixin.py:188} INFO - [2024-06-01T00:07:35.402+0000] {dag.py:3096} INFO - Sync 1 DAGs
[2024-06-01T00:07:35.434+0000] {logging_mixin.py:188} INFO - [2024-06-01T00:07:35.434+0000] {dag.py:3954} INFO - Setting next_dagrun for xcom_guess to 2023-03-04 10:35:00+00:00, run_after=2023-03-04 10:40:00+00:00
[2024-06-01T00:07:35.465+0000] {processor.py:183} INFO - Processing /opt/airflow/dags/sample_dag.py took 0.129 seconds
[2024-06-01T00:08:05.645+0000] {processor.py:161} INFO - Started process (PID=17360) to work on /opt/airflow/dags/sample_dag.py
[2024-06-01T00:08:05.656+0000] {processor.py:830} INFO - Processing file /opt/airflow/dags/sample_dag.py for tasks to queue
[2024-06-01T00:08:05.657+0000] {logging_mixin.py:188} INFO - [2024-06-01T00:08:05.657+0000] {dagbag.py:545} INFO - Filling up the DagBag from /opt/airflow/dags/sample_dag.py
[2024-06-01T00:08:05.675+0000] {processor.py:840} INFO - DAG(s) 'xcom_guess' retrieved from /opt/airflow/dags/sample_dag.py
[2024-06-01T00:08:05.716+0000] {logging_mixin.py:188} INFO - [2024-06-01T00:08:05.716+0000] {dag.py:3096} INFO - Sync 1 DAGs
[2024-06-01T00:08:05.785+0000] {logging_mixin.py:188} INFO - [2024-06-01T00:08:05.785+0000] {dag.py:3954} INFO - Setting next_dagrun for xcom_guess to 2023-03-04 10:35:00+00:00, run_after=2023-03-04 10:40:00+00:00
[2024-06-01T00:08:05.811+0000] {processor.py:183} INFO - Processing /opt/airflow/dags/sample_dag.py took 0.173 seconds
[2024-06-01T00:08:35.854+0000] {processor.py:161} INFO - Started process (PID=17384) to work on /opt/airflow/dags/sample_dag.py
[2024-06-01T00:08:35.871+0000] {processor.py:830} INFO - Processing file /opt/airflow/dags/sample_dag.py for tasks to queue
[2024-06-01T00:08:35.872+0000] {logging_mixin.py:188} INFO - [2024-06-01T00:08:35.871+0000] {dagbag.py:545} INFO - Filling up the DagBag from /opt/airflow/dags/sample_dag.py
[2024-06-01T00:08:35.884+0000] {processor.py:840} INFO - DAG(s) 'xcom_guess' retrieved from /opt/airflow/dags/sample_dag.py
[2024-06-01T00:08:35.920+0000] {logging_mixin.py:188} INFO - [2024-06-01T00:08:35.920+0000] {dag.py:3096} INFO - Sync 1 DAGs
[2024-06-01T00:08:35.943+0000] {logging_mixin.py:188} INFO - [2024-06-01T00:08:35.943+0000] {dag.py:3954} INFO - Setting next_dagrun for xcom_guess to 2023-03-04 10:35:00+00:00, run_after=2023-03-04 10:40:00+00:00
[2024-06-01T00:08:35.963+0000] {processor.py:183} INFO - Processing /opt/airflow/dags/sample_dag.py took 0.117 seconds
[2024-06-01T00:09:06.171+0000] {processor.py:161} INFO - Started process (PID=17401) to work on /opt/airflow/dags/sample_dag.py
[2024-06-01T00:09:06.181+0000] {processor.py:830} INFO - Processing file /opt/airflow/dags/sample_dag.py for tasks to queue
[2024-06-01T00:09:06.182+0000] {logging_mixin.py:188} INFO - [2024-06-01T00:09:06.182+0000] {dagbag.py:545} INFO - Filling up the DagBag from /opt/airflow/dags/sample_dag.py
[2024-06-01T00:09:06.192+0000] {processor.py:840} INFO - DAG(s) 'xcom_guess' retrieved from /opt/airflow/dags/sample_dag.py
[2024-06-01T00:09:06.248+0000] {logging_mixin.py:188} INFO - [2024-06-01T00:09:06.247+0000] {dag.py:3096} INFO - Sync 1 DAGs
[2024-06-01T00:09:06.288+0000] {logging_mixin.py:188} INFO - [2024-06-01T00:09:06.288+0000] {dag.py:3954} INFO - Setting next_dagrun for xcom_guess to 2023-03-04 10:35:00+00:00, run_after=2023-03-04 10:40:00+00:00
[2024-06-01T00:09:06.323+0000] {processor.py:183} INFO - Processing /opt/airflow/dags/sample_dag.py took 0.161 seconds
[2024-06-01T00:09:36.530+0000] {processor.py:161} INFO - Started process (PID=17418) to work on /opt/airflow/dags/sample_dag.py
[2024-06-01T00:09:36.533+0000] {processor.py:830} INFO - Processing file /opt/airflow/dags/sample_dag.py for tasks to queue
[2024-06-01T00:09:36.534+0000] {logging_mixin.py:188} INFO - [2024-06-01T00:09:36.533+0000] {dagbag.py:545} INFO - Filling up the DagBag from /opt/airflow/dags/sample_dag.py
[2024-06-01T00:09:36.550+0000] {processor.py:840} INFO - DAG(s) 'xcom_guess' retrieved from /opt/airflow/dags/sample_dag.py
[2024-06-01T00:09:36.587+0000] {logging_mixin.py:188} INFO - [2024-06-01T00:09:36.586+0000] {dag.py:3096} INFO - Sync 1 DAGs
[2024-06-01T00:09:36.614+0000] {logging_mixin.py:188} INFO - [2024-06-01T00:09:36.613+0000] {dag.py:3954} INFO - Setting next_dagrun for xcom_guess to 2023-03-04 10:35:00+00:00, run_after=2023-03-04 10:40:00+00:00
[2024-06-01T00:09:36.640+0000] {processor.py:183} INFO - Processing /opt/airflow/dags/sample_dag.py took 0.126 seconds
[2024-06-01T00:10:06.864+0000] {processor.py:161} INFO - Started process (PID=17435) to work on /opt/airflow/dags/sample_dag.py
[2024-06-01T00:10:06.875+0000] {processor.py:830} INFO - Processing file /opt/airflow/dags/sample_dag.py for tasks to queue
[2024-06-01T00:10:06.876+0000] {logging_mixin.py:188} INFO - [2024-06-01T00:10:06.876+0000] {dagbag.py:545} INFO - Filling up the DagBag from /opt/airflow/dags/sample_dag.py
[2024-06-01T00:10:06.907+0000] {processor.py:840} INFO - DAG(s) 'xcom_guess' retrieved from /opt/airflow/dags/sample_dag.py
[2024-06-01T00:10:06.955+0000] {logging_mixin.py:188} INFO - [2024-06-01T00:10:06.954+0000] {dag.py:3096} INFO - Sync 1 DAGs
[2024-06-01T00:10:06.990+0000] {logging_mixin.py:188} INFO - [2024-06-01T00:10:06.990+0000] {dag.py:3954} INFO - Setting next_dagrun for xcom_guess to 2023-03-04 10:35:00+00:00, run_after=2023-03-04 10:40:00+00:00
[2024-06-01T00:10:07.019+0000] {processor.py:183} INFO - Processing /opt/airflow/dags/sample_dag.py took 0.176 seconds
[2024-06-01T00:10:37.274+0000] {processor.py:161} INFO - Started process (PID=17459) to work on /opt/airflow/dags/sample_dag.py
[2024-06-01T00:10:37.284+0000] {processor.py:830} INFO - Processing file /opt/airflow/dags/sample_dag.py for tasks to queue
[2024-06-01T00:10:37.286+0000] {logging_mixin.py:188} INFO - [2024-06-01T00:10:37.285+0000] {dagbag.py:545} INFO - Filling up the DagBag from /opt/airflow/dags/sample_dag.py
[2024-06-01T00:10:37.301+0000] {processor.py:840} INFO - DAG(s) 'xcom_guess' retrieved from /opt/airflow/dags/sample_dag.py
[2024-06-01T00:10:37.346+0000] {logging_mixin.py:188} INFO - [2024-06-01T00:10:37.346+0000] {dag.py:3096} INFO - Sync 1 DAGs
[2024-06-01T00:10:37.383+0000] {logging_mixin.py:188} INFO - [2024-06-01T00:10:37.383+0000] {dag.py:3954} INFO - Setting next_dagrun for xcom_guess to 2023-03-04 10:35:00+00:00, run_after=2023-03-04 10:40:00+00:00
[2024-06-01T00:10:37.420+0000] {processor.py:183} INFO - Processing /opt/airflow/dags/sample_dag.py took 0.154 seconds
[2024-06-01T00:11:07.509+0000] {processor.py:161} INFO - Started process (PID=17476) to work on /opt/airflow/dags/sample_dag.py
[2024-06-01T00:11:07.510+0000] {processor.py:830} INFO - Processing file /opt/airflow/dags/sample_dag.py for tasks to queue
[2024-06-01T00:11:07.511+0000] {logging_mixin.py:188} INFO - [2024-06-01T00:11:07.510+0000] {dagbag.py:545} INFO - Filling up the DagBag from /opt/airflow/dags/sample_dag.py
[2024-06-01T00:11:07.520+0000] {processor.py:840} INFO - DAG(s) 'xcom_guess' retrieved from /opt/airflow/dags/sample_dag.py
[2024-06-01T00:11:07.549+0000] {logging_mixin.py:188} INFO - [2024-06-01T00:11:07.549+0000] {dag.py:3096} INFO - Sync 1 DAGs
[2024-06-01T00:11:07.570+0000] {logging_mixin.py:188} INFO - [2024-06-01T00:11:07.570+0000] {dag.py:3954} INFO - Setting next_dagrun for xcom_guess to 2023-03-04 10:35:00+00:00, run_after=2023-03-04 10:40:00+00:00
[2024-06-01T00:11:07.589+0000] {processor.py:183} INFO - Processing /opt/airflow/dags/sample_dag.py took 0.092 seconds
[2024-06-01T00:11:37.799+0000] {processor.py:161} INFO - Started process (PID=17493) to work on /opt/airflow/dags/sample_dag.py
[2024-06-01T00:11:37.800+0000] {processor.py:830} INFO - Processing file /opt/airflow/dags/sample_dag.py for tasks to queue
[2024-06-01T00:11:37.801+0000] {logging_mixin.py:188} INFO - [2024-06-01T00:11:37.801+0000] {dagbag.py:545} INFO - Filling up the DagBag from /opt/airflow/dags/sample_dag.py
[2024-06-01T00:11:37.811+0000] {processor.py:840} INFO - DAG(s) 'xcom_guess' retrieved from /opt/airflow/dags/sample_dag.py
[2024-06-01T00:11:37.845+0000] {logging_mixin.py:188} INFO - [2024-06-01T00:11:37.844+0000] {dag.py:3096} INFO - Sync 1 DAGs
[2024-06-01T00:11:37.873+0000] {logging_mixin.py:188} INFO - [2024-06-01T00:11:37.873+0000] {dag.py:3954} INFO - Setting next_dagrun for xcom_guess to 2023-03-04 10:35:00+00:00, run_after=2023-03-04 10:40:00+00:00
[2024-06-01T00:11:37.896+0000] {processor.py:183} INFO - Processing /opt/airflow/dags/sample_dag.py took 0.106 seconds
[2024-06-01T00:12:08.198+0000] {processor.py:161} INFO - Started process (PID=17517) to work on /opt/airflow/dags/sample_dag.py
[2024-06-01T00:12:08.199+0000] {processor.py:830} INFO - Processing file /opt/airflow/dags/sample_dag.py for tasks to queue
[2024-06-01T00:12:08.200+0000] {logging_mixin.py:188} INFO - [2024-06-01T00:12:08.200+0000] {dagbag.py:545} INFO - Filling up the DagBag from /opt/airflow/dags/sample_dag.py
[2024-06-01T00:12:08.208+0000] {processor.py:840} INFO - DAG(s) 'xcom_guess' retrieved from /opt/airflow/dags/sample_dag.py
[2024-06-01T00:12:08.238+0000] {logging_mixin.py:188} INFO - [2024-06-01T00:12:08.238+0000] {dag.py:3096} INFO - Sync 1 DAGs
[2024-06-01T00:12:08.258+0000] {logging_mixin.py:188} INFO - [2024-06-01T00:12:08.258+0000] {dag.py:3954} INFO - Setting next_dagrun for xcom_guess to 2023-03-04 10:35:00+00:00, run_after=2023-03-04 10:40:00+00:00
[2024-06-01T00:12:08.279+0000] {processor.py:183} INFO - Processing /opt/airflow/dags/sample_dag.py took 0.089 seconds
[2024-06-01T00:12:38.574+0000] {processor.py:161} INFO - Started process (PID=17534) to work on /opt/airflow/dags/sample_dag.py
[2024-06-01T00:12:38.584+0000] {processor.py:830} INFO - Processing file /opt/airflow/dags/sample_dag.py for tasks to queue
[2024-06-01T00:12:38.584+0000] {logging_mixin.py:188} INFO - [2024-06-01T00:12:38.584+0000] {dagbag.py:545} INFO - Filling up the DagBag from /opt/airflow/dags/sample_dag.py
[2024-06-01T00:12:38.600+0000] {processor.py:840} INFO - DAG(s) 'xcom_guess' retrieved from /opt/airflow/dags/sample_dag.py
[2024-06-01T00:12:38.637+0000] {logging_mixin.py:188} INFO - [2024-06-01T00:12:38.636+0000] {dag.py:3096} INFO - Sync 1 DAGs
[2024-06-01T00:12:38.666+0000] {logging_mixin.py:188} INFO - [2024-06-01T00:12:38.666+0000] {dag.py:3954} INFO - Setting next_dagrun for xcom_guess to 2023-03-04 10:35:00+00:00, run_after=2023-03-04 10:40:00+00:00
[2024-06-01T00:12:38.690+0000] {processor.py:183} INFO - Processing /opt/airflow/dags/sample_dag.py took 0.128 seconds
[2024-06-01T00:13:08.949+0000] {processor.py:161} INFO - Started process (PID=17551) to work on /opt/airflow/dags/sample_dag.py
[2024-06-01T00:13:08.950+0000] {processor.py:830} INFO - Processing file /opt/airflow/dags/sample_dag.py for tasks to queue
[2024-06-01T00:13:08.951+0000] {logging_mixin.py:188} INFO - [2024-06-01T00:13:08.950+0000] {dagbag.py:545} INFO - Filling up the DagBag from /opt/airflow/dags/sample_dag.py
[2024-06-01T00:13:08.964+0000] {processor.py:840} INFO - DAG(s) 'xcom_guess' retrieved from /opt/airflow/dags/sample_dag.py
[2024-06-01T00:13:09.007+0000] {logging_mixin.py:188} INFO - [2024-06-01T00:13:09.007+0000] {dag.py:3096} INFO - Sync 1 DAGs
[2024-06-01T00:13:09.034+0000] {logging_mixin.py:188} INFO - [2024-06-01T00:13:09.033+0000] {dag.py:3954} INFO - Setting next_dagrun for xcom_guess to 2023-03-04 10:35:00+00:00, run_after=2023-03-04 10:40:00+00:00
[2024-06-01T00:13:09.059+0000] {processor.py:183} INFO - Processing /opt/airflow/dags/sample_dag.py took 0.125 seconds
[2024-06-01T00:13:39.263+0000] {processor.py:161} INFO - Started process (PID=17568) to work on /opt/airflow/dags/sample_dag.py
[2024-06-01T00:13:39.269+0000] {processor.py:830} INFO - Processing file /opt/airflow/dags/sample_dag.py for tasks to queue
[2024-06-01T00:13:39.270+0000] {logging_mixin.py:188} INFO - [2024-06-01T00:13:39.270+0000] {dagbag.py:545} INFO - Filling up the DagBag from /opt/airflow/dags/sample_dag.py
[2024-06-01T00:13:39.286+0000] {processor.py:840} INFO - DAG(s) 'xcom_guess' retrieved from /opt/airflow/dags/sample_dag.py
[2024-06-01T00:13:39.336+0000] {logging_mixin.py:188} INFO - [2024-06-01T00:13:39.335+0000] {dag.py:3096} INFO - Sync 1 DAGs
[2024-06-01T00:13:39.362+0000] {logging_mixin.py:188} INFO - [2024-06-01T00:13:39.362+0000] {dag.py:3954} INFO - Setting next_dagrun for xcom_guess to 2023-03-04 10:35:00+00:00, run_after=2023-03-04 10:40:00+00:00
[2024-06-01T00:13:39.382+0000] {processor.py:183} INFO - Processing /opt/airflow/dags/sample_dag.py took 0.136 seconds
[2024-06-01T00:14:09.629+0000] {processor.py:161} INFO - Started process (PID=17591) to work on /opt/airflow/dags/sample_dag.py
[2024-06-01T00:14:09.630+0000] {processor.py:830} INFO - Processing file /opt/airflow/dags/sample_dag.py for tasks to queue
[2024-06-01T00:14:09.631+0000] {logging_mixin.py:188} INFO - [2024-06-01T00:14:09.631+0000] {dagbag.py:545} INFO - Filling up the DagBag from /opt/airflow/dags/sample_dag.py
[2024-06-01T00:14:09.643+0000] {processor.py:840} INFO - DAG(s) 'xcom_guess' retrieved from /opt/airflow/dags/sample_dag.py
[2024-06-01T00:14:09.679+0000] {logging_mixin.py:188} INFO - [2024-06-01T00:14:09.678+0000] {dag.py:3096} INFO - Sync 1 DAGs
[2024-06-01T00:14:09.703+0000] {logging_mixin.py:188} INFO - [2024-06-01T00:14:09.702+0000] {dag.py:3954} INFO - Setting next_dagrun for xcom_guess to 2023-03-04 10:35:00+00:00, run_after=2023-03-04 10:40:00+00:00
[2024-06-01T00:14:09.727+0000] {processor.py:183} INFO - Processing /opt/airflow/dags/sample_dag.py took 0.109 seconds
[2024-06-01T00:14:40.008+0000] {processor.py:161} INFO - Started process (PID=17608) to work on /opt/airflow/dags/sample_dag.py
[2024-06-01T00:14:40.012+0000] {processor.py:830} INFO - Processing file /opt/airflow/dags/sample_dag.py for tasks to queue
[2024-06-01T00:14:40.013+0000] {logging_mixin.py:188} INFO - [2024-06-01T00:14:40.013+0000] {dagbag.py:545} INFO - Filling up the DagBag from /opt/airflow/dags/sample_dag.py
[2024-06-01T00:14:40.026+0000] {processor.py:840} INFO - DAG(s) 'xcom_guess' retrieved from /opt/airflow/dags/sample_dag.py
[2024-06-01T00:14:40.065+0000] {logging_mixin.py:188} INFO - [2024-06-01T00:14:40.064+0000] {dag.py:3096} INFO - Sync 1 DAGs
[2024-06-01T00:14:40.096+0000] {logging_mixin.py:188} INFO - [2024-06-01T00:14:40.096+0000] {dag.py:3954} INFO - Setting next_dagrun for xcom_guess to 2023-03-04 10:35:00+00:00, run_after=2023-03-04 10:40:00+00:00
[2024-06-01T00:14:40.130+0000] {processor.py:183} INFO - Processing /opt/airflow/dags/sample_dag.py took 0.131 seconds
[2024-06-01T00:15:10.325+0000] {processor.py:161} INFO - Started process (PID=17624) to work on /opt/airflow/dags/sample_dag.py
[2024-06-01T00:15:10.326+0000] {processor.py:830} INFO - Processing file /opt/airflow/dags/sample_dag.py for tasks to queue
[2024-06-01T00:15:10.327+0000] {logging_mixin.py:188} INFO - [2024-06-01T00:15:10.326+0000] {dagbag.py:545} INFO - Filling up the DagBag from /opt/airflow/dags/sample_dag.py
[2024-06-01T00:15:10.336+0000] {processor.py:840} INFO - DAG(s) 'xcom_guess' retrieved from /opt/airflow/dags/sample_dag.py
[2024-06-01T00:15:10.374+0000] {logging_mixin.py:188} INFO - [2024-06-01T00:15:10.374+0000] {dag.py:3096} INFO - Sync 1 DAGs
[2024-06-01T00:15:10.398+0000] {logging_mixin.py:188} INFO - [2024-06-01T00:15:10.398+0000] {dag.py:3954} INFO - Setting next_dagrun for xcom_guess to 2023-03-04 10:35:00+00:00, run_after=2023-03-04 10:40:00+00:00
[2024-06-01T00:15:10.419+0000] {processor.py:183} INFO - Processing /opt/airflow/dags/sample_dag.py took 0.102 seconds
[2024-06-01T00:15:40.681+0000] {processor.py:161} INFO - Started process (PID=17648) to work on /opt/airflow/dags/sample_dag.py
[2024-06-01T00:15:40.683+0000] {processor.py:830} INFO - Processing file /opt/airflow/dags/sample_dag.py for tasks to queue
[2024-06-01T00:15:40.684+0000] {logging_mixin.py:188} INFO - [2024-06-01T00:15:40.684+0000] {dagbag.py:545} INFO - Filling up the DagBag from /opt/airflow/dags/sample_dag.py
[2024-06-01T00:15:40.695+0000] {processor.py:840} INFO - DAG(s) 'xcom_guess' retrieved from /opt/airflow/dags/sample_dag.py
[2024-06-01T00:15:40.738+0000] {logging_mixin.py:188} INFO - [2024-06-01T00:15:40.738+0000] {dag.py:3096} INFO - Sync 1 DAGs
[2024-06-01T00:15:40.774+0000] {logging_mixin.py:188} INFO - [2024-06-01T00:15:40.774+0000] {dag.py:3954} INFO - Setting next_dagrun for xcom_guess to 2023-03-04 10:35:00+00:00, run_after=2023-03-04 10:40:00+00:00
[2024-06-01T00:15:40.800+0000] {processor.py:183} INFO - Processing /opt/airflow/dags/sample_dag.py took 0.133 seconds
[2024-06-01T00:16:11.031+0000] {processor.py:161} INFO - Started process (PID=17664) to work on /opt/airflow/dags/sample_dag.py
[2024-06-01T00:16:11.033+0000] {processor.py:830} INFO - Processing file /opt/airflow/dags/sample_dag.py for tasks to queue
[2024-06-01T00:16:11.034+0000] {logging_mixin.py:188} INFO - [2024-06-01T00:16:11.033+0000] {dagbag.py:545} INFO - Filling up the DagBag from /opt/airflow/dags/sample_dag.py
[2024-06-01T00:16:11.045+0000] {processor.py:840} INFO - DAG(s) 'xcom_guess' retrieved from /opt/airflow/dags/sample_dag.py
[2024-06-01T00:16:11.088+0000] {logging_mixin.py:188} INFO - [2024-06-01T00:16:11.087+0000] {dag.py:3096} INFO - Sync 1 DAGs
[2024-06-01T00:16:11.121+0000] {logging_mixin.py:188} INFO - [2024-06-01T00:16:11.121+0000] {dag.py:3954} INFO - Setting next_dagrun for xcom_guess to 2023-03-04 10:35:00+00:00, run_after=2023-03-04 10:40:00+00:00
[2024-06-01T00:16:11.148+0000] {processor.py:183} INFO - Processing /opt/airflow/dags/sample_dag.py took 0.127 seconds
[2024-06-01T00:16:41.392+0000] {processor.py:161} INFO - Started process (PID=17681) to work on /opt/airflow/dags/sample_dag.py
[2024-06-01T00:16:41.394+0000] {processor.py:830} INFO - Processing file /opt/airflow/dags/sample_dag.py for tasks to queue
[2024-06-01T00:16:41.396+0000] {logging_mixin.py:188} INFO - [2024-06-01T00:16:41.395+0000] {dagbag.py:545} INFO - Filling up the DagBag from /opt/airflow/dags/sample_dag.py
[2024-06-01T00:16:41.413+0000] {processor.py:840} INFO - DAG(s) 'xcom_guess' retrieved from /opt/airflow/dags/sample_dag.py
[2024-06-01T00:16:41.468+0000] {logging_mixin.py:188} INFO - [2024-06-01T00:16:41.468+0000] {dag.py:3096} INFO - Sync 1 DAGs
[2024-06-01T00:16:41.500+0000] {logging_mixin.py:188} INFO - [2024-06-01T00:16:41.500+0000] {dag.py:3954} INFO - Setting next_dagrun for xcom_guess to 2023-03-04 10:35:00+00:00, run_after=2023-03-04 10:40:00+00:00
[2024-06-01T00:16:41.521+0000] {processor.py:183} INFO - Processing /opt/airflow/dags/sample_dag.py took 0.143 seconds
[2024-06-01T00:17:11.602+0000] {processor.py:161} INFO - Started process (PID=17698) to work on /opt/airflow/dags/sample_dag.py
[2024-06-01T00:17:11.603+0000] {processor.py:830} INFO - Processing file /opt/airflow/dags/sample_dag.py for tasks to queue
[2024-06-01T00:17:11.604+0000] {logging_mixin.py:188} INFO - [2024-06-01T00:17:11.604+0000] {dagbag.py:545} INFO - Filling up the DagBag from /opt/airflow/dags/sample_dag.py
[2024-06-01T00:17:11.615+0000] {processor.py:840} INFO - DAG(s) 'xcom_guess' retrieved from /opt/airflow/dags/sample_dag.py
[2024-06-01T00:17:11.681+0000] {logging_mixin.py:188} INFO - [2024-06-01T00:17:11.680+0000] {dag.py:3096} INFO - Sync 1 DAGs
[2024-06-01T00:17:11.732+0000] {logging_mixin.py:188} INFO - [2024-06-01T00:17:11.732+0000] {dag.py:3954} INFO - Setting next_dagrun for xcom_guess to 2023-03-04 10:35:00+00:00, run_after=2023-03-04 10:40:00+00:00
[2024-06-01T00:17:11.754+0000] {processor.py:183} INFO - Processing /opt/airflow/dags/sample_dag.py took 0.160 seconds
[2024-06-01T00:17:42.000+0000] {processor.py:161} INFO - Started process (PID=17723) to work on /opt/airflow/dags/sample_dag.py
[2024-06-01T00:17:42.001+0000] {processor.py:830} INFO - Processing file /opt/airflow/dags/sample_dag.py for tasks to queue
[2024-06-01T00:17:42.002+0000] {logging_mixin.py:188} INFO - [2024-06-01T00:17:42.001+0000] {dagbag.py:545} INFO - Filling up the DagBag from /opt/airflow/dags/sample_dag.py
[2024-06-01T00:17:42.012+0000] {processor.py:840} INFO - DAG(s) 'xcom_guess' retrieved from /opt/airflow/dags/sample_dag.py
[2024-06-01T00:17:42.048+0000] {logging_mixin.py:188} INFO - [2024-06-01T00:17:42.047+0000] {dag.py:3096} INFO - Sync 1 DAGs
[2024-06-01T00:17:42.073+0000] {logging_mixin.py:188} INFO - [2024-06-01T00:17:42.072+0000] {dag.py:3954} INFO - Setting next_dagrun for xcom_guess to 2023-03-04 10:35:00+00:00, run_after=2023-03-04 10:40:00+00:00
[2024-06-01T00:17:42.096+0000] {processor.py:183} INFO - Processing /opt/airflow/dags/sample_dag.py took 0.104 seconds
[2024-06-01T00:18:12.328+0000] {processor.py:161} INFO - Started process (PID=17740) to work on /opt/airflow/dags/sample_dag.py
[2024-06-01T00:18:12.339+0000] {processor.py:830} INFO - Processing file /opt/airflow/dags/sample_dag.py for tasks to queue
[2024-06-01T00:18:12.340+0000] {logging_mixin.py:188} INFO - [2024-06-01T00:18:12.340+0000] {dagbag.py:545} INFO - Filling up the DagBag from /opt/airflow/dags/sample_dag.py
[2024-06-01T00:18:12.351+0000] {processor.py:840} INFO - DAG(s) 'xcom_guess' retrieved from /opt/airflow/dags/sample_dag.py
[2024-06-01T00:18:12.384+0000] {logging_mixin.py:188} INFO - [2024-06-01T00:18:12.384+0000] {dag.py:3096} INFO - Sync 1 DAGs
[2024-06-01T00:18:12.416+0000] {logging_mixin.py:188} INFO - [2024-06-01T00:18:12.416+0000] {dag.py:3954} INFO - Setting next_dagrun for xcom_guess to 2023-03-04 10:35:00+00:00, run_after=2023-03-04 10:40:00+00:00
[2024-06-01T00:18:12.442+0000] {processor.py:183} INFO - Processing /opt/airflow/dags/sample_dag.py took 0.122 seconds
[2024-06-01T00:18:42.775+0000] {processor.py:161} INFO - Started process (PID=17757) to work on /opt/airflow/dags/sample_dag.py
[2024-06-01T00:18:42.786+0000] {processor.py:830} INFO - Processing file /opt/airflow/dags/sample_dag.py for tasks to queue
[2024-06-01T00:18:42.788+0000] {logging_mixin.py:188} INFO - [2024-06-01T00:18:42.787+0000] {dagbag.py:545} INFO - Filling up the DagBag from /opt/airflow/dags/sample_dag.py
[2024-06-01T00:18:42.802+0000] {processor.py:840} INFO - DAG(s) 'xcom_guess' retrieved from /opt/airflow/dags/sample_dag.py
[2024-06-01T00:18:42.839+0000] {logging_mixin.py:188} INFO - [2024-06-01T00:18:42.839+0000] {dag.py:3096} INFO - Sync 1 DAGs
[2024-06-01T00:18:42.864+0000] {logging_mixin.py:188} INFO - [2024-06-01T00:18:42.863+0000] {dag.py:3954} INFO - Setting next_dagrun for xcom_guess to 2023-03-04 10:35:00+00:00, run_after=2023-03-04 10:40:00+00:00
[2024-06-01T00:18:42.886+0000] {processor.py:183} INFO - Processing /opt/airflow/dags/sample_dag.py took 0.122 seconds
[2024-06-01T00:19:13.080+0000] {processor.py:161} INFO - Started process (PID=17774) to work on /opt/airflow/dags/sample_dag.py
[2024-06-01T00:19:13.081+0000] {processor.py:830} INFO - Processing file /opt/airflow/dags/sample_dag.py for tasks to queue
[2024-06-01T00:19:13.082+0000] {logging_mixin.py:188} INFO - [2024-06-01T00:19:13.082+0000] {dagbag.py:545} INFO - Filling up the DagBag from /opt/airflow/dags/sample_dag.py
[2024-06-01T00:19:13.092+0000] {processor.py:840} INFO - DAG(s) 'xcom_guess' retrieved from /opt/airflow/dags/sample_dag.py
[2024-06-01T00:19:13.131+0000] {logging_mixin.py:188} INFO - [2024-06-01T00:19:13.131+0000] {dag.py:3096} INFO - Sync 1 DAGs
[2024-06-01T00:19:13.153+0000] {logging_mixin.py:188} INFO - [2024-06-01T00:19:13.153+0000] {dag.py:3954} INFO - Setting next_dagrun for xcom_guess to 2023-03-04 10:35:00+00:00, run_after=2023-03-04 10:40:00+00:00
[2024-06-01T00:19:13.174+0000] {processor.py:183} INFO - Processing /opt/airflow/dags/sample_dag.py took 0.102 seconds
[2024-06-01T00:19:43.407+0000] {processor.py:161} INFO - Started process (PID=17799) to work on /opt/airflow/dags/sample_dag.py
[2024-06-01T00:19:43.408+0000] {processor.py:830} INFO - Processing file /opt/airflow/dags/sample_dag.py for tasks to queue
[2024-06-01T00:19:43.409+0000] {logging_mixin.py:188} INFO - [2024-06-01T00:19:43.409+0000] {dagbag.py:545} INFO - Filling up the DagBag from /opt/airflow/dags/sample_dag.py
[2024-06-01T00:19:43.422+0000] {processor.py:840} INFO - DAG(s) 'xcom_guess' retrieved from /opt/airflow/dags/sample_dag.py
[2024-06-01T00:19:43.468+0000] {logging_mixin.py:188} INFO - [2024-06-01T00:19:43.467+0000] {dag.py:3096} INFO - Sync 1 DAGs
[2024-06-01T00:19:43.502+0000] {logging_mixin.py:188} INFO - [2024-06-01T00:19:43.502+0000] {dag.py:3954} INFO - Setting next_dagrun for xcom_guess to 2023-03-04 10:35:00+00:00, run_after=2023-03-04 10:40:00+00:00
[2024-06-01T00:19:43.527+0000] {processor.py:183} INFO - Processing /opt/airflow/dags/sample_dag.py took 0.130 seconds
[2024-06-01T00:20:13.793+0000] {processor.py:161} INFO - Started process (PID=17816) to work on /opt/airflow/dags/sample_dag.py
[2024-06-01T00:20:13.797+0000] {processor.py:830} INFO - Processing file /opt/airflow/dags/sample_dag.py for tasks to queue
[2024-06-01T00:20:13.798+0000] {logging_mixin.py:188} INFO - [2024-06-01T00:20:13.797+0000] {dagbag.py:545} INFO - Filling up the DagBag from /opt/airflow/dags/sample_dag.py
[2024-06-01T00:20:13.816+0000] {processor.py:840} INFO - DAG(s) 'xcom_guess' retrieved from /opt/airflow/dags/sample_dag.py
[2024-06-01T00:20:13.857+0000] {logging_mixin.py:188} INFO - [2024-06-01T00:20:13.856+0000] {dag.py:3096} INFO - Sync 1 DAGs
[2024-06-01T00:20:13.890+0000] {logging_mixin.py:188} INFO - [2024-06-01T00:20:13.890+0000] {dag.py:3954} INFO - Setting next_dagrun for xcom_guess to 2023-03-04 10:35:00+00:00, run_after=2023-03-04 10:40:00+00:00
[2024-06-01T00:20:13.920+0000] {processor.py:183} INFO - Processing /opt/airflow/dags/sample_dag.py took 0.143 seconds
[2024-06-01T00:20:44.136+0000] {processor.py:161} INFO - Started process (PID=17832) to work on /opt/airflow/dags/sample_dag.py
[2024-06-01T00:20:44.137+0000] {processor.py:830} INFO - Processing file /opt/airflow/dags/sample_dag.py for tasks to queue
[2024-06-01T00:20:44.138+0000] {logging_mixin.py:188} INFO - [2024-06-01T00:20:44.138+0000] {dagbag.py:545} INFO - Filling up the DagBag from /opt/airflow/dags/sample_dag.py
[2024-06-01T00:20:44.151+0000] {processor.py:840} INFO - DAG(s) 'xcom_guess' retrieved from /opt/airflow/dags/sample_dag.py
[2024-06-01T00:20:44.193+0000] {logging_mixin.py:188} INFO - [2024-06-01T00:20:44.193+0000] {dag.py:3096} INFO - Sync 1 DAGs
[2024-06-01T00:20:44.226+0000] {logging_mixin.py:188} INFO - [2024-06-01T00:20:44.226+0000] {dag.py:3954} INFO - Setting next_dagrun for xcom_guess to 2023-03-04 10:35:00+00:00, run_after=2023-03-04 10:40:00+00:00
[2024-06-01T00:20:44.247+0000] {processor.py:183} INFO - Processing /opt/airflow/dags/sample_dag.py took 0.130 seconds
[2024-06-01T00:21:14.474+0000] {processor.py:161} INFO - Started process (PID=17856) to work on /opt/airflow/dags/sample_dag.py
[2024-06-01T00:21:14.484+0000] {processor.py:830} INFO - Processing file /opt/airflow/dags/sample_dag.py for tasks to queue
[2024-06-01T00:21:14.485+0000] {logging_mixin.py:188} INFO - [2024-06-01T00:21:14.485+0000] {dagbag.py:545} INFO - Filling up the DagBag from /opt/airflow/dags/sample_dag.py
[2024-06-01T00:21:14.496+0000] {processor.py:840} INFO - DAG(s) 'xcom_guess' retrieved from /opt/airflow/dags/sample_dag.py
[2024-06-01T00:21:14.538+0000] {logging_mixin.py:188} INFO - [2024-06-01T00:21:14.538+0000] {dag.py:3096} INFO - Sync 1 DAGs
[2024-06-01T00:21:14.570+0000] {logging_mixin.py:188} INFO - [2024-06-01T00:21:14.570+0000] {dag.py:3954} INFO - Setting next_dagrun for xcom_guess to 2023-03-04 10:35:00+00:00, run_after=2023-03-04 10:40:00+00:00
[2024-06-01T00:21:14.594+0000] {processor.py:183} INFO - Processing /opt/airflow/dags/sample_dag.py took 0.139 seconds
[2024-06-01T00:21:44.884+0000] {processor.py:161} INFO - Started process (PID=17872) to work on /opt/airflow/dags/sample_dag.py
[2024-06-01T00:21:44.886+0000] {processor.py:830} INFO - Processing file /opt/airflow/dags/sample_dag.py for tasks to queue
[2024-06-01T00:21:44.887+0000] {logging_mixin.py:188} INFO - [2024-06-01T00:21:44.886+0000] {dagbag.py:545} INFO - Filling up the DagBag from /opt/airflow/dags/sample_dag.py
[2024-06-01T00:21:44.895+0000] {processor.py:840} INFO - DAG(s) 'xcom_guess' retrieved from /opt/airflow/dags/sample_dag.py
[2024-06-01T00:21:44.929+0000] {logging_mixin.py:188} INFO - [2024-06-01T00:21:44.928+0000] {dag.py:3096} INFO - Sync 1 DAGs
[2024-06-01T00:21:44.955+0000] {logging_mixin.py:188} INFO - [2024-06-01T00:21:44.954+0000] {dag.py:3954} INFO - Setting next_dagrun for xcom_guess to 2023-03-04 10:35:00+00:00, run_after=2023-03-04 10:40:00+00:00
[2024-06-01T00:21:44.978+0000] {processor.py:183} INFO - Processing /opt/airflow/dags/sample_dag.py took 0.099 seconds
[2024-06-01T00:22:15.253+0000] {processor.py:161} INFO - Started process (PID=17889) to work on /opt/airflow/dags/sample_dag.py
[2024-06-01T00:22:15.255+0000] {processor.py:830} INFO - Processing file /opt/airflow/dags/sample_dag.py for tasks to queue
[2024-06-01T00:22:15.255+0000] {logging_mixin.py:188} INFO - [2024-06-01T00:22:15.255+0000] {dagbag.py:545} INFO - Filling up the DagBag from /opt/airflow/dags/sample_dag.py
[2024-06-01T00:22:15.264+0000] {processor.py:840} INFO - DAG(s) 'xcom_guess' retrieved from /opt/airflow/dags/sample_dag.py
[2024-06-01T00:22:15.297+0000] {logging_mixin.py:188} INFO - [2024-06-01T00:22:15.297+0000] {dag.py:3096} INFO - Sync 1 DAGs
[2024-06-01T00:22:15.326+0000] {logging_mixin.py:188} INFO - [2024-06-01T00:22:15.326+0000] {dag.py:3954} INFO - Setting next_dagrun for xcom_guess to 2023-03-04 10:35:00+00:00, run_after=2023-03-04 10:40:00+00:00
[2024-06-01T00:22:15.353+0000] {processor.py:183} INFO - Processing /opt/airflow/dags/sample_dag.py took 0.109 seconds
[2024-06-01T00:22:45.576+0000] {processor.py:161} INFO - Started process (PID=17906) to work on /opt/airflow/dags/sample_dag.py
[2024-06-01T00:22:45.586+0000] {processor.py:830} INFO - Processing file /opt/airflow/dags/sample_dag.py for tasks to queue
[2024-06-01T00:22:45.587+0000] {logging_mixin.py:188} INFO - [2024-06-01T00:22:45.587+0000] {dagbag.py:545} INFO - Filling up the DagBag from /opt/airflow/dags/sample_dag.py
[2024-06-01T00:22:45.602+0000] {processor.py:840} INFO - DAG(s) 'xcom_guess' retrieved from /opt/airflow/dags/sample_dag.py
[2024-06-01T00:22:45.650+0000] {logging_mixin.py:188} INFO - [2024-06-01T00:22:45.650+0000] {dag.py:3096} INFO - Sync 1 DAGs
[2024-06-01T00:22:45.675+0000] {logging_mixin.py:188} INFO - [2024-06-01T00:22:45.675+0000] {dag.py:3954} INFO - Setting next_dagrun for xcom_guess to 2023-03-04 10:35:00+00:00, run_after=2023-03-04 10:40:00+00:00
[2024-06-01T00:22:45.695+0000] {processor.py:183} INFO - Processing /opt/airflow/dags/sample_dag.py took 0.147 seconds
[2024-06-01T00:23:15.934+0000] {processor.py:161} INFO - Started process (PID=17930) to work on /opt/airflow/dags/sample_dag.py
[2024-06-01T00:23:15.936+0000] {processor.py:830} INFO - Processing file /opt/airflow/dags/sample_dag.py for tasks to queue
[2024-06-01T00:23:15.937+0000] {logging_mixin.py:188} INFO - [2024-06-01T00:23:15.937+0000] {dagbag.py:545} INFO - Filling up the DagBag from /opt/airflow/dags/sample_dag.py
[2024-06-01T00:23:15.953+0000] {processor.py:840} INFO - DAG(s) 'xcom_guess' retrieved from /opt/airflow/dags/sample_dag.py
[2024-06-01T00:23:16.022+0000] {logging_mixin.py:188} INFO - [2024-06-01T00:23:16.022+0000] {dag.py:3096} INFO - Sync 1 DAGs
[2024-06-01T00:23:16.051+0000] {logging_mixin.py:188} INFO - [2024-06-01T00:23:16.050+0000] {dag.py:3954} INFO - Setting next_dagrun for xcom_guess to 2023-03-04 10:35:00+00:00, run_after=2023-03-04 10:40:00+00:00
[2024-06-01T00:23:16.073+0000] {processor.py:183} INFO - Processing /opt/airflow/dags/sample_dag.py took 0.154 seconds
[2024-06-01T00:23:46.283+0000] {processor.py:161} INFO - Started process (PID=17947) to work on /opt/airflow/dags/sample_dag.py
[2024-06-01T00:23:46.286+0000] {processor.py:830} INFO - Processing file /opt/airflow/dags/sample_dag.py for tasks to queue
[2024-06-01T00:23:46.287+0000] {logging_mixin.py:188} INFO - [2024-06-01T00:23:46.286+0000] {dagbag.py:545} INFO - Filling up the DagBag from /opt/airflow/dags/sample_dag.py
[2024-06-01T00:23:46.296+0000] {processor.py:840} INFO - DAG(s) 'xcom_guess' retrieved from /opt/airflow/dags/sample_dag.py
[2024-06-01T00:23:46.328+0000] {logging_mixin.py:188} INFO - [2024-06-01T00:23:46.327+0000] {dag.py:3096} INFO - Sync 1 DAGs
[2024-06-01T00:23:46.358+0000] {logging_mixin.py:188} INFO - [2024-06-01T00:23:46.357+0000] {dag.py:3954} INFO - Setting next_dagrun for xcom_guess to 2023-03-04 10:35:00+00:00, run_after=2023-03-04 10:40:00+00:00
[2024-06-01T00:23:46.385+0000] {processor.py:183} INFO - Processing /opt/airflow/dags/sample_dag.py took 0.108 seconds
[2024-06-01T00:24:16.570+0000] {processor.py:161} INFO - Started process (PID=17963) to work on /opt/airflow/dags/sample_dag.py
[2024-06-01T00:24:16.571+0000] {processor.py:830} INFO - Processing file /opt/airflow/dags/sample_dag.py for tasks to queue
[2024-06-01T00:24:16.572+0000] {logging_mixin.py:188} INFO - [2024-06-01T00:24:16.572+0000] {dagbag.py:545} INFO - Filling up the DagBag from /opt/airflow/dags/sample_dag.py
[2024-06-01T00:24:16.582+0000] {processor.py:840} INFO - DAG(s) 'xcom_guess' retrieved from /opt/airflow/dags/sample_dag.py
[2024-06-01T00:24:16.628+0000] {logging_mixin.py:188} INFO - [2024-06-01T00:24:16.627+0000] {dag.py:3096} INFO - Sync 1 DAGs
[2024-06-01T00:24:16.656+0000] {logging_mixin.py:188} INFO - [2024-06-01T00:24:16.655+0000] {dag.py:3954} INFO - Setting next_dagrun for xcom_guess to 2023-03-04 10:35:00+00:00, run_after=2023-03-04 10:40:00+00:00
[2024-06-01T00:24:16.684+0000] {processor.py:183} INFO - Processing /opt/airflow/dags/sample_dag.py took 0.121 seconds
[2024-06-01T00:24:46.983+0000] {processor.py:161} INFO - Started process (PID=17980) to work on /opt/airflow/dags/sample_dag.py
[2024-06-01T00:24:46.984+0000] {processor.py:830} INFO - Processing file /opt/airflow/dags/sample_dag.py for tasks to queue
[2024-06-01T00:24:46.985+0000] {logging_mixin.py:188} INFO - [2024-06-01T00:24:46.985+0000] {dagbag.py:545} INFO - Filling up the DagBag from /opt/airflow/dags/sample_dag.py
[2024-06-01T00:24:46.996+0000] {processor.py:840} INFO - DAG(s) 'xcom_guess' retrieved from /opt/airflow/dags/sample_dag.py
[2024-06-01T00:24:47.027+0000] {logging_mixin.py:188} INFO - [2024-06-01T00:24:47.027+0000] {dag.py:3096} INFO - Sync 1 DAGs
[2024-06-01T00:24:47.049+0000] {logging_mixin.py:188} INFO - [2024-06-01T00:24:47.049+0000] {dag.py:3954} INFO - Setting next_dagrun for xcom_guess to 2023-03-04 10:35:00+00:00, run_after=2023-03-04 10:40:00+00:00
[2024-06-01T00:24:47.070+0000] {processor.py:183} INFO - Processing /opt/airflow/dags/sample_dag.py took 0.097 seconds
[2024-06-01T00:25:17.361+0000] {processor.py:161} INFO - Started process (PID=18004) to work on /opt/airflow/dags/sample_dag.py
[2024-06-01T00:25:17.363+0000] {processor.py:830} INFO - Processing file /opt/airflow/dags/sample_dag.py for tasks to queue
[2024-06-01T00:25:17.364+0000] {logging_mixin.py:188} INFO - [2024-06-01T00:25:17.363+0000] {dagbag.py:545} INFO - Filling up the DagBag from /opt/airflow/dags/sample_dag.py
[2024-06-01T00:25:17.376+0000] {processor.py:840} INFO - DAG(s) 'xcom_guess' retrieved from /opt/airflow/dags/sample_dag.py
[2024-06-01T00:25:17.411+0000] {logging_mixin.py:188} INFO - [2024-06-01T00:25:17.410+0000] {dag.py:3096} INFO - Sync 1 DAGs
[2024-06-01T00:25:17.436+0000] {logging_mixin.py:188} INFO - [2024-06-01T00:25:17.435+0000] {dag.py:3954} INFO - Setting next_dagrun for xcom_guess to 2023-03-04 10:35:00+00:00, run_after=2023-03-04 10:40:00+00:00
[2024-06-01T00:25:17.458+0000] {processor.py:183} INFO - Processing /opt/airflow/dags/sample_dag.py took 0.106 seconds
[2024-06-01T00:25:47.968+0000] {processor.py:161} INFO - Started process (PID=18020) to work on /opt/airflow/dags/sample_dag.py
[2024-06-01T00:25:47.977+0000] {processor.py:830} INFO - Processing file /opt/airflow/dags/sample_dag.py for tasks to queue
[2024-06-01T00:25:47.979+0000] {logging_mixin.py:188} INFO - [2024-06-01T00:25:47.979+0000] {dagbag.py:545} INFO - Filling up the DagBag from /opt/airflow/dags/sample_dag.py
[2024-06-01T00:25:47.992+0000] {processor.py:840} INFO - DAG(s) 'xcom_guess' retrieved from /opt/airflow/dags/sample_dag.py
[2024-06-01T00:25:48.036+0000] {logging_mixin.py:188} INFO - [2024-06-01T00:25:48.036+0000] {dag.py:3096} INFO - Sync 1 DAGs
[2024-06-01T00:25:48.066+0000] {logging_mixin.py:188} INFO - [2024-06-01T00:25:48.066+0000] {dag.py:3954} INFO - Setting next_dagrun for xcom_guess to 2023-03-04 10:35:00+00:00, run_after=2023-03-04 10:40:00+00:00
[2024-06-01T00:25:48.087+0000] {processor.py:183} INFO - Processing /opt/airflow/dags/sample_dag.py took 0.128 seconds
[2024-06-01T00:26:18.323+0000] {processor.py:161} INFO - Started process (PID=18037) to work on /opt/airflow/dags/sample_dag.py
[2024-06-01T00:26:18.325+0000] {processor.py:830} INFO - Processing file /opt/airflow/dags/sample_dag.py for tasks to queue
[2024-06-01T00:26:18.326+0000] {logging_mixin.py:188} INFO - [2024-06-01T00:26:18.325+0000] {dagbag.py:545} INFO - Filling up the DagBag from /opt/airflow/dags/sample_dag.py
[2024-06-01T00:26:18.337+0000] {processor.py:840} INFO - DAG(s) 'xcom_guess' retrieved from /opt/airflow/dags/sample_dag.py
[2024-06-01T00:26:18.393+0000] {logging_mixin.py:188} INFO - [2024-06-01T00:26:18.393+0000] {dag.py:3096} INFO - Sync 1 DAGs
[2024-06-01T00:26:18.421+0000] {logging_mixin.py:188} INFO - [2024-06-01T00:26:18.421+0000] {dag.py:3954} INFO - Setting next_dagrun for xcom_guess to 2023-03-04 10:35:00+00:00, run_after=2023-03-04 10:40:00+00:00
[2024-06-01T00:26:18.445+0000] {processor.py:183} INFO - Processing /opt/airflow/dags/sample_dag.py took 0.131 seconds
[2024-06-01T00:26:48.685+0000] {processor.py:161} INFO - Started process (PID=18054) to work on /opt/airflow/dags/sample_dag.py
[2024-06-01T00:26:48.687+0000] {processor.py:830} INFO - Processing file /opt/airflow/dags/sample_dag.py for tasks to queue
[2024-06-01T00:26:48.689+0000] {logging_mixin.py:188} INFO - [2024-06-01T00:26:48.688+0000] {dagbag.py:545} INFO - Filling up the DagBag from /opt/airflow/dags/sample_dag.py
[2024-06-01T00:26:48.701+0000] {processor.py:840} INFO - DAG(s) 'xcom_guess' retrieved from /opt/airflow/dags/sample_dag.py
[2024-06-01T00:26:48.740+0000] {logging_mixin.py:188} INFO - [2024-06-01T00:26:48.740+0000] {dag.py:3096} INFO - Sync 1 DAGs
[2024-06-01T00:26:48.774+0000] {logging_mixin.py:188} INFO - [2024-06-01T00:26:48.773+0000] {dag.py:3954} INFO - Setting next_dagrun for xcom_guess to 2023-03-04 10:35:00+00:00, run_after=2023-03-04 10:40:00+00:00
[2024-06-01T00:26:48.794+0000] {processor.py:183} INFO - Processing /opt/airflow/dags/sample_dag.py took 0.118 seconds
[2024-06-01T00:27:19.015+0000] {processor.py:161} INFO - Started process (PID=18078) to work on /opt/airflow/dags/sample_dag.py
[2024-06-01T00:27:19.016+0000] {processor.py:830} INFO - Processing file /opt/airflow/dags/sample_dag.py for tasks to queue
[2024-06-01T00:27:19.017+0000] {logging_mixin.py:188} INFO - [2024-06-01T00:27:19.017+0000] {dagbag.py:545} INFO - Filling up the DagBag from /opt/airflow/dags/sample_dag.py
[2024-06-01T00:27:19.033+0000] {processor.py:840} INFO - DAG(s) 'xcom_guess' retrieved from /opt/airflow/dags/sample_dag.py
[2024-06-01T00:27:19.066+0000] {logging_mixin.py:188} INFO - [2024-06-01T00:27:19.066+0000] {dag.py:3096} INFO - Sync 1 DAGs
[2024-06-01T00:27:19.093+0000] {logging_mixin.py:188} INFO - [2024-06-01T00:27:19.093+0000] {dag.py:3954} INFO - Setting next_dagrun for xcom_guess to 2023-03-04 10:35:00+00:00, run_after=2023-03-04 10:40:00+00:00
[2024-06-01T00:27:19.116+0000] {processor.py:183} INFO - Processing /opt/airflow/dags/sample_dag.py took 0.109 seconds
[2024-06-01T00:27:49.328+0000] {processor.py:161} INFO - Started process (PID=18095) to work on /opt/airflow/dags/sample_dag.py
[2024-06-01T00:27:49.330+0000] {processor.py:830} INFO - Processing file /opt/airflow/dags/sample_dag.py for tasks to queue
[2024-06-01T00:27:49.332+0000] {logging_mixin.py:188} INFO - [2024-06-01T00:27:49.331+0000] {dagbag.py:545} INFO - Filling up the DagBag from /opt/airflow/dags/sample_dag.py
[2024-06-01T00:27:49.351+0000] {processor.py:840} INFO - DAG(s) 'xcom_guess' retrieved from /opt/airflow/dags/sample_dag.py
[2024-06-01T00:27:49.398+0000] {logging_mixin.py:188} INFO - [2024-06-01T00:27:49.398+0000] {dag.py:3096} INFO - Sync 1 DAGs
[2024-06-01T00:27:49.440+0000] {logging_mixin.py:188} INFO - [2024-06-01T00:27:49.440+0000] {dag.py:3954} INFO - Setting next_dagrun for xcom_guess to 2023-03-04 10:35:00+00:00, run_after=2023-03-04 10:40:00+00:00
[2024-06-01T00:27:49.487+0000] {processor.py:183} INFO - Processing /opt/airflow/dags/sample_dag.py took 0.171 seconds
[2024-06-01T00:28:19.575+0000] {processor.py:161} INFO - Started process (PID=18112) to work on /opt/airflow/dags/sample_dag.py
[2024-06-01T00:28:19.576+0000] {processor.py:830} INFO - Processing file /opt/airflow/dags/sample_dag.py for tasks to queue
[2024-06-01T00:28:19.578+0000] {logging_mixin.py:188} INFO - [2024-06-01T00:28:19.577+0000] {dagbag.py:545} INFO - Filling up the DagBag from /opt/airflow/dags/sample_dag.py
[2024-06-01T00:28:19.610+0000] {processor.py:840} INFO - DAG(s) 'xcom_guess' retrieved from /opt/airflow/dags/sample_dag.py
[2024-06-01T00:28:19.703+0000] {logging_mixin.py:188} INFO - [2024-06-01T00:28:19.702+0000] {dag.py:3096} INFO - Sync 1 DAGs
[2024-06-01T00:28:19.751+0000] {logging_mixin.py:188} INFO - [2024-06-01T00:28:19.750+0000] {dag.py:3954} INFO - Setting next_dagrun for xcom_guess to 2023-03-04 10:35:00+00:00, run_after=2023-03-04 10:40:00+00:00
[2024-06-01T00:28:19.787+0000] {processor.py:183} INFO - Processing /opt/airflow/dags/sample_dag.py took 0.245 seconds
[2024-06-01T00:28:49.973+0000] {processor.py:161} INFO - Started process (PID=18129) to work on /opt/airflow/dags/sample_dag.py
[2024-06-01T00:28:49.975+0000] {processor.py:830} INFO - Processing file /opt/airflow/dags/sample_dag.py for tasks to queue
[2024-06-01T00:28:49.977+0000] {logging_mixin.py:188} INFO - [2024-06-01T00:28:49.976+0000] {dagbag.py:545} INFO - Filling up the DagBag from /opt/airflow/dags/sample_dag.py
[2024-06-01T00:28:49.992+0000] {processor.py:840} INFO - DAG(s) 'xcom_guess' retrieved from /opt/airflow/dags/sample_dag.py
[2024-06-01T00:28:50.051+0000] {logging_mixin.py:188} INFO - [2024-06-01T00:28:50.051+0000] {dag.py:3096} INFO - Sync 1 DAGs
[2024-06-01T00:28:50.092+0000] {logging_mixin.py:188} INFO - [2024-06-01T00:28:50.091+0000] {dag.py:3954} INFO - Setting next_dagrun for xcom_guess to 2023-03-04 10:35:00+00:00, run_after=2023-03-04 10:40:00+00:00
[2024-06-01T00:28:50.138+0000] {processor.py:183} INFO - Processing /opt/airflow/dags/sample_dag.py took 0.178 seconds
[2024-06-01T00:29:20.277+0000] {processor.py:161} INFO - Started process (PID=18151) to work on /opt/airflow/dags/sample_dag.py
[2024-06-01T00:29:20.288+0000] {processor.py:830} INFO - Processing file /opt/airflow/dags/sample_dag.py for tasks to queue
[2024-06-01T00:29:20.289+0000] {logging_mixin.py:188} INFO - [2024-06-01T00:29:20.288+0000] {dagbag.py:545} INFO - Filling up the DagBag from /opt/airflow/dags/sample_dag.py
[2024-06-01T00:29:20.300+0000] {processor.py:840} INFO - DAG(s) 'xcom_guess' retrieved from /opt/airflow/dags/sample_dag.py
[2024-06-01T00:29:20.333+0000] {logging_mixin.py:188} INFO - [2024-06-01T00:29:20.333+0000] {dag.py:3096} INFO - Sync 1 DAGs
[2024-06-01T00:29:20.358+0000] {logging_mixin.py:188} INFO - [2024-06-01T00:29:20.358+0000] {dag.py:3954} INFO - Setting next_dagrun for xcom_guess to 2023-03-04 10:35:00+00:00, run_after=2023-03-04 10:40:00+00:00
[2024-06-01T00:29:20.383+0000] {processor.py:183} INFO - Processing /opt/airflow/dags/sample_dag.py took 0.116 seconds
[2024-06-01T00:29:50.583+0000] {processor.py:161} INFO - Started process (PID=18168) to work on /opt/airflow/dags/sample_dag.py
[2024-06-01T00:29:50.592+0000] {processor.py:830} INFO - Processing file /opt/airflow/dags/sample_dag.py for tasks to queue
[2024-06-01T00:29:50.593+0000] {logging_mixin.py:188} INFO - [2024-06-01T00:29:50.593+0000] {dagbag.py:545} INFO - Filling up the DagBag from /opt/airflow/dags/sample_dag.py
[2024-06-01T00:29:50.602+0000] {processor.py:840} INFO - DAG(s) 'xcom_guess' retrieved from /opt/airflow/dags/sample_dag.py
[2024-06-01T00:29:50.634+0000] {logging_mixin.py:188} INFO - [2024-06-01T00:29:50.634+0000] {dag.py:3096} INFO - Sync 1 DAGs
[2024-06-01T00:29:50.657+0000] {logging_mixin.py:188} INFO - [2024-06-01T00:29:50.657+0000] {dag.py:3954} INFO - Setting next_dagrun for xcom_guess to 2023-03-04 10:35:00+00:00, run_after=2023-03-04 10:40:00+00:00
[2024-06-01T00:29:50.678+0000] {processor.py:183} INFO - Processing /opt/airflow/dags/sample_dag.py took 0.101 seconds
[2024-06-01T00:30:20.949+0000] {processor.py:161} INFO - Started process (PID=18185) to work on /opt/airflow/dags/sample_dag.py
[2024-06-01T00:30:20.951+0000] {processor.py:830} INFO - Processing file /opt/airflow/dags/sample_dag.py for tasks to queue
[2024-06-01T00:30:20.952+0000] {logging_mixin.py:188} INFO - [2024-06-01T00:30:20.951+0000] {dagbag.py:545} INFO - Filling up the DagBag from /opt/airflow/dags/sample_dag.py
[2024-06-01T00:30:20.962+0000] {processor.py:840} INFO - DAG(s) 'xcom_guess' retrieved from /opt/airflow/dags/sample_dag.py
[2024-06-01T00:30:20.993+0000] {logging_mixin.py:188} INFO - [2024-06-01T00:30:20.993+0000] {dag.py:3096} INFO - Sync 1 DAGs
[2024-06-01T00:30:21.015+0000] {logging_mixin.py:188} INFO - [2024-06-01T00:30:21.015+0000] {dag.py:3954} INFO - Setting next_dagrun for xcom_guess to 2023-03-04 10:35:00+00:00, run_after=2023-03-04 10:40:00+00:00
[2024-06-01T00:30:21.032+0000] {processor.py:183} INFO - Processing /opt/airflow/dags/sample_dag.py took 0.090 seconds
[2024-06-01T00:30:51.234+0000] {processor.py:161} INFO - Started process (PID=18202) to work on /opt/airflow/dags/sample_dag.py
[2024-06-01T00:30:51.243+0000] {processor.py:830} INFO - Processing file /opt/airflow/dags/sample_dag.py for tasks to queue
[2024-06-01T00:30:51.245+0000] {logging_mixin.py:188} INFO - [2024-06-01T00:30:51.244+0000] {dagbag.py:545} INFO - Filling up the DagBag from /opt/airflow/dags/sample_dag.py
[2024-06-01T00:30:51.260+0000] {processor.py:840} INFO - DAG(s) 'xcom_guess' retrieved from /opt/airflow/dags/sample_dag.py
[2024-06-01T00:30:51.299+0000] {logging_mixin.py:188} INFO - [2024-06-01T00:30:51.298+0000] {dag.py:3096} INFO - Sync 1 DAGs
[2024-06-01T00:30:51.336+0000] {logging_mixin.py:188} INFO - [2024-06-01T00:30:51.335+0000] {dag.py:3954} INFO - Setting next_dagrun for xcom_guess to 2023-03-04 10:35:00+00:00, run_after=2023-03-04 10:40:00+00:00
[2024-06-01T00:30:51.361+0000] {processor.py:183} INFO - Processing /opt/airflow/dags/sample_dag.py took 0.140 seconds
[2024-06-01T00:31:21.578+0000] {processor.py:161} INFO - Started process (PID=18219) to work on /opt/airflow/dags/sample_dag.py
[2024-06-01T00:31:21.581+0000] {processor.py:830} INFO - Processing file /opt/airflow/dags/sample_dag.py for tasks to queue
[2024-06-01T00:31:21.582+0000] {logging_mixin.py:188} INFO - [2024-06-01T00:31:21.582+0000] {dagbag.py:545} INFO - Filling up the DagBag from /opt/airflow/dags/sample_dag.py
[2024-06-01T00:31:21.597+0000] {processor.py:840} INFO - DAG(s) 'xcom_guess' retrieved from /opt/airflow/dags/sample_dag.py
[2024-06-01T00:31:21.642+0000] {logging_mixin.py:188} INFO - [2024-06-01T00:31:21.641+0000] {dag.py:3096} INFO - Sync 1 DAGs
[2024-06-01T00:31:21.677+0000] {logging_mixin.py:188} INFO - [2024-06-01T00:31:21.676+0000] {dag.py:3954} INFO - Setting next_dagrun for xcom_guess to 2023-03-04 10:35:00+00:00, run_after=2023-03-04 10:40:00+00:00
[2024-06-01T00:31:21.702+0000] {processor.py:183} INFO - Processing /opt/airflow/dags/sample_dag.py took 0.139 seconds
[2024-06-01T00:31:51.975+0000] {processor.py:161} INFO - Started process (PID=18243) to work on /opt/airflow/dags/sample_dag.py
[2024-06-01T00:31:51.986+0000] {processor.py:830} INFO - Processing file /opt/airflow/dags/sample_dag.py for tasks to queue
[2024-06-01T00:31:51.988+0000] {logging_mixin.py:188} INFO - [2024-06-01T00:31:51.987+0000] {dagbag.py:545} INFO - Filling up the DagBag from /opt/airflow/dags/sample_dag.py
[2024-06-01T00:31:52.002+0000] {processor.py:840} INFO - DAG(s) 'xcom_guess' retrieved from /opt/airflow/dags/sample_dag.py
[2024-06-01T00:31:52.055+0000] {logging_mixin.py:188} INFO - [2024-06-01T00:31:52.055+0000] {dag.py:3096} INFO - Sync 1 DAGs
[2024-06-01T00:31:52.088+0000] {logging_mixin.py:188} INFO - [2024-06-01T00:31:52.088+0000] {dag.py:3954} INFO - Setting next_dagrun for xcom_guess to 2023-03-04 10:35:00+00:00, run_after=2023-03-04 10:40:00+00:00
[2024-06-01T00:31:52.118+0000] {processor.py:183} INFO - Processing /opt/airflow/dags/sample_dag.py took 0.154 seconds
[2024-06-01T00:32:22.383+0000] {processor.py:161} INFO - Started process (PID=18260) to work on /opt/airflow/dags/sample_dag.py
[2024-06-01T00:32:22.394+0000] {processor.py:830} INFO - Processing file /opt/airflow/dags/sample_dag.py for tasks to queue
[2024-06-01T00:32:22.396+0000] {logging_mixin.py:188} INFO - [2024-06-01T00:32:22.395+0000] {dagbag.py:545} INFO - Filling up the DagBag from /opt/airflow/dags/sample_dag.py
[2024-06-01T00:32:22.414+0000] {processor.py:840} INFO - DAG(s) 'xcom_guess' retrieved from /opt/airflow/dags/sample_dag.py
[2024-06-01T00:32:22.461+0000] {logging_mixin.py:188} INFO - [2024-06-01T00:32:22.461+0000] {dag.py:3096} INFO - Sync 1 DAGs
[2024-06-01T00:32:22.489+0000] {logging_mixin.py:188} INFO - [2024-06-01T00:32:22.489+0000] {dag.py:3954} INFO - Setting next_dagrun for xcom_guess to 2023-03-04 10:35:00+00:00, run_after=2023-03-04 10:40:00+00:00
[2024-06-01T00:32:22.512+0000] {processor.py:183} INFO - Processing /opt/airflow/dags/sample_dag.py took 0.146 seconds
[2024-06-01T00:32:52.723+0000] {processor.py:161} INFO - Started process (PID=18277) to work on /opt/airflow/dags/sample_dag.py
[2024-06-01T00:32:52.725+0000] {processor.py:830} INFO - Processing file /opt/airflow/dags/sample_dag.py for tasks to queue
[2024-06-01T00:32:52.727+0000] {logging_mixin.py:188} INFO - [2024-06-01T00:32:52.726+0000] {dagbag.py:545} INFO - Filling up the DagBag from /opt/airflow/dags/sample_dag.py
[2024-06-01T00:32:52.743+0000] {processor.py:840} INFO - DAG(s) 'xcom_guess' retrieved from /opt/airflow/dags/sample_dag.py
[2024-06-01T00:32:52.790+0000] {logging_mixin.py:188} INFO - [2024-06-01T00:32:52.790+0000] {dag.py:3096} INFO - Sync 1 DAGs
[2024-06-01T00:32:52.834+0000] {logging_mixin.py:188} INFO - [2024-06-01T00:32:52.834+0000] {dag.py:3954} INFO - Setting next_dagrun for xcom_guess to 2023-03-04 10:35:00+00:00, run_after=2023-03-04 10:40:00+00:00
[2024-06-01T00:32:52.870+0000] {processor.py:183} INFO - Processing /opt/airflow/dags/sample_dag.py took 0.168 seconds
[2024-06-01T00:33:23.091+0000] {processor.py:161} INFO - Started process (PID=18294) to work on /opt/airflow/dags/sample_dag.py
[2024-06-01T00:33:23.093+0000] {processor.py:830} INFO - Processing file /opt/airflow/dags/sample_dag.py for tasks to queue
[2024-06-01T00:33:23.095+0000] {logging_mixin.py:188} INFO - [2024-06-01T00:33:23.094+0000] {dagbag.py:545} INFO - Filling up the DagBag from /opt/airflow/dags/sample_dag.py
[2024-06-01T00:33:23.108+0000] {processor.py:840} INFO - DAG(s) 'xcom_guess' retrieved from /opt/airflow/dags/sample_dag.py
[2024-06-01T00:33:23.152+0000] {logging_mixin.py:188} INFO - [2024-06-01T00:33:23.151+0000] {dag.py:3096} INFO - Sync 1 DAGs
[2024-06-01T00:33:23.189+0000] {logging_mixin.py:188} INFO - [2024-06-01T00:33:23.189+0000] {dag.py:3954} INFO - Setting next_dagrun for xcom_guess to 2023-03-04 10:35:00+00:00, run_after=2023-03-04 10:40:00+00:00
[2024-06-01T00:33:23.228+0000] {processor.py:183} INFO - Processing /opt/airflow/dags/sample_dag.py took 0.151 seconds
[2024-06-01T00:33:53.456+0000] {processor.py:161} INFO - Started process (PID=18317) to work on /opt/airflow/dags/sample_dag.py
[2024-06-01T00:33:53.457+0000] {processor.py:830} INFO - Processing file /opt/airflow/dags/sample_dag.py for tasks to queue
[2024-06-01T00:33:53.458+0000] {logging_mixin.py:188} INFO - [2024-06-01T00:33:53.458+0000] {dagbag.py:545} INFO - Filling up the DagBag from /opt/airflow/dags/sample_dag.py
[2024-06-01T00:33:53.469+0000] {processor.py:840} INFO - DAG(s) 'xcom_guess' retrieved from /opt/airflow/dags/sample_dag.py
[2024-06-01T00:33:53.515+0000] {logging_mixin.py:188} INFO - [2024-06-01T00:33:53.515+0000] {dag.py:3096} INFO - Sync 1 DAGs
[2024-06-01T00:33:53.549+0000] {logging_mixin.py:188} INFO - [2024-06-01T00:33:53.548+0000] {dag.py:3954} INFO - Setting next_dagrun for xcom_guess to 2023-03-04 10:35:00+00:00, run_after=2023-03-04 10:40:00+00:00
[2024-06-01T00:33:53.577+0000] {processor.py:183} INFO - Processing /opt/airflow/dags/sample_dag.py took 0.129 seconds
[2024-06-01T00:34:23.804+0000] {processor.py:161} INFO - Started process (PID=18334) to work on /opt/airflow/dags/sample_dag.py
[2024-06-01T00:34:23.811+0000] {processor.py:830} INFO - Processing file /opt/airflow/dags/sample_dag.py for tasks to queue
[2024-06-01T00:34:23.813+0000] {logging_mixin.py:188} INFO - [2024-06-01T00:34:23.812+0000] {dagbag.py:545} INFO - Filling up the DagBag from /opt/airflow/dags/sample_dag.py
[2024-06-01T00:34:23.826+0000] {processor.py:840} INFO - DAG(s) 'xcom_guess' retrieved from /opt/airflow/dags/sample_dag.py
[2024-06-01T00:34:23.877+0000] {logging_mixin.py:188} INFO - [2024-06-01T00:34:23.876+0000] {dag.py:3096} INFO - Sync 1 DAGs
[2024-06-01T00:34:23.909+0000] {logging_mixin.py:188} INFO - [2024-06-01T00:34:23.909+0000] {dag.py:3954} INFO - Setting next_dagrun for xcom_guess to 2023-03-04 10:35:00+00:00, run_after=2023-03-04 10:40:00+00:00
[2024-06-01T00:34:23.939+0000] {processor.py:183} INFO - Processing /opt/airflow/dags/sample_dag.py took 0.153 seconds
[2024-06-01T00:34:54.151+0000] {processor.py:161} INFO - Started process (PID=18351) to work on /opt/airflow/dags/sample_dag.py
[2024-06-01T00:34:54.162+0000] {processor.py:830} INFO - Processing file /opt/airflow/dags/sample_dag.py for tasks to queue
[2024-06-01T00:34:54.163+0000] {logging_mixin.py:188} INFO - [2024-06-01T00:34:54.163+0000] {dagbag.py:545} INFO - Filling up the DagBag from /opt/airflow/dags/sample_dag.py
[2024-06-01T00:34:54.179+0000] {processor.py:840} INFO - DAG(s) 'xcom_guess' retrieved from /opt/airflow/dags/sample_dag.py
[2024-06-01T00:34:54.226+0000] {logging_mixin.py:188} INFO - [2024-06-01T00:34:54.226+0000] {dag.py:3096} INFO - Sync 1 DAGs
[2024-06-01T00:34:54.256+0000] {logging_mixin.py:188} INFO - [2024-06-01T00:34:54.256+0000] {dag.py:3954} INFO - Setting next_dagrun for xcom_guess to 2023-03-04 10:35:00+00:00, run_after=2023-03-04 10:40:00+00:00
[2024-06-01T00:34:54.285+0000] {processor.py:183} INFO - Processing /opt/airflow/dags/sample_dag.py took 0.143 seconds
[2024-06-01T00:35:24.535+0000] {processor.py:161} INFO - Started process (PID=18368) to work on /opt/airflow/dags/sample_dag.py
[2024-06-01T00:35:24.540+0000] {processor.py:830} INFO - Processing file /opt/airflow/dags/sample_dag.py for tasks to queue
[2024-06-01T00:35:24.544+0000] {logging_mixin.py:188} INFO - [2024-06-01T00:35:24.543+0000] {dagbag.py:545} INFO - Filling up the DagBag from /opt/airflow/dags/sample_dag.py
[2024-06-01T00:35:24.565+0000] {processor.py:840} INFO - DAG(s) 'xcom_guess' retrieved from /opt/airflow/dags/sample_dag.py
[2024-06-01T00:35:24.621+0000] {logging_mixin.py:188} INFO - [2024-06-01T00:35:24.621+0000] {dag.py:3096} INFO - Sync 1 DAGs
[2024-06-01T00:35:24.661+0000] {logging_mixin.py:188} INFO - [2024-06-01T00:35:24.661+0000] {dag.py:3954} INFO - Setting next_dagrun for xcom_guess to 2023-03-04 10:35:00+00:00, run_after=2023-03-04 10:40:00+00:00
[2024-06-01T00:35:24.701+0000] {processor.py:183} INFO - Processing /opt/airflow/dags/sample_dag.py took 0.183 seconds
[2024-06-01T00:35:54.903+0000] {processor.py:161} INFO - Started process (PID=18392) to work on /opt/airflow/dags/sample_dag.py
[2024-06-01T00:35:54.914+0000] {processor.py:830} INFO - Processing file /opt/airflow/dags/sample_dag.py for tasks to queue
[2024-06-01T00:35:54.915+0000] {logging_mixin.py:188} INFO - [2024-06-01T00:35:54.915+0000] {dagbag.py:545} INFO - Filling up the DagBag from /opt/airflow/dags/sample_dag.py
[2024-06-01T00:35:54.928+0000] {processor.py:840} INFO - DAG(s) 'xcom_guess' retrieved from /opt/airflow/dags/sample_dag.py
[2024-06-01T00:35:54.965+0000] {logging_mixin.py:188} INFO - [2024-06-01T00:35:54.965+0000] {dag.py:3096} INFO - Sync 1 DAGs
[2024-06-01T00:35:54.992+0000] {logging_mixin.py:188} INFO - [2024-06-01T00:35:54.992+0000] {dag.py:3954} INFO - Setting next_dagrun for xcom_guess to 2023-03-04 10:35:00+00:00, run_after=2023-03-04 10:40:00+00:00
[2024-06-01T00:35:55.016+0000] {processor.py:183} INFO - Processing /opt/airflow/dags/sample_dag.py took 0.125 seconds
[2024-06-01T05:03:09.375+0000] {processor.py:161} INFO - Started process (PID=18397) to work on /opt/airflow/dags/sample_dag.py
[2024-06-01T05:03:09.378+0000] {processor.py:830} INFO - Processing file /opt/airflow/dags/sample_dag.py for tasks to queue
[2024-06-01T05:03:09.380+0000] {logging_mixin.py:188} INFO - [2024-06-01T05:03:09.379+0000] {dagbag.py:545} INFO - Filling up the DagBag from /opt/airflow/dags/sample_dag.py
[2024-06-01T05:03:09.405+0000] {processor.py:840} INFO - DAG(s) 'xcom_guess' retrieved from /opt/airflow/dags/sample_dag.py
[2024-06-01T05:03:09.481+0000] {logging_mixin.py:188} INFO - [2024-06-01T05:03:09.480+0000] {dag.py:3096} INFO - Sync 1 DAGs
[2024-06-01T05:03:09.527+0000] {logging_mixin.py:188} INFO - [2024-06-01T05:03:09.526+0000] {dag.py:3954} INFO - Setting next_dagrun for xcom_guess to 2023-03-04 10:35:00+00:00, run_after=2023-03-04 10:40:00+00:00
[2024-06-01T05:03:09.567+0000] {processor.py:183} INFO - Processing /opt/airflow/dags/sample_dag.py took 0.210 seconds
[2024-06-01T05:03:39.841+0000] {processor.py:161} INFO - Started process (PID=18414) to work on /opt/airflow/dags/sample_dag.py
[2024-06-01T05:03:39.843+0000] {processor.py:830} INFO - Processing file /opt/airflow/dags/sample_dag.py for tasks to queue
[2024-06-01T05:03:39.844+0000] {logging_mixin.py:188} INFO - [2024-06-01T05:03:39.844+0000] {dagbag.py:545} INFO - Filling up the DagBag from /opt/airflow/dags/sample_dag.py
[2024-06-01T05:03:39.860+0000] {processor.py:840} INFO - DAG(s) 'xcom_guess' retrieved from /opt/airflow/dags/sample_dag.py
[2024-06-01T05:03:39.920+0000] {logging_mixin.py:188} INFO - [2024-06-01T05:03:39.920+0000] {dag.py:3096} INFO - Sync 1 DAGs
[2024-06-01T05:03:40.003+0000] {logging_mixin.py:188} INFO - [2024-06-01T05:03:40.001+0000] {dag.py:3954} INFO - Setting next_dagrun for xcom_guess to 2023-03-04 10:35:00+00:00, run_after=2023-03-04 10:40:00+00:00
[2024-06-01T05:03:40.054+0000] {processor.py:183} INFO - Processing /opt/airflow/dags/sample_dag.py took 0.221 seconds
[2024-06-01T14:59:38.410+0000] {processor.py:161} INFO - Started process (PID=18424) to work on /opt/airflow/dags/sample_dag.py
[2024-06-01T14:59:38.412+0000] {processor.py:830} INFO - Processing file /opt/airflow/dags/sample_dag.py for tasks to queue
[2024-06-01T14:59:38.413+0000] {logging_mixin.py:188} INFO - [2024-06-01T14:59:38.412+0000] {dagbag.py:545} INFO - Filling up the DagBag from /opt/airflow/dags/sample_dag.py
[2024-06-01T14:59:38.422+0000] {processor.py:840} INFO - DAG(s) 'xcom_guess' retrieved from /opt/airflow/dags/sample_dag.py
[2024-06-01T14:59:38.445+0000] {logging_mixin.py:188} INFO - [2024-06-01T14:59:38.445+0000] {dag.py:3096} INFO - Sync 1 DAGs
[2024-06-01T14:59:38.461+0000] {logging_mixin.py:188} INFO - [2024-06-01T14:59:38.461+0000] {dag.py:3954} INFO - Setting next_dagrun for xcom_guess to 2023-03-04 10:35:00+00:00, run_after=2023-03-04 10:40:00+00:00
[2024-06-01T14:59:38.480+0000] {processor.py:183} INFO - Processing /opt/airflow/dags/sample_dag.py took 0.075 seconds
