[2024-05-23T18:03:43.243+0000] {local_task_job_runner.py:120} INFO - ::group::Pre task execution logs
[2024-05-23T18:03:43.294+0000] {taskinstance.py:2076} INFO - Dependencies all met for dep_context=non-requeueable deps ti=<TaskInstance: xcom_guess.guess_number scheduled__2023-03-04T04:25:00+00:00 [queued]>
[2024-05-23T18:03:43.312+0000] {taskinstance.py:2076} INFO - Dependencies all met for dep_context=requeueable deps ti=<TaskInstance: xcom_guess.guess_number scheduled__2023-03-04T04:25:00+00:00 [queued]>
[2024-05-23T18:03:43.313+0000] {taskinstance.py:2306} INFO - Starting attempt 1 of 1
[2024-05-23T18:03:43.346+0000] {taskinstance.py:2330} INFO - Executing <Task(PythonOperator): guess_number> on 2023-03-04 04:25:00+00:00
[2024-05-23T18:03:43.357+0000] {warnings.py:110} WARNING - /home/***/.local/lib/python3.12/site-packages/***/task/task_runner/standard_task_runner.py:61: DeprecationWarning: This process (pid=7146) is multi-threaded, use of fork() may lead to deadlocks in the child.
  pid = os.fork()

[2024-05-23T18:03:43.359+0000] {standard_task_runner.py:63} INFO - Started process 7157 to run task
[2024-05-23T18:03:43.361+0000] {standard_task_runner.py:90} INFO - Running: ['***', 'tasks', 'run', 'xcom_guess', 'guess_number', 'scheduled__2023-03-04T04:25:00+00:00', '--job-id', '2995', '--raw', '--subdir', 'DAGS_FOLDER/sample_dag.py', '--cfg-path', '/tmp/tmps070q9ws']
[2024-05-23T18:03:43.364+0000] {standard_task_runner.py:91} INFO - Job 2995: Subtask guess_number
[2024-05-23T18:03:43.399+0000] {warnings.py:110} WARNING - /home/***/.local/lib/python3.12/site-packages/***/settings.py:195: DeprecationWarning: The sql_alchemy_conn option in [core] has been moved to the sql_alchemy_conn option in [database] - the old setting has been used, but please update your config.
  SQL_ALCHEMY_CONN = conf.get("database", "SQL_ALCHEMY_CONN")

[2024-05-23T18:03:43.484+0000] {task_command.py:426} INFO - Running <TaskInstance: xcom_guess.guess_number scheduled__2023-03-04T04:25:00+00:00 [running]> on host 88d46e04e9cd
[2024-05-23T18:03:43.690+0000] {taskinstance.py:2648} INFO - Exporting env vars: AIRFLOW_CTX_DAG_OWNER='***' AIRFLOW_CTX_DAG_ID='xcom_guess' AIRFLOW_CTX_TASK_ID='guess_number' AIRFLOW_CTX_EXECUTION_DATE='2023-03-04T04:25:00+00:00' AIRFLOW_CTX_TRY_NUMBER='1' AIRFLOW_CTX_DAG_RUN_ID='scheduled__2023-03-04T04:25:00+00:00'
[2024-05-23T18:03:43.691+0000] {taskinstance.py:430} INFO - ::endgroup::
[2024-05-23T18:03:43.737+0000] {taskinstance.py:441} INFO - ::group::Post task execution logs
[2024-05-23T18:03:43.764+0000] {taskinstance.py:2905} ERROR - Task failed with exception
Traceback (most recent call last):
  File "/home/airflow/.local/lib/python3.12/site-packages/airflow/models/taskinstance.py", line 465, in _execute_task
    result = _execute_callable(context=context, **execute_callable_kwargs)
             ^^^^^^^^^^^^^^^^^^^^^^^^^^^^^^^^^^^^^^^^^^^^^^^^^^^^^^^^^^^^^
  File "/home/airflow/.local/lib/python3.12/site-packages/airflow/models/taskinstance.py", line 432, in _execute_callable
    return execute_callable(context=context, **execute_callable_kwargs)
           ^^^^^^^^^^^^^^^^^^^^^^^^^^^^^^^^^^^^^^^^^^^^^^^^^^^^^^^^^^^^
  File "/home/airflow/.local/lib/python3.12/site-packages/airflow/models/baseoperator.py", line 400, in wrapper
    return func(self, *args, **kwargs)
           ^^^^^^^^^^^^^^^^^^^^^^^^^^^
  File "/home/airflow/.local/lib/python3.12/site-packages/airflow/operators/python.py", line 235, in execute
    return_value = self.execute_callable()
                   ^^^^^^^^^^^^^^^^^^^^^^^
  File "/home/airflow/.local/lib/python3.12/site-packages/airflow/operators/python.py", line 252, in execute_callable
    return self.python_callable(*self.op_args, **self.op_kwargs)
           ^^^^^^^^^^^^^^^^^^^^^^^^^^^^^^^^^^^^^^^^^^^^^^^^^^^^^
  File "/opt/airflow/dags/sample_dag.py", line 19, in guess_number
    raise AirflowException(f"Wrong guess! Number: {number}, guess: {guess}")
airflow.exceptions.AirflowException: Wrong guess! Number: 5, guess: 1
[2024-05-23T18:03:43.772+0000] {taskinstance.py:1206} INFO - Marking task as FAILED. dag_id=xcom_guess, task_id=guess_number, run_id=scheduled__2023-03-04T04:25:00+00:00, execution_date=20230304T042500, start_date=20240523T180343, end_date=20240523T180343
[2024-05-23T18:03:43.795+0000] {standard_task_runner.py:110} ERROR - Failed to execute job 2995 for task guess_number (Wrong guess! Number: 5, guess: 1; 7157)
[2024-05-23T18:03:43.818+0000] {local_task_job_runner.py:240} INFO - Task exited with return code 1
[2024-05-23T18:03:43.854+0000] {taskinstance.py:3498} INFO - 0 downstream tasks scheduled from follow-on schedule check
[2024-05-23T18:03:43.858+0000] {local_task_job_runner.py:222} INFO - ::endgroup::
