[2024-05-23T18:03:06.823+0000] {local_task_job_runner.py:120} INFO - ::group::Pre task execution logs
[2024-05-23T18:03:06.858+0000] {taskinstance.py:2076} INFO - Dependencies all met for dep_context=non-requeueable deps ti=<TaskInstance: xcom_guess.guess_number scheduled__2023-03-04T00:15:00+00:00 [queued]>
[2024-05-23T18:03:06.872+0000] {taskinstance.py:2076} INFO - Dependencies all met for dep_context=requeueable deps ti=<TaskInstance: xcom_guess.guess_number scheduled__2023-03-04T00:15:00+00:00 [queued]>
[2024-05-23T18:03:06.872+0000] {taskinstance.py:2306} INFO - Starting attempt 1 of 1
[2024-05-23T18:03:06.899+0000] {taskinstance.py:2330} INFO - Executing <Task(PythonOperator): guess_number> on 2023-03-04 00:15:00+00:00
[2024-05-23T18:03:06.909+0000] {warnings.py:110} WARNING - /home/***/.local/lib/python3.12/site-packages/***/task/task_runner/standard_task_runner.py:61: DeprecationWarning: This process (pid=6929) is multi-threaded, use of fork() may lead to deadlocks in the child.
  pid = os.fork()

[2024-05-23T18:03:06.910+0000] {standard_task_runner.py:63} INFO - Started process 6934 to run task
[2024-05-23T18:03:06.911+0000] {standard_task_runner.py:90} INFO - Running: ['***', 'tasks', 'run', 'xcom_guess', 'guess_number', 'scheduled__2023-03-04T00:15:00+00:00', '--job-id', '2892', '--raw', '--subdir', 'DAGS_FOLDER/sample_dag.py', '--cfg-path', '/tmp/tmp6i9i9jut']
[2024-05-23T18:03:06.912+0000] {standard_task_runner.py:91} INFO - Job 2892: Subtask guess_number
[2024-05-23T18:03:06.932+0000] {warnings.py:110} WARNING - /home/***/.local/lib/python3.12/site-packages/***/settings.py:195: DeprecationWarning: The sql_alchemy_conn option in [core] has been moved to the sql_alchemy_conn option in [database] - the old setting has been used, but please update your config.
  SQL_ALCHEMY_CONN = conf.get("database", "SQL_ALCHEMY_CONN")

[2024-05-23T18:03:06.980+0000] {task_command.py:426} INFO - Running <TaskInstance: xcom_guess.guess_number scheduled__2023-03-04T00:15:00+00:00 [running]> on host 88d46e04e9cd
[2024-05-23T18:03:07.107+0000] {taskinstance.py:2648} INFO - Exporting env vars: AIRFLOW_CTX_DAG_OWNER='***' AIRFLOW_CTX_DAG_ID='xcom_guess' AIRFLOW_CTX_TASK_ID='guess_number' AIRFLOW_CTX_EXECUTION_DATE='2023-03-04T00:15:00+00:00' AIRFLOW_CTX_TRY_NUMBER='1' AIRFLOW_CTX_DAG_RUN_ID='scheduled__2023-03-04T00:15:00+00:00'
[2024-05-23T18:03:07.109+0000] {taskinstance.py:430} INFO - ::endgroup::
[2024-05-23T18:03:07.141+0000] {taskinstance.py:441} INFO - ::group::Post task execution logs
[2024-05-23T18:03:07.158+0000] {taskinstance.py:2905} ERROR - Task failed with exception
Traceback (most recent call last):
  File "/home/airflow/.local/lib/python3.12/site-packages/airflow/models/taskinstance.py", line 465, in _execute_task
    result = _execute_callable(context=context, **execute_callable_kwargs)
             ^^^^^^^^^^^^^^^^^^^^^^^^^^^^^^^^^^^^^^^^^^^^^^^^^^^^^^^^^^^^^
  File "/home/airflow/.local/lib/python3.12/site-packages/airflow/models/taskinstance.py", line 432, in _execute_callable
    return execute_callable(context=context, **execute_callable_kwargs)
           ^^^^^^^^^^^^^^^^^^^^^^^^^^^^^^^^^^^^^^^^^^^^^^^^^^^^^^^^^^^^
  File "/home/airflow/.local/lib/python3.12/site-packages/airflow/models/baseoperator.py", line 400, in wrapper
    return func(self, *args, **kwargs)
           ^^^^^^^^^^^^^^^^^^^^^^^^^^^
  File "/home/airflow/.local/lib/python3.12/site-packages/airflow/operators/python.py", line 235, in execute
    return_value = self.execute_callable()
                   ^^^^^^^^^^^^^^^^^^^^^^^
  File "/home/airflow/.local/lib/python3.12/site-packages/airflow/operators/python.py", line 252, in execute_callable
    return self.python_callable(*self.op_args, **self.op_kwargs)
           ^^^^^^^^^^^^^^^^^^^^^^^^^^^^^^^^^^^^^^^^^^^^^^^^^^^^^
  File "/opt/airflow/dags/sample_dag.py", line 19, in guess_number
    raise AirflowException(f"Wrong guess! Number: {number}, guess: {guess}")
airflow.exceptions.AirflowException: Wrong guess! Number: 8, guess: 10
[2024-05-23T18:03:07.163+0000] {taskinstance.py:1206} INFO - Marking task as FAILED. dag_id=xcom_guess, task_id=guess_number, run_id=scheduled__2023-03-04T00:15:00+00:00, execution_date=20230304T001500, start_date=20240523T180306, end_date=20240523T180307
[2024-05-23T18:03:07.179+0000] {standard_task_runner.py:110} ERROR - Failed to execute job 2892 for task guess_number (Wrong guess! Number: 8, guess: 10; 6934)
[2024-05-23T18:03:07.206+0000] {local_task_job_runner.py:240} INFO - Task exited with return code 1
[2024-05-23T18:03:07.229+0000] {taskinstance.py:3498} INFO - 0 downstream tasks scheduled from follow-on schedule check
[2024-05-23T18:03:07.232+0000] {local_task_job_runner.py:222} INFO - ::endgroup::
