[2024-05-23T17:55:54.283+0000] {local_task_job_runner.py:120} INFO - ::group::Pre task execution logs
[2024-05-23T17:55:54.359+0000] {taskinstance.py:2076} INFO - Dependencies all met for dep_context=non-requeueable deps ti=<TaskInstance: xcom_guess.generate_random_number scheduled__2023-03-01T19:15:00+00:00 [queued]>
[2024-05-23T17:55:54.390+0000] {taskinstance.py:2076} INFO - Dependencies all met for dep_context=requeueable deps ti=<TaskInstance: xcom_guess.generate_random_number scheduled__2023-03-01T19:15:00+00:00 [queued]>
[2024-05-23T17:55:54.391+0000] {taskinstance.py:2306} INFO - Starting attempt 1 of 1
[2024-05-23T17:55:54.442+0000] {taskinstance.py:2330} INFO - Executing <Task(PythonOperator): generate_random_number> on 2023-03-01 19:15:00+00:00
[2024-05-23T17:55:54.459+0000] {warnings.py:110} WARNING - /home/***/.local/lib/python3.12/site-packages/***/task/task_runner/standard_task_runner.py:61: DeprecationWarning: This process (pid=4139) is multi-threaded, use of fork() may lead to deadlocks in the child.
  pid = os.fork()

[2024-05-23T17:55:54.464+0000] {standard_task_runner.py:63} INFO - Started process 4147 to run task
[2024-05-23T17:55:54.463+0000] {standard_task_runner.py:90} INFO - Running: ['***', 'tasks', 'run', 'xcom_guess', 'generate_random_number', 'scheduled__2023-03-01T19:15:00+00:00', '--job-id', '1613', '--raw', '--subdir', 'DAGS_FOLDER/sample_dag.py', '--cfg-path', '/tmp/tmpixn4wdvr']
[2024-05-23T17:55:54.466+0000] {standard_task_runner.py:91} INFO - Job 1613: Subtask generate_random_number
[2024-05-23T17:55:54.507+0000] {warnings.py:110} WARNING - /home/***/.local/lib/python3.12/site-packages/***/settings.py:195: DeprecationWarning: The sql_alchemy_conn option in [core] has been moved to the sql_alchemy_conn option in [database] - the old setting has been used, but please update your config.
  SQL_ALCHEMY_CONN = conf.get("database", "SQL_ALCHEMY_CONN")

[2024-05-23T17:55:54.601+0000] {task_command.py:426} INFO - Running <TaskInstance: xcom_guess.generate_random_number scheduled__2023-03-01T19:15:00+00:00 [running]> on host 88d46e04e9cd
[2024-05-23T17:55:54.932+0000] {taskinstance.py:2648} INFO - Exporting env vars: AIRFLOW_CTX_DAG_OWNER='***' AIRFLOW_CTX_DAG_ID='xcom_guess' AIRFLOW_CTX_TASK_ID='generate_random_number' AIRFLOW_CTX_EXECUTION_DATE='2023-03-01T19:15:00+00:00' AIRFLOW_CTX_TRY_NUMBER='1' AIRFLOW_CTX_DAG_RUN_ID='scheduled__2023-03-01T19:15:00+00:00'
[2024-05-23T17:55:54.933+0000] {taskinstance.py:430} INFO - ::endgroup::
[2024-05-23T17:55:54.995+0000] {python.py:237} INFO - Done. Returned value was: None
[2024-05-23T17:55:54.999+0000] {taskinstance.py:441} INFO - ::group::Post task execution logs
[2024-05-23T17:55:55.026+0000] {taskinstance.py:1206} INFO - Marking task as SUCCESS. dag_id=xcom_guess, task_id=generate_random_number, run_id=scheduled__2023-03-01T19:15:00+00:00, execution_date=20230301T191500, start_date=20240523T175554, end_date=20240523T175555
[2024-05-23T17:55:55.085+0000] {local_task_job_runner.py:240} INFO - Task exited with return code 0
[2024-05-23T17:55:55.154+0000] {taskinstance.py:3498} INFO - 1 downstream tasks scheduled from follow-on schedule check
[2024-05-23T17:55:55.158+0000] {local_task_job_runner.py:222} INFO - ::endgroup::
