[2024-05-23T17:54:30.018+0000] {local_task_job_runner.py:120} INFO - ::group::Pre task execution logs
[2024-05-23T17:54:30.061+0000] {taskinstance.py:2076} INFO - Dependencies all met for dep_context=non-requeueable deps ti=<TaskInstance: xcom_guess.generate_random_number scheduled__2023-03-01T08:35:00+00:00 [queued]>
[2024-05-23T17:54:30.079+0000] {taskinstance.py:2076} INFO - Dependencies all met for dep_context=requeueable deps ti=<TaskInstance: xcom_guess.generate_random_number scheduled__2023-03-01T08:35:00+00:00 [queued]>
[2024-05-23T17:54:30.079+0000] {taskinstance.py:2306} INFO - Starting attempt 1 of 1
[2024-05-23T17:54:30.105+0000] {taskinstance.py:2330} INFO - Executing <Task(PythonOperator): generate_random_number> on 2023-03-01 08:35:00+00:00
[2024-05-23T17:54:30.114+0000] {warnings.py:110} WARNING - /home/***/.local/lib/python3.12/site-packages/***/task/task_runner/standard_task_runner.py:61: DeprecationWarning: This process (pid=3598) is multi-threaded, use of fork() may lead to deadlocks in the child.
  pid = os.fork()

[2024-05-23T17:54:30.116+0000] {standard_task_runner.py:63} INFO - Started process 3602 to run task
[2024-05-23T17:54:30.116+0000] {standard_task_runner.py:90} INFO - Running: ['***', 'tasks', 'run', 'xcom_guess', 'generate_random_number', 'scheduled__2023-03-01T08:35:00+00:00', '--job-id', '1362', '--raw', '--subdir', 'DAGS_FOLDER/sample_dag.py', '--cfg-path', '/tmp/tmp4juo0ff_']
[2024-05-23T17:54:30.117+0000] {standard_task_runner.py:91} INFO - Job 1362: Subtask generate_random_number
[2024-05-23T17:54:30.136+0000] {warnings.py:110} WARNING - /home/***/.local/lib/python3.12/site-packages/***/settings.py:195: DeprecationWarning: The sql_alchemy_conn option in [core] has been moved to the sql_alchemy_conn option in [database] - the old setting has been used, but please update your config.
  SQL_ALCHEMY_CONN = conf.get("database", "SQL_ALCHEMY_CONN")

[2024-05-23T17:54:30.183+0000] {task_command.py:426} INFO - Running <TaskInstance: xcom_guess.generate_random_number scheduled__2023-03-01T08:35:00+00:00 [running]> on host 88d46e04e9cd
[2024-05-23T17:54:30.315+0000] {taskinstance.py:2648} INFO - Exporting env vars: AIRFLOW_CTX_DAG_OWNER='***' AIRFLOW_CTX_DAG_ID='xcom_guess' AIRFLOW_CTX_TASK_ID='generate_random_number' AIRFLOW_CTX_EXECUTION_DATE='2023-03-01T08:35:00+00:00' AIRFLOW_CTX_TRY_NUMBER='1' AIRFLOW_CTX_DAG_RUN_ID='scheduled__2023-03-01T08:35:00+00:00'
[2024-05-23T17:54:30.316+0000] {taskinstance.py:430} INFO - ::endgroup::
[2024-05-23T17:54:30.354+0000] {python.py:237} INFO - Done. Returned value was: None
[2024-05-23T17:54:30.356+0000] {taskinstance.py:441} INFO - ::group::Post task execution logs
[2024-05-23T17:54:30.374+0000] {taskinstance.py:1206} INFO - Marking task as SUCCESS. dag_id=xcom_guess, task_id=generate_random_number, run_id=scheduled__2023-03-01T08:35:00+00:00, execution_date=20230301T083500, start_date=20240523T175430, end_date=20240523T175430
[2024-05-23T17:54:30.411+0000] {local_task_job_runner.py:240} INFO - Task exited with return code 0
[2024-05-23T17:54:30.444+0000] {taskinstance.py:3498} INFO - 1 downstream tasks scheduled from follow-on schedule check
[2024-05-23T17:54:30.446+0000] {local_task_job_runner.py:222} INFO - ::endgroup::
