[2024-09-18T21:57:53.781+0000] {processor.py:161} INFO - Started process (PID=45) to work on /opt/airflow/dags/etl_process.py
[2024-09-18T21:57:53.782+0000] {processor.py:830} INFO - Processing file /opt/airflow/dags/etl_process.py for tasks to queue
[2024-09-18T21:57:53.786+0000] {logging_mixin.py:188} INFO - [2024-09-18T21:57:53.785+0000] {dagbag.py:545} INFO - Filling up the DagBag from /opt/airflow/dags/etl_process.py
[2024-09-18T21:57:53.810+0000] {processor.py:840} INFO - DAG(s) 'ETL' retrieved from /opt/airflow/dags/etl_process.py
[2024-09-18T21:57:53.843+0000] {logging_mixin.py:188} INFO - [2024-09-18T21:57:53.843+0000] {dag.py:3096} INFO - Sync 1 DAGs
[2024-09-18T21:57:53.867+0000] {logging_mixin.py:188} INFO - [2024-09-18T21:57:53.867+0000] {dag.py:3954} INFO - Setting next_dagrun for ETL to 2024-05-21 00:00:00+00:00, run_after=2024-05-21 00:00:00+00:00
[2024-09-18T21:57:53.898+0000] {processor.py:183} INFO - Processing /opt/airflow/dags/etl_process.py took 0.129 seconds
[2024-09-18T21:58:24.058+0000] {processor.py:161} INFO - Started process (PID=61) to work on /opt/airflow/dags/etl_process.py
[2024-09-18T21:58:24.059+0000] {processor.py:830} INFO - Processing file /opt/airflow/dags/etl_process.py for tasks to queue
[2024-09-18T21:58:24.061+0000] {logging_mixin.py:188} INFO - [2024-09-18T21:58:24.061+0000] {dagbag.py:545} INFO - Filling up the DagBag from /opt/airflow/dags/etl_process.py
[2024-09-18T21:58:24.077+0000] {processor.py:840} INFO - DAG(s) 'ETL' retrieved from /opt/airflow/dags/etl_process.py
[2024-09-18T21:58:24.264+0000] {logging_mixin.py:188} INFO - [2024-09-18T21:58:24.264+0000] {dag.py:3096} INFO - Sync 1 DAGs
[2024-09-18T21:58:24.279+0000] {logging_mixin.py:188} INFO - [2024-09-18T21:58:24.279+0000] {dag.py:3954} INFO - Setting next_dagrun for ETL to 2024-05-21 00:00:00+00:00, run_after=2024-05-21 00:00:00+00:00
[2024-09-18T21:58:24.297+0000] {processor.py:183} INFO - Processing /opt/airflow/dags/etl_process.py took 0.242 seconds
[2024-09-18T21:58:54.494+0000] {processor.py:161} INFO - Started process (PID=85) to work on /opt/airflow/dags/etl_process.py
[2024-09-18T21:58:54.495+0000] {processor.py:830} INFO - Processing file /opt/airflow/dags/etl_process.py for tasks to queue
[2024-09-18T21:58:54.498+0000] {logging_mixin.py:188} INFO - [2024-09-18T21:58:54.497+0000] {dagbag.py:545} INFO - Filling up the DagBag from /opt/airflow/dags/etl_process.py
[2024-09-18T21:58:54.510+0000] {processor.py:840} INFO - DAG(s) 'ETL' retrieved from /opt/airflow/dags/etl_process.py
[2024-09-18T21:58:54.545+0000] {logging_mixin.py:188} INFO - [2024-09-18T21:58:54.545+0000] {dag.py:3096} INFO - Sync 1 DAGs
[2024-09-18T21:58:54.576+0000] {logging_mixin.py:188} INFO - [2024-09-18T21:58:54.576+0000] {dag.py:3954} INFO - Setting next_dagrun for ETL to 2024-05-21 00:00:00+00:00, run_after=2024-05-21 00:00:00+00:00
[2024-09-18T21:58:54.597+0000] {processor.py:183} INFO - Processing /opt/airflow/dags/etl_process.py took 0.109 seconds
[2024-09-18T21:59:24.792+0000] {processor.py:161} INFO - Started process (PID=102) to work on /opt/airflow/dags/etl_process.py
[2024-09-18T21:59:24.795+0000] {processor.py:830} INFO - Processing file /opt/airflow/dags/etl_process.py for tasks to queue
[2024-09-18T21:59:24.796+0000] {logging_mixin.py:188} INFO - [2024-09-18T21:59:24.796+0000] {dagbag.py:545} INFO - Filling up the DagBag from /opt/airflow/dags/etl_process.py
[2024-09-18T21:59:24.805+0000] {processor.py:840} INFO - DAG(s) 'ETL' retrieved from /opt/airflow/dags/etl_process.py
[2024-09-18T21:59:24.827+0000] {logging_mixin.py:188} INFO - [2024-09-18T21:59:24.826+0000] {dag.py:3096} INFO - Sync 1 DAGs
[2024-09-18T21:59:24.841+0000] {logging_mixin.py:188} INFO - [2024-09-18T21:59:24.840+0000] {dag.py:3954} INFO - Setting next_dagrun for ETL to 2024-05-21 00:00:00+00:00, run_after=2024-05-21 00:00:00+00:00
[2024-09-18T21:59:24.856+0000] {processor.py:183} INFO - Processing /opt/airflow/dags/etl_process.py took 0.068 seconds
[2024-09-18T21:59:55.107+0000] {processor.py:161} INFO - Started process (PID=126) to work on /opt/airflow/dags/etl_process.py
[2024-09-18T21:59:55.111+0000] {processor.py:830} INFO - Processing file /opt/airflow/dags/etl_process.py for tasks to queue
[2024-09-18T21:59:55.123+0000] {logging_mixin.py:188} INFO - [2024-09-18T21:59:55.120+0000] {dagbag.py:545} INFO - Filling up the DagBag from /opt/airflow/dags/etl_process.py
[2024-09-18T21:59:55.216+0000] {processor.py:840} INFO - DAG(s) 'ETL' retrieved from /opt/airflow/dags/etl_process.py
[2024-09-18T21:59:55.330+0000] {logging_mixin.py:188} INFO - [2024-09-18T21:59:55.329+0000] {dag.py:3096} INFO - Sync 1 DAGs
[2024-09-18T21:59:55.409+0000] {logging_mixin.py:188} INFO - [2024-09-18T21:59:55.409+0000] {dag.py:3954} INFO - Setting next_dagrun for ETL to 2024-05-21 00:00:00+00:00, run_after=2024-05-21 00:00:00+00:00
[2024-09-18T21:59:55.455+0000] {processor.py:183} INFO - Processing /opt/airflow/dags/etl_process.py took 0.398 seconds
[2024-09-18T22:00:25.625+0000] {processor.py:161} INFO - Started process (PID=143) to work on /opt/airflow/dags/etl_process.py
[2024-09-18T22:00:25.626+0000] {processor.py:830} INFO - Processing file /opt/airflow/dags/etl_process.py for tasks to queue
[2024-09-18T22:00:25.628+0000] {logging_mixin.py:188} INFO - [2024-09-18T22:00:25.627+0000] {dagbag.py:545} INFO - Filling up the DagBag from /opt/airflow/dags/etl_process.py
[2024-09-18T22:00:25.639+0000] {processor.py:840} INFO - DAG(s) 'ETL' retrieved from /opt/airflow/dags/etl_process.py
[2024-09-18T22:00:25.661+0000] {logging_mixin.py:188} INFO - [2024-09-18T22:00:25.661+0000] {dag.py:3096} INFO - Sync 1 DAGs
[2024-09-18T22:00:25.676+0000] {logging_mixin.py:188} INFO - [2024-09-18T22:00:25.675+0000] {dag.py:3954} INFO - Setting next_dagrun for ETL to 2024-05-21 00:00:00+00:00, run_after=2024-05-21 00:00:00+00:00
[2024-09-18T22:00:25.691+0000] {processor.py:183} INFO - Processing /opt/airflow/dags/etl_process.py took 0.070 seconds
[2024-09-18T22:00:55.886+0000] {processor.py:161} INFO - Started process (PID=160) to work on /opt/airflow/dags/etl_process.py
[2024-09-18T22:00:55.887+0000] {processor.py:830} INFO - Processing file /opt/airflow/dags/etl_process.py for tasks to queue
[2024-09-18T22:00:55.889+0000] {logging_mixin.py:188} INFO - [2024-09-18T22:00:55.888+0000] {dagbag.py:545} INFO - Filling up the DagBag from /opt/airflow/dags/etl_process.py
[2024-09-18T22:00:55.901+0000] {processor.py:840} INFO - DAG(s) 'ETL' retrieved from /opt/airflow/dags/etl_process.py
[2024-09-18T22:00:55.923+0000] {logging_mixin.py:188} INFO - [2024-09-18T22:00:55.922+0000] {dag.py:3096} INFO - Sync 1 DAGs
[2024-09-18T22:00:55.938+0000] {logging_mixin.py:188} INFO - [2024-09-18T22:00:55.938+0000] {dag.py:3954} INFO - Setting next_dagrun for ETL to 2024-05-21 00:00:00+00:00, run_after=2024-05-21 00:00:00+00:00
[2024-09-18T22:00:55.952+0000] {processor.py:183} INFO - Processing /opt/airflow/dags/etl_process.py took 0.070 seconds
[2024-09-18T22:01:26.123+0000] {processor.py:161} INFO - Started process (PID=184) to work on /opt/airflow/dags/etl_process.py
[2024-09-18T22:01:26.124+0000] {processor.py:830} INFO - Processing file /opt/airflow/dags/etl_process.py for tasks to queue
[2024-09-18T22:01:26.125+0000] {logging_mixin.py:188} INFO - [2024-09-18T22:01:26.125+0000] {dagbag.py:545} INFO - Filling up the DagBag from /opt/airflow/dags/etl_process.py
[2024-09-18T22:01:26.135+0000] {processor.py:840} INFO - DAG(s) 'ETL' retrieved from /opt/airflow/dags/etl_process.py
[2024-09-18T22:01:26.160+0000] {logging_mixin.py:188} INFO - [2024-09-18T22:01:26.160+0000] {dag.py:3096} INFO - Sync 1 DAGs
[2024-09-18T22:01:26.176+0000] {logging_mixin.py:188} INFO - [2024-09-18T22:01:26.176+0000] {dag.py:3954} INFO - Setting next_dagrun for ETL to 2024-05-21 00:00:00+00:00, run_after=2024-05-21 00:00:00+00:00
[2024-09-18T22:01:26.192+0000] {processor.py:183} INFO - Processing /opt/airflow/dags/etl_process.py took 0.073 seconds
[2024-09-18T22:01:56.370+0000] {processor.py:161} INFO - Started process (PID=201) to work on /opt/airflow/dags/etl_process.py
[2024-09-18T22:01:56.371+0000] {processor.py:830} INFO - Processing file /opt/airflow/dags/etl_process.py for tasks to queue
[2024-09-18T22:01:56.373+0000] {logging_mixin.py:188} INFO - [2024-09-18T22:01:56.372+0000] {dagbag.py:545} INFO - Filling up the DagBag from /opt/airflow/dags/etl_process.py
[2024-09-18T22:01:56.383+0000] {processor.py:840} INFO - DAG(s) 'ETL' retrieved from /opt/airflow/dags/etl_process.py
[2024-09-18T22:01:56.407+0000] {logging_mixin.py:188} INFO - [2024-09-18T22:01:56.407+0000] {dag.py:3096} INFO - Sync 1 DAGs
[2024-09-18T22:01:56.424+0000] {logging_mixin.py:188} INFO - [2024-09-18T22:01:56.423+0000] {dag.py:3954} INFO - Setting next_dagrun for ETL to 2024-05-21 00:00:00+00:00, run_after=2024-05-21 00:00:00+00:00
[2024-09-18T22:01:56.438+0000] {processor.py:183} INFO - Processing /opt/airflow/dags/etl_process.py took 0.072 seconds
[2024-09-18T22:02:26.616+0000] {processor.py:161} INFO - Started process (PID=225) to work on /opt/airflow/dags/etl_process.py
[2024-09-18T22:02:26.617+0000] {processor.py:830} INFO - Processing file /opt/airflow/dags/etl_process.py for tasks to queue
[2024-09-18T22:02:26.620+0000] {logging_mixin.py:188} INFO - [2024-09-18T22:02:26.619+0000] {dagbag.py:545} INFO - Filling up the DagBag from /opt/airflow/dags/etl_process.py
[2024-09-18T22:02:26.636+0000] {processor.py:840} INFO - DAG(s) 'ETL' retrieved from /opt/airflow/dags/etl_process.py
[2024-09-18T22:02:26.664+0000] {logging_mixin.py:188} INFO - [2024-09-18T22:02:26.664+0000] {dag.py:3096} INFO - Sync 1 DAGs
[2024-09-18T22:02:26.684+0000] {logging_mixin.py:188} INFO - [2024-09-18T22:02:26.683+0000] {dag.py:3954} INFO - Setting next_dagrun for ETL to 2024-05-21 00:00:00+00:00, run_after=2024-05-21 00:00:00+00:00
[2024-09-18T22:02:26.704+0000] {processor.py:183} INFO - Processing /opt/airflow/dags/etl_process.py took 0.095 seconds
[2024-09-18T22:02:56.894+0000] {processor.py:161} INFO - Started process (PID=242) to work on /opt/airflow/dags/etl_process.py
[2024-09-18T22:02:56.895+0000] {processor.py:830} INFO - Processing file /opt/airflow/dags/etl_process.py for tasks to queue
[2024-09-18T22:02:56.896+0000] {logging_mixin.py:188} INFO - [2024-09-18T22:02:56.896+0000] {dagbag.py:545} INFO - Filling up the DagBag from /opt/airflow/dags/etl_process.py
[2024-09-18T22:02:56.907+0000] {processor.py:840} INFO - DAG(s) 'ETL' retrieved from /opt/airflow/dags/etl_process.py
[2024-09-18T22:02:56.930+0000] {logging_mixin.py:188} INFO - [2024-09-18T22:02:56.930+0000] {dag.py:3096} INFO - Sync 1 DAGs
[2024-09-18T22:02:56.949+0000] {logging_mixin.py:188} INFO - [2024-09-18T22:02:56.949+0000] {dag.py:3954} INFO - Setting next_dagrun for ETL to 2024-05-21 00:00:00+00:00, run_after=2024-05-21 00:00:00+00:00
[2024-09-18T22:02:56.964+0000] {processor.py:183} INFO - Processing /opt/airflow/dags/etl_process.py took 0.075 seconds
[2024-09-18T22:03:27.139+0000] {processor.py:161} INFO - Started process (PID=266) to work on /opt/airflow/dags/etl_process.py
[2024-09-18T22:03:27.139+0000] {processor.py:830} INFO - Processing file /opt/airflow/dags/etl_process.py for tasks to queue
[2024-09-18T22:03:27.140+0000] {logging_mixin.py:188} INFO - [2024-09-18T22:03:27.140+0000] {dagbag.py:545} INFO - Filling up the DagBag from /opt/airflow/dags/etl_process.py
[2024-09-18T22:03:27.151+0000] {processor.py:840} INFO - DAG(s) 'ETL' retrieved from /opt/airflow/dags/etl_process.py
[2024-09-18T22:03:27.178+0000] {logging_mixin.py:188} INFO - [2024-09-18T22:03:27.177+0000] {dag.py:3096} INFO - Sync 1 DAGs
[2024-09-18T22:03:27.198+0000] {logging_mixin.py:188} INFO - [2024-09-18T22:03:27.198+0000] {dag.py:3954} INFO - Setting next_dagrun for ETL to 2024-05-21 00:00:00+00:00, run_after=2024-05-21 00:00:00+00:00
[2024-09-18T22:03:27.218+0000] {processor.py:183} INFO - Processing /opt/airflow/dags/etl_process.py took 0.083 seconds
[2024-09-18T22:03:57.394+0000] {processor.py:161} INFO - Started process (PID=283) to work on /opt/airflow/dags/etl_process.py
[2024-09-18T22:03:57.397+0000] {processor.py:830} INFO - Processing file /opt/airflow/dags/etl_process.py for tasks to queue
[2024-09-18T22:03:57.398+0000] {logging_mixin.py:188} INFO - [2024-09-18T22:03:57.398+0000] {dagbag.py:545} INFO - Filling up the DagBag from /opt/airflow/dags/etl_process.py
[2024-09-18T22:03:57.407+0000] {processor.py:840} INFO - DAG(s) 'ETL' retrieved from /opt/airflow/dags/etl_process.py
[2024-09-18T22:03:57.424+0000] {logging_mixin.py:188} INFO - [2024-09-18T22:03:57.424+0000] {dag.py:3096} INFO - Sync 1 DAGs
[2024-09-18T22:03:57.439+0000] {logging_mixin.py:188} INFO - [2024-09-18T22:03:57.439+0000] {dag.py:3954} INFO - Setting next_dagrun for ETL to 2024-05-21 00:00:00+00:00, run_after=2024-05-21 00:00:00+00:00
[2024-09-18T22:03:57.455+0000] {processor.py:183} INFO - Processing /opt/airflow/dags/etl_process.py took 0.065 seconds
[2024-09-18T22:04:27.634+0000] {processor.py:161} INFO - Started process (PID=306) to work on /opt/airflow/dags/etl_process.py
[2024-09-18T22:04:27.634+0000] {processor.py:830} INFO - Processing file /opt/airflow/dags/etl_process.py for tasks to queue
[2024-09-18T22:04:27.635+0000] {logging_mixin.py:188} INFO - [2024-09-18T22:04:27.635+0000] {dagbag.py:545} INFO - Filling up the DagBag from /opt/airflow/dags/etl_process.py
[2024-09-18T22:04:27.646+0000] {processor.py:840} INFO - DAG(s) 'ETL' retrieved from /opt/airflow/dags/etl_process.py
[2024-09-18T22:04:27.666+0000] {logging_mixin.py:188} INFO - [2024-09-18T22:04:27.666+0000] {dag.py:3096} INFO - Sync 1 DAGs
[2024-09-18T22:04:27.681+0000] {logging_mixin.py:188} INFO - [2024-09-18T22:04:27.681+0000] {dag.py:3954} INFO - Setting next_dagrun for ETL to 2024-05-21 00:00:00+00:00, run_after=2024-05-21 00:00:00+00:00
[2024-09-18T22:04:27.697+0000] {processor.py:183} INFO - Processing /opt/airflow/dags/etl_process.py took 0.067 seconds
[2024-09-18T22:04:57.863+0000] {processor.py:161} INFO - Started process (PID=323) to work on /opt/airflow/dags/etl_process.py
[2024-09-18T22:04:57.864+0000] {processor.py:830} INFO - Processing file /opt/airflow/dags/etl_process.py for tasks to queue
[2024-09-18T22:04:57.865+0000] {logging_mixin.py:188} INFO - [2024-09-18T22:04:57.865+0000] {dagbag.py:545} INFO - Filling up the DagBag from /opt/airflow/dags/etl_process.py
[2024-09-18T22:04:57.876+0000] {processor.py:840} INFO - DAG(s) 'ETL' retrieved from /opt/airflow/dags/etl_process.py
[2024-09-18T22:04:57.897+0000] {logging_mixin.py:188} INFO - [2024-09-18T22:04:57.897+0000] {dag.py:3096} INFO - Sync 1 DAGs
[2024-09-18T22:04:57.912+0000] {logging_mixin.py:188} INFO - [2024-09-18T22:04:57.912+0000] {dag.py:3954} INFO - Setting next_dagrun for ETL to 2024-05-21 00:00:00+00:00, run_after=2024-05-21 00:00:00+00:00
[2024-09-18T22:04:57.928+0000] {processor.py:183} INFO - Processing /opt/airflow/dags/etl_process.py took 0.069 seconds
[2024-09-18T22:05:28.095+0000] {processor.py:161} INFO - Started process (PID=348) to work on /opt/airflow/dags/etl_process.py
[2024-09-18T22:05:28.096+0000] {processor.py:830} INFO - Processing file /opt/airflow/dags/etl_process.py for tasks to queue
[2024-09-18T22:05:28.097+0000] {logging_mixin.py:188} INFO - [2024-09-18T22:05:28.097+0000] {dagbag.py:545} INFO - Filling up the DagBag from /opt/airflow/dags/etl_process.py
[2024-09-18T22:05:28.107+0000] {processor.py:840} INFO - DAG(s) 'ETL' retrieved from /opt/airflow/dags/etl_process.py
[2024-09-18T22:05:28.131+0000] {logging_mixin.py:188} INFO - [2024-09-18T22:05:28.131+0000] {dag.py:3096} INFO - Sync 1 DAGs
[2024-09-18T22:05:28.147+0000] {logging_mixin.py:188} INFO - [2024-09-18T22:05:28.147+0000] {dag.py:3954} INFO - Setting next_dagrun for ETL to 2024-05-21 00:00:00+00:00, run_after=2024-05-21 00:00:00+00:00
[2024-09-18T22:05:28.162+0000] {processor.py:183} INFO - Processing /opt/airflow/dags/etl_process.py took 0.072 seconds
[2024-09-18T22:05:58.337+0000] {processor.py:161} INFO - Started process (PID=365) to work on /opt/airflow/dags/etl_process.py
[2024-09-18T22:05:58.338+0000] {processor.py:830} INFO - Processing file /opt/airflow/dags/etl_process.py for tasks to queue
[2024-09-18T22:05:58.340+0000] {logging_mixin.py:188} INFO - [2024-09-18T22:05:58.340+0000] {dagbag.py:545} INFO - Filling up the DagBag from /opt/airflow/dags/etl_process.py
[2024-09-18T22:05:58.370+0000] {processor.py:840} INFO - DAG(s) 'ETL' retrieved from /opt/airflow/dags/etl_process.py
[2024-09-18T22:05:58.410+0000] {logging_mixin.py:188} INFO - [2024-09-18T22:05:58.410+0000] {dag.py:3096} INFO - Sync 1 DAGs
[2024-09-18T22:05:58.438+0000] {logging_mixin.py:188} INFO - [2024-09-18T22:05:58.437+0000] {dag.py:3954} INFO - Setting next_dagrun for ETL to 2024-05-21 00:00:00+00:00, run_after=2024-05-21 00:00:00+00:00
[2024-09-18T22:05:58.461+0000] {processor.py:183} INFO - Processing /opt/airflow/dags/etl_process.py took 0.131 seconds
[2024-09-18T22:06:28.627+0000] {processor.py:161} INFO - Started process (PID=389) to work on /opt/airflow/dags/etl_process.py
[2024-09-18T22:06:28.628+0000] {processor.py:830} INFO - Processing file /opt/airflow/dags/etl_process.py for tasks to queue
[2024-09-18T22:06:28.629+0000] {logging_mixin.py:188} INFO - [2024-09-18T22:06:28.629+0000] {dagbag.py:545} INFO - Filling up the DagBag from /opt/airflow/dags/etl_process.py
[2024-09-18T22:06:28.641+0000] {processor.py:840} INFO - DAG(s) 'ETL' retrieved from /opt/airflow/dags/etl_process.py
[2024-09-18T22:06:28.666+0000] {logging_mixin.py:188} INFO - [2024-09-18T22:06:28.666+0000] {dag.py:3096} INFO - Sync 1 DAGs
[2024-09-18T22:06:28.683+0000] {logging_mixin.py:188} INFO - [2024-09-18T22:06:28.683+0000] {dag.py:3954} INFO - Setting next_dagrun for ETL to 2024-05-21 00:00:00+00:00, run_after=2024-05-21 00:00:00+00:00
[2024-09-18T22:06:28.706+0000] {processor.py:183} INFO - Processing /opt/airflow/dags/etl_process.py took 0.084 seconds
[2024-09-18T22:06:58.878+0000] {processor.py:161} INFO - Started process (PID=406) to work on /opt/airflow/dags/etl_process.py
[2024-09-18T22:06:58.878+0000] {processor.py:830} INFO - Processing file /opt/airflow/dags/etl_process.py for tasks to queue
[2024-09-18T22:06:58.879+0000] {logging_mixin.py:188} INFO - [2024-09-18T22:06:58.879+0000] {dagbag.py:545} INFO - Filling up the DagBag from /opt/airflow/dags/etl_process.py
[2024-09-18T22:06:58.890+0000] {processor.py:840} INFO - DAG(s) 'ETL' retrieved from /opt/airflow/dags/etl_process.py
[2024-09-18T22:06:58.911+0000] {logging_mixin.py:188} INFO - [2024-09-18T22:06:58.911+0000] {dag.py:3096} INFO - Sync 1 DAGs
[2024-09-18T22:06:58.924+0000] {logging_mixin.py:188} INFO - [2024-09-18T22:06:58.924+0000] {dag.py:3954} INFO - Setting next_dagrun for ETL to 2024-05-21 00:00:00+00:00, run_after=2024-05-21 00:00:00+00:00
[2024-09-18T22:06:58.938+0000] {processor.py:183} INFO - Processing /opt/airflow/dags/etl_process.py took 0.064 seconds
[2024-09-18T22:07:29.113+0000] {processor.py:161} INFO - Started process (PID=430) to work on /opt/airflow/dags/etl_process.py
[2024-09-18T22:07:29.114+0000] {processor.py:830} INFO - Processing file /opt/airflow/dags/etl_process.py for tasks to queue
[2024-09-18T22:07:29.116+0000] {logging_mixin.py:188} INFO - [2024-09-18T22:07:29.116+0000] {dagbag.py:545} INFO - Filling up the DagBag from /opt/airflow/dags/etl_process.py
[2024-09-18T22:07:29.130+0000] {processor.py:840} INFO - DAG(s) 'ETL' retrieved from /opt/airflow/dags/etl_process.py
[2024-09-18T22:07:29.152+0000] {logging_mixin.py:188} INFO - [2024-09-18T22:07:29.152+0000] {dag.py:3096} INFO - Sync 1 DAGs
[2024-09-18T22:07:29.170+0000] {logging_mixin.py:188} INFO - [2024-09-18T22:07:29.170+0000] {dag.py:3954} INFO - Setting next_dagrun for ETL to 2024-05-21 00:00:00+00:00, run_after=2024-05-21 00:00:00+00:00
[2024-09-18T22:07:29.188+0000] {processor.py:183} INFO - Processing /opt/airflow/dags/etl_process.py took 0.081 seconds
[2024-09-18T22:07:59.382+0000] {processor.py:161} INFO - Started process (PID=447) to work on /opt/airflow/dags/etl_process.py
[2024-09-18T22:07:59.383+0000] {processor.py:830} INFO - Processing file /opt/airflow/dags/etl_process.py for tasks to queue
[2024-09-18T22:07:59.384+0000] {logging_mixin.py:188} INFO - [2024-09-18T22:07:59.384+0000] {dagbag.py:545} INFO - Filling up the DagBag from /opt/airflow/dags/etl_process.py
[2024-09-18T22:07:59.394+0000] {processor.py:840} INFO - DAG(s) 'ETL' retrieved from /opt/airflow/dags/etl_process.py
[2024-09-18T22:07:59.414+0000] {logging_mixin.py:188} INFO - [2024-09-18T22:07:59.414+0000] {dag.py:3096} INFO - Sync 1 DAGs
[2024-09-18T22:07:59.431+0000] {logging_mixin.py:188} INFO - [2024-09-18T22:07:59.431+0000] {dag.py:3954} INFO - Setting next_dagrun for ETL to 2024-05-21 00:00:00+00:00, run_after=2024-05-21 00:00:00+00:00
[2024-09-18T22:07:59.447+0000] {processor.py:183} INFO - Processing /opt/airflow/dags/etl_process.py took 0.069 seconds
[2024-09-18T22:08:29.620+0000] {processor.py:161} INFO - Started process (PID=471) to work on /opt/airflow/dags/etl_process.py
[2024-09-18T22:08:29.621+0000] {processor.py:830} INFO - Processing file /opt/airflow/dags/etl_process.py for tasks to queue
[2024-09-18T22:08:29.623+0000] {logging_mixin.py:188} INFO - [2024-09-18T22:08:29.622+0000] {dagbag.py:545} INFO - Filling up the DagBag from /opt/airflow/dags/etl_process.py
[2024-09-18T22:08:29.640+0000] {processor.py:840} INFO - DAG(s) 'ETL' retrieved from /opt/airflow/dags/etl_process.py
[2024-09-18T22:08:29.664+0000] {logging_mixin.py:188} INFO - [2024-09-18T22:08:29.663+0000] {dag.py:3096} INFO - Sync 1 DAGs
[2024-09-18T22:08:29.683+0000] {logging_mixin.py:188} INFO - [2024-09-18T22:08:29.683+0000] {dag.py:3954} INFO - Setting next_dagrun for ETL to 2024-05-21 00:00:00+00:00, run_after=2024-05-21 00:00:00+00:00
[2024-09-18T22:08:29.700+0000] {processor.py:183} INFO - Processing /opt/airflow/dags/etl_process.py took 0.085 seconds
[2024-09-18T22:43:48.317+0000] {processor.py:161} INFO - Started process (PID=45) to work on /opt/airflow/dags/etl_process.py
[2024-09-18T22:43:48.322+0000] {processor.py:830} INFO - Processing file /opt/airflow/dags/etl_process.py for tasks to queue
[2024-09-18T22:43:48.332+0000] {logging_mixin.py:188} INFO - [2024-09-18T22:43:48.330+0000] {dagbag.py:545} INFO - Filling up the DagBag from /opt/airflow/dags/etl_process.py
[2024-09-18T22:43:48.403+0000] {processor.py:840} INFO - DAG(s) 'ETL' retrieved from /opt/airflow/dags/etl_process.py
[2024-09-18T22:43:48.483+0000] {logging_mixin.py:188} INFO - [2024-09-18T22:43:48.482+0000] {dag.py:3096} INFO - Sync 1 DAGs
[2024-09-18T22:43:48.543+0000] {logging_mixin.py:188} INFO - [2024-09-18T22:43:48.542+0000] {dag.py:3954} INFO - Setting next_dagrun for ETL to 2024-05-21 00:00:00+00:00, run_after=2024-05-21 00:00:00+00:00
[2024-09-18T22:43:48.603+0000] {processor.py:183} INFO - Processing /opt/airflow/dags/etl_process.py took 0.314 seconds
[2024-09-18T22:44:18.809+0000] {processor.py:161} INFO - Started process (PID=62) to work on /opt/airflow/dags/etl_process.py
[2024-09-18T22:44:18.810+0000] {processor.py:830} INFO - Processing file /opt/airflow/dags/etl_process.py for tasks to queue
[2024-09-18T22:44:18.812+0000] {logging_mixin.py:188} INFO - [2024-09-18T22:44:18.811+0000] {dagbag.py:545} INFO - Filling up the DagBag from /opt/airflow/dags/etl_process.py
[2024-09-18T22:44:18.824+0000] {processor.py:840} INFO - DAG(s) 'ETL' retrieved from /opt/airflow/dags/etl_process.py
[2024-09-18T22:44:19.001+0000] {logging_mixin.py:188} INFO - [2024-09-18T22:44:19.001+0000] {dag.py:3096} INFO - Sync 1 DAGs
[2024-09-18T22:44:19.018+0000] {logging_mixin.py:188} INFO - [2024-09-18T22:44:19.018+0000] {dag.py:3954} INFO - Setting next_dagrun for ETL to 2024-05-21 00:00:00+00:00, run_after=2024-05-21 00:00:00+00:00
[2024-09-18T22:44:19.033+0000] {processor.py:183} INFO - Processing /opt/airflow/dags/etl_process.py took 0.229 seconds
[2024-09-18T22:45:11.326+0000] {processor.py:161} INFO - Started process (PID=45) to work on /opt/airflow/dags/etl_process.py
[2024-09-18T22:45:11.328+0000] {processor.py:830} INFO - Processing file /opt/airflow/dags/etl_process.py for tasks to queue
[2024-09-18T22:45:11.331+0000] {logging_mixin.py:188} INFO - [2024-09-18T22:45:11.331+0000] {dagbag.py:545} INFO - Filling up the DagBag from /opt/airflow/dags/etl_process.py
[2024-09-18T22:45:11.360+0000] {processor.py:840} INFO - DAG(s) 'ETL' retrieved from /opt/airflow/dags/etl_process.py
[2024-09-18T22:45:11.400+0000] {logging_mixin.py:188} INFO - [2024-09-18T22:45:11.400+0000] {dag.py:3096} INFO - Sync 1 DAGs
[2024-09-18T22:45:11.435+0000] {logging_mixin.py:188} INFO - [2024-09-18T22:45:11.434+0000] {dag.py:3954} INFO - Setting next_dagrun for ETL to 2024-05-21 00:00:00+00:00, run_after=2024-05-21 00:00:00+00:00
[2024-09-18T22:45:11.483+0000] {processor.py:183} INFO - Processing /opt/airflow/dags/etl_process.py took 0.165 seconds
[2024-09-18T22:45:41.690+0000] {processor.py:161} INFO - Started process (PID=69) to work on /opt/airflow/dags/etl_process.py
[2024-09-18T22:45:41.691+0000] {processor.py:830} INFO - Processing file /opt/airflow/dags/etl_process.py for tasks to queue
[2024-09-18T22:45:41.693+0000] {logging_mixin.py:188} INFO - [2024-09-18T22:45:41.693+0000] {dagbag.py:545} INFO - Filling up the DagBag from /opt/airflow/dags/etl_process.py
[2024-09-18T22:45:41.910+0000] {processor.py:840} INFO - DAG(s) 'ETL' retrieved from /opt/airflow/dags/etl_process.py
[2024-09-18T22:45:42.245+0000] {logging_mixin.py:188} INFO - [2024-09-18T22:45:42.245+0000] {dag.py:3096} INFO - Sync 1 DAGs
[2024-09-18T22:45:42.291+0000] {logging_mixin.py:188} INFO - [2024-09-18T22:45:42.290+0000] {dag.py:3954} INFO - Setting next_dagrun for ETL to 2024-05-21 00:00:00+00:00, run_after=2024-05-21 00:00:00+00:00
[2024-09-18T22:45:42.318+0000] {processor.py:183} INFO - Processing /opt/airflow/dags/etl_process.py took 0.634 seconds
[2024-09-18T22:46:12.493+0000] {processor.py:161} INFO - Started process (PID=86) to work on /opt/airflow/dags/etl_process.py
[2024-09-18T22:46:12.495+0000] {processor.py:830} INFO - Processing file /opt/airflow/dags/etl_process.py for tasks to queue
[2024-09-18T22:46:12.496+0000] {logging_mixin.py:188} INFO - [2024-09-18T22:46:12.496+0000] {dagbag.py:545} INFO - Filling up the DagBag from /opt/airflow/dags/etl_process.py
[2024-09-18T22:46:12.506+0000] {processor.py:840} INFO - DAG(s) 'ETL' retrieved from /opt/airflow/dags/etl_process.py
[2024-09-18T22:46:12.528+0000] {logging_mixin.py:188} INFO - [2024-09-18T22:46:12.528+0000] {dag.py:3096} INFO - Sync 1 DAGs
[2024-09-18T22:46:12.542+0000] {logging_mixin.py:188} INFO - [2024-09-18T22:46:12.542+0000] {dag.py:3954} INFO - Setting next_dagrun for ETL to 2024-05-21 00:00:00+00:00, run_after=2024-05-21 00:00:00+00:00
[2024-09-18T22:46:12.560+0000] {processor.py:183} INFO - Processing /opt/airflow/dags/etl_process.py took 0.071 seconds
[2024-09-18T22:46:42.736+0000] {processor.py:161} INFO - Started process (PID=103) to work on /opt/airflow/dags/etl_process.py
[2024-09-18T22:46:42.737+0000] {processor.py:830} INFO - Processing file /opt/airflow/dags/etl_process.py for tasks to queue
[2024-09-18T22:46:42.738+0000] {logging_mixin.py:188} INFO - [2024-09-18T22:46:42.738+0000] {dagbag.py:545} INFO - Filling up the DagBag from /opt/airflow/dags/etl_process.py
[2024-09-18T22:46:42.748+0000] {processor.py:840} INFO - DAG(s) 'ETL' retrieved from /opt/airflow/dags/etl_process.py
[2024-09-18T22:46:42.770+0000] {logging_mixin.py:188} INFO - [2024-09-18T22:46:42.770+0000] {dag.py:3096} INFO - Sync 1 DAGs
[2024-09-18T22:46:42.785+0000] {logging_mixin.py:188} INFO - [2024-09-18T22:46:42.785+0000] {dag.py:3954} INFO - Setting next_dagrun for ETL to 2024-05-21 00:00:00+00:00, run_after=2024-05-21 00:00:00+00:00
[2024-09-18T22:46:42.801+0000] {processor.py:183} INFO - Processing /opt/airflow/dags/etl_process.py took 0.070 seconds
[2024-09-18T22:47:12.968+0000] {processor.py:161} INFO - Started process (PID=126) to work on /opt/airflow/dags/etl_process.py
[2024-09-18T22:47:12.972+0000] {processor.py:830} INFO - Processing file /opt/airflow/dags/etl_process.py for tasks to queue
[2024-09-18T22:47:12.973+0000] {logging_mixin.py:188} INFO - [2024-09-18T22:47:12.973+0000] {dagbag.py:545} INFO - Filling up the DagBag from /opt/airflow/dags/etl_process.py
[2024-09-18T22:47:12.983+0000] {processor.py:840} INFO - DAG(s) 'ETL' retrieved from /opt/airflow/dags/etl_process.py
[2024-09-18T22:47:13.003+0000] {logging_mixin.py:188} INFO - [2024-09-18T22:47:13.002+0000] {dag.py:3096} INFO - Sync 1 DAGs
[2024-09-18T22:47:13.019+0000] {logging_mixin.py:188} INFO - [2024-09-18T22:47:13.019+0000] {dag.py:3954} INFO - Setting next_dagrun for ETL to 2024-05-21 00:00:00+00:00, run_after=2024-05-21 00:00:00+00:00
[2024-09-18T22:47:13.036+0000] {processor.py:183} INFO - Processing /opt/airflow/dags/etl_process.py took 0.072 seconds
[2024-09-18T22:47:43.213+0000] {processor.py:161} INFO - Started process (PID=143) to work on /opt/airflow/dags/etl_process.py
[2024-09-18T22:47:43.214+0000] {processor.py:830} INFO - Processing file /opt/airflow/dags/etl_process.py for tasks to queue
[2024-09-18T22:47:43.215+0000] {logging_mixin.py:188} INFO - [2024-09-18T22:47:43.215+0000] {dagbag.py:545} INFO - Filling up the DagBag from /opt/airflow/dags/etl_process.py
[2024-09-18T22:47:43.226+0000] {processor.py:840} INFO - DAG(s) 'ETL' retrieved from /opt/airflow/dags/etl_process.py
[2024-09-18T22:47:43.249+0000] {logging_mixin.py:188} INFO - [2024-09-18T22:47:43.249+0000] {dag.py:3096} INFO - Sync 1 DAGs
[2024-09-18T22:47:43.265+0000] {logging_mixin.py:188} INFO - [2024-09-18T22:47:43.265+0000] {dag.py:3954} INFO - Setting next_dagrun for ETL to 2024-05-21 00:00:00+00:00, run_after=2024-05-21 00:00:00+00:00
[2024-09-18T22:47:43.283+0000] {processor.py:183} INFO - Processing /opt/airflow/dags/etl_process.py took 0.074 seconds
[2024-09-18T22:48:13.472+0000] {processor.py:161} INFO - Started process (PID=167) to work on /opt/airflow/dags/etl_process.py
[2024-09-18T22:48:13.473+0000] {processor.py:830} INFO - Processing file /opt/airflow/dags/etl_process.py for tasks to queue
[2024-09-18T22:48:13.476+0000] {logging_mixin.py:188} INFO - [2024-09-18T22:48:13.475+0000] {dagbag.py:545} INFO - Filling up the DagBag from /opt/airflow/dags/etl_process.py
[2024-09-18T22:48:13.491+0000] {processor.py:840} INFO - DAG(s) 'ETL' retrieved from /opt/airflow/dags/etl_process.py
[2024-09-18T22:48:13.516+0000] {logging_mixin.py:188} INFO - [2024-09-18T22:48:13.516+0000] {dag.py:3096} INFO - Sync 1 DAGs
[2024-09-18T22:48:13.531+0000] {logging_mixin.py:188} INFO - [2024-09-18T22:48:13.530+0000] {dag.py:3954} INFO - Setting next_dagrun for ETL to 2024-05-21 00:00:00+00:00, run_after=2024-05-21 00:00:00+00:00
[2024-09-18T22:48:13.544+0000] {processor.py:183} INFO - Processing /opt/airflow/dags/etl_process.py took 0.079 seconds
[2024-09-18T22:48:43.740+0000] {processor.py:161} INFO - Started process (PID=184) to work on /opt/airflow/dags/etl_process.py
[2024-09-18T22:48:43.743+0000] {processor.py:830} INFO - Processing file /opt/airflow/dags/etl_process.py for tasks to queue
[2024-09-18T22:48:43.745+0000] {logging_mixin.py:188} INFO - [2024-09-18T22:48:43.744+0000] {dagbag.py:545} INFO - Filling up the DagBag from /opt/airflow/dags/etl_process.py
[2024-09-18T22:48:43.756+0000] {processor.py:840} INFO - DAG(s) 'ETL' retrieved from /opt/airflow/dags/etl_process.py
[2024-09-18T22:48:43.778+0000] {logging_mixin.py:188} INFO - [2024-09-18T22:48:43.778+0000] {dag.py:3096} INFO - Sync 1 DAGs
[2024-09-18T22:48:43.793+0000] {logging_mixin.py:188} INFO - [2024-09-18T22:48:43.792+0000] {dag.py:3954} INFO - Setting next_dagrun for ETL to 2024-05-21 00:00:00+00:00, run_after=2024-05-21 00:00:00+00:00
[2024-09-18T22:48:43.809+0000] {processor.py:183} INFO - Processing /opt/airflow/dags/etl_process.py took 0.074 seconds
[2024-09-18T22:49:13.988+0000] {processor.py:161} INFO - Started process (PID=208) to work on /opt/airflow/dags/etl_process.py
[2024-09-18T22:49:13.991+0000] {processor.py:830} INFO - Processing file /opt/airflow/dags/etl_process.py for tasks to queue
[2024-09-18T22:49:13.992+0000] {logging_mixin.py:188} INFO - [2024-09-18T22:49:13.992+0000] {dagbag.py:545} INFO - Filling up the DagBag from /opt/airflow/dags/etl_process.py
[2024-09-18T22:49:14.003+0000] {processor.py:840} INFO - DAG(s) 'ETL' retrieved from /opt/airflow/dags/etl_process.py
[2024-09-18T22:49:14.023+0000] {logging_mixin.py:188} INFO - [2024-09-18T22:49:14.023+0000] {dag.py:3096} INFO - Sync 1 DAGs
[2024-09-18T22:49:14.039+0000] {logging_mixin.py:188} INFO - [2024-09-18T22:49:14.038+0000] {dag.py:3954} INFO - Setting next_dagrun for ETL to 2024-05-21 00:00:00+00:00, run_after=2024-05-21 00:00:00+00:00
[2024-09-18T22:49:14.055+0000] {processor.py:183} INFO - Processing /opt/airflow/dags/etl_process.py took 0.072 seconds
[2024-09-18T22:49:44.228+0000] {processor.py:161} INFO - Started process (PID=226) to work on /opt/airflow/dags/etl_process.py
[2024-09-18T22:49:44.229+0000] {processor.py:830} INFO - Processing file /opt/airflow/dags/etl_process.py for tasks to queue
[2024-09-18T22:49:44.231+0000] {logging_mixin.py:188} INFO - [2024-09-18T22:49:44.231+0000] {dagbag.py:545} INFO - Filling up the DagBag from /opt/airflow/dags/etl_process.py
[2024-09-18T22:49:44.241+0000] {processor.py:840} INFO - DAG(s) 'ETL' retrieved from /opt/airflow/dags/etl_process.py
[2024-09-18T22:49:44.264+0000] {logging_mixin.py:188} INFO - [2024-09-18T22:49:44.263+0000] {dag.py:3096} INFO - Sync 1 DAGs
[2024-09-18T22:49:44.278+0000] {logging_mixin.py:188} INFO - [2024-09-18T22:49:44.278+0000] {dag.py:3954} INFO - Setting next_dagrun for ETL to 2024-05-21 00:00:00+00:00, run_after=2024-05-21 00:00:00+00:00
[2024-09-18T22:49:44.293+0000] {processor.py:183} INFO - Processing /opt/airflow/dags/etl_process.py took 0.069 seconds
[2024-09-18T22:50:14.477+0000] {processor.py:161} INFO - Started process (PID=250) to work on /opt/airflow/dags/etl_process.py
[2024-09-18T22:50:14.478+0000] {processor.py:830} INFO - Processing file /opt/airflow/dags/etl_process.py for tasks to queue
[2024-09-18T22:50:14.479+0000] {logging_mixin.py:188} INFO - [2024-09-18T22:50:14.479+0000] {dagbag.py:545} INFO - Filling up the DagBag from /opt/airflow/dags/etl_process.py
[2024-09-18T22:50:14.490+0000] {processor.py:840} INFO - DAG(s) 'ETL' retrieved from /opt/airflow/dags/etl_process.py
[2024-09-18T22:50:14.517+0000] {logging_mixin.py:188} INFO - [2024-09-18T22:50:14.517+0000] {dag.py:3096} INFO - Sync 1 DAGs
[2024-09-18T22:50:14.534+0000] {logging_mixin.py:188} INFO - [2024-09-18T22:50:14.534+0000] {dag.py:3954} INFO - Setting next_dagrun for ETL to 2024-05-21 00:00:00+00:00, run_after=2024-05-21 00:00:00+00:00
[2024-09-18T22:50:14.551+0000] {processor.py:183} INFO - Processing /opt/airflow/dags/etl_process.py took 0.078 seconds
[2024-09-18T22:50:44.716+0000] {processor.py:161} INFO - Started process (PID=267) to work on /opt/airflow/dags/etl_process.py
[2024-09-18T22:50:44.718+0000] {processor.py:830} INFO - Processing file /opt/airflow/dags/etl_process.py for tasks to queue
[2024-09-18T22:50:44.719+0000] {logging_mixin.py:188} INFO - [2024-09-18T22:50:44.719+0000] {dagbag.py:545} INFO - Filling up the DagBag from /opt/airflow/dags/etl_process.py
[2024-09-18T22:50:44.730+0000] {processor.py:840} INFO - DAG(s) 'ETL' retrieved from /opt/airflow/dags/etl_process.py
[2024-09-18T22:50:44.756+0000] {logging_mixin.py:188} INFO - [2024-09-18T22:50:44.756+0000] {dag.py:3096} INFO - Sync 1 DAGs
[2024-09-18T22:50:44.774+0000] {logging_mixin.py:188} INFO - [2024-09-18T22:50:44.774+0000] {dag.py:3954} INFO - Setting next_dagrun for ETL to 2024-05-21 00:00:00+00:00, run_after=2024-05-21 00:00:00+00:00
[2024-09-18T22:50:44.792+0000] {processor.py:183} INFO - Processing /opt/airflow/dags/etl_process.py took 0.081 seconds
[2024-09-18T22:51:14.963+0000] {processor.py:161} INFO - Started process (PID=291) to work on /opt/airflow/dags/etl_process.py
[2024-09-18T22:51:14.964+0000] {processor.py:830} INFO - Processing file /opt/airflow/dags/etl_process.py for tasks to queue
[2024-09-18T22:51:14.966+0000] {logging_mixin.py:188} INFO - [2024-09-18T22:51:14.966+0000] {dagbag.py:545} INFO - Filling up the DagBag from /opt/airflow/dags/etl_process.py
[2024-09-18T22:51:14.986+0000] {processor.py:840} INFO - DAG(s) 'ETL' retrieved from /opt/airflow/dags/etl_process.py
[2024-09-18T22:51:15.021+0000] {logging_mixin.py:188} INFO - [2024-09-18T22:51:15.021+0000] {dag.py:3096} INFO - Sync 1 DAGs
[2024-09-18T22:51:15.060+0000] {logging_mixin.py:188} INFO - [2024-09-18T22:51:15.059+0000] {dag.py:3954} INFO - Setting next_dagrun for ETL to 2024-05-21 00:00:00+00:00, run_after=2024-05-21 00:00:00+00:00
[2024-09-18T22:51:15.094+0000] {processor.py:183} INFO - Processing /opt/airflow/dags/etl_process.py took 0.138 seconds
[2024-09-18T22:51:45.273+0000] {processor.py:161} INFO - Started process (PID=308) to work on /opt/airflow/dags/etl_process.py
[2024-09-18T22:51:45.274+0000] {processor.py:830} INFO - Processing file /opt/airflow/dags/etl_process.py for tasks to queue
[2024-09-18T22:51:45.275+0000] {logging_mixin.py:188} INFO - [2024-09-18T22:51:45.275+0000] {dagbag.py:545} INFO - Filling up the DagBag from /opt/airflow/dags/etl_process.py
[2024-09-18T22:51:45.285+0000] {processor.py:840} INFO - DAG(s) 'ETL' retrieved from /opt/airflow/dags/etl_process.py
[2024-09-18T22:51:45.310+0000] {logging_mixin.py:188} INFO - [2024-09-18T22:51:45.310+0000] {dag.py:3096} INFO - Sync 1 DAGs
[2024-09-18T22:51:45.330+0000] {logging_mixin.py:188} INFO - [2024-09-18T22:51:45.330+0000] {dag.py:3954} INFO - Setting next_dagrun for ETL to 2024-05-21 00:00:00+00:00, run_after=2024-05-21 00:00:00+00:00
[2024-09-18T22:51:45.348+0000] {processor.py:183} INFO - Processing /opt/airflow/dags/etl_process.py took 0.079 seconds
[2024-09-18T22:52:15.512+0000] {processor.py:161} INFO - Started process (PID=332) to work on /opt/airflow/dags/etl_process.py
[2024-09-18T22:52:15.513+0000] {processor.py:830} INFO - Processing file /opt/airflow/dags/etl_process.py for tasks to queue
[2024-09-18T22:52:15.515+0000] {logging_mixin.py:188} INFO - [2024-09-18T22:52:15.515+0000] {dagbag.py:545} INFO - Filling up the DagBag from /opt/airflow/dags/etl_process.py
[2024-09-18T22:52:15.525+0000] {processor.py:840} INFO - DAG(s) 'ETL' retrieved from /opt/airflow/dags/etl_process.py
[2024-09-18T22:52:15.547+0000] {logging_mixin.py:188} INFO - [2024-09-18T22:52:15.546+0000] {dag.py:3096} INFO - Sync 1 DAGs
[2024-09-18T22:52:15.562+0000] {logging_mixin.py:188} INFO - [2024-09-18T22:52:15.562+0000] {dag.py:3954} INFO - Setting next_dagrun for ETL to 2024-05-21 00:00:00+00:00, run_after=2024-05-21 00:00:00+00:00
[2024-09-18T22:52:15.578+0000] {processor.py:183} INFO - Processing /opt/airflow/dags/etl_process.py took 0.070 seconds
[2024-09-18T22:52:45.738+0000] {processor.py:161} INFO - Started process (PID=348) to work on /opt/airflow/dags/etl_process.py
[2024-09-18T22:52:45.743+0000] {processor.py:830} INFO - Processing file /opt/airflow/dags/etl_process.py for tasks to queue
[2024-09-18T22:52:45.744+0000] {logging_mixin.py:188} INFO - [2024-09-18T22:52:45.744+0000] {dagbag.py:545} INFO - Filling up the DagBag from /opt/airflow/dags/etl_process.py
[2024-09-18T22:52:45.756+0000] {processor.py:840} INFO - DAG(s) 'ETL' retrieved from /opt/airflow/dags/etl_process.py
[2024-09-18T22:52:45.779+0000] {logging_mixin.py:188} INFO - [2024-09-18T22:52:45.779+0000] {dag.py:3096} INFO - Sync 1 DAGs
[2024-09-18T22:52:45.793+0000] {logging_mixin.py:188} INFO - [2024-09-18T22:52:45.793+0000] {dag.py:3954} INFO - Setting next_dagrun for ETL to 2024-05-21 00:00:00+00:00, run_after=2024-05-21 00:00:00+00:00
[2024-09-18T22:52:45.808+0000] {processor.py:183} INFO - Processing /opt/airflow/dags/etl_process.py took 0.074 seconds
[2024-09-18T22:53:15.986+0000] {processor.py:161} INFO - Started process (PID=371) to work on /opt/airflow/dags/etl_process.py
[2024-09-18T22:53:15.987+0000] {processor.py:830} INFO - Processing file /opt/airflow/dags/etl_process.py for tasks to queue
[2024-09-18T22:53:15.988+0000] {logging_mixin.py:188} INFO - [2024-09-18T22:53:15.988+0000] {dagbag.py:545} INFO - Filling up the DagBag from /opt/airflow/dags/etl_process.py
[2024-09-18T22:53:16.003+0000] {processor.py:840} INFO - DAG(s) 'ETL' retrieved from /opt/airflow/dags/etl_process.py
[2024-09-18T22:53:16.045+0000] {logging_mixin.py:188} INFO - [2024-09-18T22:53:16.045+0000] {dag.py:3096} INFO - Sync 1 DAGs
[2024-09-18T22:53:16.067+0000] {logging_mixin.py:188} INFO - [2024-09-18T22:53:16.067+0000] {dag.py:3954} INFO - Setting next_dagrun for ETL to 2024-05-21 00:00:00+00:00, run_after=2024-05-21 00:00:00+00:00
[2024-09-18T22:53:16.088+0000] {processor.py:183} INFO - Processing /opt/airflow/dags/etl_process.py took 0.106 seconds
[2024-09-18T22:53:46.262+0000] {processor.py:161} INFO - Started process (PID=388) to work on /opt/airflow/dags/etl_process.py
[2024-09-18T22:53:46.264+0000] {processor.py:830} INFO - Processing file /opt/airflow/dags/etl_process.py for tasks to queue
[2024-09-18T22:53:46.266+0000] {logging_mixin.py:188} INFO - [2024-09-18T22:53:46.265+0000] {dagbag.py:545} INFO - Filling up the DagBag from /opt/airflow/dags/etl_process.py
[2024-09-18T22:53:46.277+0000] {processor.py:840} INFO - DAG(s) 'ETL' retrieved from /opt/airflow/dags/etl_process.py
[2024-09-18T22:53:46.297+0000] {logging_mixin.py:188} INFO - [2024-09-18T22:53:46.297+0000] {dag.py:3096} INFO - Sync 1 DAGs
[2024-09-18T22:53:46.311+0000] {logging_mixin.py:188} INFO - [2024-09-18T22:53:46.311+0000] {dag.py:3954} INFO - Setting next_dagrun for ETL to 2024-05-21 00:00:00+00:00, run_after=2024-05-21 00:00:00+00:00
[2024-09-18T22:53:46.327+0000] {processor.py:183} INFO - Processing /opt/airflow/dags/etl_process.py took 0.071 seconds
[2024-09-18T22:54:16.502+0000] {processor.py:161} INFO - Started process (PID=412) to work on /opt/airflow/dags/etl_process.py
[2024-09-18T22:54:16.503+0000] {processor.py:830} INFO - Processing file /opt/airflow/dags/etl_process.py for tasks to queue
[2024-09-18T22:54:16.505+0000] {logging_mixin.py:188} INFO - [2024-09-18T22:54:16.504+0000] {dagbag.py:545} INFO - Filling up the DagBag from /opt/airflow/dags/etl_process.py
[2024-09-18T22:54:16.517+0000] {processor.py:840} INFO - DAG(s) 'ETL' retrieved from /opt/airflow/dags/etl_process.py
[2024-09-18T22:54:16.538+0000] {logging_mixin.py:188} INFO - [2024-09-18T22:54:16.538+0000] {dag.py:3096} INFO - Sync 1 DAGs
[2024-09-18T22:54:16.552+0000] {logging_mixin.py:188} INFO - [2024-09-18T22:54:16.552+0000] {dag.py:3954} INFO - Setting next_dagrun for ETL to 2024-05-21 00:00:00+00:00, run_after=2024-05-21 00:00:00+00:00
[2024-09-18T22:54:16.567+0000] {processor.py:183} INFO - Processing /opt/airflow/dags/etl_process.py took 0.072 seconds
[2024-09-18T22:55:24.115+0000] {processor.py:161} INFO - Started process (PID=45) to work on /opt/airflow/dags/etl_process.py
[2024-09-18T22:55:24.117+0000] {processor.py:830} INFO - Processing file /opt/airflow/dags/etl_process.py for tasks to queue
[2024-09-18T22:55:24.120+0000] {logging_mixin.py:188} INFO - [2024-09-18T22:55:24.119+0000] {dagbag.py:545} INFO - Filling up the DagBag from /opt/airflow/dags/etl_process.py
[2024-09-18T22:55:24.144+0000] {processor.py:840} INFO - DAG(s) 'ETL' retrieved from /opt/airflow/dags/etl_process.py
[2024-09-18T22:55:24.179+0000] {logging_mixin.py:188} INFO - [2024-09-18T22:55:24.178+0000] {dag.py:3096} INFO - Sync 1 DAGs
[2024-09-18T22:55:24.205+0000] {logging_mixin.py:188} INFO - [2024-09-18T22:55:24.205+0000] {dag.py:3954} INFO - Setting next_dagrun for ETL to 2024-05-21 00:00:00+00:00, run_after=2024-05-21 00:00:00+00:00
[2024-09-18T22:55:24.239+0000] {processor.py:183} INFO - Processing /opt/airflow/dags/etl_process.py took 0.132 seconds
[2024-09-18T22:55:54.426+0000] {processor.py:161} INFO - Started process (PID=62) to work on /opt/airflow/dags/etl_process.py
[2024-09-18T22:55:54.433+0000] {processor.py:830} INFO - Processing file /opt/airflow/dags/etl_process.py for tasks to queue
[2024-09-18T22:55:54.435+0000] {logging_mixin.py:188} INFO - [2024-09-18T22:55:54.435+0000] {dagbag.py:545} INFO - Filling up the DagBag from /opt/airflow/dags/etl_process.py
[2024-09-18T22:55:54.444+0000] {processor.py:840} INFO - DAG(s) 'ETL' retrieved from /opt/airflow/dags/etl_process.py
[2024-09-18T22:55:54.627+0000] {logging_mixin.py:188} INFO - [2024-09-18T22:55:54.627+0000] {dag.py:3096} INFO - Sync 1 DAGs
[2024-09-18T22:55:54.642+0000] {logging_mixin.py:188} INFO - [2024-09-18T22:55:54.642+0000] {dag.py:3954} INFO - Setting next_dagrun for ETL to 2024-05-21 00:00:00+00:00, run_after=2024-05-21 00:00:00+00:00
[2024-09-18T22:55:54.659+0000] {processor.py:183} INFO - Processing /opt/airflow/dags/etl_process.py took 0.237 seconds
[2024-09-18T22:56:24.835+0000] {processor.py:161} INFO - Started process (PID=86) to work on /opt/airflow/dags/etl_process.py
[2024-09-18T22:56:24.836+0000] {processor.py:830} INFO - Processing file /opt/airflow/dags/etl_process.py for tasks to queue
[2024-09-18T22:56:24.837+0000] {logging_mixin.py:188} INFO - [2024-09-18T22:56:24.837+0000] {dagbag.py:545} INFO - Filling up the DagBag from /opt/airflow/dags/etl_process.py
[2024-09-18T22:56:24.848+0000] {processor.py:840} INFO - DAG(s) 'ETL' retrieved from /opt/airflow/dags/etl_process.py
[2024-09-18T22:56:24.869+0000] {logging_mixin.py:188} INFO - [2024-09-18T22:56:24.869+0000] {dag.py:3096} INFO - Sync 1 DAGs
[2024-09-18T22:56:24.884+0000] {logging_mixin.py:188} INFO - [2024-09-18T22:56:24.883+0000] {dag.py:3954} INFO - Setting next_dagrun for ETL to 2024-05-21 00:00:00+00:00, run_after=2024-05-21 00:00:00+00:00
[2024-09-18T22:56:24.904+0000] {processor.py:183} INFO - Processing /opt/airflow/dags/etl_process.py took 0.073 seconds
[2024-09-18T22:56:55.092+0000] {processor.py:161} INFO - Started process (PID=110) to work on /opt/airflow/dags/etl_process.py
[2024-09-18T22:56:55.095+0000] {processor.py:830} INFO - Processing file /opt/airflow/dags/etl_process.py for tasks to queue
[2024-09-18T22:56:55.096+0000] {logging_mixin.py:188} INFO - [2024-09-18T22:56:55.096+0000] {dagbag.py:545} INFO - Filling up the DagBag from /opt/airflow/dags/etl_process.py
[2024-09-18T22:56:55.108+0000] {processor.py:840} INFO - DAG(s) 'ETL' retrieved from /opt/airflow/dags/etl_process.py
[2024-09-18T22:56:55.132+0000] {logging_mixin.py:188} INFO - [2024-09-18T22:56:55.132+0000] {dag.py:3096} INFO - Sync 1 DAGs
[2024-09-18T22:56:55.150+0000] {logging_mixin.py:188} INFO - [2024-09-18T22:56:55.149+0000] {dag.py:3954} INFO - Setting next_dagrun for ETL to 2024-05-21 00:00:00+00:00, run_after=2024-05-21 00:00:00+00:00
[2024-09-18T22:56:55.167+0000] {processor.py:183} INFO - Processing /opt/airflow/dags/etl_process.py took 0.079 seconds
[2024-09-18T23:49:28.990+0000] {processor.py:161} INFO - Started process (PID=44) to work on /opt/airflow/dags/etl_process.py
[2024-09-18T23:49:28.992+0000] {processor.py:830} INFO - Processing file /opt/airflow/dags/etl_process.py for tasks to queue
[2024-09-18T23:49:28.994+0000] {logging_mixin.py:188} INFO - [2024-09-18T23:49:28.994+0000] {dagbag.py:545} INFO - Filling up the DagBag from /opt/airflow/dags/etl_process.py
[2024-09-18T23:49:29.018+0000] {processor.py:840} INFO - DAG(s) 'ETL' retrieved from /opt/airflow/dags/etl_process.py
[2024-09-18T23:49:29.058+0000] {logging_mixin.py:188} INFO - [2024-09-18T23:49:29.058+0000] {dag.py:3096} INFO - Sync 1 DAGs
[2024-09-18T23:49:29.084+0000] {logging_mixin.py:188} INFO - [2024-09-18T23:49:29.084+0000] {dag.py:3954} INFO - Setting next_dagrun for ETL to 2024-05-21 00:00:00+00:00, run_after=2024-05-21 00:00:00+00:00
[2024-09-18T23:49:29.114+0000] {processor.py:183} INFO - Processing /opt/airflow/dags/etl_process.py took 0.135 seconds
[2024-09-18T23:49:59.300+0000] {processor.py:161} INFO - Started process (PID=61) to work on /opt/airflow/dags/etl_process.py
[2024-09-18T23:49:59.301+0000] {processor.py:830} INFO - Processing file /opt/airflow/dags/etl_process.py for tasks to queue
[2024-09-18T23:49:59.320+0000] {logging_mixin.py:188} INFO - [2024-09-18T23:49:59.317+0000] {dagbag.py:545} INFO - Filling up the DagBag from /opt/airflow/dags/etl_process.py
[2024-09-18T23:49:59.354+0000] {processor.py:840} INFO - DAG(s) 'ETL' retrieved from /opt/airflow/dags/etl_process.py
[2024-09-18T23:49:59.718+0000] {logging_mixin.py:188} INFO - [2024-09-18T23:49:59.718+0000] {dag.py:3096} INFO - Sync 1 DAGs
[2024-09-18T23:49:59.735+0000] {logging_mixin.py:188} INFO - [2024-09-18T23:49:59.734+0000] {dag.py:3954} INFO - Setting next_dagrun for ETL to 2024-05-21 00:00:00+00:00, run_after=2024-05-21 00:00:00+00:00
[2024-09-18T23:49:59.756+0000] {processor.py:183} INFO - Processing /opt/airflow/dags/etl_process.py took 0.463 seconds
[2024-09-18T23:50:29.937+0000] {processor.py:161} INFO - Started process (PID=85) to work on /opt/airflow/dags/etl_process.py
[2024-09-18T23:50:29.938+0000] {processor.py:830} INFO - Processing file /opt/airflow/dags/etl_process.py for tasks to queue
[2024-09-18T23:50:29.939+0000] {logging_mixin.py:188} INFO - [2024-09-18T23:50:29.939+0000] {dagbag.py:545} INFO - Filling up the DagBag from /opt/airflow/dags/etl_process.py
[2024-09-18T23:50:29.954+0000] {processor.py:840} INFO - DAG(s) 'ETL' retrieved from /opt/airflow/dags/etl_process.py
[2024-09-18T23:50:29.981+0000] {logging_mixin.py:188} INFO - [2024-09-18T23:50:29.981+0000] {dag.py:3096} INFO - Sync 1 DAGs
[2024-09-18T23:50:29.998+0000] {logging_mixin.py:188} INFO - [2024-09-18T23:50:29.998+0000] {dag.py:3954} INFO - Setting next_dagrun for ETL to 2024-05-21 00:00:00+00:00, run_after=2024-05-21 00:00:00+00:00
[2024-09-18T23:50:30.016+0000] {processor.py:183} INFO - Processing /opt/airflow/dags/etl_process.py took 0.084 seconds
[2024-09-18T23:51:00.213+0000] {processor.py:161} INFO - Started process (PID=102) to work on /opt/airflow/dags/etl_process.py
[2024-09-18T23:51:00.221+0000] {processor.py:830} INFO - Processing file /opt/airflow/dags/etl_process.py for tasks to queue
[2024-09-18T23:51:00.223+0000] {logging_mixin.py:188} INFO - [2024-09-18T23:51:00.222+0000] {dagbag.py:545} INFO - Filling up the DagBag from /opt/airflow/dags/etl_process.py
[2024-09-18T23:51:00.232+0000] {processor.py:840} INFO - DAG(s) 'ETL' retrieved from /opt/airflow/dags/etl_process.py
[2024-09-18T23:51:00.253+0000] {logging_mixin.py:188} INFO - [2024-09-18T23:51:00.253+0000] {dag.py:3096} INFO - Sync 1 DAGs
[2024-09-18T23:51:00.267+0000] {logging_mixin.py:188} INFO - [2024-09-18T23:51:00.267+0000] {dag.py:3954} INFO - Setting next_dagrun for ETL to 2024-05-21 00:00:00+00:00, run_after=2024-05-21 00:00:00+00:00
[2024-09-18T23:51:00.284+0000] {processor.py:183} INFO - Processing /opt/airflow/dags/etl_process.py took 0.076 seconds
[2024-09-18T23:51:30.462+0000] {processor.py:161} INFO - Started process (PID=126) to work on /opt/airflow/dags/etl_process.py
[2024-09-18T23:51:30.467+0000] {processor.py:830} INFO - Processing file /opt/airflow/dags/etl_process.py for tasks to queue
[2024-09-18T23:51:30.468+0000] {logging_mixin.py:188} INFO - [2024-09-18T23:51:30.468+0000] {dagbag.py:545} INFO - Filling up the DagBag from /opt/airflow/dags/etl_process.py
[2024-09-18T23:51:30.481+0000] {processor.py:840} INFO - DAG(s) 'ETL' retrieved from /opt/airflow/dags/etl_process.py
[2024-09-18T23:51:30.504+0000] {logging_mixin.py:188} INFO - [2024-09-18T23:51:30.504+0000] {dag.py:3096} INFO - Sync 1 DAGs
[2024-09-18T23:51:30.518+0000] {logging_mixin.py:188} INFO - [2024-09-18T23:51:30.518+0000] {dag.py:3954} INFO - Setting next_dagrun for ETL to 2024-05-21 00:00:00+00:00, run_after=2024-05-21 00:00:00+00:00
[2024-09-18T23:51:30.534+0000] {processor.py:183} INFO - Processing /opt/airflow/dags/etl_process.py took 0.077 seconds
[2024-09-18T23:52:00.725+0000] {processor.py:161} INFO - Started process (PID=143) to work on /opt/airflow/dags/etl_process.py
[2024-09-18T23:52:00.726+0000] {processor.py:830} INFO - Processing file /opt/airflow/dags/etl_process.py for tasks to queue
[2024-09-18T23:52:00.727+0000] {logging_mixin.py:188} INFO - [2024-09-18T23:52:00.727+0000] {dagbag.py:545} INFO - Filling up the DagBag from /opt/airflow/dags/etl_process.py
[2024-09-18T23:52:00.738+0000] {processor.py:840} INFO - DAG(s) 'ETL' retrieved from /opt/airflow/dags/etl_process.py
[2024-09-18T23:52:00.761+0000] {logging_mixin.py:188} INFO - [2024-09-18T23:52:00.761+0000] {dag.py:3096} INFO - Sync 1 DAGs
[2024-09-18T23:52:00.776+0000] {logging_mixin.py:188} INFO - [2024-09-18T23:52:00.776+0000] {dag.py:3954} INFO - Setting next_dagrun for ETL to 2024-05-21 00:00:00+00:00, run_after=2024-05-21 00:00:00+00:00
[2024-09-18T23:52:00.791+0000] {processor.py:183} INFO - Processing /opt/airflow/dags/etl_process.py took 0.081 seconds
[2024-09-18T23:52:30.966+0000] {processor.py:161} INFO - Started process (PID=166) to work on /opt/airflow/dags/etl_process.py
[2024-09-18T23:52:30.967+0000] {processor.py:830} INFO - Processing file /opt/airflow/dags/etl_process.py for tasks to queue
[2024-09-18T23:52:30.968+0000] {logging_mixin.py:188} INFO - [2024-09-18T23:52:30.968+0000] {dagbag.py:545} INFO - Filling up the DagBag from /opt/airflow/dags/etl_process.py
[2024-09-18T23:52:30.980+0000] {processor.py:840} INFO - DAG(s) 'ETL' retrieved from /opt/airflow/dags/etl_process.py
[2024-09-18T23:52:31.004+0000] {logging_mixin.py:188} INFO - [2024-09-18T23:52:31.004+0000] {dag.py:3096} INFO - Sync 1 DAGs
[2024-09-18T23:52:31.018+0000] {logging_mixin.py:188} INFO - [2024-09-18T23:52:31.018+0000] {dag.py:3954} INFO - Setting next_dagrun for ETL to 2024-05-21 00:00:00+00:00, run_after=2024-05-21 00:00:00+00:00
[2024-09-18T23:52:31.032+0000] {processor.py:183} INFO - Processing /opt/airflow/dags/etl_process.py took 0.070 seconds
[2024-09-18T23:53:01.240+0000] {processor.py:161} INFO - Started process (PID=183) to work on /opt/airflow/dags/etl_process.py
[2024-09-18T23:53:01.244+0000] {processor.py:830} INFO - Processing file /opt/airflow/dags/etl_process.py for tasks to queue
[2024-09-18T23:53:01.246+0000] {logging_mixin.py:188} INFO - [2024-09-18T23:53:01.245+0000] {dagbag.py:545} INFO - Filling up the DagBag from /opt/airflow/dags/etl_process.py
[2024-09-18T23:53:01.257+0000] {processor.py:840} INFO - DAG(s) 'ETL' retrieved from /opt/airflow/dags/etl_process.py
[2024-09-18T23:53:01.279+0000] {logging_mixin.py:188} INFO - [2024-09-18T23:53:01.279+0000] {dag.py:3096} INFO - Sync 1 DAGs
[2024-09-18T23:53:01.295+0000] {logging_mixin.py:188} INFO - [2024-09-18T23:53:01.295+0000] {dag.py:3954} INFO - Setting next_dagrun for ETL to 2024-05-21 00:00:00+00:00, run_after=2024-05-21 00:00:00+00:00
[2024-09-18T23:53:01.312+0000] {processor.py:183} INFO - Processing /opt/airflow/dags/etl_process.py took 0.077 seconds
[2024-09-18T23:53:31.546+0000] {processor.py:161} INFO - Started process (PID=207) to work on /opt/airflow/dags/etl_process.py
[2024-09-18T23:53:31.547+0000] {processor.py:830} INFO - Processing file /opt/airflow/dags/etl_process.py for tasks to queue
[2024-09-18T23:53:31.549+0000] {logging_mixin.py:188} INFO - [2024-09-18T23:53:31.548+0000] {dagbag.py:545} INFO - Filling up the DagBag from /opt/airflow/dags/etl_process.py
[2024-09-18T23:53:31.585+0000] {processor.py:840} INFO - DAG(s) 'ETL' retrieved from /opt/airflow/dags/etl_process.py
[2024-09-18T23:53:31.959+0000] {logging_mixin.py:188} INFO - [2024-09-18T23:53:31.959+0000] {dag.py:3096} INFO - Sync 1 DAGs
[2024-09-18T23:53:32.006+0000] {logging_mixin.py:188} INFO - [2024-09-18T23:53:32.006+0000] {dag.py:3954} INFO - Setting next_dagrun for ETL to 2024-05-21 00:00:00+00:00, run_after=2024-05-21 00:00:00+00:00
[2024-09-18T23:53:32.026+0000] {processor.py:183} INFO - Processing /opt/airflow/dags/etl_process.py took 0.499 seconds
[2024-09-18T23:54:02.228+0000] {processor.py:161} INFO - Started process (PID=224) to work on /opt/airflow/dags/etl_process.py
[2024-09-18T23:54:02.232+0000] {processor.py:830} INFO - Processing file /opt/airflow/dags/etl_process.py for tasks to queue
[2024-09-18T23:54:02.234+0000] {logging_mixin.py:188} INFO - [2024-09-18T23:54:02.233+0000] {dagbag.py:545} INFO - Filling up the DagBag from /opt/airflow/dags/etl_process.py
[2024-09-18T23:54:02.247+0000] {processor.py:840} INFO - DAG(s) 'ETL' retrieved from /opt/airflow/dags/etl_process.py
[2024-09-18T23:54:02.281+0000] {logging_mixin.py:188} INFO - [2024-09-18T23:54:02.280+0000] {dag.py:3096} INFO - Sync 1 DAGs
[2024-09-18T23:54:02.357+0000] {logging_mixin.py:188} INFO - [2024-09-18T23:54:02.356+0000] {dag.py:3954} INFO - Setting next_dagrun for ETL to 2024-05-21 00:00:00+00:00, run_after=2024-05-21 00:00:00+00:00
[2024-09-18T23:54:02.398+0000] {processor.py:183} INFO - Processing /opt/airflow/dags/etl_process.py took 0.174 seconds
[2024-09-18T23:54:32.581+0000] {processor.py:161} INFO - Started process (PID=248) to work on /opt/airflow/dags/etl_process.py
[2024-09-18T23:54:32.582+0000] {processor.py:830} INFO - Processing file /opt/airflow/dags/etl_process.py for tasks to queue
[2024-09-18T23:54:32.585+0000] {logging_mixin.py:188} INFO - [2024-09-18T23:54:32.585+0000] {dagbag.py:545} INFO - Filling up the DagBag from /opt/airflow/dags/etl_process.py
[2024-09-18T23:54:32.605+0000] {processor.py:840} INFO - DAG(s) 'ETL' retrieved from /opt/airflow/dags/etl_process.py
[2024-09-18T23:54:32.665+0000] {logging_mixin.py:188} INFO - [2024-09-18T23:54:32.664+0000] {dag.py:3096} INFO - Sync 1 DAGs
[2024-09-18T23:54:32.726+0000] {logging_mixin.py:188} INFO - [2024-09-18T23:54:32.726+0000] {dag.py:3954} INFO - Setting next_dagrun for ETL to 2024-05-21 00:00:00+00:00, run_after=2024-05-21 00:00:00+00:00
[2024-09-18T23:54:32.778+0000] {processor.py:183} INFO - Processing /opt/airflow/dags/etl_process.py took 0.203 seconds
[2024-09-18T23:55:02.965+0000] {processor.py:161} INFO - Started process (PID=265) to work on /opt/airflow/dags/etl_process.py
[2024-09-18T23:55:02.971+0000] {processor.py:830} INFO - Processing file /opt/airflow/dags/etl_process.py for tasks to queue
[2024-09-18T23:55:02.972+0000] {logging_mixin.py:188} INFO - [2024-09-18T23:55:02.972+0000] {dagbag.py:545} INFO - Filling up the DagBag from /opt/airflow/dags/etl_process.py
[2024-09-18T23:55:02.982+0000] {processor.py:840} INFO - DAG(s) 'ETL' retrieved from /opt/airflow/dags/etl_process.py
[2024-09-18T23:55:03.002+0000] {logging_mixin.py:188} INFO - [2024-09-18T23:55:03.002+0000] {dag.py:3096} INFO - Sync 1 DAGs
[2024-09-18T23:55:03.017+0000] {logging_mixin.py:188} INFO - [2024-09-18T23:55:03.017+0000] {dag.py:3954} INFO - Setting next_dagrun for ETL to 2024-05-21 00:00:00+00:00, run_after=2024-05-21 00:00:00+00:00
[2024-09-18T23:55:03.030+0000] {processor.py:183} INFO - Processing /opt/airflow/dags/etl_process.py took 0.069 seconds
