[2024-09-18T21:57:53.722+0000] {processor.py:161} INFO - Started process (PID=44) to work on /opt/airflow/dags/oauth_dag.py
[2024-09-18T21:57:53.724+0000] {processor.py:830} INFO - Processing file /opt/airflow/dags/oauth_dag.py for tasks to queue
[2024-09-18T21:57:53.729+0000] {logging_mixin.py:188} INFO - [2024-09-18T21:57:53.728+0000] {dagbag.py:545} INFO - Filling up the DagBag from /opt/airflow/dags/oauth_dag.py
[2024-09-18T21:57:53.754+0000] {processor.py:840} INFO - DAG(s) 'OAuth_Zoom' retrieved from /opt/airflow/dags/oauth_dag.py
[2024-09-18T21:57:53.793+0000] {logging_mixin.py:188} INFO - [2024-09-18T21:57:53.793+0000] {dag.py:3096} INFO - Sync 1 DAGs
[2024-09-18T21:57:53.830+0000] {logging_mixin.py:188} INFO - [2024-09-18T21:57:53.830+0000] {dag.py:3954} INFO - Setting next_dagrun for OAuth_Zoom to 2024-09-18 21:00:00+00:00, run_after=2024-09-18 21:30:00+00:00
[2024-09-18T21:57:53.858+0000] {processor.py:183} INFO - Processing /opt/airflow/dags/oauth_dag.py took 0.145 seconds
[2024-09-18T21:58:24.054+0000] {processor.py:161} INFO - Started process (PID=60) to work on /opt/airflow/dags/oauth_dag.py
[2024-09-18T21:58:24.055+0000] {processor.py:830} INFO - Processing file /opt/airflow/dags/oauth_dag.py for tasks to queue
[2024-09-18T21:58:24.057+0000] {logging_mixin.py:188} INFO - [2024-09-18T21:58:24.057+0000] {dagbag.py:545} INFO - Filling up the DagBag from /opt/airflow/dags/oauth_dag.py
[2024-09-18T21:58:24.069+0000] {processor.py:840} INFO - DAG(s) 'OAuth_Zoom' retrieved from /opt/airflow/dags/oauth_dag.py
[2024-09-18T21:58:24.264+0000] {logging_mixin.py:188} INFO - [2024-09-18T21:58:24.263+0000] {dag.py:3096} INFO - Sync 1 DAGs
[2024-09-18T21:58:24.281+0000] {logging_mixin.py:188} INFO - [2024-09-18T21:58:24.281+0000] {dag.py:3954} INFO - Setting next_dagrun for OAuth_Zoom to 2024-09-18 21:00:00+00:00, run_after=2024-09-18 21:30:00+00:00
[2024-09-18T21:58:24.297+0000] {processor.py:183} INFO - Processing /opt/airflow/dags/oauth_dag.py took 0.247 seconds
[2024-09-18T21:58:54.485+0000] {processor.py:161} INFO - Started process (PID=84) to work on /opt/airflow/dags/oauth_dag.py
[2024-09-18T21:58:54.486+0000] {processor.py:830} INFO - Processing file /opt/airflow/dags/oauth_dag.py for tasks to queue
[2024-09-18T21:58:54.488+0000] {logging_mixin.py:188} INFO - [2024-09-18T21:58:54.488+0000] {dagbag.py:545} INFO - Filling up the DagBag from /opt/airflow/dags/oauth_dag.py
[2024-09-18T21:58:54.500+0000] {processor.py:840} INFO - DAG(s) 'OAuth_Zoom' retrieved from /opt/airflow/dags/oauth_dag.py
[2024-09-18T21:58:54.541+0000] {logging_mixin.py:188} INFO - [2024-09-18T21:58:54.541+0000] {dag.py:3096} INFO - Sync 1 DAGs
[2024-09-18T21:58:54.589+0000] {logging_mixin.py:188} INFO - [2024-09-18T21:58:54.589+0000] {dag.py:3954} INFO - Setting next_dagrun for OAuth_Zoom to 2024-09-18 21:00:00+00:00, run_after=2024-09-18 21:30:00+00:00
[2024-09-18T21:58:54.607+0000] {processor.py:183} INFO - Processing /opt/airflow/dags/oauth_dag.py took 0.128 seconds
[2024-09-18T21:59:24.785+0000] {processor.py:161} INFO - Started process (PID=101) to work on /opt/airflow/dags/oauth_dag.py
[2024-09-18T21:59:24.795+0000] {processor.py:830} INFO - Processing file /opt/airflow/dags/oauth_dag.py for tasks to queue
[2024-09-18T21:59:24.796+0000] {logging_mixin.py:188} INFO - [2024-09-18T21:59:24.796+0000] {dagbag.py:545} INFO - Filling up the DagBag from /opt/airflow/dags/oauth_dag.py
[2024-09-18T21:59:24.802+0000] {processor.py:840} INFO - DAG(s) 'OAuth_Zoom' retrieved from /opt/airflow/dags/oauth_dag.py
[2024-09-18T21:59:24.827+0000] {logging_mixin.py:188} INFO - [2024-09-18T21:59:24.826+0000] {dag.py:3096} INFO - Sync 1 DAGs
[2024-09-18T21:59:24.842+0000] {logging_mixin.py:188} INFO - [2024-09-18T21:59:24.842+0000] {dag.py:3954} INFO - Setting next_dagrun for OAuth_Zoom to 2024-09-18 21:00:00+00:00, run_after=2024-09-18 21:30:00+00:00
[2024-09-18T21:59:24.857+0000] {processor.py:183} INFO - Processing /opt/airflow/dags/oauth_dag.py took 0.076 seconds
[2024-09-18T21:59:55.067+0000] {processor.py:161} INFO - Started process (PID=125) to work on /opt/airflow/dags/oauth_dag.py
[2024-09-18T21:59:55.079+0000] {processor.py:830} INFO - Processing file /opt/airflow/dags/oauth_dag.py for tasks to queue
[2024-09-18T21:59:55.100+0000] {logging_mixin.py:188} INFO - [2024-09-18T21:59:55.097+0000] {dagbag.py:545} INFO - Filling up the DagBag from /opt/airflow/dags/oauth_dag.py
[2024-09-18T21:59:55.150+0000] {processor.py:840} INFO - DAG(s) 'OAuth_Zoom' retrieved from /opt/airflow/dags/oauth_dag.py
[2024-09-18T21:59:55.275+0000] {logging_mixin.py:188} INFO - [2024-09-18T21:59:55.274+0000] {dag.py:3096} INFO - Sync 1 DAGs
[2024-09-18T21:59:55.368+0000] {logging_mixin.py:188} INFO - [2024-09-18T21:59:55.368+0000] {dag.py:3954} INFO - Setting next_dagrun for OAuth_Zoom to 2024-09-18 21:00:00+00:00, run_after=2024-09-18 21:30:00+00:00
[2024-09-18T21:59:55.431+0000] {processor.py:183} INFO - Processing /opt/airflow/dags/oauth_dag.py took 0.386 seconds
[2024-09-18T22:00:25.618+0000] {processor.py:161} INFO - Started process (PID=142) to work on /opt/airflow/dags/oauth_dag.py
[2024-09-18T22:00:25.620+0000] {processor.py:830} INFO - Processing file /opt/airflow/dags/oauth_dag.py for tasks to queue
[2024-09-18T22:00:25.621+0000] {logging_mixin.py:188} INFO - [2024-09-18T22:00:25.621+0000] {dagbag.py:545} INFO - Filling up the DagBag from /opt/airflow/dags/oauth_dag.py
[2024-09-18T22:00:25.628+0000] {processor.py:840} INFO - DAG(s) 'OAuth_Zoom' retrieved from /opt/airflow/dags/oauth_dag.py
[2024-09-18T22:00:25.657+0000] {logging_mixin.py:188} INFO - [2024-09-18T22:00:25.657+0000] {dag.py:3096} INFO - Sync 1 DAGs
[2024-09-18T22:00:25.674+0000] {logging_mixin.py:188} INFO - [2024-09-18T22:00:25.674+0000] {dag.py:3954} INFO - Setting next_dagrun for OAuth_Zoom to 2024-09-18 21:30:00+00:00, run_after=2024-09-18 22:00:00+00:00
[2024-09-18T22:00:25.690+0000] {processor.py:183} INFO - Processing /opt/airflow/dags/oauth_dag.py took 0.076 seconds
[2024-09-18T22:00:55.881+0000] {processor.py:161} INFO - Started process (PID=159) to work on /opt/airflow/dags/oauth_dag.py
[2024-09-18T22:00:55.882+0000] {processor.py:830} INFO - Processing file /opt/airflow/dags/oauth_dag.py for tasks to queue
[2024-09-18T22:00:55.884+0000] {logging_mixin.py:188} INFO - [2024-09-18T22:00:55.883+0000] {dagbag.py:545} INFO - Filling up the DagBag from /opt/airflow/dags/oauth_dag.py
[2024-09-18T22:00:55.891+0000] {processor.py:840} INFO - DAG(s) 'OAuth_Zoom' retrieved from /opt/airflow/dags/oauth_dag.py
[2024-09-18T22:00:55.916+0000] {logging_mixin.py:188} INFO - [2024-09-18T22:00:55.915+0000] {dag.py:3096} INFO - Sync 1 DAGs
[2024-09-18T22:00:55.932+0000] {logging_mixin.py:188} INFO - [2024-09-18T22:00:55.932+0000] {dag.py:3954} INFO - Setting next_dagrun for OAuth_Zoom to 2024-09-18 21:30:00+00:00, run_after=2024-09-18 22:00:00+00:00
[2024-09-18T22:00:55.947+0000] {processor.py:183} INFO - Processing /opt/airflow/dags/oauth_dag.py took 0.070 seconds
[2024-09-18T22:01:26.118+0000] {processor.py:161} INFO - Started process (PID=183) to work on /opt/airflow/dags/oauth_dag.py
[2024-09-18T22:01:26.120+0000] {processor.py:830} INFO - Processing file /opt/airflow/dags/oauth_dag.py for tasks to queue
[2024-09-18T22:01:26.122+0000] {logging_mixin.py:188} INFO - [2024-09-18T22:01:26.121+0000] {dagbag.py:545} INFO - Filling up the DagBag from /opt/airflow/dags/oauth_dag.py
[2024-09-18T22:01:26.129+0000] {processor.py:840} INFO - DAG(s) 'OAuth_Zoom' retrieved from /opt/airflow/dags/oauth_dag.py
[2024-09-18T22:01:26.155+0000] {logging_mixin.py:188} INFO - [2024-09-18T22:01:26.155+0000] {dag.py:3096} INFO - Sync 1 DAGs
[2024-09-18T22:01:26.174+0000] {logging_mixin.py:188} INFO - [2024-09-18T22:01:26.174+0000] {dag.py:3954} INFO - Setting next_dagrun for OAuth_Zoom to 2024-09-18 21:30:00+00:00, run_after=2024-09-18 22:00:00+00:00
[2024-09-18T22:01:26.190+0000] {processor.py:183} INFO - Processing /opt/airflow/dags/oauth_dag.py took 0.077 seconds
[2024-09-18T22:01:56.362+0000] {processor.py:161} INFO - Started process (PID=200) to work on /opt/airflow/dags/oauth_dag.py
[2024-09-18T22:01:56.371+0000] {processor.py:830} INFO - Processing file /opt/airflow/dags/oauth_dag.py for tasks to queue
[2024-09-18T22:01:56.373+0000] {logging_mixin.py:188} INFO - [2024-09-18T22:01:56.372+0000] {dagbag.py:545} INFO - Filling up the DagBag from /opt/airflow/dags/oauth_dag.py
[2024-09-18T22:01:56.379+0000] {processor.py:840} INFO - DAG(s) 'OAuth_Zoom' retrieved from /opt/airflow/dags/oauth_dag.py
[2024-09-18T22:01:56.407+0000] {logging_mixin.py:188} INFO - [2024-09-18T22:01:56.407+0000] {dag.py:3096} INFO - Sync 1 DAGs
[2024-09-18T22:01:56.425+0000] {logging_mixin.py:188} INFO - [2024-09-18T22:01:56.425+0000] {dag.py:3954} INFO - Setting next_dagrun for OAuth_Zoom to 2024-09-18 21:30:00+00:00, run_after=2024-09-18 22:00:00+00:00
[2024-09-18T22:01:56.439+0000] {processor.py:183} INFO - Processing /opt/airflow/dags/oauth_dag.py took 0.081 seconds
[2024-09-18T22:02:26.601+0000] {processor.py:161} INFO - Started process (PID=224) to work on /opt/airflow/dags/oauth_dag.py
[2024-09-18T22:02:26.604+0000] {processor.py:830} INFO - Processing file /opt/airflow/dags/oauth_dag.py for tasks to queue
[2024-09-18T22:02:26.605+0000] {logging_mixin.py:188} INFO - [2024-09-18T22:02:26.605+0000] {dagbag.py:545} INFO - Filling up the DagBag from /opt/airflow/dags/oauth_dag.py
[2024-09-18T22:02:26.616+0000] {processor.py:840} INFO - DAG(s) 'OAuth_Zoom' retrieved from /opt/airflow/dags/oauth_dag.py
[2024-09-18T22:02:26.646+0000] {logging_mixin.py:188} INFO - [2024-09-18T22:02:26.646+0000] {dag.py:3096} INFO - Sync 1 DAGs
[2024-09-18T22:02:26.670+0000] {logging_mixin.py:188} INFO - [2024-09-18T22:02:26.670+0000] {dag.py:3954} INFO - Setting next_dagrun for OAuth_Zoom to 2024-09-18 21:30:00+00:00, run_after=2024-09-18 22:00:00+00:00
[2024-09-18T22:02:26.688+0000] {processor.py:183} INFO - Processing /opt/airflow/dags/oauth_dag.py took 0.093 seconds
[2024-09-18T22:02:56.885+0000] {processor.py:161} INFO - Started process (PID=241) to work on /opt/airflow/dags/oauth_dag.py
[2024-09-18T22:02:56.886+0000] {processor.py:830} INFO - Processing file /opt/airflow/dags/oauth_dag.py for tasks to queue
[2024-09-18T22:02:56.887+0000] {logging_mixin.py:188} INFO - [2024-09-18T22:02:56.887+0000] {dagbag.py:545} INFO - Filling up the DagBag from /opt/airflow/dags/oauth_dag.py
[2024-09-18T22:02:56.898+0000] {processor.py:840} INFO - DAG(s) 'OAuth_Zoom' retrieved from /opt/airflow/dags/oauth_dag.py
[2024-09-18T22:02:56.923+0000] {logging_mixin.py:188} INFO - [2024-09-18T22:02:56.922+0000] {dag.py:3096} INFO - Sync 1 DAGs
[2024-09-18T22:02:56.943+0000] {logging_mixin.py:188} INFO - [2024-09-18T22:02:56.943+0000] {dag.py:3954} INFO - Setting next_dagrun for OAuth_Zoom to 2024-09-18 21:30:00+00:00, run_after=2024-09-18 22:00:00+00:00
[2024-09-18T22:02:56.960+0000] {processor.py:183} INFO - Processing /opt/airflow/dags/oauth_dag.py took 0.081 seconds
[2024-09-18T22:03:27.133+0000] {processor.py:161} INFO - Started process (PID=265) to work on /opt/airflow/dags/oauth_dag.py
[2024-09-18T22:03:27.134+0000] {processor.py:830} INFO - Processing file /opt/airflow/dags/oauth_dag.py for tasks to queue
[2024-09-18T22:03:27.136+0000] {logging_mixin.py:188} INFO - [2024-09-18T22:03:27.135+0000] {dagbag.py:545} INFO - Filling up the DagBag from /opt/airflow/dags/oauth_dag.py
[2024-09-18T22:03:27.142+0000] {processor.py:840} INFO - DAG(s) 'OAuth_Zoom' retrieved from /opt/airflow/dags/oauth_dag.py
[2024-09-18T22:03:27.165+0000] {logging_mixin.py:188} INFO - [2024-09-18T22:03:27.165+0000] {dag.py:3096} INFO - Sync 1 DAGs
[2024-09-18T22:03:27.193+0000] {logging_mixin.py:188} INFO - [2024-09-18T22:03:27.193+0000] {dag.py:3954} INFO - Setting next_dagrun for OAuth_Zoom to 2024-09-18 21:30:00+00:00, run_after=2024-09-18 22:00:00+00:00
[2024-09-18T22:03:27.211+0000] {processor.py:183} INFO - Processing /opt/airflow/dags/oauth_dag.py took 0.082 seconds
[2024-09-18T22:03:57.388+0000] {processor.py:161} INFO - Started process (PID=282) to work on /opt/airflow/dags/oauth_dag.py
[2024-09-18T22:03:57.397+0000] {processor.py:830} INFO - Processing file /opt/airflow/dags/oauth_dag.py for tasks to queue
[2024-09-18T22:03:57.398+0000] {logging_mixin.py:188} INFO - [2024-09-18T22:03:57.398+0000] {dagbag.py:545} INFO - Filling up the DagBag from /opt/airflow/dags/oauth_dag.py
[2024-09-18T22:03:57.404+0000] {processor.py:840} INFO - DAG(s) 'OAuth_Zoom' retrieved from /opt/airflow/dags/oauth_dag.py
[2024-09-18T22:03:57.424+0000] {logging_mixin.py:188} INFO - [2024-09-18T22:03:57.424+0000] {dag.py:3096} INFO - Sync 1 DAGs
[2024-09-18T22:03:57.441+0000] {logging_mixin.py:188} INFO - [2024-09-18T22:03:57.441+0000] {dag.py:3954} INFO - Setting next_dagrun for OAuth_Zoom to 2024-09-18 21:30:00+00:00, run_after=2024-09-18 22:00:00+00:00
[2024-09-18T22:03:57.456+0000] {processor.py:183} INFO - Processing /opt/airflow/dags/oauth_dag.py took 0.072 seconds
[2024-09-18T22:04:27.630+0000] {processor.py:161} INFO - Started process (PID=305) to work on /opt/airflow/dags/oauth_dag.py
[2024-09-18T22:04:27.630+0000] {processor.py:830} INFO - Processing file /opt/airflow/dags/oauth_dag.py for tasks to queue
[2024-09-18T22:04:27.632+0000] {logging_mixin.py:188} INFO - [2024-09-18T22:04:27.631+0000] {dagbag.py:545} INFO - Filling up the DagBag from /opt/airflow/dags/oauth_dag.py
[2024-09-18T22:04:27.639+0000] {processor.py:840} INFO - DAG(s) 'OAuth_Zoom' retrieved from /opt/airflow/dags/oauth_dag.py
[2024-09-18T22:04:27.663+0000] {logging_mixin.py:188} INFO - [2024-09-18T22:04:27.663+0000] {dag.py:3096} INFO - Sync 1 DAGs
[2024-09-18T22:04:27.680+0000] {logging_mixin.py:188} INFO - [2024-09-18T22:04:27.679+0000] {dag.py:3954} INFO - Setting next_dagrun for OAuth_Zoom to 2024-09-18 21:30:00+00:00, run_after=2024-09-18 22:00:00+00:00
[2024-09-18T22:04:27.696+0000] {processor.py:183} INFO - Processing /opt/airflow/dags/oauth_dag.py took 0.071 seconds
[2024-09-18T22:04:57.856+0000] {processor.py:161} INFO - Started process (PID=322) to work on /opt/airflow/dags/oauth_dag.py
[2024-09-18T22:04:57.858+0000] {processor.py:830} INFO - Processing file /opt/airflow/dags/oauth_dag.py for tasks to queue
[2024-09-18T22:04:57.860+0000] {logging_mixin.py:188} INFO - [2024-09-18T22:04:57.859+0000] {dagbag.py:545} INFO - Filling up the DagBag from /opt/airflow/dags/oauth_dag.py
[2024-09-18T22:04:57.866+0000] {processor.py:840} INFO - DAG(s) 'OAuth_Zoom' retrieved from /opt/airflow/dags/oauth_dag.py
[2024-09-18T22:04:57.890+0000] {logging_mixin.py:188} INFO - [2024-09-18T22:04:57.890+0000] {dag.py:3096} INFO - Sync 1 DAGs
[2024-09-18T22:04:57.906+0000] {logging_mixin.py:188} INFO - [2024-09-18T22:04:57.906+0000] {dag.py:3954} INFO - Setting next_dagrun for OAuth_Zoom to 2024-09-18 21:30:00+00:00, run_after=2024-09-18 22:00:00+00:00
[2024-09-18T22:04:57.922+0000] {processor.py:183} INFO - Processing /opt/airflow/dags/oauth_dag.py took 0.069 seconds
[2024-09-18T22:05:28.091+0000] {processor.py:161} INFO - Started process (PID=347) to work on /opt/airflow/dags/oauth_dag.py
[2024-09-18T22:05:28.091+0000] {processor.py:830} INFO - Processing file /opt/airflow/dags/oauth_dag.py for tasks to queue
[2024-09-18T22:05:28.093+0000] {logging_mixin.py:188} INFO - [2024-09-18T22:05:28.092+0000] {dagbag.py:545} INFO - Filling up the DagBag from /opt/airflow/dags/oauth_dag.py
[2024-09-18T22:05:28.100+0000] {processor.py:840} INFO - DAG(s) 'OAuth_Zoom' retrieved from /opt/airflow/dags/oauth_dag.py
[2024-09-18T22:05:28.124+0000] {logging_mixin.py:188} INFO - [2024-09-18T22:05:28.123+0000] {dag.py:3096} INFO - Sync 1 DAGs
[2024-09-18T22:05:28.143+0000] {logging_mixin.py:188} INFO - [2024-09-18T22:05:28.142+0000] {dag.py:3954} INFO - Setting next_dagrun for OAuth_Zoom to 2024-09-18 21:30:00+00:00, run_after=2024-09-18 22:00:00+00:00
[2024-09-18T22:05:28.158+0000] {processor.py:183} INFO - Processing /opt/airflow/dags/oauth_dag.py took 0.072 seconds
[2024-09-18T22:05:58.321+0000] {processor.py:161} INFO - Started process (PID=364) to work on /opt/airflow/dags/oauth_dag.py
[2024-09-18T22:05:58.331+0000] {processor.py:830} INFO - Processing file /opt/airflow/dags/oauth_dag.py for tasks to queue
[2024-09-18T22:05:58.334+0000] {logging_mixin.py:188} INFO - [2024-09-18T22:05:58.333+0000] {dagbag.py:545} INFO - Filling up the DagBag from /opt/airflow/dags/oauth_dag.py
[2024-09-18T22:05:58.352+0000] {processor.py:840} INFO - DAG(s) 'OAuth_Zoom' retrieved from /opt/airflow/dags/oauth_dag.py
[2024-09-18T22:05:58.397+0000] {logging_mixin.py:188} INFO - [2024-09-18T22:05:58.396+0000] {dag.py:3096} INFO - Sync 1 DAGs
[2024-09-18T22:05:58.430+0000] {logging_mixin.py:188} INFO - [2024-09-18T22:05:58.430+0000] {dag.py:3954} INFO - Setting next_dagrun for OAuth_Zoom to 2024-09-18 21:30:00+00:00, run_after=2024-09-18 22:00:00+00:00
[2024-09-18T22:05:58.452+0000] {processor.py:183} INFO - Processing /opt/airflow/dags/oauth_dag.py took 0.137 seconds
[2024-09-18T22:06:28.621+0000] {processor.py:161} INFO - Started process (PID=388) to work on /opt/airflow/dags/oauth_dag.py
[2024-09-18T22:06:28.622+0000] {processor.py:830} INFO - Processing file /opt/airflow/dags/oauth_dag.py for tasks to queue
[2024-09-18T22:06:28.623+0000] {logging_mixin.py:188} INFO - [2024-09-18T22:06:28.623+0000] {dagbag.py:545} INFO - Filling up the DagBag from /opt/airflow/dags/oauth_dag.py
[2024-09-18T22:06:28.631+0000] {processor.py:840} INFO - DAG(s) 'OAuth_Zoom' retrieved from /opt/airflow/dags/oauth_dag.py
[2024-09-18T22:06:28.660+0000] {logging_mixin.py:188} INFO - [2024-09-18T22:06:28.659+0000] {dag.py:3096} INFO - Sync 1 DAGs
[2024-09-18T22:06:28.679+0000] {logging_mixin.py:188} INFO - [2024-09-18T22:06:28.679+0000] {dag.py:3954} INFO - Setting next_dagrun for OAuth_Zoom to 2024-09-18 21:30:00+00:00, run_after=2024-09-18 22:00:00+00:00
[2024-09-18T22:06:28.702+0000] {processor.py:183} INFO - Processing /opt/airflow/dags/oauth_dag.py took 0.085 seconds
[2024-09-18T22:06:58.875+0000] {processor.py:161} INFO - Started process (PID=405) to work on /opt/airflow/dags/oauth_dag.py
[2024-09-18T22:06:58.876+0000] {processor.py:830} INFO - Processing file /opt/airflow/dags/oauth_dag.py for tasks to queue
[2024-09-18T22:06:58.877+0000] {logging_mixin.py:188} INFO - [2024-09-18T22:06:58.877+0000] {dagbag.py:545} INFO - Filling up the DagBag from /opt/airflow/dags/oauth_dag.py
[2024-09-18T22:06:58.884+0000] {processor.py:840} INFO - DAG(s) 'OAuth_Zoom' retrieved from /opt/airflow/dags/oauth_dag.py
[2024-09-18T22:06:58.907+0000] {logging_mixin.py:188} INFO - [2024-09-18T22:06:58.906+0000] {dag.py:3096} INFO - Sync 1 DAGs
[2024-09-18T22:06:58.922+0000] {logging_mixin.py:188} INFO - [2024-09-18T22:06:58.922+0000] {dag.py:3954} INFO - Setting next_dagrun for OAuth_Zoom to 2024-09-18 21:30:00+00:00, run_after=2024-09-18 22:00:00+00:00
[2024-09-18T22:06:58.937+0000] {processor.py:183} INFO - Processing /opt/airflow/dags/oauth_dag.py took 0.066 seconds
[2024-09-18T22:07:29.106+0000] {processor.py:161} INFO - Started process (PID=429) to work on /opt/airflow/dags/oauth_dag.py
[2024-09-18T22:07:29.107+0000] {processor.py:830} INFO - Processing file /opt/airflow/dags/oauth_dag.py for tasks to queue
[2024-09-18T22:07:29.109+0000] {logging_mixin.py:188} INFO - [2024-09-18T22:07:29.108+0000] {dagbag.py:545} INFO - Filling up the DagBag from /opt/airflow/dags/oauth_dag.py
[2024-09-18T22:07:29.118+0000] {processor.py:840} INFO - DAG(s) 'OAuth_Zoom' retrieved from /opt/airflow/dags/oauth_dag.py
[2024-09-18T22:07:29.142+0000] {logging_mixin.py:188} INFO - [2024-09-18T22:07:29.142+0000] {dag.py:3096} INFO - Sync 1 DAGs
[2024-09-18T22:07:29.160+0000] {logging_mixin.py:188} INFO - [2024-09-18T22:07:29.159+0000] {dag.py:3954} INFO - Setting next_dagrun for OAuth_Zoom to 2024-09-18 21:30:00+00:00, run_after=2024-09-18 22:00:00+00:00
[2024-09-18T22:07:29.177+0000] {processor.py:183} INFO - Processing /opt/airflow/dags/oauth_dag.py took 0.075 seconds
[2024-09-18T22:07:59.378+0000] {processor.py:161} INFO - Started process (PID=446) to work on /opt/airflow/dags/oauth_dag.py
[2024-09-18T22:07:59.379+0000] {processor.py:830} INFO - Processing file /opt/airflow/dags/oauth_dag.py for tasks to queue
[2024-09-18T22:07:59.380+0000] {logging_mixin.py:188} INFO - [2024-09-18T22:07:59.380+0000] {dagbag.py:545} INFO - Filling up the DagBag from /opt/airflow/dags/oauth_dag.py
[2024-09-18T22:07:59.387+0000] {processor.py:840} INFO - DAG(s) 'OAuth_Zoom' retrieved from /opt/airflow/dags/oauth_dag.py
[2024-09-18T22:07:59.409+0000] {logging_mixin.py:188} INFO - [2024-09-18T22:07:59.409+0000] {dag.py:3096} INFO - Sync 1 DAGs
[2024-09-18T22:07:59.427+0000] {logging_mixin.py:188} INFO - [2024-09-18T22:07:59.426+0000] {dag.py:3954} INFO - Setting next_dagrun for OAuth_Zoom to 2024-09-18 21:30:00+00:00, run_after=2024-09-18 22:00:00+00:00
[2024-09-18T22:07:59.444+0000] {processor.py:183} INFO - Processing /opt/airflow/dags/oauth_dag.py took 0.070 seconds
[2024-09-18T22:08:29.612+0000] {processor.py:161} INFO - Started process (PID=470) to work on /opt/airflow/dags/oauth_dag.py
[2024-09-18T22:08:29.614+0000] {processor.py:830} INFO - Processing file /opt/airflow/dags/oauth_dag.py for tasks to queue
[2024-09-18T22:08:29.615+0000] {logging_mixin.py:188} INFO - [2024-09-18T22:08:29.615+0000] {dagbag.py:545} INFO - Filling up the DagBag from /opt/airflow/dags/oauth_dag.py
[2024-09-18T22:08:29.624+0000] {processor.py:840} INFO - DAG(s) 'OAuth_Zoom' retrieved from /opt/airflow/dags/oauth_dag.py
[2024-09-18T22:08:29.652+0000] {logging_mixin.py:188} INFO - [2024-09-18T22:08:29.652+0000] {dag.py:3096} INFO - Sync 1 DAGs
[2024-09-18T22:08:29.671+0000] {logging_mixin.py:188} INFO - [2024-09-18T22:08:29.671+0000] {dag.py:3954} INFO - Setting next_dagrun for OAuth_Zoom to 2024-09-18 21:30:00+00:00, run_after=2024-09-18 22:00:00+00:00
[2024-09-18T22:08:29.688+0000] {processor.py:183} INFO - Processing /opt/airflow/dags/oauth_dag.py took 0.081 seconds
[2024-09-18T22:43:48.166+0000] {processor.py:161} INFO - Started process (PID=44) to work on /opt/airflow/dags/oauth_dag.py
[2024-09-18T22:43:48.170+0000] {processor.py:830} INFO - Processing file /opt/airflow/dags/oauth_dag.py for tasks to queue
[2024-09-18T22:43:48.176+0000] {logging_mixin.py:188} INFO - [2024-09-18T22:43:48.176+0000] {dagbag.py:545} INFO - Filling up the DagBag from /opt/airflow/dags/oauth_dag.py
[2024-09-18T22:43:48.248+0000] {processor.py:840} INFO - DAG(s) 'OAuth_Zoom' retrieved from /opt/airflow/dags/oauth_dag.py
[2024-09-18T22:43:48.351+0000] {logging_mixin.py:188} INFO - [2024-09-18T22:43:48.350+0000] {dag.py:3096} INFO - Sync 1 DAGs
[2024-09-18T22:43:48.418+0000] {logging_mixin.py:188} INFO - [2024-09-18T22:43:48.417+0000] {dag.py:3954} INFO - Setting next_dagrun for OAuth_Zoom to 2024-09-18 22:00:00+00:00, run_after=2024-09-18 22:30:00+00:00
[2024-09-18T22:43:48.479+0000] {processor.py:183} INFO - Processing /opt/airflow/dags/oauth_dag.py took 0.336 seconds
[2024-09-18T22:44:18.800+0000] {processor.py:161} INFO - Started process (PID=61) to work on /opt/airflow/dags/oauth_dag.py
[2024-09-18T22:44:18.802+0000] {processor.py:830} INFO - Processing file /opt/airflow/dags/oauth_dag.py for tasks to queue
[2024-09-18T22:44:18.804+0000] {logging_mixin.py:188} INFO - [2024-09-18T22:44:18.803+0000] {dagbag.py:545} INFO - Filling up the DagBag from /opt/airflow/dags/oauth_dag.py
[2024-09-18T22:44:18.813+0000] {processor.py:840} INFO - DAG(s) 'OAuth_Zoom' retrieved from /opt/airflow/dags/oauth_dag.py
[2024-09-18T22:44:19.007+0000] {logging_mixin.py:188} INFO - [2024-09-18T22:44:19.007+0000] {dag.py:3096} INFO - Sync 1 DAGs
[2024-09-18T22:44:19.025+0000] {logging_mixin.py:188} INFO - [2024-09-18T22:44:19.025+0000] {dag.py:3954} INFO - Setting next_dagrun for OAuth_Zoom to 2024-09-18 22:00:00+00:00, run_after=2024-09-18 22:30:00+00:00
[2024-09-18T22:44:19.040+0000] {processor.py:183} INFO - Processing /opt/airflow/dags/oauth_dag.py took 0.245 seconds
[2024-09-18T22:45:11.267+0000] {processor.py:161} INFO - Started process (PID=44) to work on /opt/airflow/dags/oauth_dag.py
[2024-09-18T22:45:11.269+0000] {processor.py:830} INFO - Processing file /opt/airflow/dags/oauth_dag.py for tasks to queue
[2024-09-18T22:45:11.272+0000] {logging_mixin.py:188} INFO - [2024-09-18T22:45:11.272+0000] {dagbag.py:545} INFO - Filling up the DagBag from /opt/airflow/dags/oauth_dag.py
[2024-09-18T22:45:11.304+0000] {processor.py:840} INFO - DAG(s) 'OAuth_Zoom' retrieved from /opt/airflow/dags/oauth_dag.py
[2024-09-18T22:45:11.360+0000] {logging_mixin.py:188} INFO - [2024-09-18T22:45:11.360+0000] {dag.py:3096} INFO - Sync 1 DAGs
[2024-09-18T22:45:11.397+0000] {logging_mixin.py:188} INFO - [2024-09-18T22:45:11.396+0000] {dag.py:3954} INFO - Setting next_dagrun for OAuth_Zoom to 2024-09-18 22:00:00+00:00, run_after=2024-09-18 22:30:00+00:00
[2024-09-18T22:45:11.433+0000] {processor.py:183} INFO - Processing /opt/airflow/dags/oauth_dag.py took 0.175 seconds
[2024-09-18T22:45:41.679+0000] {processor.py:161} INFO - Started process (PID=68) to work on /opt/airflow/dags/oauth_dag.py
[2024-09-18T22:45:41.681+0000] {processor.py:830} INFO - Processing file /opt/airflow/dags/oauth_dag.py for tasks to queue
[2024-09-18T22:45:41.684+0000] {logging_mixin.py:188} INFO - [2024-09-18T22:45:41.683+0000] {dagbag.py:545} INFO - Filling up the DagBag from /opt/airflow/dags/oauth_dag.py
[2024-09-18T22:45:41.696+0000] {processor.py:840} INFO - DAG(s) 'OAuth_Zoom' retrieved from /opt/airflow/dags/oauth_dag.py
[2024-09-18T22:45:42.245+0000] {logging_mixin.py:188} INFO - [2024-09-18T22:45:42.245+0000] {dag.py:3096} INFO - Sync 1 DAGs
[2024-09-18T22:45:42.265+0000] {logging_mixin.py:188} INFO - [2024-09-18T22:45:42.265+0000] {dag.py:3954} INFO - Setting next_dagrun for OAuth_Zoom to 2024-09-18 22:00:00+00:00, run_after=2024-09-18 22:30:00+00:00
[2024-09-18T22:45:42.307+0000] {processor.py:183} INFO - Processing /opt/airflow/dags/oauth_dag.py took 0.632 seconds
[2024-09-18T22:46:12.487+0000] {processor.py:161} INFO - Started process (PID=85) to work on /opt/airflow/dags/oauth_dag.py
[2024-09-18T22:46:12.493+0000] {processor.py:830} INFO - Processing file /opt/airflow/dags/oauth_dag.py for tasks to queue
[2024-09-18T22:46:12.495+0000] {logging_mixin.py:188} INFO - [2024-09-18T22:46:12.494+0000] {dagbag.py:545} INFO - Filling up the DagBag from /opt/airflow/dags/oauth_dag.py
[2024-09-18T22:46:12.504+0000] {processor.py:840} INFO - DAG(s) 'OAuth_Zoom' retrieved from /opt/airflow/dags/oauth_dag.py
[2024-09-18T22:46:12.528+0000] {logging_mixin.py:188} INFO - [2024-09-18T22:46:12.528+0000] {dag.py:3096} INFO - Sync 1 DAGs
[2024-09-18T22:46:12.545+0000] {logging_mixin.py:188} INFO - [2024-09-18T22:46:12.545+0000] {dag.py:3954} INFO - Setting next_dagrun for OAuth_Zoom to 2024-09-18 22:00:00+00:00, run_after=2024-09-18 22:30:00+00:00
[2024-09-18T22:46:12.563+0000] {processor.py:183} INFO - Processing /opt/airflow/dags/oauth_dag.py took 0.080 seconds
[2024-09-18T22:46:42.729+0000] {processor.py:161} INFO - Started process (PID=102) to work on /opt/airflow/dags/oauth_dag.py
[2024-09-18T22:46:42.731+0000] {processor.py:830} INFO - Processing file /opt/airflow/dags/oauth_dag.py for tasks to queue
[2024-09-18T22:46:42.733+0000] {logging_mixin.py:188} INFO - [2024-09-18T22:46:42.732+0000] {dagbag.py:545} INFO - Filling up the DagBag from /opt/airflow/dags/oauth_dag.py
[2024-09-18T22:46:42.739+0000] {processor.py:840} INFO - DAG(s) 'OAuth_Zoom' retrieved from /opt/airflow/dags/oauth_dag.py
[2024-09-18T22:46:42.763+0000] {logging_mixin.py:188} INFO - [2024-09-18T22:46:42.763+0000] {dag.py:3096} INFO - Sync 1 DAGs
[2024-09-18T22:46:42.780+0000] {logging_mixin.py:188} INFO - [2024-09-18T22:46:42.780+0000] {dag.py:3954} INFO - Setting next_dagrun for OAuth_Zoom to 2024-09-18 22:00:00+00:00, run_after=2024-09-18 22:30:00+00:00
[2024-09-18T22:46:42.796+0000] {processor.py:183} INFO - Processing /opt/airflow/dags/oauth_dag.py took 0.071 seconds
[2024-09-18T22:47:12.961+0000] {processor.py:161} INFO - Started process (PID=125) to work on /opt/airflow/dags/oauth_dag.py
[2024-09-18T22:47:12.964+0000] {processor.py:830} INFO - Processing file /opt/airflow/dags/oauth_dag.py for tasks to queue
[2024-09-18T22:47:12.965+0000] {logging_mixin.py:188} INFO - [2024-09-18T22:47:12.965+0000] {dagbag.py:545} INFO - Filling up the DagBag from /opt/airflow/dags/oauth_dag.py
[2024-09-18T22:47:12.971+0000] {processor.py:840} INFO - DAG(s) 'OAuth_Zoom' retrieved from /opt/airflow/dags/oauth_dag.py
[2024-09-18T22:47:12.995+0000] {logging_mixin.py:188} INFO - [2024-09-18T22:47:12.995+0000] {dag.py:3096} INFO - Sync 1 DAGs
[2024-09-18T22:47:13.012+0000] {logging_mixin.py:188} INFO - [2024-09-18T22:47:13.012+0000] {dag.py:3954} INFO - Setting next_dagrun for OAuth_Zoom to 2024-09-18 22:00:00+00:00, run_after=2024-09-18 22:30:00+00:00
[2024-09-18T22:47:13.030+0000] {processor.py:183} INFO - Processing /opt/airflow/dags/oauth_dag.py took 0.073 seconds
[2024-09-18T22:47:43.208+0000] {processor.py:161} INFO - Started process (PID=142) to work on /opt/airflow/dags/oauth_dag.py
[2024-09-18T22:47:43.211+0000] {processor.py:830} INFO - Processing file /opt/airflow/dags/oauth_dag.py for tasks to queue
[2024-09-18T22:47:43.212+0000] {logging_mixin.py:188} INFO - [2024-09-18T22:47:43.212+0000] {dagbag.py:545} INFO - Filling up the DagBag from /opt/airflow/dags/oauth_dag.py
[2024-09-18T22:47:43.219+0000] {processor.py:840} INFO - DAG(s) 'OAuth_Zoom' retrieved from /opt/airflow/dags/oauth_dag.py
[2024-09-18T22:47:43.243+0000] {logging_mixin.py:188} INFO - [2024-09-18T22:47:43.243+0000] {dag.py:3096} INFO - Sync 1 DAGs
[2024-09-18T22:47:43.264+0000] {logging_mixin.py:188} INFO - [2024-09-18T22:47:43.264+0000] {dag.py:3954} INFO - Setting next_dagrun for OAuth_Zoom to 2024-09-18 22:00:00+00:00, run_after=2024-09-18 22:30:00+00:00
[2024-09-18T22:47:43.282+0000] {processor.py:183} INFO - Processing /opt/airflow/dags/oauth_dag.py took 0.079 seconds
[2024-09-18T22:48:13.458+0000] {processor.py:161} INFO - Started process (PID=166) to work on /opt/airflow/dags/oauth_dag.py
[2024-09-18T22:48:13.467+0000] {processor.py:830} INFO - Processing file /opt/airflow/dags/oauth_dag.py for tasks to queue
[2024-09-18T22:48:13.470+0000] {logging_mixin.py:188} INFO - [2024-09-18T22:48:13.469+0000] {dagbag.py:545} INFO - Filling up the DagBag from /opt/airflow/dags/oauth_dag.py
[2024-09-18T22:48:13.478+0000] {processor.py:840} INFO - DAG(s) 'OAuth_Zoom' retrieved from /opt/airflow/dags/oauth_dag.py
[2024-09-18T22:48:13.510+0000] {logging_mixin.py:188} INFO - [2024-09-18T22:48:13.510+0000] {dag.py:3096} INFO - Sync 1 DAGs
[2024-09-18T22:48:13.526+0000] {logging_mixin.py:188} INFO - [2024-09-18T22:48:13.526+0000] {dag.py:3954} INFO - Setting next_dagrun for OAuth_Zoom to 2024-09-18 22:00:00+00:00, run_after=2024-09-18 22:30:00+00:00
[2024-09-18T22:48:13.538+0000] {processor.py:183} INFO - Processing /opt/airflow/dags/oauth_dag.py took 0.084 seconds
[2024-09-18T22:48:43.734+0000] {processor.py:161} INFO - Started process (PID=183) to work on /opt/airflow/dags/oauth_dag.py
[2024-09-18T22:48:43.743+0000] {processor.py:830} INFO - Processing file /opt/airflow/dags/oauth_dag.py for tasks to queue
[2024-09-18T22:48:43.745+0000] {logging_mixin.py:188} INFO - [2024-09-18T22:48:43.744+0000] {dagbag.py:545} INFO - Filling up the DagBag from /opt/airflow/dags/oauth_dag.py
[2024-09-18T22:48:43.751+0000] {processor.py:840} INFO - DAG(s) 'OAuth_Zoom' retrieved from /opt/airflow/dags/oauth_dag.py
[2024-09-18T22:48:43.777+0000] {logging_mixin.py:188} INFO - [2024-09-18T22:48:43.777+0000] {dag.py:3096} INFO - Sync 1 DAGs
[2024-09-18T22:48:43.794+0000] {logging_mixin.py:188} INFO - [2024-09-18T22:48:43.794+0000] {dag.py:3954} INFO - Setting next_dagrun for OAuth_Zoom to 2024-09-18 22:00:00+00:00, run_after=2024-09-18 22:30:00+00:00
[2024-09-18T22:48:43.810+0000] {processor.py:183} INFO - Processing /opt/airflow/dags/oauth_dag.py took 0.081 seconds
[2024-09-18T22:49:13.981+0000] {processor.py:161} INFO - Started process (PID=207) to work on /opt/airflow/dags/oauth_dag.py
[2024-09-18T22:49:13.990+0000] {processor.py:830} INFO - Processing file /opt/airflow/dags/oauth_dag.py for tasks to queue
[2024-09-18T22:49:13.992+0000] {logging_mixin.py:188} INFO - [2024-09-18T22:49:13.992+0000] {dagbag.py:545} INFO - Filling up the DagBag from /opt/airflow/dags/oauth_dag.py
[2024-09-18T22:49:13.998+0000] {processor.py:840} INFO - DAG(s) 'OAuth_Zoom' retrieved from /opt/airflow/dags/oauth_dag.py
[2024-09-18T22:49:14.021+0000] {logging_mixin.py:188} INFO - [2024-09-18T22:49:14.021+0000] {dag.py:3096} INFO - Sync 1 DAGs
[2024-09-18T22:49:14.040+0000] {logging_mixin.py:188} INFO - [2024-09-18T22:49:14.039+0000] {dag.py:3954} INFO - Setting next_dagrun for OAuth_Zoom to 2024-09-18 22:00:00+00:00, run_after=2024-09-18 22:30:00+00:00
[2024-09-18T22:49:14.054+0000] {processor.py:183} INFO - Processing /opt/airflow/dags/oauth_dag.py took 0.079 seconds
[2024-09-18T22:49:44.223+0000] {processor.py:161} INFO - Started process (PID=225) to work on /opt/airflow/dags/oauth_dag.py
[2024-09-18T22:49:44.224+0000] {processor.py:830} INFO - Processing file /opt/airflow/dags/oauth_dag.py for tasks to queue
[2024-09-18T22:49:44.225+0000] {logging_mixin.py:188} INFO - [2024-09-18T22:49:44.225+0000] {dagbag.py:545} INFO - Filling up the DagBag from /opt/airflow/dags/oauth_dag.py
[2024-09-18T22:49:44.233+0000] {processor.py:840} INFO - DAG(s) 'OAuth_Zoom' retrieved from /opt/airflow/dags/oauth_dag.py
[2024-09-18T22:49:44.257+0000] {logging_mixin.py:188} INFO - [2024-09-18T22:49:44.257+0000] {dag.py:3096} INFO - Sync 1 DAGs
[2024-09-18T22:49:44.274+0000] {logging_mixin.py:188} INFO - [2024-09-18T22:49:44.274+0000] {dag.py:3954} INFO - Setting next_dagrun for OAuth_Zoom to 2024-09-18 22:00:00+00:00, run_after=2024-09-18 22:30:00+00:00
[2024-09-18T22:49:44.290+0000] {processor.py:183} INFO - Processing /opt/airflow/dags/oauth_dag.py took 0.071 seconds
[2024-09-18T22:50:14.472+0000] {processor.py:161} INFO - Started process (PID=249) to work on /opt/airflow/dags/oauth_dag.py
[2024-09-18T22:50:14.473+0000] {processor.py:830} INFO - Processing file /opt/airflow/dags/oauth_dag.py for tasks to queue
[2024-09-18T22:50:14.474+0000] {logging_mixin.py:188} INFO - [2024-09-18T22:50:14.474+0000] {dagbag.py:545} INFO - Filling up the DagBag from /opt/airflow/dags/oauth_dag.py
[2024-09-18T22:50:14.481+0000] {processor.py:840} INFO - DAG(s) 'OAuth_Zoom' retrieved from /opt/airflow/dags/oauth_dag.py
[2024-09-18T22:50:14.507+0000] {logging_mixin.py:188} INFO - [2024-09-18T22:50:14.507+0000] {dag.py:3096} INFO - Sync 1 DAGs
[2024-09-18T22:50:14.528+0000] {logging_mixin.py:188} INFO - [2024-09-18T22:50:14.528+0000] {dag.py:3954} INFO - Setting next_dagrun for OAuth_Zoom to 2024-09-18 22:00:00+00:00, run_after=2024-09-18 22:30:00+00:00
[2024-09-18T22:50:14.547+0000] {processor.py:183} INFO - Processing /opt/airflow/dags/oauth_dag.py took 0.079 seconds
[2024-09-18T22:50:44.709+0000] {processor.py:161} INFO - Started process (PID=266) to work on /opt/airflow/dags/oauth_dag.py
[2024-09-18T22:50:44.718+0000] {processor.py:830} INFO - Processing file /opt/airflow/dags/oauth_dag.py for tasks to queue
[2024-09-18T22:50:44.719+0000] {logging_mixin.py:188} INFO - [2024-09-18T22:50:44.719+0000] {dagbag.py:545} INFO - Filling up the DagBag from /opt/airflow/dags/oauth_dag.py
[2024-09-18T22:50:44.727+0000] {processor.py:840} INFO - DAG(s) 'OAuth_Zoom' retrieved from /opt/airflow/dags/oauth_dag.py
[2024-09-18T22:50:44.753+0000] {logging_mixin.py:188} INFO - [2024-09-18T22:50:44.753+0000] {dag.py:3096} INFO - Sync 1 DAGs
[2024-09-18T22:50:44.774+0000] {logging_mixin.py:188} INFO - [2024-09-18T22:50:44.773+0000] {dag.py:3954} INFO - Setting next_dagrun for OAuth_Zoom to 2024-09-18 22:00:00+00:00, run_after=2024-09-18 22:30:00+00:00
[2024-09-18T22:50:44.793+0000] {processor.py:183} INFO - Processing /opt/airflow/dags/oauth_dag.py took 0.089 seconds
[2024-09-18T22:51:14.956+0000] {processor.py:161} INFO - Started process (PID=290) to work on /opt/airflow/dags/oauth_dag.py
[2024-09-18T22:51:14.958+0000] {processor.py:830} INFO - Processing file /opt/airflow/dags/oauth_dag.py for tasks to queue
[2024-09-18T22:51:14.960+0000] {logging_mixin.py:188} INFO - [2024-09-18T22:51:14.960+0000] {dagbag.py:545} INFO - Filling up the DagBag from /opt/airflow/dags/oauth_dag.py
[2024-09-18T22:51:14.971+0000] {processor.py:840} INFO - DAG(s) 'OAuth_Zoom' retrieved from /opt/airflow/dags/oauth_dag.py
[2024-09-18T22:51:15.010+0000] {logging_mixin.py:188} INFO - [2024-09-18T22:51:15.009+0000] {dag.py:3096} INFO - Sync 1 DAGs
[2024-09-18T22:51:15.048+0000] {logging_mixin.py:188} INFO - [2024-09-18T22:51:15.048+0000] {dag.py:3954} INFO - Setting next_dagrun for OAuth_Zoom to 2024-09-18 22:00:00+00:00, run_after=2024-09-18 22:30:00+00:00
[2024-09-18T22:51:15.084+0000] {processor.py:183} INFO - Processing /opt/airflow/dags/oauth_dag.py took 0.135 seconds
[2024-09-18T22:51:45.266+0000] {processor.py:161} INFO - Started process (PID=307) to work on /opt/airflow/dags/oauth_dag.py
[2024-09-18T22:51:45.267+0000] {processor.py:830} INFO - Processing file /opt/airflow/dags/oauth_dag.py for tasks to queue
[2024-09-18T22:51:45.269+0000] {logging_mixin.py:188} INFO - [2024-09-18T22:51:45.269+0000] {dagbag.py:545} INFO - Filling up the DagBag from /opt/airflow/dags/oauth_dag.py
[2024-09-18T22:51:45.276+0000] {processor.py:840} INFO - DAG(s) 'OAuth_Zoom' retrieved from /opt/airflow/dags/oauth_dag.py
[2024-09-18T22:51:45.302+0000] {logging_mixin.py:188} INFO - [2024-09-18T22:51:45.302+0000] {dag.py:3096} INFO - Sync 1 DAGs
[2024-09-18T22:51:45.323+0000] {logging_mixin.py:188} INFO - [2024-09-18T22:51:45.323+0000] {dag.py:3954} INFO - Setting next_dagrun for OAuth_Zoom to 2024-09-18 22:00:00+00:00, run_after=2024-09-18 22:30:00+00:00
[2024-09-18T22:51:45.342+0000] {processor.py:183} INFO - Processing /opt/airflow/dags/oauth_dag.py took 0.080 seconds
[2024-09-18T22:52:15.507+0000] {processor.py:161} INFO - Started process (PID=331) to work on /opt/airflow/dags/oauth_dag.py
[2024-09-18T22:52:15.509+0000] {processor.py:830} INFO - Processing file /opt/airflow/dags/oauth_dag.py for tasks to queue
[2024-09-18T22:52:15.510+0000] {logging_mixin.py:188} INFO - [2024-09-18T22:52:15.510+0000] {dagbag.py:545} INFO - Filling up the DagBag from /opt/airflow/dags/oauth_dag.py
[2024-09-18T22:52:15.518+0000] {processor.py:840} INFO - DAG(s) 'OAuth_Zoom' retrieved from /opt/airflow/dags/oauth_dag.py
[2024-09-18T22:52:15.540+0000] {logging_mixin.py:188} INFO - [2024-09-18T22:52:15.540+0000] {dag.py:3096} INFO - Sync 1 DAGs
[2024-09-18T22:52:15.557+0000] {logging_mixin.py:188} INFO - [2024-09-18T22:52:15.557+0000] {dag.py:3954} INFO - Setting next_dagrun for OAuth_Zoom to 2024-09-18 22:00:00+00:00, run_after=2024-09-18 22:30:00+00:00
[2024-09-18T22:52:15.573+0000] {processor.py:183} INFO - Processing /opt/airflow/dags/oauth_dag.py took 0.070 seconds
[2024-09-18T22:52:45.733+0000] {processor.py:161} INFO - Started process (PID=347) to work on /opt/airflow/dags/oauth_dag.py
[2024-09-18T22:52:45.743+0000] {processor.py:830} INFO - Processing file /opt/airflow/dags/oauth_dag.py for tasks to queue
[2024-09-18T22:52:45.745+0000] {logging_mixin.py:188} INFO - [2024-09-18T22:52:45.745+0000] {dagbag.py:545} INFO - Filling up the DagBag from /opt/airflow/dags/oauth_dag.py
[2024-09-18T22:52:45.754+0000] {processor.py:840} INFO - DAG(s) 'OAuth_Zoom' retrieved from /opt/airflow/dags/oauth_dag.py
[2024-09-18T22:52:45.779+0000] {logging_mixin.py:188} INFO - [2024-09-18T22:52:45.779+0000] {dag.py:3096} INFO - Sync 1 DAGs
[2024-09-18T22:52:45.795+0000] {logging_mixin.py:188} INFO - [2024-09-18T22:52:45.795+0000] {dag.py:3954} INFO - Setting next_dagrun for OAuth_Zoom to 2024-09-18 22:00:00+00:00, run_after=2024-09-18 22:30:00+00:00
[2024-09-18T22:52:45.809+0000] {processor.py:183} INFO - Processing /opt/airflow/dags/oauth_dag.py took 0.080 seconds
[2024-09-18T22:53:15.980+0000] {processor.py:161} INFO - Started process (PID=370) to work on /opt/airflow/dags/oauth_dag.py
[2024-09-18T22:53:15.981+0000] {processor.py:830} INFO - Processing file /opt/airflow/dags/oauth_dag.py for tasks to queue
[2024-09-18T22:53:15.982+0000] {logging_mixin.py:188} INFO - [2024-09-18T22:53:15.982+0000] {dagbag.py:545} INFO - Filling up the DagBag from /opt/airflow/dags/oauth_dag.py
[2024-09-18T22:53:15.991+0000] {processor.py:840} INFO - DAG(s) 'OAuth_Zoom' retrieved from /opt/airflow/dags/oauth_dag.py
[2024-09-18T22:53:16.029+0000] {logging_mixin.py:188} INFO - [2024-09-18T22:53:16.029+0000] {dag.py:3096} INFO - Sync 1 DAGs
[2024-09-18T22:53:16.061+0000] {logging_mixin.py:188} INFO - [2024-09-18T22:53:16.061+0000] {dag.py:3954} INFO - Setting next_dagrun for OAuth_Zoom to 2024-09-18 22:00:00+00:00, run_after=2024-09-18 22:30:00+00:00
[2024-09-18T22:53:16.083+0000] {processor.py:183} INFO - Processing /opt/airflow/dags/oauth_dag.py took 0.108 seconds
[2024-09-18T22:53:46.255+0000] {processor.py:161} INFO - Started process (PID=387) to work on /opt/airflow/dags/oauth_dag.py
[2024-09-18T22:53:46.264+0000] {processor.py:830} INFO - Processing file /opt/airflow/dags/oauth_dag.py for tasks to queue
[2024-09-18T22:53:46.266+0000] {logging_mixin.py:188} INFO - [2024-09-18T22:53:46.266+0000] {dagbag.py:545} INFO - Filling up the DagBag from /opt/airflow/dags/oauth_dag.py
[2024-09-18T22:53:46.273+0000] {processor.py:840} INFO - DAG(s) 'OAuth_Zoom' retrieved from /opt/airflow/dags/oauth_dag.py
[2024-09-18T22:53:46.297+0000] {logging_mixin.py:188} INFO - [2024-09-18T22:53:46.297+0000] {dag.py:3096} INFO - Sync 1 DAGs
[2024-09-18T22:53:46.313+0000] {logging_mixin.py:188} INFO - [2024-09-18T22:53:46.313+0000] {dag.py:3954} INFO - Setting next_dagrun for OAuth_Zoom to 2024-09-18 22:00:00+00:00, run_after=2024-09-18 22:30:00+00:00
[2024-09-18T22:53:46.328+0000] {processor.py:183} INFO - Processing /opt/airflow/dags/oauth_dag.py took 0.077 seconds
[2024-09-18T22:54:16.494+0000] {processor.py:161} INFO - Started process (PID=411) to work on /opt/airflow/dags/oauth_dag.py
[2024-09-18T22:54:16.497+0000] {processor.py:830} INFO - Processing file /opt/airflow/dags/oauth_dag.py for tasks to queue
[2024-09-18T22:54:16.499+0000] {logging_mixin.py:188} INFO - [2024-09-18T22:54:16.498+0000] {dagbag.py:545} INFO - Filling up the DagBag from /opt/airflow/dags/oauth_dag.py
[2024-09-18T22:54:16.508+0000] {processor.py:840} INFO - DAG(s) 'OAuth_Zoom' retrieved from /opt/airflow/dags/oauth_dag.py
[2024-09-18T22:54:16.532+0000] {logging_mixin.py:188} INFO - [2024-09-18T22:54:16.532+0000] {dag.py:3096} INFO - Sync 1 DAGs
[2024-09-18T22:54:16.548+0000] {logging_mixin.py:188} INFO - [2024-09-18T22:54:16.548+0000] {dag.py:3954} INFO - Setting next_dagrun for OAuth_Zoom to 2024-09-18 22:00:00+00:00, run_after=2024-09-18 22:30:00+00:00
[2024-09-18T22:54:16.566+0000] {processor.py:183} INFO - Processing /opt/airflow/dags/oauth_dag.py took 0.077 seconds
[2024-09-18T22:55:24.062+0000] {processor.py:161} INFO - Started process (PID=44) to work on /opt/airflow/dags/oauth_dag.py
[2024-09-18T22:55:24.063+0000] {processor.py:830} INFO - Processing file /opt/airflow/dags/oauth_dag.py for tasks to queue
[2024-09-18T22:55:24.065+0000] {logging_mixin.py:188} INFO - [2024-09-18T22:55:24.065+0000] {dagbag.py:545} INFO - Filling up the DagBag from /opt/airflow/dags/oauth_dag.py
[2024-09-18T22:55:24.089+0000] {processor.py:840} INFO - DAG(s) 'OAuth_Zoom' retrieved from /opt/airflow/dags/oauth_dag.py
[2024-09-18T22:55:24.131+0000] {logging_mixin.py:188} INFO - [2024-09-18T22:55:24.131+0000] {dag.py:3096} INFO - Sync 1 DAGs
[2024-09-18T22:55:24.166+0000] {logging_mixin.py:188} INFO - [2024-09-18T22:55:24.166+0000] {dag.py:3954} INFO - Setting next_dagrun for OAuth_Zoom to 2024-09-18 22:00:00+00:00, run_after=2024-09-18 22:30:00+00:00
[2024-09-18T22:55:24.194+0000] {processor.py:183} INFO - Processing /opt/airflow/dags/oauth_dag.py took 0.137 seconds
[2024-09-18T22:55:54.424+0000] {processor.py:161} INFO - Started process (PID=61) to work on /opt/airflow/dags/oauth_dag.py
[2024-09-18T22:55:54.433+0000] {processor.py:830} INFO - Processing file /opt/airflow/dags/oauth_dag.py for tasks to queue
[2024-09-18T22:55:54.435+0000] {logging_mixin.py:188} INFO - [2024-09-18T22:55:54.435+0000] {dagbag.py:545} INFO - Filling up the DagBag from /opt/airflow/dags/oauth_dag.py
[2024-09-18T22:55:54.441+0000] {processor.py:840} INFO - DAG(s) 'OAuth_Zoom' retrieved from /opt/airflow/dags/oauth_dag.py
[2024-09-18T22:55:54.628+0000] {logging_mixin.py:188} INFO - [2024-09-18T22:55:54.628+0000] {dag.py:3096} INFO - Sync 1 DAGs
[2024-09-18T22:55:54.645+0000] {logging_mixin.py:188} INFO - [2024-09-18T22:55:54.645+0000] {dag.py:3954} INFO - Setting next_dagrun for OAuth_Zoom to 2024-09-18 22:00:00+00:00, run_after=2024-09-18 22:30:00+00:00
[2024-09-18T22:55:54.661+0000] {processor.py:183} INFO - Processing /opt/airflow/dags/oauth_dag.py took 0.241 seconds
[2024-09-18T22:56:24.827+0000] {processor.py:161} INFO - Started process (PID=85) to work on /opt/airflow/dags/oauth_dag.py
[2024-09-18T22:56:24.829+0000] {processor.py:830} INFO - Processing file /opt/airflow/dags/oauth_dag.py for tasks to queue
[2024-09-18T22:56:24.830+0000] {logging_mixin.py:188} INFO - [2024-09-18T22:56:24.830+0000] {dagbag.py:545} INFO - Filling up the DagBag from /opt/airflow/dags/oauth_dag.py
[2024-09-18T22:56:24.838+0000] {processor.py:840} INFO - DAG(s) 'OAuth_Zoom' retrieved from /opt/airflow/dags/oauth_dag.py
[2024-09-18T22:56:24.863+0000] {logging_mixin.py:188} INFO - [2024-09-18T22:56:24.862+0000] {dag.py:3096} INFO - Sync 1 DAGs
[2024-09-18T22:56:24.879+0000] {logging_mixin.py:188} INFO - [2024-09-18T22:56:24.878+0000] {dag.py:3954} INFO - Setting next_dagrun for OAuth_Zoom to 2024-09-18 22:00:00+00:00, run_after=2024-09-18 22:30:00+00:00
[2024-09-18T22:56:24.899+0000] {processor.py:183} INFO - Processing /opt/airflow/dags/oauth_dag.py took 0.076 seconds
[2024-09-18T22:56:55.084+0000] {processor.py:161} INFO - Started process (PID=109) to work on /opt/airflow/dags/oauth_dag.py
[2024-09-18T22:56:55.095+0000] {processor.py:830} INFO - Processing file /opt/airflow/dags/oauth_dag.py for tasks to queue
[2024-09-18T22:56:55.096+0000] {logging_mixin.py:188} INFO - [2024-09-18T22:56:55.096+0000] {dagbag.py:545} INFO - Filling up the DagBag from /opt/airflow/dags/oauth_dag.py
[2024-09-18T22:56:55.104+0000] {processor.py:840} INFO - DAG(s) 'OAuth_Zoom' retrieved from /opt/airflow/dags/oauth_dag.py
[2024-09-18T22:56:55.130+0000] {logging_mixin.py:188} INFO - [2024-09-18T22:56:55.130+0000] {dag.py:3096} INFO - Sync 1 DAGs
[2024-09-18T22:56:55.152+0000] {logging_mixin.py:188} INFO - [2024-09-18T22:56:55.152+0000] {dag.py:3954} INFO - Setting next_dagrun for OAuth_Zoom to 2024-09-18 22:00:00+00:00, run_after=2024-09-18 22:30:00+00:00
[2024-09-18T22:56:55.168+0000] {processor.py:183} INFO - Processing /opt/airflow/dags/oauth_dag.py took 0.088 seconds
[2024-09-18T23:49:28.903+0000] {processor.py:161} INFO - Started process (PID=43) to work on /opt/airflow/dags/oauth_dag.py
[2024-09-18T23:49:28.905+0000] {processor.py:830} INFO - Processing file /opt/airflow/dags/oauth_dag.py for tasks to queue
[2024-09-18T23:49:28.910+0000] {logging_mixin.py:188} INFO - [2024-09-18T23:49:28.910+0000] {dagbag.py:545} INFO - Filling up the DagBag from /opt/airflow/dags/oauth_dag.py
[2024-09-18T23:49:28.962+0000] {processor.py:840} INFO - DAG(s) 'OAuth_Zoom' retrieved from /opt/airflow/dags/oauth_dag.py
[2024-09-18T23:49:29.008+0000] {logging_mixin.py:188} INFO - [2024-09-18T23:49:29.008+0000] {dag.py:3096} INFO - Sync 1 DAGs
[2024-09-18T23:49:29.046+0000] {logging_mixin.py:188} INFO - [2024-09-18T23:49:29.046+0000] {dag.py:3954} INFO - Setting next_dagrun for OAuth_Zoom to 2024-09-18 23:00:00+00:00, run_after=2024-09-18 23:30:00+00:00
[2024-09-18T23:49:29.077+0000] {processor.py:183} INFO - Processing /opt/airflow/dags/oauth_dag.py took 0.185 seconds
[2024-09-18T23:49:59.290+0000] {processor.py:161} INFO - Started process (PID=60) to work on /opt/airflow/dags/oauth_dag.py
[2024-09-18T23:49:59.292+0000] {processor.py:830} INFO - Processing file /opt/airflow/dags/oauth_dag.py for tasks to queue
[2024-09-18T23:49:59.294+0000] {logging_mixin.py:188} INFO - [2024-09-18T23:49:59.294+0000] {dagbag.py:545} INFO - Filling up the DagBag from /opt/airflow/dags/oauth_dag.py
[2024-09-18T23:49:59.331+0000] {processor.py:840} INFO - DAG(s) 'OAuth_Zoom' retrieved from /opt/airflow/dags/oauth_dag.py
[2024-09-18T23:49:59.718+0000] {logging_mixin.py:188} INFO - [2024-09-18T23:49:59.717+0000] {dag.py:3096} INFO - Sync 1 DAGs
[2024-09-18T23:49:59.737+0000] {logging_mixin.py:188} INFO - [2024-09-18T23:49:59.737+0000] {dag.py:3954} INFO - Setting next_dagrun for OAuth_Zoom to 2024-09-18 23:00:00+00:00, run_after=2024-09-18 23:30:00+00:00
[2024-09-18T23:49:59.755+0000] {processor.py:183} INFO - Processing /opt/airflow/dags/oauth_dag.py took 0.477 seconds
[2024-09-18T23:50:29.928+0000] {processor.py:161} INFO - Started process (PID=84) to work on /opt/airflow/dags/oauth_dag.py
[2024-09-18T23:50:29.930+0000] {processor.py:830} INFO - Processing file /opt/airflow/dags/oauth_dag.py for tasks to queue
[2024-09-18T23:50:29.931+0000] {logging_mixin.py:188} INFO - [2024-09-18T23:50:29.931+0000] {dagbag.py:545} INFO - Filling up the DagBag from /opt/airflow/dags/oauth_dag.py
[2024-09-18T23:50:29.944+0000] {processor.py:840} INFO - DAG(s) 'OAuth_Zoom' retrieved from /opt/airflow/dags/oauth_dag.py
[2024-09-18T23:50:29.973+0000] {logging_mixin.py:188} INFO - [2024-09-18T23:50:29.973+0000] {dag.py:3096} INFO - Sync 1 DAGs
[2024-09-18T23:50:29.995+0000] {logging_mixin.py:188} INFO - [2024-09-18T23:50:29.994+0000] {dag.py:3954} INFO - Setting next_dagrun for OAuth_Zoom to 2024-09-18 23:00:00+00:00, run_after=2024-09-18 23:30:00+00:00
[2024-09-18T23:50:30.013+0000] {processor.py:183} INFO - Processing /opt/airflow/dags/oauth_dag.py took 0.090 seconds
[2024-09-18T23:51:00.212+0000] {processor.py:161} INFO - Started process (PID=101) to work on /opt/airflow/dags/oauth_dag.py
[2024-09-18T23:51:00.221+0000] {processor.py:830} INFO - Processing file /opt/airflow/dags/oauth_dag.py for tasks to queue
[2024-09-18T23:51:00.223+0000] {logging_mixin.py:188} INFO - [2024-09-18T23:51:00.222+0000] {dagbag.py:545} INFO - Filling up the DagBag from /opt/airflow/dags/oauth_dag.py
[2024-09-18T23:51:00.229+0000] {processor.py:840} INFO - DAG(s) 'OAuth_Zoom' retrieved from /opt/airflow/dags/oauth_dag.py
[2024-09-18T23:51:00.252+0000] {logging_mixin.py:188} INFO - [2024-09-18T23:51:00.252+0000] {dag.py:3096} INFO - Sync 1 DAGs
[2024-09-18T23:51:00.268+0000] {logging_mixin.py:188} INFO - [2024-09-18T23:51:00.268+0000] {dag.py:3954} INFO - Setting next_dagrun for OAuth_Zoom to 2024-09-18 23:00:00+00:00, run_after=2024-09-18 23:30:00+00:00
[2024-09-18T23:51:00.284+0000] {processor.py:183} INFO - Processing /opt/airflow/dags/oauth_dag.py took 0.077 seconds
[2024-09-18T23:51:30.457+0000] {processor.py:161} INFO - Started process (PID=125) to work on /opt/airflow/dags/oauth_dag.py
[2024-09-18T23:51:30.467+0000] {processor.py:830} INFO - Processing file /opt/airflow/dags/oauth_dag.py for tasks to queue
[2024-09-18T23:51:30.468+0000] {logging_mixin.py:188} INFO - [2024-09-18T23:51:30.468+0000] {dagbag.py:545} INFO - Filling up the DagBag from /opt/airflow/dags/oauth_dag.py
[2024-09-18T23:51:30.476+0000] {processor.py:840} INFO - DAG(s) 'OAuth_Zoom' retrieved from /opt/airflow/dags/oauth_dag.py
[2024-09-18T23:51:30.501+0000] {logging_mixin.py:188} INFO - [2024-09-18T23:51:30.501+0000] {dag.py:3096} INFO - Sync 1 DAGs
[2024-09-18T23:51:30.517+0000] {logging_mixin.py:188} INFO - [2024-09-18T23:51:30.517+0000] {dag.py:3954} INFO - Setting next_dagrun for OAuth_Zoom to 2024-09-18 23:00:00+00:00, run_after=2024-09-18 23:30:00+00:00
[2024-09-18T23:51:30.535+0000] {processor.py:183} INFO - Processing /opt/airflow/dags/oauth_dag.py took 0.084 seconds
[2024-09-18T23:52:00.709+0000] {processor.py:161} INFO - Started process (PID=142) to work on /opt/airflow/dags/oauth_dag.py
[2024-09-18T23:52:00.710+0000] {processor.py:830} INFO - Processing file /opt/airflow/dags/oauth_dag.py for tasks to queue
[2024-09-18T23:52:00.712+0000] {logging_mixin.py:188} INFO - [2024-09-18T23:52:00.712+0000] {dagbag.py:545} INFO - Filling up the DagBag from /opt/airflow/dags/oauth_dag.py
[2024-09-18T23:52:00.728+0000] {processor.py:840} INFO - DAG(s) 'OAuth_Zoom' retrieved from /opt/airflow/dags/oauth_dag.py
[2024-09-18T23:52:00.755+0000] {logging_mixin.py:188} INFO - [2024-09-18T23:52:00.755+0000] {dag.py:3096} INFO - Sync 1 DAGs
[2024-09-18T23:52:00.774+0000] {logging_mixin.py:188} INFO - [2024-09-18T23:52:00.773+0000] {dag.py:3954} INFO - Setting next_dagrun for OAuth_Zoom to 2024-09-18 23:00:00+00:00, run_after=2024-09-18 23:30:00+00:00
[2024-09-18T23:52:00.789+0000] {processor.py:183} INFO - Processing /opt/airflow/dags/oauth_dag.py took 0.084 seconds
[2024-09-18T23:52:30.960+0000] {processor.py:161} INFO - Started process (PID=165) to work on /opt/airflow/dags/oauth_dag.py
[2024-09-18T23:52:30.961+0000] {processor.py:830} INFO - Processing file /opt/airflow/dags/oauth_dag.py for tasks to queue
[2024-09-18T23:52:30.963+0000] {logging_mixin.py:188} INFO - [2024-09-18T23:52:30.962+0000] {dagbag.py:545} INFO - Filling up the DagBag from /opt/airflow/dags/oauth_dag.py
[2024-09-18T23:52:30.970+0000] {processor.py:840} INFO - DAG(s) 'OAuth_Zoom' retrieved from /opt/airflow/dags/oauth_dag.py
[2024-09-18T23:52:30.994+0000] {logging_mixin.py:188} INFO - [2024-09-18T23:52:30.994+0000] {dag.py:3096} INFO - Sync 1 DAGs
[2024-09-18T23:52:31.011+0000] {logging_mixin.py:188} INFO - [2024-09-18T23:52:31.010+0000] {dag.py:3954} INFO - Setting next_dagrun for OAuth_Zoom to 2024-09-18 23:00:00+00:00, run_after=2024-09-18 23:30:00+00:00
[2024-09-18T23:52:31.026+0000] {processor.py:183} INFO - Processing /opt/airflow/dags/oauth_dag.py took 0.070 seconds
[2024-09-18T23:53:01.234+0000] {processor.py:161} INFO - Started process (PID=182) to work on /opt/airflow/dags/oauth_dag.py
[2024-09-18T23:53:01.244+0000] {processor.py:830} INFO - Processing file /opt/airflow/dags/oauth_dag.py for tasks to queue
[2024-09-18T23:53:01.246+0000] {logging_mixin.py:188} INFO - [2024-09-18T23:53:01.245+0000] {dagbag.py:545} INFO - Filling up the DagBag from /opt/airflow/dags/oauth_dag.py
[2024-09-18T23:53:01.253+0000] {processor.py:840} INFO - DAG(s) 'OAuth_Zoom' retrieved from /opt/airflow/dags/oauth_dag.py
[2024-09-18T23:53:01.279+0000] {logging_mixin.py:188} INFO - [2024-09-18T23:53:01.279+0000] {dag.py:3096} INFO - Sync 1 DAGs
[2024-09-18T23:53:01.296+0000] {logging_mixin.py:188} INFO - [2024-09-18T23:53:01.296+0000] {dag.py:3954} INFO - Setting next_dagrun for OAuth_Zoom to 2024-09-18 23:00:00+00:00, run_after=2024-09-18 23:30:00+00:00
[2024-09-18T23:53:01.313+0000] {processor.py:183} INFO - Processing /opt/airflow/dags/oauth_dag.py took 0.083 seconds
[2024-09-18T23:53:31.534+0000] {processor.py:161} INFO - Started process (PID=206) to work on /opt/airflow/dags/oauth_dag.py
[2024-09-18T23:53:31.540+0000] {processor.py:830} INFO - Processing file /opt/airflow/dags/oauth_dag.py for tasks to queue
[2024-09-18T23:53:31.545+0000] {logging_mixin.py:188} INFO - [2024-09-18T23:53:31.545+0000] {dagbag.py:545} INFO - Filling up the DagBag from /opt/airflow/dags/oauth_dag.py
[2024-09-18T23:53:31.570+0000] {processor.py:840} INFO - DAG(s) 'OAuth_Zoom' retrieved from /opt/airflow/dags/oauth_dag.py
[2024-09-18T23:53:31.973+0000] {logging_mixin.py:188} INFO - [2024-09-18T23:53:31.973+0000] {dag.py:3096} INFO - Sync 1 DAGs
[2024-09-18T23:53:32.022+0000] {logging_mixin.py:188} INFO - [2024-09-18T23:53:32.022+0000] {dag.py:3954} INFO - Setting next_dagrun for OAuth_Zoom to 2024-09-18 23:00:00+00:00, run_after=2024-09-18 23:30:00+00:00
[2024-09-18T23:53:32.040+0000] {processor.py:183} INFO - Processing /opt/airflow/dags/oauth_dag.py took 0.536 seconds
[2024-09-18T23:54:02.223+0000] {processor.py:161} INFO - Started process (PID=223) to work on /opt/airflow/dags/oauth_dag.py
[2024-09-18T23:54:02.232+0000] {processor.py:830} INFO - Processing file /opt/airflow/dags/oauth_dag.py for tasks to queue
[2024-09-18T23:54:02.234+0000] {logging_mixin.py:188} INFO - [2024-09-18T23:54:02.233+0000] {dagbag.py:545} INFO - Filling up the DagBag from /opt/airflow/dags/oauth_dag.py
[2024-09-18T23:54:02.243+0000] {processor.py:840} INFO - DAG(s) 'OAuth_Zoom' retrieved from /opt/airflow/dags/oauth_dag.py
[2024-09-18T23:54:02.297+0000] {logging_mixin.py:188} INFO - [2024-09-18T23:54:02.296+0000] {dag.py:3096} INFO - Sync 1 DAGs
[2024-09-18T23:54:02.359+0000] {logging_mixin.py:188} INFO - [2024-09-18T23:54:02.359+0000] {dag.py:3954} INFO - Setting next_dagrun for OAuth_Zoom to 2024-09-18 23:00:00+00:00, run_after=2024-09-18 23:30:00+00:00
[2024-09-18T23:54:02.391+0000] {processor.py:183} INFO - Processing /opt/airflow/dags/oauth_dag.py took 0.172 seconds
[2024-09-18T23:54:32.572+0000] {processor.py:161} INFO - Started process (PID=247) to work on /opt/airflow/dags/oauth_dag.py
[2024-09-18T23:54:32.574+0000] {processor.py:830} INFO - Processing file /opt/airflow/dags/oauth_dag.py for tasks to queue
[2024-09-18T23:54:32.576+0000] {logging_mixin.py:188} INFO - [2024-09-18T23:54:32.576+0000] {dagbag.py:545} INFO - Filling up the DagBag from /opt/airflow/dags/oauth_dag.py
[2024-09-18T23:54:32.590+0000] {processor.py:840} INFO - DAG(s) 'OAuth_Zoom' retrieved from /opt/airflow/dags/oauth_dag.py
[2024-09-18T23:54:32.671+0000] {logging_mixin.py:188} INFO - [2024-09-18T23:54:32.671+0000] {dag.py:3096} INFO - Sync 1 DAGs
[2024-09-18T23:54:32.729+0000] {logging_mixin.py:188} INFO - [2024-09-18T23:54:32.728+0000] {dag.py:3954} INFO - Setting next_dagrun for OAuth_Zoom to 2024-09-18 23:00:00+00:00, run_after=2024-09-18 23:30:00+00:00
[2024-09-18T23:54:32.778+0000] {processor.py:183} INFO - Processing /opt/airflow/dags/oauth_dag.py took 0.213 seconds
[2024-09-18T23:55:02.961+0000] {processor.py:161} INFO - Started process (PID=264) to work on /opt/airflow/dags/oauth_dag.py
[2024-09-18T23:55:02.971+0000] {processor.py:830} INFO - Processing file /opt/airflow/dags/oauth_dag.py for tasks to queue
[2024-09-18T23:55:02.972+0000] {logging_mixin.py:188} INFO - [2024-09-18T23:55:02.972+0000] {dagbag.py:545} INFO - Filling up the DagBag from /opt/airflow/dags/oauth_dag.py
[2024-09-18T23:55:02.979+0000] {processor.py:840} INFO - DAG(s) 'OAuth_Zoom' retrieved from /opt/airflow/dags/oauth_dag.py
[2024-09-18T23:55:03.001+0000] {logging_mixin.py:188} INFO - [2024-09-18T23:55:03.001+0000] {dag.py:3096} INFO - Sync 1 DAGs
[2024-09-18T23:55:03.018+0000] {logging_mixin.py:188} INFO - [2024-09-18T23:55:03.018+0000] {dag.py:3954} INFO - Setting next_dagrun for OAuth_Zoom to 2024-09-18 23:00:00+00:00, run_after=2024-09-18 23:30:00+00:00
[2024-09-18T23:55:03.030+0000] {processor.py:183} INFO - Processing /opt/airflow/dags/oauth_dag.py took 0.074 seconds
