[2024-09-18T21:57:53.883+0000] {processor.py:161} INFO - Started process (PID=46) to work on /opt/airflow/dags/sample_dag.py
[2024-09-18T21:57:53.884+0000] {processor.py:830} INFO - Processing file /opt/airflow/dags/sample_dag.py for tasks to queue
[2024-09-18T21:57:53.886+0000] {logging_mixin.py:188} INFO - [2024-09-18T21:57:53.886+0000] {dagbag.py:545} INFO - Filling up the DagBag from /opt/airflow/dags/sample_dag.py
[2024-09-18T21:57:53.895+0000] {processor.py:840} INFO - DAG(s) 'xcom_guess' retrieved from /opt/airflow/dags/sample_dag.py
[2024-09-18T21:57:53.912+0000] {logging_mixin.py:188} INFO - [2024-09-18T21:57:53.912+0000] {dag.py:3096} INFO - Sync 1 DAGs
[2024-09-18T21:57:53.991+0000] {logging_mixin.py:188} INFO - [2024-09-18T21:57:53.991+0000] {dag.py:3954} INFO - Setting next_dagrun for xcom_guess to 2023-03-04 10:35:00+00:00, run_after=2023-03-04 10:40:00+00:00
[2024-09-18T21:57:54.037+0000] {processor.py:183} INFO - Processing /opt/airflow/dags/sample_dag.py took 0.160 seconds
[2024-09-18T21:58:24.314+0000] {processor.py:161} INFO - Started process (PID=62) to work on /opt/airflow/dags/sample_dag.py
[2024-09-18T21:58:24.315+0000] {processor.py:830} INFO - Processing file /opt/airflow/dags/sample_dag.py for tasks to queue
[2024-09-18T21:58:24.316+0000] {logging_mixin.py:188} INFO - [2024-09-18T21:58:24.316+0000] {dagbag.py:545} INFO - Filling up the DagBag from /opt/airflow/dags/sample_dag.py
[2024-09-18T21:58:24.322+0000] {processor.py:840} INFO - DAG(s) 'xcom_guess' retrieved from /opt/airflow/dags/sample_dag.py
[2024-09-18T21:58:24.403+0000] {logging_mixin.py:188} INFO - [2024-09-18T21:58:24.402+0000] {dag.py:3096} INFO - Sync 1 DAGs
[2024-09-18T21:58:24.422+0000] {logging_mixin.py:188} INFO - [2024-09-18T21:58:24.421+0000] {dag.py:3954} INFO - Setting next_dagrun for xcom_guess to 2023-03-04 10:35:00+00:00, run_after=2023-03-04 10:40:00+00:00
[2024-09-18T21:58:24.437+0000] {processor.py:183} INFO - Processing /opt/airflow/dags/sample_dag.py took 0.127 seconds
[2024-09-18T21:58:54.618+0000] {processor.py:161} INFO - Started process (PID=86) to work on /opt/airflow/dags/sample_dag.py
[2024-09-18T21:58:54.619+0000] {processor.py:830} INFO - Processing file /opt/airflow/dags/sample_dag.py for tasks to queue
[2024-09-18T21:58:54.621+0000] {logging_mixin.py:188} INFO - [2024-09-18T21:58:54.620+0000] {dagbag.py:545} INFO - Filling up the DagBag from /opt/airflow/dags/sample_dag.py
[2024-09-18T21:58:54.627+0000] {processor.py:840} INFO - DAG(s) 'xcom_guess' retrieved from /opt/airflow/dags/sample_dag.py
[2024-09-18T21:58:54.669+0000] {logging_mixin.py:188} INFO - [2024-09-18T21:58:54.668+0000] {dag.py:3096} INFO - Sync 1 DAGs
[2024-09-18T21:58:54.691+0000] {logging_mixin.py:188} INFO - [2024-09-18T21:58:54.691+0000] {dag.py:3954} INFO - Setting next_dagrun for xcom_guess to 2023-03-04 10:35:00+00:00, run_after=2023-03-04 10:40:00+00:00
[2024-09-18T21:58:54.716+0000] {processor.py:183} INFO - Processing /opt/airflow/dags/sample_dag.py took 0.104 seconds
[2024-09-18T21:59:24.875+0000] {processor.py:161} INFO - Started process (PID=103) to work on /opt/airflow/dags/sample_dag.py
[2024-09-18T21:59:24.876+0000] {processor.py:830} INFO - Processing file /opt/airflow/dags/sample_dag.py for tasks to queue
[2024-09-18T21:59:24.877+0000] {logging_mixin.py:188} INFO - [2024-09-18T21:59:24.877+0000] {dagbag.py:545} INFO - Filling up the DagBag from /opt/airflow/dags/sample_dag.py
[2024-09-18T21:59:24.882+0000] {processor.py:840} INFO - DAG(s) 'xcom_guess' retrieved from /opt/airflow/dags/sample_dag.py
[2024-09-18T21:59:24.905+0000] {logging_mixin.py:188} INFO - [2024-09-18T21:59:24.905+0000] {dag.py:3096} INFO - Sync 1 DAGs
[2024-09-18T21:59:24.919+0000] {logging_mixin.py:188} INFO - [2024-09-18T21:59:24.919+0000] {dag.py:3954} INFO - Setting next_dagrun for xcom_guess to 2023-03-04 10:35:00+00:00, run_after=2023-03-04 10:40:00+00:00
[2024-09-18T21:59:24.933+0000] {processor.py:183} INFO - Processing /opt/airflow/dags/sample_dag.py took 0.063 seconds
[2024-09-18T21:59:55.464+0000] {processor.py:161} INFO - Started process (PID=127) to work on /opt/airflow/dags/sample_dag.py
[2024-09-18T21:59:55.465+0000] {processor.py:830} INFO - Processing file /opt/airflow/dags/sample_dag.py for tasks to queue
[2024-09-18T21:59:55.468+0000] {logging_mixin.py:188} INFO - [2024-09-18T21:59:55.467+0000] {dagbag.py:545} INFO - Filling up the DagBag from /opt/airflow/dags/sample_dag.py
[2024-09-18T21:59:55.478+0000] {processor.py:840} INFO - DAG(s) 'xcom_guess' retrieved from /opt/airflow/dags/sample_dag.py
[2024-09-18T21:59:55.542+0000] {logging_mixin.py:188} INFO - [2024-09-18T21:59:55.542+0000] {dag.py:3096} INFO - Sync 1 DAGs
[2024-09-18T21:59:55.580+0000] {logging_mixin.py:188} INFO - [2024-09-18T21:59:55.579+0000] {dag.py:3954} INFO - Setting next_dagrun for xcom_guess to 2023-03-04 10:35:00+00:00, run_after=2023-03-04 10:40:00+00:00
[2024-09-18T21:59:55.609+0000] {processor.py:183} INFO - Processing /opt/airflow/dags/sample_dag.py took 0.153 seconds
[2024-09-18T22:00:25.708+0000] {processor.py:161} INFO - Started process (PID=144) to work on /opt/airflow/dags/sample_dag.py
[2024-09-18T22:00:25.710+0000] {processor.py:830} INFO - Processing file /opt/airflow/dags/sample_dag.py for tasks to queue
[2024-09-18T22:00:25.711+0000] {logging_mixin.py:188} INFO - [2024-09-18T22:00:25.711+0000] {dagbag.py:545} INFO - Filling up the DagBag from /opt/airflow/dags/sample_dag.py
[2024-09-18T22:00:25.716+0000] {processor.py:840} INFO - DAG(s) 'xcom_guess' retrieved from /opt/airflow/dags/sample_dag.py
[2024-09-18T22:00:25.739+0000] {logging_mixin.py:188} INFO - [2024-09-18T22:00:25.739+0000] {dag.py:3096} INFO - Sync 1 DAGs
[2024-09-18T22:00:25.755+0000] {logging_mixin.py:188} INFO - [2024-09-18T22:00:25.754+0000] {dag.py:3954} INFO - Setting next_dagrun for xcom_guess to 2023-03-04 10:35:00+00:00, run_after=2023-03-04 10:40:00+00:00
[2024-09-18T22:00:25.771+0000] {processor.py:183} INFO - Processing /opt/airflow/dags/sample_dag.py took 0.066 seconds
[2024-09-18T22:00:55.964+0000] {processor.py:161} INFO - Started process (PID=161) to work on /opt/airflow/dags/sample_dag.py
[2024-09-18T22:00:55.965+0000] {processor.py:830} INFO - Processing file /opt/airflow/dags/sample_dag.py for tasks to queue
[2024-09-18T22:00:55.966+0000] {logging_mixin.py:188} INFO - [2024-09-18T22:00:55.966+0000] {dagbag.py:545} INFO - Filling up the DagBag from /opt/airflow/dags/sample_dag.py
[2024-09-18T22:00:55.973+0000] {processor.py:840} INFO - DAG(s) 'xcom_guess' retrieved from /opt/airflow/dags/sample_dag.py
[2024-09-18T22:00:55.995+0000] {logging_mixin.py:188} INFO - [2024-09-18T22:00:55.994+0000] {dag.py:3096} INFO - Sync 1 DAGs
[2024-09-18T22:00:56.011+0000] {logging_mixin.py:188} INFO - [2024-09-18T22:00:56.010+0000] {dag.py:3954} INFO - Setting next_dagrun for xcom_guess to 2023-03-04 10:35:00+00:00, run_after=2023-03-04 10:40:00+00:00
[2024-09-18T22:00:56.023+0000] {processor.py:183} INFO - Processing /opt/airflow/dags/sample_dag.py took 0.064 seconds
[2024-09-18T22:01:26.210+0000] {processor.py:161} INFO - Started process (PID=185) to work on /opt/airflow/dags/sample_dag.py
[2024-09-18T22:01:26.211+0000] {processor.py:830} INFO - Processing file /opt/airflow/dags/sample_dag.py for tasks to queue
[2024-09-18T22:01:26.213+0000] {logging_mixin.py:188} INFO - [2024-09-18T22:01:26.213+0000] {dagbag.py:545} INFO - Filling up the DagBag from /opt/airflow/dags/sample_dag.py
[2024-09-18T22:01:26.220+0000] {processor.py:840} INFO - DAG(s) 'xcom_guess' retrieved from /opt/airflow/dags/sample_dag.py
[2024-09-18T22:01:26.241+0000] {logging_mixin.py:188} INFO - [2024-09-18T22:01:26.241+0000] {dag.py:3096} INFO - Sync 1 DAGs
[2024-09-18T22:01:26.257+0000] {logging_mixin.py:188} INFO - [2024-09-18T22:01:26.257+0000] {dag.py:3954} INFO - Setting next_dagrun for xcom_guess to 2023-03-04 10:35:00+00:00, run_after=2023-03-04 10:40:00+00:00
[2024-09-18T22:01:26.272+0000] {processor.py:183} INFO - Processing /opt/airflow/dags/sample_dag.py took 0.068 seconds
[2024-09-18T22:01:56.455+0000] {processor.py:161} INFO - Started process (PID=202) to work on /opt/airflow/dags/sample_dag.py
[2024-09-18T22:01:56.456+0000] {processor.py:830} INFO - Processing file /opt/airflow/dags/sample_dag.py for tasks to queue
[2024-09-18T22:01:56.458+0000] {logging_mixin.py:188} INFO - [2024-09-18T22:01:56.457+0000] {dagbag.py:545} INFO - Filling up the DagBag from /opt/airflow/dags/sample_dag.py
[2024-09-18T22:01:56.463+0000] {processor.py:840} INFO - DAG(s) 'xcom_guess' retrieved from /opt/airflow/dags/sample_dag.py
[2024-09-18T22:01:56.485+0000] {logging_mixin.py:188} INFO - [2024-09-18T22:01:56.484+0000] {dag.py:3096} INFO - Sync 1 DAGs
[2024-09-18T22:01:56.500+0000] {logging_mixin.py:188} INFO - [2024-09-18T22:01:56.500+0000] {dag.py:3954} INFO - Setting next_dagrun for xcom_guess to 2023-03-04 10:35:00+00:00, run_after=2023-03-04 10:40:00+00:00
[2024-09-18T22:01:56.512+0000] {processor.py:183} INFO - Processing /opt/airflow/dags/sample_dag.py took 0.061 seconds
[2024-09-18T22:02:26.711+0000] {processor.py:161} INFO - Started process (PID=226) to work on /opt/airflow/dags/sample_dag.py
[2024-09-18T22:02:26.712+0000] {processor.py:830} INFO - Processing file /opt/airflow/dags/sample_dag.py for tasks to queue
[2024-09-18T22:02:26.714+0000] {logging_mixin.py:188} INFO - [2024-09-18T22:02:26.714+0000] {dagbag.py:545} INFO - Filling up the DagBag from /opt/airflow/dags/sample_dag.py
[2024-09-18T22:02:26.721+0000] {processor.py:840} INFO - DAG(s) 'xcom_guess' retrieved from /opt/airflow/dags/sample_dag.py
[2024-09-18T22:02:26.744+0000] {logging_mixin.py:188} INFO - [2024-09-18T22:02:26.744+0000] {dag.py:3096} INFO - Sync 1 DAGs
[2024-09-18T22:02:26.761+0000] {logging_mixin.py:188} INFO - [2024-09-18T22:02:26.761+0000] {dag.py:3954} INFO - Setting next_dagrun for xcom_guess to 2023-03-04 10:35:00+00:00, run_after=2023-03-04 10:40:00+00:00
[2024-09-18T22:02:26.777+0000] {processor.py:183} INFO - Processing /opt/airflow/dags/sample_dag.py took 0.072 seconds
[2024-09-18T22:02:56.977+0000] {processor.py:161} INFO - Started process (PID=243) to work on /opt/airflow/dags/sample_dag.py
[2024-09-18T22:02:56.978+0000] {processor.py:830} INFO - Processing file /opt/airflow/dags/sample_dag.py for tasks to queue
[2024-09-18T22:02:56.979+0000] {logging_mixin.py:188} INFO - [2024-09-18T22:02:56.979+0000] {dagbag.py:545} INFO - Filling up the DagBag from /opt/airflow/dags/sample_dag.py
[2024-09-18T22:02:56.985+0000] {processor.py:840} INFO - DAG(s) 'xcom_guess' retrieved from /opt/airflow/dags/sample_dag.py
[2024-09-18T22:02:57.009+0000] {logging_mixin.py:188} INFO - [2024-09-18T22:02:57.009+0000] {dag.py:3096} INFO - Sync 1 DAGs
[2024-09-18T22:02:57.026+0000] {logging_mixin.py:188} INFO - [2024-09-18T22:02:57.026+0000] {dag.py:3954} INFO - Setting next_dagrun for xcom_guess to 2023-03-04 10:35:00+00:00, run_after=2023-03-04 10:40:00+00:00
[2024-09-18T22:02:57.042+0000] {processor.py:183} INFO - Processing /opt/airflow/dags/sample_dag.py took 0.070 seconds
[2024-09-18T22:03:27.230+0000] {processor.py:161} INFO - Started process (PID=267) to work on /opt/airflow/dags/sample_dag.py
[2024-09-18T22:03:27.231+0000] {processor.py:830} INFO - Processing file /opt/airflow/dags/sample_dag.py for tasks to queue
[2024-09-18T22:03:27.233+0000] {logging_mixin.py:188} INFO - [2024-09-18T22:03:27.232+0000] {dagbag.py:545} INFO - Filling up the DagBag from /opt/airflow/dags/sample_dag.py
[2024-09-18T22:03:27.239+0000] {processor.py:840} INFO - DAG(s) 'xcom_guess' retrieved from /opt/airflow/dags/sample_dag.py
[2024-09-18T22:03:27.270+0000] {logging_mixin.py:188} INFO - [2024-09-18T22:03:27.269+0000] {dag.py:3096} INFO - Sync 1 DAGs
[2024-09-18T22:03:27.287+0000] {logging_mixin.py:188} INFO - [2024-09-18T22:03:27.286+0000] {dag.py:3954} INFO - Setting next_dagrun for xcom_guess to 2023-03-04 10:35:00+00:00, run_after=2023-03-04 10:40:00+00:00
[2024-09-18T22:03:27.300+0000] {processor.py:183} INFO - Processing /opt/airflow/dags/sample_dag.py took 0.076 seconds
[2024-09-18T22:03:57.475+0000] {processor.py:161} INFO - Started process (PID=284) to work on /opt/airflow/dags/sample_dag.py
[2024-09-18T22:03:57.476+0000] {processor.py:830} INFO - Processing file /opt/airflow/dags/sample_dag.py for tasks to queue
[2024-09-18T22:03:57.478+0000] {logging_mixin.py:188} INFO - [2024-09-18T22:03:57.477+0000] {dagbag.py:545} INFO - Filling up the DagBag from /opt/airflow/dags/sample_dag.py
[2024-09-18T22:03:57.485+0000] {processor.py:840} INFO - DAG(s) 'xcom_guess' retrieved from /opt/airflow/dags/sample_dag.py
[2024-09-18T22:03:57.507+0000] {logging_mixin.py:188} INFO - [2024-09-18T22:03:57.507+0000] {dag.py:3096} INFO - Sync 1 DAGs
[2024-09-18T22:03:57.521+0000] {logging_mixin.py:188} INFO - [2024-09-18T22:03:57.521+0000] {dag.py:3954} INFO - Setting next_dagrun for xcom_guess to 2023-03-04 10:35:00+00:00, run_after=2023-03-04 10:40:00+00:00
[2024-09-18T22:03:57.535+0000] {processor.py:183} INFO - Processing /opt/airflow/dags/sample_dag.py took 0.065 seconds
[2024-09-18T22:04:27.715+0000] {processor.py:161} INFO - Started process (PID=307) to work on /opt/airflow/dags/sample_dag.py
[2024-09-18T22:04:27.715+0000] {processor.py:830} INFO - Processing file /opt/airflow/dags/sample_dag.py for tasks to queue
[2024-09-18T22:04:27.717+0000] {logging_mixin.py:188} INFO - [2024-09-18T22:04:27.716+0000] {dagbag.py:545} INFO - Filling up the DagBag from /opt/airflow/dags/sample_dag.py
[2024-09-18T22:04:27.723+0000] {processor.py:840} INFO - DAG(s) 'xcom_guess' retrieved from /opt/airflow/dags/sample_dag.py
[2024-09-18T22:04:27.757+0000] {logging_mixin.py:188} INFO - [2024-09-18T22:04:27.756+0000] {dag.py:3096} INFO - Sync 1 DAGs
[2024-09-18T22:04:27.773+0000] {logging_mixin.py:188} INFO - [2024-09-18T22:04:27.773+0000] {dag.py:3954} INFO - Setting next_dagrun for xcom_guess to 2023-03-04 10:35:00+00:00, run_after=2023-03-04 10:40:00+00:00
[2024-09-18T22:04:27.787+0000] {processor.py:183} INFO - Processing /opt/airflow/dags/sample_dag.py took 0.078 seconds
[2024-09-18T22:04:57.940+0000] {processor.py:161} INFO - Started process (PID=324) to work on /opt/airflow/dags/sample_dag.py
[2024-09-18T22:04:57.941+0000] {processor.py:830} INFO - Processing file /opt/airflow/dags/sample_dag.py for tasks to queue
[2024-09-18T22:04:57.942+0000] {logging_mixin.py:188} INFO - [2024-09-18T22:04:57.942+0000] {dagbag.py:545} INFO - Filling up the DagBag from /opt/airflow/dags/sample_dag.py
[2024-09-18T22:04:57.948+0000] {processor.py:840} INFO - DAG(s) 'xcom_guess' retrieved from /opt/airflow/dags/sample_dag.py
[2024-09-18T22:04:57.970+0000] {logging_mixin.py:188} INFO - [2024-09-18T22:04:57.970+0000] {dag.py:3096} INFO - Sync 1 DAGs
[2024-09-18T22:04:57.985+0000] {logging_mixin.py:188} INFO - [2024-09-18T22:04:57.985+0000] {dag.py:3954} INFO - Setting next_dagrun for xcom_guess to 2023-03-04 10:35:00+00:00, run_after=2023-03-04 10:40:00+00:00
[2024-09-18T22:04:57.999+0000] {processor.py:183} INFO - Processing /opt/airflow/dags/sample_dag.py took 0.065 seconds
[2024-09-18T22:05:28.175+0000] {processor.py:161} INFO - Started process (PID=349) to work on /opt/airflow/dags/sample_dag.py
[2024-09-18T22:05:28.176+0000] {processor.py:830} INFO - Processing file /opt/airflow/dags/sample_dag.py for tasks to queue
[2024-09-18T22:05:28.177+0000] {logging_mixin.py:188} INFO - [2024-09-18T22:05:28.177+0000] {dagbag.py:545} INFO - Filling up the DagBag from /opt/airflow/dags/sample_dag.py
[2024-09-18T22:05:28.184+0000] {processor.py:840} INFO - DAG(s) 'xcom_guess' retrieved from /opt/airflow/dags/sample_dag.py
[2024-09-18T22:05:28.208+0000] {logging_mixin.py:188} INFO - [2024-09-18T22:05:28.207+0000] {dag.py:3096} INFO - Sync 1 DAGs
[2024-09-18T22:05:28.224+0000] {logging_mixin.py:188} INFO - [2024-09-18T22:05:28.223+0000] {dag.py:3954} INFO - Setting next_dagrun for xcom_guess to 2023-03-04 10:35:00+00:00, run_after=2023-03-04 10:40:00+00:00
[2024-09-18T22:05:28.240+0000] {processor.py:183} INFO - Processing /opt/airflow/dags/sample_dag.py took 0.070 seconds
[2024-09-18T22:05:58.474+0000] {processor.py:161} INFO - Started process (PID=366) to work on /opt/airflow/dags/sample_dag.py
[2024-09-18T22:05:58.476+0000] {processor.py:830} INFO - Processing file /opt/airflow/dags/sample_dag.py for tasks to queue
[2024-09-18T22:05:58.478+0000] {logging_mixin.py:188} INFO - [2024-09-18T22:05:58.477+0000] {dagbag.py:545} INFO - Filling up the DagBag from /opt/airflow/dags/sample_dag.py
[2024-09-18T22:05:58.487+0000] {processor.py:840} INFO - DAG(s) 'xcom_guess' retrieved from /opt/airflow/dags/sample_dag.py
[2024-09-18T22:05:58.515+0000] {logging_mixin.py:188} INFO - [2024-09-18T22:05:58.514+0000] {dag.py:3096} INFO - Sync 1 DAGs
[2024-09-18T22:05:58.532+0000] {logging_mixin.py:188} INFO - [2024-09-18T22:05:58.532+0000] {dag.py:3954} INFO - Setting next_dagrun for xcom_guess to 2023-03-04 10:35:00+00:00, run_after=2023-03-04 10:40:00+00:00
[2024-09-18T22:05:58.548+0000] {processor.py:183} INFO - Processing /opt/airflow/dags/sample_dag.py took 0.079 seconds
[2024-09-18T22:06:28.724+0000] {processor.py:161} INFO - Started process (PID=390) to work on /opt/airflow/dags/sample_dag.py
[2024-09-18T22:06:28.725+0000] {processor.py:830} INFO - Processing file /opt/airflow/dags/sample_dag.py for tasks to queue
[2024-09-18T22:06:28.727+0000] {logging_mixin.py:188} INFO - [2024-09-18T22:06:28.726+0000] {dagbag.py:545} INFO - Filling up the DagBag from /opt/airflow/dags/sample_dag.py
[2024-09-18T22:06:28.737+0000] {processor.py:840} INFO - DAG(s) 'xcom_guess' retrieved from /opt/airflow/dags/sample_dag.py
[2024-09-18T22:06:28.764+0000] {logging_mixin.py:188} INFO - [2024-09-18T22:06:28.764+0000] {dag.py:3096} INFO - Sync 1 DAGs
[2024-09-18T22:06:28.781+0000] {logging_mixin.py:188} INFO - [2024-09-18T22:06:28.781+0000] {dag.py:3954} INFO - Setting next_dagrun for xcom_guess to 2023-03-04 10:35:00+00:00, run_after=2023-03-04 10:40:00+00:00
[2024-09-18T22:06:28.796+0000] {processor.py:183} INFO - Processing /opt/airflow/dags/sample_dag.py took 0.077 seconds
[2024-09-18T22:06:58.961+0000] {processor.py:161} INFO - Started process (PID=407) to work on /opt/airflow/dags/sample_dag.py
[2024-09-18T22:06:58.962+0000] {processor.py:830} INFO - Processing file /opt/airflow/dags/sample_dag.py for tasks to queue
[2024-09-18T22:06:58.963+0000] {logging_mixin.py:188} INFO - [2024-09-18T22:06:58.963+0000] {dagbag.py:545} INFO - Filling up the DagBag from /opt/airflow/dags/sample_dag.py
[2024-09-18T22:06:58.969+0000] {processor.py:840} INFO - DAG(s) 'xcom_guess' retrieved from /opt/airflow/dags/sample_dag.py
[2024-09-18T22:06:58.992+0000] {logging_mixin.py:188} INFO - [2024-09-18T22:06:58.991+0000] {dag.py:3096} INFO - Sync 1 DAGs
[2024-09-18T22:06:59.006+0000] {logging_mixin.py:188} INFO - [2024-09-18T22:06:59.006+0000] {dag.py:3954} INFO - Setting next_dagrun for xcom_guess to 2023-03-04 10:35:00+00:00, run_after=2023-03-04 10:40:00+00:00
[2024-09-18T22:06:59.019+0000] {processor.py:183} INFO - Processing /opt/airflow/dags/sample_dag.py took 0.069 seconds
[2024-09-18T22:07:29.195+0000] {processor.py:161} INFO - Started process (PID=431) to work on /opt/airflow/dags/sample_dag.py
[2024-09-18T22:07:29.196+0000] {processor.py:830} INFO - Processing file /opt/airflow/dags/sample_dag.py for tasks to queue
[2024-09-18T22:07:29.198+0000] {logging_mixin.py:188} INFO - [2024-09-18T22:07:29.197+0000] {dagbag.py:545} INFO - Filling up the DagBag from /opt/airflow/dags/sample_dag.py
[2024-09-18T22:07:29.203+0000] {processor.py:840} INFO - DAG(s) 'xcom_guess' retrieved from /opt/airflow/dags/sample_dag.py
[2024-09-18T22:07:29.227+0000] {logging_mixin.py:188} INFO - [2024-09-18T22:07:29.227+0000] {dag.py:3096} INFO - Sync 1 DAGs
[2024-09-18T22:07:29.245+0000] {logging_mixin.py:188} INFO - [2024-09-18T22:07:29.244+0000] {dag.py:3954} INFO - Setting next_dagrun for xcom_guess to 2023-03-04 10:35:00+00:00, run_after=2023-03-04 10:40:00+00:00
[2024-09-18T22:07:29.261+0000] {processor.py:183} INFO - Processing /opt/airflow/dags/sample_dag.py took 0.071 seconds
[2024-09-18T22:07:59.462+0000] {processor.py:161} INFO - Started process (PID=448) to work on /opt/airflow/dags/sample_dag.py
[2024-09-18T22:07:59.463+0000] {processor.py:830} INFO - Processing file /opt/airflow/dags/sample_dag.py for tasks to queue
[2024-09-18T22:07:59.464+0000] {logging_mixin.py:188} INFO - [2024-09-18T22:07:59.464+0000] {dagbag.py:545} INFO - Filling up the DagBag from /opt/airflow/dags/sample_dag.py
[2024-09-18T22:07:59.472+0000] {processor.py:840} INFO - DAG(s) 'xcom_guess' retrieved from /opt/airflow/dags/sample_dag.py
[2024-09-18T22:07:59.496+0000] {logging_mixin.py:188} INFO - [2024-09-18T22:07:59.496+0000] {dag.py:3096} INFO - Sync 1 DAGs
[2024-09-18T22:07:59.513+0000] {logging_mixin.py:188} INFO - [2024-09-18T22:07:59.513+0000] {dag.py:3954} INFO - Setting next_dagrun for xcom_guess to 2023-03-04 10:35:00+00:00, run_after=2023-03-04 10:40:00+00:00
[2024-09-18T22:07:59.528+0000] {processor.py:183} INFO - Processing /opt/airflow/dags/sample_dag.py took 0.072 seconds
[2024-09-18T22:08:29.706+0000] {processor.py:161} INFO - Started process (PID=472) to work on /opt/airflow/dags/sample_dag.py
[2024-09-18T22:08:29.707+0000] {processor.py:830} INFO - Processing file /opt/airflow/dags/sample_dag.py for tasks to queue
[2024-09-18T22:08:29.709+0000] {logging_mixin.py:188} INFO - [2024-09-18T22:08:29.709+0000] {dagbag.py:545} INFO - Filling up the DagBag from /opt/airflow/dags/sample_dag.py
[2024-09-18T22:08:29.715+0000] {processor.py:840} INFO - DAG(s) 'xcom_guess' retrieved from /opt/airflow/dags/sample_dag.py
[2024-09-18T22:08:29.738+0000] {logging_mixin.py:188} INFO - [2024-09-18T22:08:29.738+0000] {dag.py:3096} INFO - Sync 1 DAGs
[2024-09-18T22:08:29.754+0000] {logging_mixin.py:188} INFO - [2024-09-18T22:08:29.754+0000] {dag.py:3954} INFO - Setting next_dagrun for xcom_guess to 2023-03-04 10:35:00+00:00, run_after=2023-03-04 10:40:00+00:00
[2024-09-18T22:08:29.770+0000] {processor.py:183} INFO - Processing /opt/airflow/dags/sample_dag.py took 0.069 seconds
[2024-09-18T22:43:48.526+0000] {processor.py:161} INFO - Started process (PID=46) to work on /opt/airflow/dags/sample_dag.py
[2024-09-18T22:43:48.529+0000] {processor.py:830} INFO - Processing file /opt/airflow/dags/sample_dag.py for tasks to queue
[2024-09-18T22:43:48.533+0000] {logging_mixin.py:188} INFO - [2024-09-18T22:43:48.533+0000] {dagbag.py:545} INFO - Filling up the DagBag from /opt/airflow/dags/sample_dag.py
[2024-09-18T22:43:48.553+0000] {processor.py:840} INFO - DAG(s) 'xcom_guess' retrieved from /opt/airflow/dags/sample_dag.py
[2024-09-18T22:43:48.594+0000] {logging_mixin.py:188} INFO - [2024-09-18T22:43:48.593+0000] {dag.py:3096} INFO - Sync 1 DAGs
[2024-09-18T22:43:48.649+0000] {logging_mixin.py:188} INFO - [2024-09-18T22:43:48.648+0000] {dag.py:3954} INFO - Setting next_dagrun for xcom_guess to 2023-03-04 10:35:00+00:00, run_after=2023-03-04 10:40:00+00:00
[2024-09-18T22:43:48.706+0000] {processor.py:183} INFO - Processing /opt/airflow/dags/sample_dag.py took 0.193 seconds
[2024-09-18T22:44:19.052+0000] {processor.py:161} INFO - Started process (PID=63) to work on /opt/airflow/dags/sample_dag.py
[2024-09-18T22:44:19.053+0000] {processor.py:830} INFO - Processing file /opt/airflow/dags/sample_dag.py for tasks to queue
[2024-09-18T22:44:19.054+0000] {logging_mixin.py:188} INFO - [2024-09-18T22:44:19.054+0000] {dagbag.py:545} INFO - Filling up the DagBag from /opt/airflow/dags/sample_dag.py
[2024-09-18T22:44:19.061+0000] {processor.py:840} INFO - DAG(s) 'xcom_guess' retrieved from /opt/airflow/dags/sample_dag.py
[2024-09-18T22:44:19.164+0000] {logging_mixin.py:188} INFO - [2024-09-18T22:44:19.163+0000] {dag.py:3096} INFO - Sync 1 DAGs
[2024-09-18T22:44:19.184+0000] {logging_mixin.py:188} INFO - [2024-09-18T22:44:19.183+0000] {dag.py:3954} INFO - Setting next_dagrun for xcom_guess to 2023-03-04 10:35:00+00:00, run_after=2023-03-04 10:40:00+00:00
[2024-09-18T22:44:19.201+0000] {processor.py:183} INFO - Processing /opt/airflow/dags/sample_dag.py took 0.154 seconds
[2024-09-18T22:45:11.466+0000] {processor.py:161} INFO - Started process (PID=46) to work on /opt/airflow/dags/sample_dag.py
[2024-09-18T22:45:11.468+0000] {processor.py:830} INFO - Processing file /opt/airflow/dags/sample_dag.py for tasks to queue
[2024-09-18T22:45:11.470+0000] {logging_mixin.py:188} INFO - [2024-09-18T22:45:11.470+0000] {dagbag.py:545} INFO - Filling up the DagBag from /opt/airflow/dags/sample_dag.py
[2024-09-18T22:45:11.506+0000] {processor.py:840} INFO - DAG(s) 'xcom_guess' retrieved from /opt/airflow/dags/sample_dag.py
[2024-09-18T22:45:11.555+0000] {logging_mixin.py:188} INFO - [2024-09-18T22:45:11.555+0000] {dag.py:3096} INFO - Sync 1 DAGs
[2024-09-18T22:45:11.613+0000] {logging_mixin.py:188} INFO - [2024-09-18T22:45:11.613+0000] {dag.py:3954} INFO - Setting next_dagrun for xcom_guess to 2023-03-04 10:35:00+00:00, run_after=2023-03-04 10:40:00+00:00
[2024-09-18T22:45:11.678+0000] {processor.py:183} INFO - Processing /opt/airflow/dags/sample_dag.py took 0.222 seconds
[2024-09-18T22:45:42.328+0000] {processor.py:161} INFO - Started process (PID=70) to work on /opt/airflow/dags/sample_dag.py
[2024-09-18T22:45:42.329+0000] {processor.py:830} INFO - Processing file /opt/airflow/dags/sample_dag.py for tasks to queue
[2024-09-18T22:45:42.330+0000] {logging_mixin.py:188} INFO - [2024-09-18T22:45:42.330+0000] {dagbag.py:545} INFO - Filling up the DagBag from /opt/airflow/dags/sample_dag.py
[2024-09-18T22:45:42.337+0000] {processor.py:840} INFO - DAG(s) 'xcom_guess' retrieved from /opt/airflow/dags/sample_dag.py
[2024-09-18T22:45:42.443+0000] {logging_mixin.py:188} INFO - [2024-09-18T22:45:42.443+0000] {dag.py:3096} INFO - Sync 1 DAGs
[2024-09-18T22:45:42.459+0000] {logging_mixin.py:188} INFO - [2024-09-18T22:45:42.459+0000] {dag.py:3954} INFO - Setting next_dagrun for xcom_guess to 2023-03-04 10:35:00+00:00, run_after=2023-03-04 10:40:00+00:00
[2024-09-18T22:45:42.474+0000] {processor.py:183} INFO - Processing /opt/airflow/dags/sample_dag.py took 0.152 seconds
[2024-09-18T22:46:12.579+0000] {processor.py:161} INFO - Started process (PID=87) to work on /opt/airflow/dags/sample_dag.py
[2024-09-18T22:46:12.580+0000] {processor.py:830} INFO - Processing file /opt/airflow/dags/sample_dag.py for tasks to queue
[2024-09-18T22:46:12.581+0000] {logging_mixin.py:188} INFO - [2024-09-18T22:46:12.581+0000] {dagbag.py:545} INFO - Filling up the DagBag from /opt/airflow/dags/sample_dag.py
[2024-09-18T22:46:12.588+0000] {processor.py:840} INFO - DAG(s) 'xcom_guess' retrieved from /opt/airflow/dags/sample_dag.py
[2024-09-18T22:46:12.615+0000] {logging_mixin.py:188} INFO - [2024-09-18T22:46:12.615+0000] {dag.py:3096} INFO - Sync 1 DAGs
[2024-09-18T22:46:12.632+0000] {logging_mixin.py:188} INFO - [2024-09-18T22:46:12.632+0000] {dag.py:3954} INFO - Setting next_dagrun for xcom_guess to 2023-03-04 10:35:00+00:00, run_after=2023-03-04 10:40:00+00:00
[2024-09-18T22:46:12.648+0000] {processor.py:183} INFO - Processing /opt/airflow/dags/sample_dag.py took 0.075 seconds
[2024-09-18T22:46:42.813+0000] {processor.py:161} INFO - Started process (PID=104) to work on /opt/airflow/dags/sample_dag.py
[2024-09-18T22:46:42.814+0000] {processor.py:830} INFO - Processing file /opt/airflow/dags/sample_dag.py for tasks to queue
[2024-09-18T22:46:42.815+0000] {logging_mixin.py:188} INFO - [2024-09-18T22:46:42.815+0000] {dagbag.py:545} INFO - Filling up the DagBag from /opt/airflow/dags/sample_dag.py
[2024-09-18T22:46:42.821+0000] {processor.py:840} INFO - DAG(s) 'xcom_guess' retrieved from /opt/airflow/dags/sample_dag.py
[2024-09-18T22:46:42.842+0000] {logging_mixin.py:188} INFO - [2024-09-18T22:46:42.842+0000] {dag.py:3096} INFO - Sync 1 DAGs
[2024-09-18T22:46:42.857+0000] {logging_mixin.py:188} INFO - [2024-09-18T22:46:42.856+0000] {dag.py:3954} INFO - Setting next_dagrun for xcom_guess to 2023-03-04 10:35:00+00:00, run_after=2023-03-04 10:40:00+00:00
[2024-09-18T22:46:42.871+0000] {processor.py:183} INFO - Processing /opt/airflow/dags/sample_dag.py took 0.063 seconds
[2024-09-18T22:47:13.047+0000] {processor.py:161} INFO - Started process (PID=127) to work on /opt/airflow/dags/sample_dag.py
[2024-09-18T22:47:13.048+0000] {processor.py:830} INFO - Processing file /opt/airflow/dags/sample_dag.py for tasks to queue
[2024-09-18T22:47:13.050+0000] {logging_mixin.py:188} INFO - [2024-09-18T22:47:13.050+0000] {dagbag.py:545} INFO - Filling up the DagBag from /opt/airflow/dags/sample_dag.py
[2024-09-18T22:47:13.057+0000] {processor.py:840} INFO - DAG(s) 'xcom_guess' retrieved from /opt/airflow/dags/sample_dag.py
[2024-09-18T22:47:13.079+0000] {logging_mixin.py:188} INFO - [2024-09-18T22:47:13.079+0000] {dag.py:3096} INFO - Sync 1 DAGs
[2024-09-18T22:47:13.094+0000] {logging_mixin.py:188} INFO - [2024-09-18T22:47:13.094+0000] {dag.py:3954} INFO - Setting next_dagrun for xcom_guess to 2023-03-04 10:35:00+00:00, run_after=2023-03-04 10:40:00+00:00
[2024-09-18T22:47:13.110+0000] {processor.py:183} INFO - Processing /opt/airflow/dags/sample_dag.py took 0.068 seconds
[2024-09-18T22:47:43.301+0000] {processor.py:161} INFO - Started process (PID=144) to work on /opt/airflow/dags/sample_dag.py
[2024-09-18T22:47:43.302+0000] {processor.py:830} INFO - Processing file /opt/airflow/dags/sample_dag.py for tasks to queue
[2024-09-18T22:47:43.304+0000] {logging_mixin.py:188} INFO - [2024-09-18T22:47:43.303+0000] {dagbag.py:545} INFO - Filling up the DagBag from /opt/airflow/dags/sample_dag.py
[2024-09-18T22:47:43.311+0000] {processor.py:840} INFO - DAG(s) 'xcom_guess' retrieved from /opt/airflow/dags/sample_dag.py
[2024-09-18T22:47:43.335+0000] {logging_mixin.py:188} INFO - [2024-09-18T22:47:43.335+0000] {dag.py:3096} INFO - Sync 1 DAGs
[2024-09-18T22:47:43.352+0000] {logging_mixin.py:188} INFO - [2024-09-18T22:47:43.352+0000] {dag.py:3954} INFO - Setting next_dagrun for xcom_guess to 2023-03-04 10:35:00+00:00, run_after=2023-03-04 10:40:00+00:00
[2024-09-18T22:47:43.368+0000] {processor.py:183} INFO - Processing /opt/airflow/dags/sample_dag.py took 0.072 seconds
[2024-09-18T22:48:13.554+0000] {processor.py:161} INFO - Started process (PID=168) to work on /opt/airflow/dags/sample_dag.py
[2024-09-18T22:48:13.555+0000] {processor.py:830} INFO - Processing file /opt/airflow/dags/sample_dag.py for tasks to queue
[2024-09-18T22:48:13.557+0000] {logging_mixin.py:188} INFO - [2024-09-18T22:48:13.556+0000] {dagbag.py:545} INFO - Filling up the DagBag from /opt/airflow/dags/sample_dag.py
[2024-09-18T22:48:13.562+0000] {processor.py:840} INFO - DAG(s) 'xcom_guess' retrieved from /opt/airflow/dags/sample_dag.py
[2024-09-18T22:48:13.584+0000] {logging_mixin.py:188} INFO - [2024-09-18T22:48:13.584+0000] {dag.py:3096} INFO - Sync 1 DAGs
[2024-09-18T22:48:13.600+0000] {logging_mixin.py:188} INFO - [2024-09-18T22:48:13.599+0000] {dag.py:3954} INFO - Setting next_dagrun for xcom_guess to 2023-03-04 10:35:00+00:00, run_after=2023-03-04 10:40:00+00:00
[2024-09-18T22:48:13.613+0000] {processor.py:183} INFO - Processing /opt/airflow/dags/sample_dag.py took 0.063 seconds
[2024-09-18T22:48:43.827+0000] {processor.py:161} INFO - Started process (PID=185) to work on /opt/airflow/dags/sample_dag.py
[2024-09-18T22:48:43.828+0000] {processor.py:830} INFO - Processing file /opt/airflow/dags/sample_dag.py for tasks to queue
[2024-09-18T22:48:43.829+0000] {logging_mixin.py:188} INFO - [2024-09-18T22:48:43.829+0000] {dagbag.py:545} INFO - Filling up the DagBag from /opt/airflow/dags/sample_dag.py
[2024-09-18T22:48:43.835+0000] {processor.py:840} INFO - DAG(s) 'xcom_guess' retrieved from /opt/airflow/dags/sample_dag.py
[2024-09-18T22:48:43.857+0000] {logging_mixin.py:188} INFO - [2024-09-18T22:48:43.857+0000] {dag.py:3096} INFO - Sync 1 DAGs
[2024-09-18T22:48:43.874+0000] {logging_mixin.py:188} INFO - [2024-09-18T22:48:43.874+0000] {dag.py:3954} INFO - Setting next_dagrun for xcom_guess to 2023-03-04 10:35:00+00:00, run_after=2023-03-04 10:40:00+00:00
[2024-09-18T22:48:43.887+0000] {processor.py:183} INFO - Processing /opt/airflow/dags/sample_dag.py took 0.064 seconds
[2024-09-18T22:49:14.073+0000] {processor.py:161} INFO - Started process (PID=209) to work on /opt/airflow/dags/sample_dag.py
[2024-09-18T22:49:14.074+0000] {processor.py:830} INFO - Processing file /opt/airflow/dags/sample_dag.py for tasks to queue
[2024-09-18T22:49:14.075+0000] {logging_mixin.py:188} INFO - [2024-09-18T22:49:14.075+0000] {dagbag.py:545} INFO - Filling up the DagBag from /opt/airflow/dags/sample_dag.py
[2024-09-18T22:49:14.081+0000] {processor.py:840} INFO - DAG(s) 'xcom_guess' retrieved from /opt/airflow/dags/sample_dag.py
[2024-09-18T22:49:14.101+0000] {logging_mixin.py:188} INFO - [2024-09-18T22:49:14.101+0000] {dag.py:3096} INFO - Sync 1 DAGs
[2024-09-18T22:49:14.116+0000] {logging_mixin.py:188} INFO - [2024-09-18T22:49:14.116+0000] {dag.py:3954} INFO - Setting next_dagrun for xcom_guess to 2023-03-04 10:35:00+00:00, run_after=2023-03-04 10:40:00+00:00
[2024-09-18T22:49:14.129+0000] {processor.py:183} INFO - Processing /opt/airflow/dags/sample_dag.py took 0.061 seconds
[2024-09-18T22:49:44.309+0000] {processor.py:161} INFO - Started process (PID=227) to work on /opt/airflow/dags/sample_dag.py
[2024-09-18T22:49:44.310+0000] {processor.py:830} INFO - Processing file /opt/airflow/dags/sample_dag.py for tasks to queue
[2024-09-18T22:49:44.312+0000] {logging_mixin.py:188} INFO - [2024-09-18T22:49:44.311+0000] {dagbag.py:545} INFO - Filling up the DagBag from /opt/airflow/dags/sample_dag.py
[2024-09-18T22:49:44.322+0000] {processor.py:840} INFO - DAG(s) 'xcom_guess' retrieved from /opt/airflow/dags/sample_dag.py
[2024-09-18T22:49:44.350+0000] {logging_mixin.py:188} INFO - [2024-09-18T22:49:44.349+0000] {dag.py:3096} INFO - Sync 1 DAGs
[2024-09-18T22:49:44.369+0000] {logging_mixin.py:188} INFO - [2024-09-18T22:49:44.369+0000] {dag.py:3954} INFO - Setting next_dagrun for xcom_guess to 2023-03-04 10:35:00+00:00, run_after=2023-03-04 10:40:00+00:00
[2024-09-18T22:49:44.388+0000] {processor.py:183} INFO - Processing /opt/airflow/dags/sample_dag.py took 0.085 seconds
[2024-09-18T22:50:14.567+0000] {processor.py:161} INFO - Started process (PID=251) to work on /opt/airflow/dags/sample_dag.py
[2024-09-18T22:50:14.569+0000] {processor.py:830} INFO - Processing file /opt/airflow/dags/sample_dag.py for tasks to queue
[2024-09-18T22:50:14.570+0000] {logging_mixin.py:188} INFO - [2024-09-18T22:50:14.570+0000] {dagbag.py:545} INFO - Filling up the DagBag from /opt/airflow/dags/sample_dag.py
[2024-09-18T22:50:14.576+0000] {processor.py:840} INFO - DAG(s) 'xcom_guess' retrieved from /opt/airflow/dags/sample_dag.py
[2024-09-18T22:50:14.602+0000] {logging_mixin.py:188} INFO - [2024-09-18T22:50:14.602+0000] {dag.py:3096} INFO - Sync 1 DAGs
[2024-09-18T22:50:14.618+0000] {logging_mixin.py:188} INFO - [2024-09-18T22:50:14.618+0000] {dag.py:3954} INFO - Setting next_dagrun for xcom_guess to 2023-03-04 10:35:00+00:00, run_after=2023-03-04 10:40:00+00:00
[2024-09-18T22:50:14.636+0000] {processor.py:183} INFO - Processing /opt/airflow/dags/sample_dag.py took 0.074 seconds
[2024-09-18T22:50:44.812+0000] {processor.py:161} INFO - Started process (PID=268) to work on /opt/airflow/dags/sample_dag.py
[2024-09-18T22:50:44.813+0000] {processor.py:830} INFO - Processing file /opt/airflow/dags/sample_dag.py for tasks to queue
[2024-09-18T22:50:44.815+0000] {logging_mixin.py:188} INFO - [2024-09-18T22:50:44.815+0000] {dagbag.py:545} INFO - Filling up the DagBag from /opt/airflow/dags/sample_dag.py
[2024-09-18T22:50:44.823+0000] {processor.py:840} INFO - DAG(s) 'xcom_guess' retrieved from /opt/airflow/dags/sample_dag.py
[2024-09-18T22:50:44.848+0000] {logging_mixin.py:188} INFO - [2024-09-18T22:50:44.848+0000] {dag.py:3096} INFO - Sync 1 DAGs
[2024-09-18T22:50:44.866+0000] {logging_mixin.py:188} INFO - [2024-09-18T22:50:44.865+0000] {dag.py:3954} INFO - Setting next_dagrun for xcom_guess to 2023-03-04 10:35:00+00:00, run_after=2023-03-04 10:40:00+00:00
[2024-09-18T22:50:44.881+0000] {processor.py:183} INFO - Processing /opt/airflow/dags/sample_dag.py took 0.074 seconds
[2024-09-18T22:51:15.108+0000] {processor.py:161} INFO - Started process (PID=292) to work on /opt/airflow/dags/sample_dag.py
[2024-09-18T22:51:15.109+0000] {processor.py:830} INFO - Processing file /opt/airflow/dags/sample_dag.py for tasks to queue
[2024-09-18T22:51:15.111+0000] {logging_mixin.py:188} INFO - [2024-09-18T22:51:15.111+0000] {dagbag.py:545} INFO - Filling up the DagBag from /opt/airflow/dags/sample_dag.py
[2024-09-18T22:51:15.118+0000] {processor.py:840} INFO - DAG(s) 'xcom_guess' retrieved from /opt/airflow/dags/sample_dag.py
[2024-09-18T22:51:15.142+0000] {logging_mixin.py:188} INFO - [2024-09-18T22:51:15.141+0000] {dag.py:3096} INFO - Sync 1 DAGs
[2024-09-18T22:51:15.160+0000] {logging_mixin.py:188} INFO - [2024-09-18T22:51:15.160+0000] {dag.py:3954} INFO - Setting next_dagrun for xcom_guess to 2023-03-04 10:35:00+00:00, run_after=2023-03-04 10:40:00+00:00
[2024-09-18T22:51:15.177+0000] {processor.py:183} INFO - Processing /opt/airflow/dags/sample_dag.py took 0.074 seconds
[2024-09-18T22:51:45.361+0000] {processor.py:161} INFO - Started process (PID=309) to work on /opt/airflow/dags/sample_dag.py
[2024-09-18T22:51:45.362+0000] {processor.py:830} INFO - Processing file /opt/airflow/dags/sample_dag.py for tasks to queue
[2024-09-18T22:51:45.363+0000] {logging_mixin.py:188} INFO - [2024-09-18T22:51:45.363+0000] {dagbag.py:545} INFO - Filling up the DagBag from /opt/airflow/dags/sample_dag.py
[2024-09-18T22:51:45.370+0000] {processor.py:840} INFO - DAG(s) 'xcom_guess' retrieved from /opt/airflow/dags/sample_dag.py
[2024-09-18T22:51:45.396+0000] {logging_mixin.py:188} INFO - [2024-09-18T22:51:45.395+0000] {dag.py:3096} INFO - Sync 1 DAGs
[2024-09-18T22:51:45.413+0000] {logging_mixin.py:188} INFO - [2024-09-18T22:51:45.413+0000] {dag.py:3954} INFO - Setting next_dagrun for xcom_guess to 2023-03-04 10:35:00+00:00, run_after=2023-03-04 10:40:00+00:00
[2024-09-18T22:51:45.429+0000] {processor.py:183} INFO - Processing /opt/airflow/dags/sample_dag.py took 0.073 seconds
[2024-09-18T22:52:15.589+0000] {processor.py:161} INFO - Started process (PID=333) to work on /opt/airflow/dags/sample_dag.py
[2024-09-18T22:52:15.590+0000] {processor.py:830} INFO - Processing file /opt/airflow/dags/sample_dag.py for tasks to queue
[2024-09-18T22:52:15.592+0000] {logging_mixin.py:188} INFO - [2024-09-18T22:52:15.592+0000] {dagbag.py:545} INFO - Filling up the DagBag from /opt/airflow/dags/sample_dag.py
[2024-09-18T22:52:15.598+0000] {processor.py:840} INFO - DAG(s) 'xcom_guess' retrieved from /opt/airflow/dags/sample_dag.py
[2024-09-18T22:52:15.620+0000] {logging_mixin.py:188} INFO - [2024-09-18T22:52:15.620+0000] {dag.py:3096} INFO - Sync 1 DAGs
[2024-09-18T22:52:15.634+0000] {logging_mixin.py:188} INFO - [2024-09-18T22:52:15.634+0000] {dag.py:3954} INFO - Setting next_dagrun for xcom_guess to 2023-03-04 10:35:00+00:00, run_after=2023-03-04 10:40:00+00:00
[2024-09-18T22:52:15.650+0000] {processor.py:183} INFO - Processing /opt/airflow/dags/sample_dag.py took 0.065 seconds
[2024-09-18T22:52:45.825+0000] {processor.py:161} INFO - Started process (PID=349) to work on /opt/airflow/dags/sample_dag.py
[2024-09-18T22:52:45.826+0000] {processor.py:830} INFO - Processing file /opt/airflow/dags/sample_dag.py for tasks to queue
[2024-09-18T22:52:45.827+0000] {logging_mixin.py:188} INFO - [2024-09-18T22:52:45.827+0000] {dagbag.py:545} INFO - Filling up the DagBag from /opt/airflow/dags/sample_dag.py
[2024-09-18T22:52:45.833+0000] {processor.py:840} INFO - DAG(s) 'xcom_guess' retrieved from /opt/airflow/dags/sample_dag.py
[2024-09-18T22:52:45.856+0000] {logging_mixin.py:188} INFO - [2024-09-18T22:52:45.855+0000] {dag.py:3096} INFO - Sync 1 DAGs
[2024-09-18T22:52:45.871+0000] {logging_mixin.py:188} INFO - [2024-09-18T22:52:45.870+0000] {dag.py:3954} INFO - Setting next_dagrun for xcom_guess to 2023-03-04 10:35:00+00:00, run_after=2023-03-04 10:40:00+00:00
[2024-09-18T22:52:45.886+0000] {processor.py:183} INFO - Processing /opt/airflow/dags/sample_dag.py took 0.065 seconds
[2024-09-18T22:53:16.104+0000] {processor.py:161} INFO - Started process (PID=372) to work on /opt/airflow/dags/sample_dag.py
[2024-09-18T22:53:16.105+0000] {processor.py:830} INFO - Processing file /opt/airflow/dags/sample_dag.py for tasks to queue
[2024-09-18T22:53:16.106+0000] {logging_mixin.py:188} INFO - [2024-09-18T22:53:16.106+0000] {dagbag.py:545} INFO - Filling up the DagBag from /opt/airflow/dags/sample_dag.py
[2024-09-18T22:53:16.113+0000] {processor.py:840} INFO - DAG(s) 'xcom_guess' retrieved from /opt/airflow/dags/sample_dag.py
[2024-09-18T22:53:16.140+0000] {logging_mixin.py:188} INFO - [2024-09-18T22:53:16.140+0000] {dag.py:3096} INFO - Sync 1 DAGs
[2024-09-18T22:53:16.164+0000] {logging_mixin.py:188} INFO - [2024-09-18T22:53:16.164+0000] {dag.py:3954} INFO - Setting next_dagrun for xcom_guess to 2023-03-04 10:35:00+00:00, run_after=2023-03-04 10:40:00+00:00
[2024-09-18T22:53:16.180+0000] {processor.py:183} INFO - Processing /opt/airflow/dags/sample_dag.py took 0.080 seconds
[2024-09-18T22:53:46.344+0000] {processor.py:161} INFO - Started process (PID=389) to work on /opt/airflow/dags/sample_dag.py
[2024-09-18T22:53:46.345+0000] {processor.py:830} INFO - Processing file /opt/airflow/dags/sample_dag.py for tasks to queue
[2024-09-18T22:53:46.347+0000] {logging_mixin.py:188} INFO - [2024-09-18T22:53:46.346+0000] {dagbag.py:545} INFO - Filling up the DagBag from /opt/airflow/dags/sample_dag.py
[2024-09-18T22:53:46.353+0000] {processor.py:840} INFO - DAG(s) 'xcom_guess' retrieved from /opt/airflow/dags/sample_dag.py
[2024-09-18T22:53:46.374+0000] {logging_mixin.py:188} INFO - [2024-09-18T22:53:46.374+0000] {dag.py:3096} INFO - Sync 1 DAGs
[2024-09-18T22:53:46.389+0000] {logging_mixin.py:188} INFO - [2024-09-18T22:53:46.389+0000] {dag.py:3954} INFO - Setting next_dagrun for xcom_guess to 2023-03-04 10:35:00+00:00, run_after=2023-03-04 10:40:00+00:00
[2024-09-18T22:53:46.404+0000] {processor.py:183} INFO - Processing /opt/airflow/dags/sample_dag.py took 0.064 seconds
[2024-09-18T22:54:16.583+0000] {processor.py:161} INFO - Started process (PID=413) to work on /opt/airflow/dags/sample_dag.py
[2024-09-18T22:54:16.585+0000] {processor.py:830} INFO - Processing file /opt/airflow/dags/sample_dag.py for tasks to queue
[2024-09-18T22:54:16.586+0000] {logging_mixin.py:188} INFO - [2024-09-18T22:54:16.586+0000] {dagbag.py:545} INFO - Filling up the DagBag from /opt/airflow/dags/sample_dag.py
[2024-09-18T22:54:16.592+0000] {processor.py:840} INFO - DAG(s) 'xcom_guess' retrieved from /opt/airflow/dags/sample_dag.py
[2024-09-18T22:54:16.615+0000] {logging_mixin.py:188} INFO - [2024-09-18T22:54:16.615+0000] {dag.py:3096} INFO - Sync 1 DAGs
[2024-09-18T22:54:16.630+0000] {logging_mixin.py:188} INFO - [2024-09-18T22:54:16.630+0000] {dag.py:3954} INFO - Setting next_dagrun for xcom_guess to 2023-03-04 10:35:00+00:00, run_after=2023-03-04 10:40:00+00:00
[2024-09-18T22:54:16.648+0000] {processor.py:183} INFO - Processing /opt/airflow/dags/sample_dag.py took 0.069 seconds
[2024-09-18T22:55:24.217+0000] {processor.py:161} INFO - Started process (PID=46) to work on /opt/airflow/dags/sample_dag.py
[2024-09-18T22:55:24.219+0000] {processor.py:830} INFO - Processing file /opt/airflow/dags/sample_dag.py for tasks to queue
[2024-09-18T22:55:24.222+0000] {logging_mixin.py:188} INFO - [2024-09-18T22:55:24.221+0000] {dagbag.py:545} INFO - Filling up the DagBag from /opt/airflow/dags/sample_dag.py
[2024-09-18T22:55:24.231+0000] {processor.py:840} INFO - DAG(s) 'xcom_guess' retrieved from /opt/airflow/dags/sample_dag.py
[2024-09-18T22:55:24.250+0000] {logging_mixin.py:188} INFO - [2024-09-18T22:55:24.249+0000] {dag.py:3096} INFO - Sync 1 DAGs
[2024-09-18T22:55:24.276+0000] {logging_mixin.py:188} INFO - [2024-09-18T22:55:24.276+0000] {dag.py:3954} INFO - Setting next_dagrun for xcom_guess to 2023-03-04 10:35:00+00:00, run_after=2023-03-04 10:40:00+00:00
[2024-09-18T22:55:24.307+0000] {processor.py:183} INFO - Processing /opt/airflow/dags/sample_dag.py took 0.096 seconds
[2024-09-18T22:55:54.679+0000] {processor.py:161} INFO - Started process (PID=70) to work on /opt/airflow/dags/sample_dag.py
[2024-09-18T22:55:54.680+0000] {processor.py:830} INFO - Processing file /opt/airflow/dags/sample_dag.py for tasks to queue
[2024-09-18T22:55:54.681+0000] {logging_mixin.py:188} INFO - [2024-09-18T22:55:54.681+0000] {dagbag.py:545} INFO - Filling up the DagBag from /opt/airflow/dags/sample_dag.py
[2024-09-18T22:55:54.689+0000] {processor.py:840} INFO - DAG(s) 'xcom_guess' retrieved from /opt/airflow/dags/sample_dag.py
[2024-09-18T22:55:54.781+0000] {logging_mixin.py:188} INFO - [2024-09-18T22:55:54.781+0000] {dag.py:3096} INFO - Sync 1 DAGs
[2024-09-18T22:55:54.797+0000] {logging_mixin.py:188} INFO - [2024-09-18T22:55:54.797+0000] {dag.py:3954} INFO - Setting next_dagrun for xcom_guess to 2023-03-04 10:35:00+00:00, run_after=2023-03-04 10:40:00+00:00
[2024-09-18T22:55:54.810+0000] {processor.py:183} INFO - Processing /opt/airflow/dags/sample_dag.py took 0.136 seconds
[2024-09-18T22:56:24.923+0000] {processor.py:161} INFO - Started process (PID=87) to work on /opt/airflow/dags/sample_dag.py
[2024-09-18T22:56:24.925+0000] {processor.py:830} INFO - Processing file /opt/airflow/dags/sample_dag.py for tasks to queue
[2024-09-18T22:56:24.926+0000] {logging_mixin.py:188} INFO - [2024-09-18T22:56:24.926+0000] {dagbag.py:545} INFO - Filling up the DagBag from /opt/airflow/dags/sample_dag.py
[2024-09-18T22:56:24.937+0000] {processor.py:840} INFO - DAG(s) 'xcom_guess' retrieved from /opt/airflow/dags/sample_dag.py
[2024-09-18T22:56:24.965+0000] {logging_mixin.py:188} INFO - [2024-09-18T22:56:24.965+0000] {dag.py:3096} INFO - Sync 1 DAGs
[2024-09-18T22:56:24.984+0000] {logging_mixin.py:188} INFO - [2024-09-18T22:56:24.984+0000] {dag.py:3954} INFO - Setting next_dagrun for xcom_guess to 2023-03-04 10:35:00+00:00, run_after=2023-03-04 10:40:00+00:00
[2024-09-18T22:56:25.001+0000] {processor.py:183} INFO - Processing /opt/airflow/dags/sample_dag.py took 0.083 seconds
[2024-09-18T22:56:55.188+0000] {processor.py:161} INFO - Started process (PID=111) to work on /opt/airflow/dags/sample_dag.py
[2024-09-18T22:56:55.190+0000] {processor.py:830} INFO - Processing file /opt/airflow/dags/sample_dag.py for tasks to queue
[2024-09-18T22:56:55.191+0000] {logging_mixin.py:188} INFO - [2024-09-18T22:56:55.191+0000] {dagbag.py:545} INFO - Filling up the DagBag from /opt/airflow/dags/sample_dag.py
[2024-09-18T22:56:55.198+0000] {processor.py:840} INFO - DAG(s) 'xcom_guess' retrieved from /opt/airflow/dags/sample_dag.py
[2024-09-18T22:56:55.227+0000] {logging_mixin.py:188} INFO - [2024-09-18T22:56:55.227+0000] {dag.py:3096} INFO - Sync 1 DAGs
[2024-09-18T22:56:55.244+0000] {logging_mixin.py:188} INFO - [2024-09-18T22:56:55.244+0000] {dag.py:3954} INFO - Setting next_dagrun for xcom_guess to 2023-03-04 10:35:00+00:00, run_after=2023-03-04 10:40:00+00:00
[2024-09-18T22:56:55.261+0000] {processor.py:183} INFO - Processing /opt/airflow/dags/sample_dag.py took 0.079 seconds
[2024-09-18T23:49:29.105+0000] {processor.py:161} INFO - Started process (PID=45) to work on /opt/airflow/dags/sample_dag.py
[2024-09-18T23:49:29.106+0000] {processor.py:830} INFO - Processing file /opt/airflow/dags/sample_dag.py for tasks to queue
[2024-09-18T23:49:29.109+0000] {logging_mixin.py:188} INFO - [2024-09-18T23:49:29.108+0000] {dagbag.py:545} INFO - Filling up the DagBag from /opt/airflow/dags/sample_dag.py
[2024-09-18T23:49:29.118+0000] {processor.py:840} INFO - DAG(s) 'xcom_guess' retrieved from /opt/airflow/dags/sample_dag.py
[2024-09-18T23:49:29.138+0000] {logging_mixin.py:188} INFO - [2024-09-18T23:49:29.138+0000] {dag.py:3096} INFO - Sync 1 DAGs
[2024-09-18T23:49:29.168+0000] {logging_mixin.py:188} INFO - [2024-09-18T23:49:29.167+0000] {dag.py:3954} INFO - Setting next_dagrun for xcom_guess to 2023-03-04 10:35:00+00:00, run_after=2023-03-04 10:40:00+00:00
[2024-09-18T23:49:29.201+0000] {processor.py:183} INFO - Processing /opt/airflow/dags/sample_dag.py took 0.103 seconds
[2024-09-18T23:49:59.777+0000] {processor.py:161} INFO - Started process (PID=62) to work on /opt/airflow/dags/sample_dag.py
[2024-09-18T23:49:59.778+0000] {processor.py:830} INFO - Processing file /opt/airflow/dags/sample_dag.py for tasks to queue
[2024-09-18T23:49:59.779+0000] {logging_mixin.py:188} INFO - [2024-09-18T23:49:59.779+0000] {dagbag.py:545} INFO - Filling up the DagBag from /opt/airflow/dags/sample_dag.py
[2024-09-18T23:49:59.788+0000] {processor.py:840} INFO - DAG(s) 'xcom_guess' retrieved from /opt/airflow/dags/sample_dag.py
[2024-09-18T23:49:59.906+0000] {logging_mixin.py:188} INFO - [2024-09-18T23:49:59.906+0000] {dag.py:3096} INFO - Sync 1 DAGs
[2024-09-18T23:49:59.921+0000] {logging_mixin.py:188} INFO - [2024-09-18T23:49:59.921+0000] {dag.py:3954} INFO - Setting next_dagrun for xcom_guess to 2023-03-04 10:35:00+00:00, run_after=2023-03-04 10:40:00+00:00
[2024-09-18T23:49:59.936+0000] {processor.py:183} INFO - Processing /opt/airflow/dags/sample_dag.py took 0.163 seconds
[2024-09-18T23:50:30.031+0000] {processor.py:161} INFO - Started process (PID=86) to work on /opt/airflow/dags/sample_dag.py
[2024-09-18T23:50:30.033+0000] {processor.py:830} INFO - Processing file /opt/airflow/dags/sample_dag.py for tasks to queue
[2024-09-18T23:50:30.035+0000] {logging_mixin.py:188} INFO - [2024-09-18T23:50:30.034+0000] {dagbag.py:545} INFO - Filling up the DagBag from /opt/airflow/dags/sample_dag.py
[2024-09-18T23:50:30.041+0000] {processor.py:840} INFO - DAG(s) 'xcom_guess' retrieved from /opt/airflow/dags/sample_dag.py
[2024-09-18T23:50:30.077+0000] {logging_mixin.py:188} INFO - [2024-09-18T23:50:30.077+0000] {dag.py:3096} INFO - Sync 1 DAGs
[2024-09-18T23:50:30.102+0000] {logging_mixin.py:188} INFO - [2024-09-18T23:50:30.102+0000] {dag.py:3954} INFO - Setting next_dagrun for xcom_guess to 2023-03-04 10:35:00+00:00, run_after=2023-03-04 10:40:00+00:00
[2024-09-18T23:50:30.123+0000] {processor.py:183} INFO - Processing /opt/airflow/dags/sample_dag.py took 0.096 seconds
[2024-09-18T23:51:00.302+0000] {processor.py:161} INFO - Started process (PID=103) to work on /opt/airflow/dags/sample_dag.py
[2024-09-18T23:51:00.303+0000] {processor.py:830} INFO - Processing file /opt/airflow/dags/sample_dag.py for tasks to queue
[2024-09-18T23:51:00.305+0000] {logging_mixin.py:188} INFO - [2024-09-18T23:51:00.305+0000] {dagbag.py:545} INFO - Filling up the DagBag from /opt/airflow/dags/sample_dag.py
[2024-09-18T23:51:00.311+0000] {processor.py:840} INFO - DAG(s) 'xcom_guess' retrieved from /opt/airflow/dags/sample_dag.py
[2024-09-18T23:51:00.334+0000] {logging_mixin.py:188} INFO - [2024-09-18T23:51:00.334+0000] {dag.py:3096} INFO - Sync 1 DAGs
[2024-09-18T23:51:00.350+0000] {logging_mixin.py:188} INFO - [2024-09-18T23:51:00.350+0000] {dag.py:3954} INFO - Setting next_dagrun for xcom_guess to 2023-03-04 10:35:00+00:00, run_after=2023-03-04 10:40:00+00:00
[2024-09-18T23:51:00.365+0000] {processor.py:183} INFO - Processing /opt/airflow/dags/sample_dag.py took 0.067 seconds
[2024-09-18T23:51:30.551+0000] {processor.py:161} INFO - Started process (PID=127) to work on /opt/airflow/dags/sample_dag.py
[2024-09-18T23:51:30.552+0000] {processor.py:830} INFO - Processing file /opt/airflow/dags/sample_dag.py for tasks to queue
[2024-09-18T23:51:30.553+0000] {logging_mixin.py:188} INFO - [2024-09-18T23:51:30.553+0000] {dagbag.py:545} INFO - Filling up the DagBag from /opt/airflow/dags/sample_dag.py
[2024-09-18T23:51:30.559+0000] {processor.py:840} INFO - DAG(s) 'xcom_guess' retrieved from /opt/airflow/dags/sample_dag.py
[2024-09-18T23:51:30.582+0000] {logging_mixin.py:188} INFO - [2024-09-18T23:51:30.582+0000] {dag.py:3096} INFO - Sync 1 DAGs
[2024-09-18T23:51:30.599+0000] {logging_mixin.py:188} INFO - [2024-09-18T23:51:30.599+0000] {dag.py:3954} INFO - Setting next_dagrun for xcom_guess to 2023-03-04 10:35:00+00:00, run_after=2023-03-04 10:40:00+00:00
[2024-09-18T23:51:30.616+0000] {processor.py:183} INFO - Processing /opt/airflow/dags/sample_dag.py took 0.069 seconds
[2024-09-18T23:52:00.805+0000] {processor.py:161} INFO - Started process (PID=144) to work on /opt/airflow/dags/sample_dag.py
[2024-09-18T23:52:00.807+0000] {processor.py:830} INFO - Processing file /opt/airflow/dags/sample_dag.py for tasks to queue
[2024-09-18T23:52:00.808+0000] {logging_mixin.py:188} INFO - [2024-09-18T23:52:00.808+0000] {dagbag.py:545} INFO - Filling up the DagBag from /opt/airflow/dags/sample_dag.py
[2024-09-18T23:52:00.813+0000] {processor.py:840} INFO - DAG(s) 'xcom_guess' retrieved from /opt/airflow/dags/sample_dag.py
[2024-09-18T23:52:00.837+0000] {logging_mixin.py:188} INFO - [2024-09-18T23:52:00.837+0000] {dag.py:3096} INFO - Sync 1 DAGs
[2024-09-18T23:52:00.852+0000] {logging_mixin.py:188} INFO - [2024-09-18T23:52:00.852+0000] {dag.py:3954} INFO - Setting next_dagrun for xcom_guess to 2023-03-04 10:35:00+00:00, run_after=2023-03-04 10:40:00+00:00
[2024-09-18T23:52:00.868+0000] {processor.py:183} INFO - Processing /opt/airflow/dags/sample_dag.py took 0.067 seconds
[2024-09-18T23:52:31.042+0000] {processor.py:161} INFO - Started process (PID=167) to work on /opt/airflow/dags/sample_dag.py
[2024-09-18T23:52:31.043+0000] {processor.py:830} INFO - Processing file /opt/airflow/dags/sample_dag.py for tasks to queue
[2024-09-18T23:52:31.045+0000] {logging_mixin.py:188} INFO - [2024-09-18T23:52:31.045+0000] {dagbag.py:545} INFO - Filling up the DagBag from /opt/airflow/dags/sample_dag.py
[2024-09-18T23:52:31.051+0000] {processor.py:840} INFO - DAG(s) 'xcom_guess' retrieved from /opt/airflow/dags/sample_dag.py
[2024-09-18T23:52:31.072+0000] {logging_mixin.py:188} INFO - [2024-09-18T23:52:31.072+0000] {dag.py:3096} INFO - Sync 1 DAGs
[2024-09-18T23:52:31.086+0000] {logging_mixin.py:188} INFO - [2024-09-18T23:52:31.086+0000] {dag.py:3954} INFO - Setting next_dagrun for xcom_guess to 2023-03-04 10:35:00+00:00, run_after=2023-03-04 10:40:00+00:00
[2024-09-18T23:52:31.098+0000] {processor.py:183} INFO - Processing /opt/airflow/dags/sample_dag.py took 0.061 seconds
[2024-09-18T23:53:01.331+0000] {processor.py:161} INFO - Started process (PID=184) to work on /opt/airflow/dags/sample_dag.py
[2024-09-18T23:53:01.332+0000] {processor.py:830} INFO - Processing file /opt/airflow/dags/sample_dag.py for tasks to queue
[2024-09-18T23:53:01.334+0000] {logging_mixin.py:188} INFO - [2024-09-18T23:53:01.333+0000] {dagbag.py:545} INFO - Filling up the DagBag from /opt/airflow/dags/sample_dag.py
[2024-09-18T23:53:01.341+0000] {processor.py:840} INFO - DAG(s) 'xcom_guess' retrieved from /opt/airflow/dags/sample_dag.py
[2024-09-18T23:53:01.366+0000] {logging_mixin.py:188} INFO - [2024-09-18T23:53:01.365+0000] {dag.py:3096} INFO - Sync 1 DAGs
[2024-09-18T23:53:01.382+0000] {logging_mixin.py:188} INFO - [2024-09-18T23:53:01.382+0000] {dag.py:3954} INFO - Setting next_dagrun for xcom_guess to 2023-03-04 10:35:00+00:00, run_after=2023-03-04 10:40:00+00:00
[2024-09-18T23:53:01.400+0000] {processor.py:183} INFO - Processing /opt/airflow/dags/sample_dag.py took 0.073 seconds
[2024-09-18T23:53:32.047+0000] {processor.py:161} INFO - Started process (PID=208) to work on /opt/airflow/dags/sample_dag.py
[2024-09-18T23:53:32.047+0000] {processor.py:830} INFO - Processing file /opt/airflow/dags/sample_dag.py for tasks to queue
[2024-09-18T23:53:32.049+0000] {logging_mixin.py:188} INFO - [2024-09-18T23:53:32.048+0000] {dagbag.py:545} INFO - Filling up the DagBag from /opt/airflow/dags/sample_dag.py
[2024-09-18T23:53:32.056+0000] {processor.py:840} INFO - DAG(s) 'xcom_guess' retrieved from /opt/airflow/dags/sample_dag.py
[2024-09-18T23:53:32.077+0000] {logging_mixin.py:188} INFO - [2024-09-18T23:53:32.077+0000] {dag.py:3096} INFO - Sync 1 DAGs
[2024-09-18T23:53:32.096+0000] {logging_mixin.py:188} INFO - [2024-09-18T23:53:32.095+0000] {dag.py:3954} INFO - Setting next_dagrun for xcom_guess to 2023-03-04 10:35:00+00:00, run_after=2023-03-04 10:40:00+00:00
[2024-09-18T23:53:32.112+0000] {processor.py:183} INFO - Processing /opt/airflow/dags/sample_dag.py took 0.070 seconds
[2024-09-18T23:54:02.411+0000] {processor.py:161} INFO - Started process (PID=225) to work on /opt/airflow/dags/sample_dag.py
[2024-09-18T23:54:02.412+0000] {processor.py:830} INFO - Processing file /opt/airflow/dags/sample_dag.py for tasks to queue
[2024-09-18T23:54:02.414+0000] {logging_mixin.py:188} INFO - [2024-09-18T23:54:02.414+0000] {dagbag.py:545} INFO - Filling up the DagBag from /opt/airflow/dags/sample_dag.py
[2024-09-18T23:54:02.423+0000] {processor.py:840} INFO - DAG(s) 'xcom_guess' retrieved from /opt/airflow/dags/sample_dag.py
[2024-09-18T23:54:02.451+0000] {logging_mixin.py:188} INFO - [2024-09-18T23:54:02.451+0000] {dag.py:3096} INFO - Sync 1 DAGs
[2024-09-18T23:54:02.467+0000] {logging_mixin.py:188} INFO - [2024-09-18T23:54:02.467+0000] {dag.py:3954} INFO - Setting next_dagrun for xcom_guess to 2023-03-04 10:35:00+00:00, run_after=2023-03-04 10:40:00+00:00
[2024-09-18T23:54:02.485+0000] {processor.py:183} INFO - Processing /opt/airflow/dags/sample_dag.py took 0.079 seconds
[2024-09-18T23:54:32.798+0000] {processor.py:161} INFO - Started process (PID=249) to work on /opt/airflow/dags/sample_dag.py
[2024-09-18T23:54:32.799+0000] {processor.py:830} INFO - Processing file /opt/airflow/dags/sample_dag.py for tasks to queue
[2024-09-18T23:54:32.800+0000] {logging_mixin.py:188} INFO - [2024-09-18T23:54:32.800+0000] {dagbag.py:545} INFO - Filling up the DagBag from /opt/airflow/dags/sample_dag.py
[2024-09-18T23:54:32.807+0000] {processor.py:840} INFO - DAG(s) 'xcom_guess' retrieved from /opt/airflow/dags/sample_dag.py
[2024-09-18T23:54:32.832+0000] {logging_mixin.py:188} INFO - [2024-09-18T23:54:32.831+0000] {dag.py:3096} INFO - Sync 1 DAGs
[2024-09-18T23:54:32.852+0000] {logging_mixin.py:188} INFO - [2024-09-18T23:54:32.852+0000] {dag.py:3954} INFO - Setting next_dagrun for xcom_guess to 2023-03-04 10:35:00+00:00, run_after=2023-03-04 10:40:00+00:00
[2024-09-18T23:54:32.864+0000] {processor.py:183} INFO - Processing /opt/airflow/dags/sample_dag.py took 0.071 seconds
[2024-09-18T23:55:03.046+0000] {processor.py:161} INFO - Started process (PID=266) to work on /opt/airflow/dags/sample_dag.py
[2024-09-18T23:55:03.047+0000] {processor.py:830} INFO - Processing file /opt/airflow/dags/sample_dag.py for tasks to queue
[2024-09-18T23:55:03.049+0000] {logging_mixin.py:188} INFO - [2024-09-18T23:55:03.048+0000] {dagbag.py:545} INFO - Filling up the DagBag from /opt/airflow/dags/sample_dag.py
[2024-09-18T23:55:03.054+0000] {processor.py:840} INFO - DAG(s) 'xcom_guess' retrieved from /opt/airflow/dags/sample_dag.py
[2024-09-18T23:55:03.078+0000] {logging_mixin.py:188} INFO - [2024-09-18T23:55:03.078+0000] {dag.py:3096} INFO - Sync 1 DAGs
[2024-09-18T23:55:03.093+0000] {logging_mixin.py:188} INFO - [2024-09-18T23:55:03.093+0000] {dag.py:3954} INFO - Setting next_dagrun for xcom_guess to 2023-03-04 10:35:00+00:00, run_after=2023-03-04 10:40:00+00:00
[2024-09-18T23:55:03.107+0000] {processor.py:183} INFO - Processing /opt/airflow/dags/sample_dag.py took 0.065 seconds
